[ReportManager] File Action "DoesFileExist" successfully performed. With the following test data "File Path: "/D:/test/piplineDemo/src/test/resources/features/TC65_DashboardDateComparison.feature"". @22-10-2023 21:38:06.0549 PM
[ReportManager] File Action "GetAbsolutePath" successfully performed. With the following test data "Relative Folder Path: "/D:/test/piplineDemo/src/test/resources/features/TC65_DashboardDateComparison.feature"". @22-10-2023 21:38:06.0549 PM
[ReportManager] File Action "ReadFile" successfully performed. With the following test data "File Path: "D:\test\piplineDemo\src\test\resources\features\TC65_DashboardDateComparison.feature"". @22-10-2023 21:38:06.0549 PM

[0;7m------------------------------------------------------------------------------------------------------------------------------------------------
                                   Starting Execution: "2 out of 3" scenarios in the "Date Comparison" feature                                   
        Scenario Outline Name: "Verify that compare toggle can be switched on successfully in all views and all charts are fully loaded"        
                                                             Scenario Outline Steps:                                                             
                                Given User is logged in with "mahmoud227572" credentials and in console home page                                
                                                    When Click Try our new enhanced dashboard                                                    
                                                              And Click "Week" view                                                              
                                                            And Click Compare Toggle                                                            
                                       Then Compare Toggle is switched on and Comparison Date is displayed                                       
                                                         And All charts are fully loaded                                                         
------------------------------------------------------------------------------------------------------------------------------------------------
[0m
[ReportManager] Scenario Hook: BEFORE @22-10-2023 21:38:06.0549 PM
[ReportManager] Setting "targetOperatingSystem" property with "windows". @22-10-2023 21:38:06.0565 PM
[ReportManager] Capabilities {acceptInsecureCerts: true, browserName: chrome, goog:chromeOptions: {args: [--start-maximized, --remote-allow-origins=*, --enable-automation, --disable-background-timer-..., --disable-backgrounding-occ..., --disable-features=Calculat..., --disable-hang-monitor, --disable-domain-reliability, --disable-renderer-backgrou..., --disable-features=Autofill..., --metrics-recording-only, --no-first-run, --no-default-browser-check, --silent-debugger-extension..., --disable-extensions, --disable-component-extensi..., --disable-dev-shm-usage, --disable-features=MediaRouter, --disable-features=Translate, --disable-ipc-flooding-prot..., --disable-background-networ..., --mute-audio, --disable-breakpad, --ignore-certificate-errors, --disable-device-discovery-..., --force-color-profile=srgb, --hide-scrollbars, --host-resolver-rules, --no-pings, --disable-features=AvoidUnn..., --disable-features=Certific..., --disable-sync, --disable-features=Optimiza..., --disable-features=DialMedi..., --disable-features=GlobalMe..., --disable-features=Improved..., --disable-features=LazyFram..., --disable-field-trial-config, --enable-features=NetworkSe..., --enable-features=NetworkSe..., --enable-use-zoom-for-dsf, --log-net-log, --net-log-capture-mode, --disable-client-side-phish..., --disable-default-apps, --disable-features=Interest...], extensions: [], prefs: {download.default_directory: D:\test\piplineDemo\target\..., download.prompt_for_download: false, profile.default_content_settings.popups: 0}}, pageLoadStrategy: none, timeouts: {pageLoad: 30000, script: 30000}, unhandledPromptBehavior: ignore, webSocketUrl: true} @22-10-2023 21:38:06.0565 PM
[ReportManager] Attempting to run locally on: "windows | Chrome". @22-10-2023 21:38:06.0565 PM
[ReportManager] Identifying OS/Driver combination. Please note that if a new browser/driver executable will be downloaded it may take some time depending on your connection... @22-10-2023 21:38:06.0565 PM
[ReportManager] Successfully Opened: "windows | Chrome". @22-10-2023 21:38:07.0759 PM
[ReportManager] Target URL: "https://console.foodics.dev/" @22-10-2023 21:38:07.0832 PM
[ReportManager] Initial URL: "about:blank" @22-10-2023 21:38:07.0861 PM
[ReportManager] Navigate to url "https://console.foodics.dev/". @22-10-2023 21:38:10.0756 PM
[ReportManager] Successfully created attachment 'Screenshot - 1697999890651_runScenario_Navigate to url_passed' @22-10-2023 21:38:10.0756 PM
[ReportManager] Scenario Step: Given User is logged in with "mahmoud227572" credentials and in console home page @22-10-2023 21:38:10.0757 PM
[ReportManager] Type "mahmoud.ahmed@foodics.com" into "Enter your email". @22-10-2023 21:38:11.0390 PM
[ReportManager] Successfully created attachment 'Screenshot - 1697999891322_runScenario_Type_passed' @22-10-2023 21:38:11.0391 PM
[ReportManager] Click element. @22-10-2023 21:38:11.0460 PM
[ReportManager] Type "F1z0@mahmoudal12911" into "By.name: Passwd". @22-10-2023 21:38:16.0466 PM
[ReportManager] Successfully created attachment 'Screenshot - 1697999896392_runScenario_Type_passed' @22-10-2023 21:38:16.0467 PM
[ReportManager] Click element. @22-10-2023 21:38:16.0537 PM
[ReportManager] Type "227572" into "123456". @22-10-2023 21:38:23.0390 PM
[ReportManager] Successfully created attachment 'Screenshot - 1697999903322_runScenario_Type_passed' @22-10-2023 21:38:23.0393 PM
[ReportManager] Type "mahmoud.ahmed@foodics.com" into "address@foodics.com". @22-10-2023 21:38:25.0025 PM
[ReportManager] Successfully created attachment 'Screenshot - 1697999904961_runScenario_Type_passed' @22-10-2023 21:38:25.0026 PM
[ReportManager] Type "F1z0@mahmoudal12911" into "By.name: password". @22-10-2023 21:38:25.0535 PM
[ReportManager] Successfully created attachment 'Screenshot - 1697999905473_runScenario_Type_passed' @22-10-2023 21:38:25.0536 PM
[ReportManager] Click "Log In". @22-10-2023 21:38:25.0598 PM
[ReportManager] Expected condition failed: waiting for com.shaft.listeners.internal.WebDriverListener$$Lambda$1181/0x0000018b817093a8@7b9818d2 (tried for 0 second(s) with 100 milliseconds interval) || no such element: Unable to locate element: {"method":"xpath","selector":"//*[@id="nprogress"]/div[1]"} @22-10-2023 21:38:28.0054 PM
[ReportManager] Find element action failed. @22-10-2023 21:38:28.0070 PM
[ReportManager] Successfully created attachment 'Screenshot - 1697999908741_runScenario_findElement_failed' @22-10-2023 21:38:28.0872 PM
[ReportManager] java.lang.reflect.InvocationTargetException: null
 java.base/jdk.internal.reflect.DirectMethodHandleAccessor.invoke(DirectMethodHandleAccessor.java:119)
 java.base/java.lang.reflect.Method.invoke(Method.java:578)
 org.openqa.selenium.support.decorators.WebDriverDecorator.call(WebDriverDecorator.java:249)
 org.openqa.selenium.support.decorators.DefaultDecorated.call(DefaultDecorated.java:48)
 org.openqa.selenium.support.decorators.WebDriverDecorator.lambda$createProxy$2(WebDriverDecorator.java:321)
 net.bytebuddy.renamed.java.lang.Object$ByteBuddy$ESrqTx32.findElement(Unknown Source)
 utils.Wait.waitInVisibilityOfProgressBar(Wait.java:65)
 pages.LoginPage.clickOnLoginButton(LoginPage.java:37)
 pages.LoginPage.loginToConsole(LoginPage.java:50)
 steps.TC65_DashboardDateComparison.userIsLoggedInToConsole(TC65_DashboardDateComparison.java:27)
 java.base/jdk.internal.reflect.DirectMethodHandleAccessor.invoke(DirectMethodHandleAccessor.java:104)
 java.base/java.lang.reflect.Method.invoke(Method.java:578)
 io.cucumber.java.Invoker.doInvoke(Invoker.java:66)
 io.cucumber.java.Invoker.invoke(Invoker.java:24)
 io.cucumber.java.AbstractGlueDefinition.invokeMethod(AbstractGlueDefinition.java:47)
 io.cucumber.java.JavaStepDefinition.execute(JavaStepDefinition.java:29)
 io.cucumber.core.runner.CoreStepDefinition.execute(CoreStepDefinition.java:66)
 io.cucumber.core.runner.PickleStepDefinitionMatch.runStep(PickleStepDefinitionMatch.java:63)
 io.cucumber.core.runner.ExecutionMode$1.execute(ExecutionMode.java:10)
 io.cucumber.core.runner.TestStep.executeStep(TestStep.java:84)
 io.cucumber.core.runner.TestStep.run(TestStep.java:56)
 io.cucumber.core.runner.PickleStepTestStep.run(PickleStepTestStep.java:51)
 io.cucumber.core.runner.TestCase.run(TestCase.java:84)
 io.cucumber.core.runner.Runner.runPickle(Runner.java:75)
 io.cucumber.testng.TestNGCucumberRunner.lambda$runScenario$1(TestNGCucumberRunner.java:132)
 io.cucumber.core.runtime.CucumberExecutionContext.lambda$runTestCase$5(CucumberExecutionContext.java:137)
 io.cucumber.core.runtime.RethrowingThrowableCollector.executeAndThrow(RethrowingThrowableCollector.java:23)
 io.cucumber.core.runtime.CucumberExecutionContext.runTestCase(CucumberExecutionContext.java:137)
 io.cucumber.testng.TestNGCucumberRunner.runScenario(TestNGCucumberRunner.java:129)
 io.cucumber.testng.AbstractTestNGCucumberTests.runScenario(AbstractTestNGCucumberTests.java:35)
 java.base/jdk.internal.reflect.DirectMethodHandleAccessor.invoke(DirectMethodHandleAccessor.java:104)
 java.base/java.lang.reflect.Method.invoke(Method.java:578)
 org.testng.internal.invokers.MethodInvocationHelper.invokeMethod(MethodInvocationHelper.java:139)
 org.testng.internal.invokers.TestInvoker.invokeMethod(TestInvoker.java:664)
 org.testng.internal.invokers.TestInvoker.invokeTestMethod(TestInvoker.java:227)
 org.testng.internal.invokers.MethodRunner.runInSequence(MethodRunner.java:50)
 org.testng.internal.invokers.TestInvoker$MethodInvocationAgent.invoke(TestInvoker.java:957)
 org.testng.internal.invokers.TestInvoker.invokeTestMethods(TestInvoker.java:200)
 org.testng.internal.invokers.TestMethodWorker.invokeTestMethods(TestMethodWorker.java:148)
 org.testng.internal.invokers.TestMethodWorker.run(TestMethodWorker.java:128)
 java.base/java.util.concurrent.ThreadPoolExecutor.runWorker(ThreadPoolExecutor.java:1144)
 java.base/java.util.concurrent.ThreadPoolExecutor$Worker.run(ThreadPoolExecutor.java:642)
 java.base/java.lang.Thread.run(Thread.java:1623)

Caused by: org.openqa.selenium.NoSuchElementException: no such element: Unable to locate element: {"method":"xpath","selector":"//*[@id="nprogress"]/div[1]"}
  (Session info: chrome=118.0.5993.89)
For documentation on this error, please visit: https://www.selenium.dev/documentation/webdriver/troubleshooting/errors#no-such-element-exception
Build info: version: '4.13.0', revision: 'ba948ece5b*'
System info: os.name: 'Windows 11', os.arch: 'amd64', os.version: '10.0', java.version: '20.0.2'
Driver info: org.openqa.selenium.chrome.ChromeDriver
Command: [13d9ef67868b07bbc754856f2cad641b, findElement {using=xpath, value=//*[@id="nprogress"]/div[1]}]
Capabilities {acceptInsecureCerts: true, browserName: chrome, browserVersion: 118.0.5993.89, chrome: {chromedriverVersion: 118.0.5993.70 (e52f33f30b91..., userDataDir: C:\Users\Foodics\AppData\Lo...}, fedcm:accounts: true, goog:chromeOptions: {debuggerAddress: localhost:51564}, networkConnectionEnabled: false, pageLoadStrategy: none, platformName: windows, proxy: Proxy(), se:cdp: ws://localhost:51564/devtoo..., se:cdpVersion: 118.0.5993.89, setWindowRect: true, strictFileInteractability: false, timeouts: {implicit: 0, pageLoad: 30000, script: 30000}, unhandledPromptBehavior: ignore, webSocketUrl: ws://localhost:12259/sessio..., webauthn:extension:credBlob: true, webauthn:extension:largeBlob: true, webauthn:extension:minPinLength: true, webauthn:extension:prf: true, webauthn:virtualAuthenticators: true}
Session ID: 13d9ef67868b07bbc754856f2cad641b
 java.base/jdk.internal.reflect.DirectConstructorHandleAccessor.newInstance(DirectConstructorHandleAccessor.java:67)
 java.base/java.lang.reflect.Constructor.newInstanceWithCaller(Constructor.java:500)
 java.base/java.lang.reflect.Constructor.newInstance(Constructor.java:484)
 org.openqa.selenium.remote.codec.w3c.W3CHttpResponseCodec.createException(W3CHttpResponseCodec.java:200)
 org.openqa.selenium.remote.codec.w3c.W3CHttpResponseCodec.decode(W3CHttpResponseCodec.java:133)
 org.openqa.selenium.remote.codec.w3c.W3CHttpResponseCodec.decode(W3CHttpResponseCodec.java:52)
 org.openqa.selenium.remote.HttpCommandExecutor.execute(HttpCommandExecutor.java:191)
 org.openqa.selenium.remote.service.DriverCommandExecutor.invokeExecute(DriverCommandExecutor.java:196)
 org.openqa.selenium.remote.service.DriverCommandExecutor.execute(DriverCommandExecutor.java:171)
 org.openqa.selenium.remote.RemoteWebDriver.execute(RemoteWebDriver.java:602)
 org.openqa.selenium.remote.ElementLocation$ElementFinder$2.findElement(ElementLocation.java:165)
 org.openqa.selenium.remote.ElementLocation.findElement(ElementLocation.java:59)
 org.openqa.selenium.remote.RemoteWebDriver.findElement(RemoteWebDriver.java:359)
 org.openqa.selenium.remote.RemoteWebDriver.findElement(RemoteWebDriver.java:353)
 java.base/jdk.internal.reflect.DirectMethodHandleAccessor.invoke(DirectMethodHandleAccessor.java:104)
 java.base/java.lang.reflect.Method.invoke(Method.java:578)
 org.openqa.selenium.support.decorators.WebDriverDecorator.call(WebDriverDecorator.java:249)
 org.openqa.selenium.support.decorators.DefaultDecorated.call(DefaultDecorated.java:48)
 org.openqa.selenium.support.decorators.WebDriverDecorator.lambda$createProxy$2(WebDriverDecorator.java:321)
 net.bytebuddy.renamed.java.lang.Object$ByteBuddy$ESrqTx32.findElement(Unknown Source)
 utils.Wait.waitInVisibilityOfProgressBar(Wait.java:65)
 pages.LoginPage.clickOnLoginButton(LoginPage.java:37)
 pages.LoginPage.loginToConsole(LoginPage.java:50)
 steps.TC65_DashboardDateComparison.userIsLoggedInToConsole(TC65_DashboardDateComparison.java:27)
 java.base/jdk.internal.reflect.DirectMethodHandleAccessor.invoke(DirectMethodHandleAccessor.java:104)
 java.base/java.lang.reflect.Method.invoke(Method.java:578)
 io.cucumber.java.Invoker.doInvoke(Invoker.java:66)
 io.cucumber.java.Invoker.invoke(Invoker.java:24)
 io.cucumber.java.AbstractGlueDefinition.invokeMethod(AbstractGlueDefinition.java:47)
 io.cucumber.java.JavaStepDefinition.execute(JavaStepDefinition.java:29)
 io.cucumber.core.runner.CoreStepDefinition.execute(CoreStepDefinition.java:66)
 io.cucumber.core.runner.PickleStepDefinitionMatch.runStep(PickleStepDefinitionMatch.java:63)
 io.cucumber.core.runner.ExecutionMode$1.execute(ExecutionMode.java:10)
 io.cucumber.core.runner.TestStep.executeStep(TestStep.java:84)
 io.cucumber.core.runner.TestStep.run(TestStep.java:56)
 io.cucumber.core.runner.PickleStepTestStep.run(PickleStepTestStep.java:51)
 io.cucumber.core.runner.TestCase.run(TestCase.java:84)
 io.cucumber.core.runner.Runner.runPickle(Runner.java:75)
 io.cucumber.testng.TestNGCucumberRunner.lambda$runScenario$1(TestNGCucumberRunner.java:132)
 io.cucumber.core.runtime.CucumberExecutionContext.lambda$runTestCase$5(CucumberExecutionContext.java:137)
 io.cucumber.core.runtime.RethrowingThrowableCollector.executeAndThrow(RethrowingThrowableCollector.java:23)
 io.cucumber.core.runtime.CucumberExecutionContext.runTestCase(CucumberExecutionContext.java:137)
 io.cucumber.testng.TestNGCucumberRunner.runScenario(TestNGCucumberRunner.java:129)
 io.cucumber.testng.AbstractTestNGCucumberTests.runScenario(AbstractTestNGCucumberTests.java:35)
 java.base/jdk.internal.reflect.DirectMethodHandleAccessor.invoke(DirectMethodHandleAccessor.java:104)
 java.base/java.lang.reflect.Method.invoke(Method.java:578)
 org.testng.internal.invokers.MethodInvocationHelper.invokeMethod(MethodInvocationHelper.java:139)
 org.testng.internal.invokers.TestInvoker.invokeMethod(TestInvoker.java:664)
 org.testng.internal.invokers.TestInvoker.invokeTestMethod(TestInvoker.java:227)
 org.testng.internal.invokers.MethodRunner.runInSequence(MethodRunner.java:50)
 org.testng.internal.invokers.TestInvoker$MethodInvocationAgent.invoke(TestInvoker.java:957)
 org.testng.internal.invokers.TestInvoker.invokeTestMethods(TestInvoker.java:200)
 org.testng.internal.invokers.TestMethodWorker.invokeTestMethods(TestMethodWorker.java:148)
 org.testng.internal.invokers.TestMethodWorker.run(TestMethodWorker.java:128)
 java.base/java.util.concurrent.ThreadPoolExecutor.runWorker(ThreadPoolExecutor.java:1144)
 java.base/java.util.concurrent.ThreadPoolExecutor$Worker.run(ThreadPoolExecutor.java:642)
 java.base/java.lang.Thread.run(Thread.java:1623) @22-10-2023 21:38:28.0873 PM
[ReportManager] Attempting to getAttribute "hidden" from elementLocator "By.id: sidebar_dashboard". @22-10-2023 21:38:30.0021 PM
[ReportManager] Get attribute from "dashboard Dashboard". @22-10-2023 21:38:31.0955 PM
[ReportManager] Successfully created attachment 'Screenshot - 1697999911866_runScenario_Get attribute_passed' @22-10-2023 21:38:31.0956 PM
[ReportManager] Expected "null", and actual "null" @22-10-2023 21:38:31.0956 PM
[ReportManager] Assertion "ValidateElementAttribute" PASSED. Expected "Value Should be 'null' for the 'hidden' attribute, element locator 'By.id: sidebar_dashboard'" and Actual "null". Comparison Type "EQUALS". Validation Type "POSITIVE". @22-10-2023 21:38:32.0447 PM
[ReportManager] Assertion Passed: The Element located by "By.id: sidebar_dashboard" is visible, hidden attribute is equal to "null". @22-10-2023 21:38:32.0448 PM
[ReportManager] Successfully created attachment 'Screenshot - 1697999912368_runScenario_ValidateElementAttribute_passed' @22-10-2023 21:38:32.0449 PM
[ReportManager] Get current url "https://console.foodics.dev/dashboard". @22-10-2023 21:38:32.0798 PM
[ReportManager] Successfully created attachment 'Screenshot - 1697999912696_runScenario_Get current url_passed' @22-10-2023 21:38:32.0799 PM
[ReportManager] Expected "https://console.foodics.dev/dashboard", and actual "https://console.foodics.dev/dashboard" @22-10-2023 21:38:32.0799 PM
[ReportManager] Assertion "ValidateBrowserAttribute" PASSED. Expected "Value Should be 'https://console.foodics.dev/dashboard' for the 'currenturl' attribute" and Actual "https://console.foodics.dev/dashboard". Comparison Type "EQUALS". Validation Type "POSITIVE". @22-10-2023 21:38:33.0090 PM
[ReportManager] Assertion Passed: The Browser URL is equal to "https://console.foodics.dev/dashboard". @22-10-2023 21:38:33.0090 PM
[ReportManager] Successfully created attachment 'Screenshot - 1697999912986_runScenario_ValidateBrowserAttribute_passed' @22-10-2023 21:38:33.0092 PM
[ReportManager] Scenario Step: When Click Try our new enhanced dashboard @22-10-2023 21:38:33.0093 PM
[ReportManager] Is displayed action failed. @22-10-2023 21:38:35.0243 PM
[ReportManager] Successfully created attachment 'Screenshot - 1697999915401_runScenario_isDisplayed_failed' @22-10-2023 21:38:35.0516 PM
[ReportManager] java.lang.reflect.InvocationTargetException: null
 java.base/jdk.internal.reflect.DirectMethodHandleAccessor.invoke(DirectMethodHandleAccessor.java:119)
 java.base/java.lang.reflect.Method.invoke(Method.java:578)
 org.openqa.selenium.support.decorators.WebDriverDecorator.call(WebDriverDecorator.java:249)
 org.openqa.selenium.support.decorators.DefaultDecorated.call(DefaultDecorated.java:48)
 org.openqa.selenium.support.decorators.WebDriverDecorator.lambda$createProxy$2(WebDriverDecorator.java:321)
 net.bytebuddy.renamed.java.lang.Object$ByteBuddy$kn9pI5p2.isDisplayed(Unknown Source)
 org.openqa.selenium.support.ui.ExpectedConditions.isInvisible(ExpectedConditions.java:1374)
 org.openqa.selenium.support.ui.ExpectedConditions.access$200(ExpectedConditions.java:37)
 org.openqa.selenium.support.ui.ExpectedConditions$48.apply(ExpectedConditions.java:1362)
 org.openqa.selenium.support.ui.ExpectedConditions$48.apply(ExpectedConditions.java:1358)
 org.openqa.selenium.support.ui.FluentWait.until(FluentWait.java:205)
 utils.Wait.waitInVisibilityOfProgressBar(Wait.java:65)
 pages.DashboardPage.clickOnTryEnhancedDashboardLink(DashboardPage.java:36)
 steps.TC65_DashboardDateComparison.tryNewEnhancedDashboard(TC65_DashboardDateComparison.java:42)
 java.base/jdk.internal.reflect.DirectMethodHandleAccessor.invoke(DirectMethodHandleAccessor.java:104)
 java.base/java.lang.reflect.Method.invoke(Method.java:578)
 io.cucumber.java.Invoker.doInvoke(Invoker.java:66)
 io.cucumber.java.Invoker.invoke(Invoker.java:24)
 io.cucumber.java.AbstractGlueDefinition.invokeMethod(AbstractGlueDefinition.java:47)
 io.cucumber.java.JavaStepDefinition.execute(JavaStepDefinition.java:29)
 io.cucumber.core.runner.CoreStepDefinition.execute(CoreStepDefinition.java:66)
 io.cucumber.core.runner.PickleStepDefinitionMatch.runStep(PickleStepDefinitionMatch.java:63)
 io.cucumber.core.runner.ExecutionMode$1.execute(ExecutionMode.java:10)
 io.cucumber.core.runner.TestStep.executeStep(TestStep.java:84)
 io.cucumber.core.runner.TestStep.run(TestStep.java:56)
 io.cucumber.core.runner.PickleStepTestStep.run(PickleStepTestStep.java:51)
 io.cucumber.core.runner.TestCase.run(TestCase.java:84)
 io.cucumber.core.runner.Runner.runPickle(Runner.java:75)
 io.cucumber.testng.TestNGCucumberRunner.lambda$runScenario$1(TestNGCucumberRunner.java:132)
 io.cucumber.core.runtime.CucumberExecutionContext.lambda$runTestCase$5(CucumberExecutionContext.java:137)
 io.cucumber.core.runtime.RethrowingThrowableCollector.executeAndThrow(RethrowingThrowableCollector.java:23)
 io.cucumber.core.runtime.CucumberExecutionContext.runTestCase(CucumberExecutionContext.java:137)
 io.cucumber.testng.TestNGCucumberRunner.runScenario(TestNGCucumberRunner.java:129)
 io.cucumber.testng.AbstractTestNGCucumberTests.runScenario(AbstractTestNGCucumberTests.java:35)
 java.base/jdk.internal.reflect.DirectMethodHandleAccessor.invoke(DirectMethodHandleAccessor.java:104)
 java.base/java.lang.reflect.Method.invoke(Method.java:578)
 org.testng.internal.invokers.MethodInvocationHelper.invokeMethod(MethodInvocationHelper.java:139)
 org.testng.internal.invokers.TestInvoker.invokeMethod(TestInvoker.java:664)
 org.testng.internal.invokers.TestInvoker.invokeTestMethod(TestInvoker.java:227)
 org.testng.internal.invokers.MethodRunner.runInSequence(MethodRunner.java:50)
 org.testng.internal.invokers.TestInvoker$MethodInvocationAgent.invoke(TestInvoker.java:957)
 org.testng.internal.invokers.TestInvoker.invokeTestMethods(TestInvoker.java:200)
 org.testng.internal.invokers.TestMethodWorker.invokeTestMethods(TestMethodWorker.java:148)
 org.testng.internal.invokers.TestMethodWorker.run(TestMethodWorker.java:128)
 java.base/java.util.concurrent.ThreadPoolExecutor.runWorker(ThreadPoolExecutor.java:1144)
 java.base/java.util.concurrent.ThreadPoolExecutor$Worker.run(ThreadPoolExecutor.java:642)
 java.base/java.lang.Thread.run(Thread.java:1623)

Caused by: org.openqa.selenium.NoSuchElementException: no such element: No node with given id found
  (Session info: chrome=118.0.5993.89)
For documentation on this error, please visit: https://www.selenium.dev/documentation/webdriver/troubleshooting/errors#no-such-element-exception
Build info: version: '4.13.0', revision: 'ba948ece5b*'
System info: os.name: 'Windows 11', os.arch: 'amd64', os.version: '10.0', java.version: '20.0.2'
Driver info: org.openqa.selenium.chrome.ChromeDriver
Command: [13d9ef67868b07bbc754856f2cad641b, isElementDisplayed {id=5DCF5DEF2303851E4BBAE36902731CE5_element_31}]
Capabilities {acceptInsecureCerts: true, browserName: chrome, browserVersion: 118.0.5993.89, chrome: {chromedriverVersion: 118.0.5993.70 (e52f33f30b91..., userDataDir: C:\Users\Foodics\AppData\Lo...}, fedcm:accounts: true, goog:chromeOptions: {debuggerAddress: localhost:51564}, networkConnectionEnabled: false, pageLoadStrategy: none, platformName: windows, proxy: Proxy(), se:cdp: ws://localhost:51564/devtoo..., se:cdpVersion: 118.0.5993.89, setWindowRect: true, strictFileInteractability: false, timeouts: {implicit: 0, pageLoad: 30000, script: 30000}, unhandledPromptBehavior: ignore, webSocketUrl: ws://localhost:12259/sessio..., webauthn:extension:credBlob: true, webauthn:extension:largeBlob: true, webauthn:extension:minPinLength: true, webauthn:extension:prf: true, webauthn:virtualAuthenticators: true}
Element: [[ChromeDriver: chrome on windows (13d9ef67868b07bbc754856f2cad641b)] -> xpath: //*[@id="nprogress"]/div[1]]
Session ID: 13d9ef67868b07bbc754856f2cad641b
 java.base/jdk.internal.reflect.DirectConstructorHandleAccessor.newInstance(DirectConstructorHandleAccessor.java:67)
 java.base/java.lang.reflect.Constructor.newInstanceWithCaller(Constructor.java:500)
 java.base/java.lang.reflect.Constructor.newInstance(Constructor.java:484)
 org.openqa.selenium.remote.codec.w3c.W3CHttpResponseCodec.createException(W3CHttpResponseCodec.java:200)
 org.openqa.selenium.remote.codec.w3c.W3CHttpResponseCodec.decode(W3CHttpResponseCodec.java:133)
 org.openqa.selenium.remote.codec.w3c.W3CHttpResponseCodec.decode(W3CHttpResponseCodec.java:52)
 org.openqa.selenium.remote.HttpCommandExecutor.execute(HttpCommandExecutor.java:191)
 org.openqa.selenium.remote.service.DriverCommandExecutor.invokeExecute(DriverCommandExecutor.java:196)
 org.openqa.selenium.remote.service.DriverCommandExecutor.execute(DriverCommandExecutor.java:171)
 org.openqa.selenium.remote.RemoteWebDriver.execute(RemoteWebDriver.java:602)
 org.openqa.selenium.remote.RemoteWebElement.execute(RemoteWebElement.java:224)
 org.openqa.selenium.remote.RemoteWebElement.isDisplayed(RemoteWebElement.java:283)
 java.base/jdk.internal.reflect.DirectMethodHandleAccessor.invoke(DirectMethodHandleAccessor.java:104)
 java.base/java.lang.reflect.Method.invoke(Method.java:578)
 org.openqa.selenium.support.decorators.WebDriverDecorator.call(WebDriverDecorator.java:249)
 org.openqa.selenium.support.decorators.DefaultDecorated.call(DefaultDecorated.java:48)
 org.openqa.selenium.support.decorators.WebDriverDecorator.lambda$createProxy$2(WebDriverDecorator.java:321)
 net.bytebuddy.renamed.java.lang.Object$ByteBuddy$kn9pI5p2.isDisplayed(Unknown Source)
 org.openqa.selenium.support.ui.ExpectedConditions.isInvisible(ExpectedConditions.java:1374)
 org.openqa.selenium.support.ui.ExpectedConditions.access$200(ExpectedConditions.java:37)
 org.openqa.selenium.support.ui.ExpectedConditions$48.apply(ExpectedConditions.java:1362)
 org.openqa.selenium.support.ui.ExpectedConditions$48.apply(ExpectedConditions.java:1358)
 org.openqa.selenium.support.ui.FluentWait.until(FluentWait.java:205)
 utils.Wait.waitInVisibilityOfProgressBar(Wait.java:65)
 pages.DashboardPage.clickOnTryEnhancedDashboardLink(DashboardPage.java:36)
 steps.TC65_DashboardDateComparison.tryNewEnhancedDashboard(TC65_DashboardDateComparison.java:42)
 java.base/jdk.internal.reflect.DirectMethodHandleAccessor.invoke(DirectMethodHandleAccessor.java:104)
 java.base/java.lang.reflect.Method.invoke(Method.java:578)
 io.cucumber.java.Invoker.doInvoke(Invoker.java:66)
 io.cucumber.java.Invoker.invoke(Invoker.java:24)
 io.cucumber.java.AbstractGlueDefinition.invokeMethod(AbstractGlueDefinition.java:47)
 io.cucumber.java.JavaStepDefinition.execute(JavaStepDefinition.java:29)
 io.cucumber.core.runner.CoreStepDefinition.execute(CoreStepDefinition.java:66)
 io.cucumber.core.runner.PickleStepDefinitionMatch.runStep(PickleStepDefinitionMatch.java:63)
 io.cucumber.core.runner.ExecutionMode$1.execute(ExecutionMode.java:10)
 io.cucumber.core.runner.TestStep.executeStep(TestStep.java:84)
 io.cucumber.core.runner.TestStep.run(TestStep.java:56)
 io.cucumber.core.runner.PickleStepTestStep.run(PickleStepTestStep.java:51)
 io.cucumber.core.runner.TestCase.run(TestCase.java:84)
 io.cucumber.core.runner.Runner.runPickle(Runner.java:75)
 io.cucumber.testng.TestNGCucumberRunner.lambda$runScenario$1(TestNGCucumberRunner.java:132)
 io.cucumber.core.runtime.CucumberExecutionContext.lambda$runTestCase$5(CucumberExecutionContext.java:137)
 io.cucumber.core.runtime.RethrowingThrowableCollector.executeAndThrow(RethrowingThrowableCollector.java:23)
 io.cucumber.core.runtime.CucumberExecutionContext.runTestCase(CucumberExecutionContext.java:137)
 io.cucumber.testng.TestNGCucumberRunner.runScenario(TestNGCucumberRunner.java:129)
 io.cucumber.testng.AbstractTestNGCucumberTests.runScenario(AbstractTestNGCucumberTests.java:35)
 java.base/jdk.internal.reflect.DirectMethodHandleAccessor.invoke(DirectMethodHandleAccessor.java:104)
 java.base/java.lang.reflect.Method.invoke(Method.java:578)
 org.testng.internal.invokers.MethodInvocationHelper.invokeMethod(MethodInvocationHelper.java:139)
 org.testng.internal.invokers.TestInvoker.invokeMethod(TestInvoker.java:664)
 org.testng.internal.invokers.TestInvoker.invokeTestMethod(TestInvoker.java:227)
 org.testng.internal.invokers.MethodRunner.runInSequence(MethodRunner.java:50)
 org.testng.internal.invokers.TestInvoker$MethodInvocationAgent.invoke(TestInvoker.java:957)
 org.testng.internal.invokers.TestInvoker.invokeTestMethods(TestInvoker.java:200)
 org.testng.internal.invokers.TestMethodWorker.invokeTestMethods(TestMethodWorker.java:148)
 org.testng.internal.invokers.TestMethodWorker.run(TestMethodWorker.java:128)
 java.base/java.util.concurrent.ThreadPoolExecutor.runWorker(ThreadPoolExecutor.java:1144)
 java.base/java.util.concurrent.ThreadPoolExecutor$Worker.run(ThreadPoolExecutor.java:642)
 java.base/java.lang.Thread.run(Thread.java:1623) @22-10-2023 21:38:35.0517 PM
[ReportManager] Click element. @22-10-2023 21:38:35.0600 PM
[ReportManager] Is displayed action failed. @22-10-2023 21:38:40.0148 PM
[ReportManager] Successfully created attachment 'Screenshot - 1697999920309_runScenario_isDisplayed_failed' @22-10-2023 21:38:40.0413 PM
[ReportManager] java.lang.reflect.InvocationTargetException: null
 java.base/jdk.internal.reflect.DirectMethodHandleAccessor.invoke(DirectMethodHandleAccessor.java:119)
 java.base/java.lang.reflect.Method.invoke(Method.java:578)
 org.openqa.selenium.support.decorators.WebDriverDecorator.call(WebDriverDecorator.java:249)
 org.openqa.selenium.support.decorators.DefaultDecorated.call(DefaultDecorated.java:48)
 org.openqa.selenium.support.decorators.WebDriverDecorator.lambda$createProxy$2(WebDriverDecorator.java:321)
 net.bytebuddy.renamed.java.lang.Object$ByteBuddy$llh6gavo.isDisplayed(Unknown Source)
 org.openqa.selenium.support.ui.ExpectedConditions.isInvisible(ExpectedConditions.java:1374)
 org.openqa.selenium.support.ui.ExpectedConditions.access$200(ExpectedConditions.java:37)
 org.openqa.selenium.support.ui.ExpectedConditions$48.apply(ExpectedConditions.java:1362)
 org.openqa.selenium.support.ui.ExpectedConditions$48.apply(ExpectedConditions.java:1358)
 org.openqa.selenium.support.ui.FluentWait.until(FluentWait.java:205)
 utils.Wait.waitInVisibilityOfProgressBar(Wait.java:65)
 pages.DashboardPage.clickOnTryEnhancedDashboardLink(DashboardPage.java:38)
 steps.TC65_DashboardDateComparison.tryNewEnhancedDashboard(TC65_DashboardDateComparison.java:42)
 java.base/jdk.internal.reflect.DirectMethodHandleAccessor.invoke(DirectMethodHandleAccessor.java:104)
 java.base/java.lang.reflect.Method.invoke(Method.java:578)
 io.cucumber.java.Invoker.doInvoke(Invoker.java:66)
 io.cucumber.java.Invoker.invoke(Invoker.java:24)
 io.cucumber.java.AbstractGlueDefinition.invokeMethod(AbstractGlueDefinition.java:47)
 io.cucumber.java.JavaStepDefinition.execute(JavaStepDefinition.java:29)
 io.cucumber.core.runner.CoreStepDefinition.execute(CoreStepDefinition.java:66)
 io.cucumber.core.runner.PickleStepDefinitionMatch.runStep(PickleStepDefinitionMatch.java:63)
 io.cucumber.core.runner.ExecutionMode$1.execute(ExecutionMode.java:10)
 io.cucumber.core.runner.TestStep.executeStep(TestStep.java:84)
 io.cucumber.core.runner.TestStep.run(TestStep.java:56)
 io.cucumber.core.runner.PickleStepTestStep.run(PickleStepTestStep.java:51)
 io.cucumber.core.runner.TestCase.run(TestCase.java:84)
 io.cucumber.core.runner.Runner.runPickle(Runner.java:75)
 io.cucumber.testng.TestNGCucumberRunner.lambda$runScenario$1(TestNGCucumberRunner.java:132)
 io.cucumber.core.runtime.CucumberExecutionContext.lambda$runTestCase$5(CucumberExecutionContext.java:137)
 io.cucumber.core.runtime.RethrowingThrowableCollector.executeAndThrow(RethrowingThrowableCollector.java:23)
 io.cucumber.core.runtime.CucumberExecutionContext.runTestCase(CucumberExecutionContext.java:137)
 io.cucumber.testng.TestNGCucumberRunner.runScenario(TestNGCucumberRunner.java:129)
 io.cucumber.testng.AbstractTestNGCucumberTests.runScenario(AbstractTestNGCucumberTests.java:35)
 java.base/jdk.internal.reflect.DirectMethodHandleAccessor.invoke(DirectMethodHandleAccessor.java:104)
 java.base/java.lang.reflect.Method.invoke(Method.java:578)
 org.testng.internal.invokers.MethodInvocationHelper.invokeMethod(MethodInvocationHelper.java:139)
 org.testng.internal.invokers.TestInvoker.invokeMethod(TestInvoker.java:664)
 org.testng.internal.invokers.TestInvoker.invokeTestMethod(TestInvoker.java:227)
 org.testng.internal.invokers.MethodRunner.runInSequence(MethodRunner.java:50)
 org.testng.internal.invokers.TestInvoker$MethodInvocationAgent.invoke(TestInvoker.java:957)
 org.testng.internal.invokers.TestInvoker.invokeTestMethods(TestInvoker.java:200)
 org.testng.internal.invokers.TestMethodWorker.invokeTestMethods(TestMethodWorker.java:148)
 org.testng.internal.invokers.TestMethodWorker.run(TestMethodWorker.java:128)
 java.base/java.util.concurrent.ThreadPoolExecutor.runWorker(ThreadPoolExecutor.java:1144)
 java.base/java.util.concurrent.ThreadPoolExecutor$Worker.run(ThreadPoolExecutor.java:642)
 java.base/java.lang.Thread.run(Thread.java:1623)

Caused by: org.openqa.selenium.StaleElementReferenceException: stale element reference: stale element not found
  (Session info: chrome=118.0.5993.89)
For documentation on this error, please visit: https://www.selenium.dev/documentation/webdriver/troubleshooting/errors#stale-element-reference-exception
Build info: version: '4.13.0', revision: 'ba948ece5b*'
System info: os.name: 'Windows 11', os.arch: 'amd64', os.version: '10.0', java.version: '20.0.2'
Driver info: org.openqa.selenium.chrome.ChromeDriver
Command: [13d9ef67868b07bbc754856f2cad641b, isElementDisplayed {id=5DCF5DEF2303851E4BBAE36902731CE5_element_44}]
Capabilities {acceptInsecureCerts: true, browserName: chrome, browserVersion: 118.0.5993.89, chrome: {chromedriverVersion: 118.0.5993.70 (e52f33f30b91..., userDataDir: C:\Users\Foodics\AppData\Lo...}, fedcm:accounts: true, goog:chromeOptions: {debuggerAddress: localhost:51564}, networkConnectionEnabled: false, pageLoadStrategy: none, platformName: windows, proxy: Proxy(), se:cdp: ws://localhost:51564/devtoo..., se:cdpVersion: 118.0.5993.89, setWindowRect: true, strictFileInteractability: false, timeouts: {implicit: 0, pageLoad: 30000, script: 30000}, unhandledPromptBehavior: ignore, webSocketUrl: ws://localhost:12259/sessio..., webauthn:extension:credBlob: true, webauthn:extension:largeBlob: true, webauthn:extension:minPinLength: true, webauthn:extension:prf: true, webauthn:virtualAuthenticators: true}
Element: [[ChromeDriver: chrome on windows (13d9ef67868b07bbc754856f2cad641b)] -> xpath: //*[@id="nprogress"]/div[1]]
Session ID: 13d9ef67868b07bbc754856f2cad641b
 java.base/jdk.internal.reflect.DirectConstructorHandleAccessor.newInstance(DirectConstructorHandleAccessor.java:67)
 java.base/java.lang.reflect.Constructor.newInstanceWithCaller(Constructor.java:500)
 java.base/java.lang.reflect.Constructor.newInstance(Constructor.java:484)
 org.openqa.selenium.remote.codec.w3c.W3CHttpResponseCodec.createException(W3CHttpResponseCodec.java:200)
 org.openqa.selenium.remote.codec.w3c.W3CHttpResponseCodec.decode(W3CHttpResponseCodec.java:133)
 org.openqa.selenium.remote.codec.w3c.W3CHttpResponseCodec.decode(W3CHttpResponseCodec.java:52)
 org.openqa.selenium.remote.HttpCommandExecutor.execute(HttpCommandExecutor.java:191)
 org.openqa.selenium.remote.service.DriverCommandExecutor.invokeExecute(DriverCommandExecutor.java:196)
 org.openqa.selenium.remote.service.DriverCommandExecutor.execute(DriverCommandExecutor.java:171)
 org.openqa.selenium.remote.RemoteWebDriver.execute(RemoteWebDriver.java:602)
 org.openqa.selenium.remote.RemoteWebElement.execute(RemoteWebElement.java:224)
 org.openqa.selenium.remote.RemoteWebElement.isDisplayed(RemoteWebElement.java:283)
 java.base/jdk.internal.reflect.DirectMethodHandleAccessor.invoke(DirectMethodHandleAccessor.java:104)
 java.base/java.lang.reflect.Method.invoke(Method.java:578)
 org.openqa.selenium.support.decorators.WebDriverDecorator.call(WebDriverDecorator.java:249)
 org.openqa.selenium.support.decorators.DefaultDecorated.call(DefaultDecorated.java:48)
 org.openqa.selenium.support.decorators.WebDriverDecorator.lambda$createProxy$2(WebDriverDecorator.java:321)
 net.bytebuddy.renamed.java.lang.Object$ByteBuddy$llh6gavo.isDisplayed(Unknown Source)
 org.openqa.selenium.support.ui.ExpectedConditions.isInvisible(ExpectedConditions.java:1374)
 org.openqa.selenium.support.ui.ExpectedConditions.access$200(ExpectedConditions.java:37)
 org.openqa.selenium.support.ui.ExpectedConditions$48.apply(ExpectedConditions.java:1362)
 org.openqa.selenium.support.ui.ExpectedConditions$48.apply(ExpectedConditions.java:1358)
 org.openqa.selenium.support.ui.FluentWait.until(FluentWait.java:205)
 utils.Wait.waitInVisibilityOfProgressBar(Wait.java:65)
 pages.DashboardPage.clickOnTryEnhancedDashboardLink(DashboardPage.java:38)
 steps.TC65_DashboardDateComparison.tryNewEnhancedDashboard(TC65_DashboardDateComparison.java:42)
 java.base/jdk.internal.reflect.DirectMethodHandleAccessor.invoke(DirectMethodHandleAccessor.java:104)
 java.base/java.lang.reflect.Method.invoke(Method.java:578)
 io.cucumber.java.Invoker.doInvoke(Invoker.java:66)
 io.cucumber.java.Invoker.invoke(Invoker.java:24)
 io.cucumber.java.AbstractGlueDefinition.invokeMethod(AbstractGlueDefinition.java:47)
 io.cucumber.java.JavaStepDefinition.execute(JavaStepDefinition.java:29)
 io.cucumber.core.runner.CoreStepDefinition.execute(CoreStepDefinition.java:66)
 io.cucumber.core.runner.PickleStepDefinitionMatch.runStep(PickleStepDefinitionMatch.java:63)
 io.cucumber.core.runner.ExecutionMode$1.execute(ExecutionMode.java:10)
 io.cucumber.core.runner.TestStep.executeStep(TestStep.java:84)
 io.cucumber.core.runner.TestStep.run(TestStep.java:56)
 io.cucumber.core.runner.PickleStepTestStep.run(PickleStepTestStep.java:51)
 io.cucumber.core.runner.TestCase.run(TestCase.java:84)
 io.cucumber.core.runner.Runner.runPickle(Runner.java:75)
 io.cucumber.testng.TestNGCucumberRunner.lambda$runScenario$1(TestNGCucumberRunner.java:132)
 io.cucumber.core.runtime.CucumberExecutionContext.lambda$runTestCase$5(CucumberExecutionContext.java:137)
 io.cucumber.core.runtime.RethrowingThrowableCollector.executeAndThrow(RethrowingThrowableCollector.java:23)
 io.cucumber.core.runtime.CucumberExecutionContext.runTestCase(CucumberExecutionContext.java:137)
 io.cucumber.testng.TestNGCucumberRunner.runScenario(TestNGCucumberRunner.java:129)
 io.cucumber.testng.AbstractTestNGCucumberTests.runScenario(AbstractTestNGCucumberTests.java:35)
 java.base/jdk.internal.reflect.DirectMethodHandleAccessor.invoke(DirectMethodHandleAccessor.java:104)
 java.base/java.lang.reflect.Method.invoke(Method.java:578)
 org.testng.internal.invokers.MethodInvocationHelper.invokeMethod(MethodInvocationHelper.java:139)
 org.testng.internal.invokers.TestInvoker.invokeMethod(TestInvoker.java:664)
 org.testng.internal.invokers.TestInvoker.invokeTestMethod(TestInvoker.java:227)
 org.testng.internal.invokers.MethodRunner.runInSequence(MethodRunner.java:50)
 org.testng.internal.invokers.TestInvoker$MethodInvocationAgent.invoke(TestInvoker.java:957)
 org.testng.internal.invokers.TestInvoker.invokeTestMethods(TestInvoker.java:200)
 org.testng.internal.invokers.TestMethodWorker.invokeTestMethods(TestMethodWorker.java:148)
 org.testng.internal.invokers.TestMethodWorker.run(TestMethodWorker.java:128)
 java.base/java.util.concurrent.ThreadPoolExecutor.runWorker(ThreadPoolExecutor.java:1144)
 java.base/java.util.concurrent.ThreadPoolExecutor$Worker.run(ThreadPoolExecutor.java:642)
 java.base/java.lang.Thread.run(Thread.java:1623) @22-10-2023 21:38:40.0414 PM
[ReportManager] Get current url "https://console.foodics.dev/dashboard-beta". @22-10-2023 21:38:40.0693 PM
[ReportManager] Successfully created attachment 'Screenshot - 1697999920589_runScenario_Get current url_passed' @22-10-2023 21:38:40.0693 PM
[ReportManager] Expected "https://console.foodics.dev/dashboard-beta", and actual "https://console.foodics.dev/dashboard-beta" @22-10-2023 21:38:40.0694 PM
[ReportManager] Assertion "ValidateBrowserAttribute" PASSED. Expected "Value Should be 'https://console.foodics.dev/dashboard-beta' for the 'currenturl' attribute" and Actual "https://console.foodics.dev/dashboard-beta". Comparison Type "EQUALS". Validation Type "POSITIVE". @22-10-2023 21:38:40.0950 PM
[ReportManager] Assertion Passed: The Browser URL is equal to "https://console.foodics.dev/dashboard-beta". @22-10-2023 21:38:40.0950 PM
[ReportManager] Successfully created attachment 'Screenshot - 1697999920841_runScenario_ValidateBrowserAttribute_passed' @22-10-2023 21:38:40.0951 PM
[ReportManager] Get current window title "Dashboard - Foodics". @22-10-2023 21:38:41.0228 PM
[ReportManager] Successfully created attachment 'Screenshot - 1697999921135_runScenario_Get current window title_passed' @22-10-2023 21:38:41.0228 PM
[ReportManager] Expected "Dashboard - Foodics", and actual "Dashboard - Foodics" @22-10-2023 21:38:41.0229 PM
[ReportManager] Assertion "ValidateBrowserAttribute" PASSED. Expected "Value Should be 'Dashboard - Foodics' for the 'title' attribute" and Actual "Dashboard - Foodics". Comparison Type "EQUALS". Validation Type "POSITIVE". @22-10-2023 21:38:41.0495 PM
[ReportManager] Assertion Passed: The Browser title is equal to "Dashboard - Foodics". @22-10-2023 21:38:41.0496 PM
[ReportManager] Successfully created attachment 'Screenshot - 1697999921392_runScenario_ValidateBrowserAttribute_passed' @22-10-2023 21:38:41.0496 PM
[ReportManager] Scenario Step: And Click "Week" view @22-10-2023 21:38:41.0497 PM
[ReportManager] Click element. @22-10-2023 21:38:41.0564 PM
[ReportManager] Is displayed action failed. @22-10-2023 21:38:45.0857 PM
[ReportManager] Successfully created attachment 'Screenshot - 1697999926045_runScenario_isDisplayed_failed' @22-10-2023 21:38:46.0198 PM
[ReportManager] java.lang.reflect.InvocationTargetException: null
 java.base/jdk.internal.reflect.DirectMethodHandleAccessor.invoke(DirectMethodHandleAccessor.java:119)
 java.base/java.lang.reflect.Method.invoke(Method.java:578)
 org.openqa.selenium.support.decorators.WebDriverDecorator.call(WebDriverDecorator.java:249)
 org.openqa.selenium.support.decorators.DefaultDecorated.call(DefaultDecorated.java:48)
 org.openqa.selenium.support.decorators.WebDriverDecorator.lambda$createProxy$2(WebDriverDecorator.java:321)
 net.bytebuddy.renamed.java.lang.Object$ByteBuddy$LjOLn0vj.isDisplayed(Unknown Source)
 org.openqa.selenium.support.ui.ExpectedConditions.isInvisible(ExpectedConditions.java:1374)
 org.openqa.selenium.support.ui.ExpectedConditions.access$200(ExpectedConditions.java:37)
 org.openqa.selenium.support.ui.ExpectedConditions$48.apply(ExpectedConditions.java:1362)
 org.openqa.selenium.support.ui.ExpectedConditions$48.apply(ExpectedConditions.java:1358)
 org.openqa.selenium.support.ui.FluentWait.until(FluentWait.java:205)
 utils.Wait.waitInVisibilityOfProgressBar(Wait.java:65)
 pages.CommonNormalAndEnhancedDashboard.clickOnWeekView(CommonNormalAndEnhancedDashboard.java:69)
 steps.TC65_DashboardDateComparison.clickDayWeekMonth(TC65_DashboardDateComparison.java:214)
 java.base/jdk.internal.reflect.DirectMethodHandleAccessor.invoke(DirectMethodHandleAccessor.java:104)
 java.base/java.lang.reflect.Method.invoke(Method.java:578)
 io.cucumber.java.Invoker.doInvoke(Invoker.java:66)
 io.cucumber.java.Invoker.invoke(Invoker.java:24)
 io.cucumber.java.AbstractGlueDefinition.invokeMethod(AbstractGlueDefinition.java:47)
 io.cucumber.java.JavaStepDefinition.execute(JavaStepDefinition.java:29)
 io.cucumber.core.runner.CoreStepDefinition.execute(CoreStepDefinition.java:66)
 io.cucumber.core.runner.PickleStepDefinitionMatch.runStep(PickleStepDefinitionMatch.java:63)
 io.cucumber.core.runner.ExecutionMode$1.execute(ExecutionMode.java:10)
 io.cucumber.core.runner.TestStep.executeStep(TestStep.java:84)
 io.cucumber.core.runner.TestStep.run(TestStep.java:56)
 io.cucumber.core.runner.PickleStepTestStep.run(PickleStepTestStep.java:51)
 io.cucumber.core.runner.TestCase.run(TestCase.java:84)
 io.cucumber.core.runner.Runner.runPickle(Runner.java:75)
 io.cucumber.testng.TestNGCucumberRunner.lambda$runScenario$1(TestNGCucumberRunner.java:132)
 io.cucumber.core.runtime.CucumberExecutionContext.lambda$runTestCase$5(CucumberExecutionContext.java:137)
 io.cucumber.core.runtime.RethrowingThrowableCollector.executeAndThrow(RethrowingThrowableCollector.java:23)
 io.cucumber.core.runtime.CucumberExecutionContext.runTestCase(CucumberExecutionContext.java:137)
 io.cucumber.testng.TestNGCucumberRunner.runScenario(TestNGCucumberRunner.java:129)
 io.cucumber.testng.AbstractTestNGCucumberTests.runScenario(AbstractTestNGCucumberTests.java:35)
 java.base/jdk.internal.reflect.DirectMethodHandleAccessor.invoke(DirectMethodHandleAccessor.java:104)
 java.base/java.lang.reflect.Method.invoke(Method.java:578)
 org.testng.internal.invokers.MethodInvocationHelper.invokeMethod(MethodInvocationHelper.java:139)
 org.testng.internal.invokers.TestInvoker.invokeMethod(TestInvoker.java:664)
 org.testng.internal.invokers.TestInvoker.invokeTestMethod(TestInvoker.java:227)
 org.testng.internal.invokers.MethodRunner.runInSequence(MethodRunner.java:50)
 org.testng.internal.invokers.TestInvoker$MethodInvocationAgent.invoke(TestInvoker.java:957)
 org.testng.internal.invokers.TestInvoker.invokeTestMethods(TestInvoker.java:200)
 org.testng.internal.invokers.TestMethodWorker.invokeTestMethods(TestMethodWorker.java:148)
 org.testng.internal.invokers.TestMethodWorker.run(TestMethodWorker.java:128)
 java.base/java.util.concurrent.ThreadPoolExecutor.runWorker(ThreadPoolExecutor.java:1144)
 java.base/java.util.concurrent.ThreadPoolExecutor$Worker.run(ThreadPoolExecutor.java:642)
 java.base/java.lang.Thread.run(Thread.java:1623)

Caused by: org.openqa.selenium.StaleElementReferenceException: stale element reference: stale element not found
  (Session info: chrome=118.0.5993.89)
For documentation on this error, please visit: https://www.selenium.dev/documentation/webdriver/troubleshooting/errors#stale-element-reference-exception
Build info: version: '4.13.0', revision: 'ba948ece5b*'
System info: os.name: 'Windows 11', os.arch: 'amd64', os.version: '10.0', java.version: '20.0.2'
Driver info: org.openqa.selenium.chrome.ChromeDriver
Command: [13d9ef67868b07bbc754856f2cad641b, isElementDisplayed {id=5DCF5DEF2303851E4BBAE36902731CE5_element_63}]
Capabilities {acceptInsecureCerts: true, browserName: chrome, browserVersion: 118.0.5993.89, chrome: {chromedriverVersion: 118.0.5993.70 (e52f33f30b91..., userDataDir: C:\Users\Foodics\AppData\Lo...}, fedcm:accounts: true, goog:chromeOptions: {debuggerAddress: localhost:51564}, networkConnectionEnabled: false, pageLoadStrategy: none, platformName: windows, proxy: Proxy(), se:cdp: ws://localhost:51564/devtoo..., se:cdpVersion: 118.0.5993.89, setWindowRect: true, strictFileInteractability: false, timeouts: {implicit: 0, pageLoad: 30000, script: 30000}, unhandledPromptBehavior: ignore, webSocketUrl: ws://localhost:12259/sessio..., webauthn:extension:credBlob: true, webauthn:extension:largeBlob: true, webauthn:extension:minPinLength: true, webauthn:extension:prf: true, webauthn:virtualAuthenticators: true}
Element: [[ChromeDriver: chrome on windows (13d9ef67868b07bbc754856f2cad641b)] -> xpath: //*[@id="nprogress"]/div[1]]
Session ID: 13d9ef67868b07bbc754856f2cad641b
 java.base/jdk.internal.reflect.DirectConstructorHandleAccessor.newInstance(DirectConstructorHandleAccessor.java:67)
 java.base/java.lang.reflect.Constructor.newInstanceWithCaller(Constructor.java:500)
 java.base/java.lang.reflect.Constructor.newInstance(Constructor.java:484)
 org.openqa.selenium.remote.codec.w3c.W3CHttpResponseCodec.createException(W3CHttpResponseCodec.java:200)
 org.openqa.selenium.remote.codec.w3c.W3CHttpResponseCodec.decode(W3CHttpResponseCodec.java:133)
 org.openqa.selenium.remote.codec.w3c.W3CHttpResponseCodec.decode(W3CHttpResponseCodec.java:52)
 org.openqa.selenium.remote.HttpCommandExecutor.execute(HttpCommandExecutor.java:191)
 org.openqa.selenium.remote.service.DriverCommandExecutor.invokeExecute(DriverCommandExecutor.java:196)
 org.openqa.selenium.remote.service.DriverCommandExecutor.execute(DriverCommandExecutor.java:171)
 org.openqa.selenium.remote.RemoteWebDriver.execute(RemoteWebDriver.java:602)
 org.openqa.selenium.remote.RemoteWebElement.execute(RemoteWebElement.java:224)
 org.openqa.selenium.remote.RemoteWebElement.isDisplayed(RemoteWebElement.java:283)
 java.base/jdk.internal.reflect.DirectMethodHandleAccessor.invoke(DirectMethodHandleAccessor.java:104)
 java.base/java.lang.reflect.Method.invoke(Method.java:578)
 org.openqa.selenium.support.decorators.WebDriverDecorator.call(WebDriverDecorator.java:249)
 org.openqa.selenium.support.decorators.DefaultDecorated.call(DefaultDecorated.java:48)
 org.openqa.selenium.support.decorators.WebDriverDecorator.lambda$createProxy$2(WebDriverDecorator.java:321)
 net.bytebuddy.renamed.java.lang.Object$ByteBuddy$LjOLn0vj.isDisplayed(Unknown Source)
 org.openqa.selenium.support.ui.ExpectedConditions.isInvisible(ExpectedConditions.java:1374)
 org.openqa.selenium.support.ui.ExpectedConditions.access$200(ExpectedConditions.java:37)
 org.openqa.selenium.support.ui.ExpectedConditions$48.apply(ExpectedConditions.java:1362)
 org.openqa.selenium.support.ui.ExpectedConditions$48.apply(ExpectedConditions.java:1358)
 org.openqa.selenium.support.ui.FluentWait.until(FluentWait.java:205)
 utils.Wait.waitInVisibilityOfProgressBar(Wait.java:65)
 pages.CommonNormalAndEnhancedDashboard.clickOnWeekView(CommonNormalAndEnhancedDashboard.java:69)
 steps.TC65_DashboardDateComparison.clickDayWeekMonth(TC65_DashboardDateComparison.java:214)
 java.base/jdk.internal.reflect.DirectMethodHandleAccessor.invoke(DirectMethodHandleAccessor.java:104)
 java.base/java.lang.reflect.Method.invoke(Method.java:578)
 io.cucumber.java.Invoker.doInvoke(Invoker.java:66)
 io.cucumber.java.Invoker.invoke(Invoker.java:24)
 io.cucumber.java.AbstractGlueDefinition.invokeMethod(AbstractGlueDefinition.java:47)
 io.cucumber.java.JavaStepDefinition.execute(JavaStepDefinition.java:29)
 io.cucumber.core.runner.CoreStepDefinition.execute(CoreStepDefinition.java:66)
 io.cucumber.core.runner.PickleStepDefinitionMatch.runStep(PickleStepDefinitionMatch.java:63)
 io.cucumber.core.runner.ExecutionMode$1.execute(ExecutionMode.java:10)
 io.cucumber.core.runner.TestStep.executeStep(TestStep.java:84)
 io.cucumber.core.runner.TestStep.run(TestStep.java:56)
 io.cucumber.core.runner.PickleStepTestStep.run(PickleStepTestStep.java:51)
 io.cucumber.core.runner.TestCase.run(TestCase.java:84)
 io.cucumber.core.runner.Runner.runPickle(Runner.java:75)
 io.cucumber.testng.TestNGCucumberRunner.lambda$runScenario$1(TestNGCucumberRunner.java:132)
 io.cucumber.core.runtime.CucumberExecutionContext.lambda$runTestCase$5(CucumberExecutionContext.java:137)
 io.cucumber.core.runtime.RethrowingThrowableCollector.executeAndThrow(RethrowingThrowableCollector.java:23)
 io.cucumber.core.runtime.CucumberExecutionContext.runTestCase(CucumberExecutionContext.java:137)
 io.cucumber.testng.TestNGCucumberRunner.runScenario(TestNGCucumberRunner.java:129)
 io.cucumber.testng.AbstractTestNGCucumberTests.runScenario(AbstractTestNGCucumberTests.java:35)
 java.base/jdk.internal.reflect.DirectMethodHandleAccessor.invoke(DirectMethodHandleAccessor.java:104)
 java.base/java.lang.reflect.Method.invoke(Method.java:578)
 org.testng.internal.invokers.MethodInvocationHelper.invokeMethod(MethodInvocationHelper.java:139)
 org.testng.internal.invokers.TestInvoker.invokeMethod(TestInvoker.java:664)
 org.testng.internal.invokers.TestInvoker.invokeTestMethod(TestInvoker.java:227)
 org.testng.internal.invokers.MethodRunner.runInSequence(MethodRunner.java:50)
 org.testng.internal.invokers.TestInvoker$MethodInvocationAgent.invoke(TestInvoker.java:957)
 org.testng.internal.invokers.TestInvoker.invokeTestMethods(TestInvoker.java:200)
 org.testng.internal.invokers.TestMethodWorker.invokeTestMethods(TestMethodWorker.java:148)
 org.testng.internal.invokers.TestMethodWorker.run(TestMethodWorker.java:128)
 java.base/java.util.concurrent.ThreadPoolExecutor.runWorker(ThreadPoolExecutor.java:1144)
 java.base/java.util.concurrent.ThreadPoolExecutor$Worker.run(ThreadPoolExecutor.java:642)
 java.base/java.lang.Thread.run(Thread.java:1623) @22-10-2023 21:38:46.0199 PM
[ReportManager] Attempting to getAttribute "class" from elementLocator "By.xpath: (//div[contains(@class,'py-1 px-2')])[2]". @22-10-2023 21:38:46.0241 PM
[ReportManager] Get attribute "py-1 px-2 md:py-2 md:px-4 text-callout border-e w-1/3 sm:w-auto text-center bg-gray-100 bg-primary-300 text-white md:font-bold cursor-pointer" from "By.xpath: (//div[contains(@class,'py-1 px-2')])[2]". @22-10-2023 21:38:46.0732 PM
[ReportManager] Successfully created attachment 'Screenshot - 1697999926649_runScenario_Get attribute_passed' @22-10-2023 21:38:46.0734 PM
[ReportManager] Expected "bg-primary-300 text-white md:font-bold", and actual "py-1 px-2 md:py-2 md:px-4 text-callout border-e w-1/3 sm:w-auto text-center bg-gray-100 bg-primary-300 text-white md:font-bold cursor-pointer" @22-10-2023 21:38:46.0734 PM
[ReportManager] Assertion "ValidateElementAttribute" PASSED. Expected "Value Should be 'bg-primary-300 text-white md:font-bold' for the 'class' attribute, element locator 'By.xpath: (//div[contains(@class,'py-1 px-2')])[2]'" and Actual "py-1 px-2 md:py-2 md:px-4 text-callout border-e w-1/3 sm:w-auto text-center bg-gray-100 bg-primary-300 text-white md:font-bold cursor-pointer". Comparison Type "CONTAINS". Validation Type "POSITIVE". @22-10-2023 21:38:47.0168 PM
[ReportManager] Assertion Passed: The Element located by "By.xpath: (//div[contains(@class,'py-1 px-2')])[2]" attribute "class" contains "bg-primary-300 text-white md:font-bold". @22-10-2023 21:38:47.0169 PM
[ReportManager] Successfully created attachment 'Screenshot - 1697999927083_runScenario_ValidateElementAttribute_passed' @22-10-2023 21:38:47.0171 PM
[ReportManager] Get text "2023-10-16 - 2023-10-22" from "By.xpath: (//button[contains(@class,'btn btn-white')]//span)[1]". @22-10-2023 21:38:47.0707 PM
[ReportManager] Successfully created attachment 'Screenshot - 1697999927619_runScenario_Get text_passed' @22-10-2023 21:38:47.0709 PM
[ReportManager] Scenario Step: And Click Compare Toggle @22-10-2023 21:38:47.0710 PM
[ReportManager] Attempting to getAttribute "hidden" from elementLocator "By.xpath: (//div[contains(@class,'datetime-picker inline')]//button)[1]". @22-10-2023 21:38:47.0744 PM
[ReportManager] Get attribute from "2023-10-16 - 2023-10-22 calendar_today". @22-10-2023 21:38:48.0232 PM
[ReportManager] Successfully created attachment 'Screenshot - 1697999928146_runScenario_Get attribute_passed' @22-10-2023 21:38:48.0234 PM
[ReportManager] Expected "null", and actual "null" @22-10-2023 21:38:48.0234 PM
[ReportManager] Assertion "ValidateElementAttribute" PASSED. Expected "Value Should be 'null' for the 'hidden' attribute, element locator 'By.xpath: (//div[contains(@class,'datetime-picker inline')]//button)[1]'" and Actual "null". Comparison Type "EQUALS". Validation Type "POSITIVE". @22-10-2023 21:38:48.0683 PM
[ReportManager] Assertion Passed: The Element located by "By.xpath: (//div[contains(@class,'datetime-picker inline')]//button)[1]" is visible, hidden attribute is equal to "null". @22-10-2023 21:38:48.0684 PM
[ReportManager] Successfully created attachment 'Screenshot - 1697999928607_runScenario_ValidateElementAttribute_passed' @22-10-2023 21:38:48.0686 PM
[ReportManager] Attempting to getAttribute "hidden" from elementLocator "By.className: toggle__handler". @22-10-2023 21:38:48.0713 PM
[ReportManager] Get attribute from "By.className: toggle__handler". @22-10-2023 21:38:49.0136 PM
[ReportManager] Successfully created attachment 'Screenshot - 1697999929063_runScenario_Get attribute_passed' @22-10-2023 21:38:49.0138 PM
[ReportManager] Expected "null", and actual "null" @22-10-2023 21:38:49.0138 PM
[ReportManager] Assertion "ValidateElementAttribute" PASSED. Expected "Value Should be 'null' for the 'hidden' attribute, element locator 'By.className: toggle__handler'" and Actual "null". Comparison Type "EQUALS". Validation Type "POSITIVE". @22-10-2023 21:38:49.0525 PM
[ReportManager] Assertion Passed: The Element located by "By.className: toggle__handler" is visible, hidden attribute is equal to "null". @22-10-2023 21:38:49.0526 PM
[ReportManager] Successfully created attachment 'Screenshot - 1697999929446_runScenario_ValidateElementAttribute_passed' @22-10-2023 21:38:49.0527 PM
[ReportManager] Click element. @22-10-2023 21:38:49.0589 PM
[ReportManager] Is displayed action failed. @22-10-2023 21:38:54.0038 PM
[ReportManager] Successfully created attachment 'Screenshot - 1697999934193_runScenario_isDisplayed_failed' @22-10-2023 21:38:54.0298 PM
[ReportManager] java.lang.reflect.InvocationTargetException: null
 java.base/jdk.internal.reflect.DirectMethodHandleAccessor.invoke(DirectMethodHandleAccessor.java:119)
 java.base/java.lang.reflect.Method.invoke(Method.java:578)
 org.openqa.selenium.support.decorators.WebDriverDecorator.call(WebDriverDecorator.java:249)
 org.openqa.selenium.support.decorators.DefaultDecorated.call(DefaultDecorated.java:48)
 org.openqa.selenium.support.decorators.WebDriverDecorator.lambda$createProxy$2(WebDriverDecorator.java:321)
 net.bytebuddy.renamed.java.lang.Object$ByteBuddy$Ht8mLAYQ.isDisplayed(Unknown Source)
 org.openqa.selenium.support.ui.ExpectedConditions.isInvisible(ExpectedConditions.java:1374)
 org.openqa.selenium.support.ui.ExpectedConditions.access$200(ExpectedConditions.java:37)
 org.openqa.selenium.support.ui.ExpectedConditions$48.apply(ExpectedConditions.java:1362)
 org.openqa.selenium.support.ui.ExpectedConditions$48.apply(ExpectedConditions.java:1358)
 org.openqa.selenium.support.ui.FluentWait.until(FluentWait.java:205)
 utils.Wait.waitInVisibilityOfProgressBar(Wait.java:65)
 pages.EnhancedDashboardPage.clickOnCompareToggle(EnhancedDashboardPage.java:90)
 steps.TC65_DashboardDateComparison.clickCompareToggle(TC65_DashboardDateComparison.java:80)
 java.base/jdk.internal.reflect.DirectMethodHandleAccessor.invoke(DirectMethodHandleAccessor.java:104)
 java.base/java.lang.reflect.Method.invoke(Method.java:578)
 io.cucumber.java.Invoker.doInvoke(Invoker.java:66)
 io.cucumber.java.Invoker.invoke(Invoker.java:24)
 io.cucumber.java.AbstractGlueDefinition.invokeMethod(AbstractGlueDefinition.java:47)
 io.cucumber.java.JavaStepDefinition.execute(JavaStepDefinition.java:29)
 io.cucumber.core.runner.CoreStepDefinition.execute(CoreStepDefinition.java:66)
 io.cucumber.core.runner.PickleStepDefinitionMatch.runStep(PickleStepDefinitionMatch.java:63)
 io.cucumber.core.runner.ExecutionMode$1.execute(ExecutionMode.java:10)
 io.cucumber.core.runner.TestStep.executeStep(TestStep.java:84)
 io.cucumber.core.runner.TestStep.run(TestStep.java:56)
 io.cucumber.core.runner.PickleStepTestStep.run(PickleStepTestStep.java:51)
 io.cucumber.core.runner.TestCase.run(TestCase.java:84)
 io.cucumber.core.runner.Runner.runPickle(Runner.java:75)
 io.cucumber.testng.TestNGCucumberRunner.lambda$runScenario$1(TestNGCucumberRunner.java:132)
 io.cucumber.core.runtime.CucumberExecutionContext.lambda$runTestCase$5(CucumberExecutionContext.java:137)
 io.cucumber.core.runtime.RethrowingThrowableCollector.executeAndThrow(RethrowingThrowableCollector.java:23)
 io.cucumber.core.runtime.CucumberExecutionContext.runTestCase(CucumberExecutionContext.java:137)
 io.cucumber.testng.TestNGCucumberRunner.runScenario(TestNGCucumberRunner.java:129)
 io.cucumber.testng.AbstractTestNGCucumberTests.runScenario(AbstractTestNGCucumberTests.java:35)
 java.base/jdk.internal.reflect.DirectMethodHandleAccessor.invoke(DirectMethodHandleAccessor.java:104)
 java.base/java.lang.reflect.Method.invoke(Method.java:578)
 org.testng.internal.invokers.MethodInvocationHelper.invokeMethod(MethodInvocationHelper.java:139)
 org.testng.internal.invokers.TestInvoker.invokeMethod(TestInvoker.java:664)
 org.testng.internal.invokers.TestInvoker.invokeTestMethod(TestInvoker.java:227)
 org.testng.internal.invokers.MethodRunner.runInSequence(MethodRunner.java:50)
 org.testng.internal.invokers.TestInvoker$MethodInvocationAgent.invoke(TestInvoker.java:957)
 org.testng.internal.invokers.TestInvoker.invokeTestMethods(TestInvoker.java:200)
 org.testng.internal.invokers.TestMethodWorker.invokeTestMethods(TestMethodWorker.java:148)
 org.testng.internal.invokers.TestMethodWorker.run(TestMethodWorker.java:128)
 java.base/java.util.concurrent.ThreadPoolExecutor.runWorker(ThreadPoolExecutor.java:1144)
 java.base/java.util.concurrent.ThreadPoolExecutor$Worker.run(ThreadPoolExecutor.java:642)
 java.base/java.lang.Thread.run(Thread.java:1623)

Caused by: org.openqa.selenium.StaleElementReferenceException: stale element reference: stale element not found
  (Session info: chrome=118.0.5993.89)
For documentation on this error, please visit: https://www.selenium.dev/documentation/webdriver/troubleshooting/errors#stale-element-reference-exception
Build info: version: '4.13.0', revision: 'ba948ece5b*'
System info: os.name: 'Windows 11', os.arch: 'amd64', os.version: '10.0', java.version: '20.0.2'
Driver info: org.openqa.selenium.chrome.ChromeDriver
Command: [13d9ef67868b07bbc754856f2cad641b, isElementDisplayed {id=5DCF5DEF2303851E4BBAE36902731CE5_element_72}]
Capabilities {acceptInsecureCerts: true, browserName: chrome, browserVersion: 118.0.5993.89, chrome: {chromedriverVersion: 118.0.5993.70 (e52f33f30b91..., userDataDir: C:\Users\Foodics\AppData\Lo...}, fedcm:accounts: true, goog:chromeOptions: {debuggerAddress: localhost:51564}, networkConnectionEnabled: false, pageLoadStrategy: none, platformName: windows, proxy: Proxy(), se:cdp: ws://localhost:51564/devtoo..., se:cdpVersion: 118.0.5993.89, setWindowRect: true, strictFileInteractability: false, timeouts: {implicit: 0, pageLoad: 30000, script: 30000}, unhandledPromptBehavior: ignore, webSocketUrl: ws://localhost:12259/sessio..., webauthn:extension:credBlob: true, webauthn:extension:largeBlob: true, webauthn:extension:minPinLength: true, webauthn:extension:prf: true, webauthn:virtualAuthenticators: true}
Element: [[ChromeDriver: chrome on windows (13d9ef67868b07bbc754856f2cad641b)] -> xpath: //*[@id="nprogress"]/div[1]]
Session ID: 13d9ef67868b07bbc754856f2cad641b
 java.base/jdk.internal.reflect.DirectConstructorHandleAccessor.newInstance(DirectConstructorHandleAccessor.java:67)
 java.base/java.lang.reflect.Constructor.newInstanceWithCaller(Constructor.java:500)
 java.base/java.lang.reflect.Constructor.newInstance(Constructor.java:484)
 org.openqa.selenium.remote.codec.w3c.W3CHttpResponseCodec.createException(W3CHttpResponseCodec.java:200)
 org.openqa.selenium.remote.codec.w3c.W3CHttpResponseCodec.decode(W3CHttpResponseCodec.java:133)
 org.openqa.selenium.remote.codec.w3c.W3CHttpResponseCodec.decode(W3CHttpResponseCodec.java:52)
 org.openqa.selenium.remote.HttpCommandExecutor.execute(HttpCommandExecutor.java:191)
 org.openqa.selenium.remote.service.DriverCommandExecutor.invokeExecute(DriverCommandExecutor.java:196)
 org.openqa.selenium.remote.service.DriverCommandExecutor.execute(DriverCommandExecutor.java:171)
 org.openqa.selenium.remote.RemoteWebDriver.execute(RemoteWebDriver.java:602)
 org.openqa.selenium.remote.RemoteWebElement.execute(RemoteWebElement.java:224)
 org.openqa.selenium.remote.RemoteWebElement.isDisplayed(RemoteWebElement.java:283)
 java.base/jdk.internal.reflect.DirectMethodHandleAccessor.invoke(DirectMethodHandleAccessor.java:104)
 java.base/java.lang.reflect.Method.invoke(Method.java:578)
 org.openqa.selenium.support.decorators.WebDriverDecorator.call(WebDriverDecorator.java:249)
 org.openqa.selenium.support.decorators.DefaultDecorated.call(DefaultDecorated.java:48)
 org.openqa.selenium.support.decorators.WebDriverDecorator.lambda$createProxy$2(WebDriverDecorator.java:321)
 net.bytebuddy.renamed.java.lang.Object$ByteBuddy$Ht8mLAYQ.isDisplayed(Unknown Source)
 org.openqa.selenium.support.ui.ExpectedConditions.isInvisible(ExpectedConditions.java:1374)
 org.openqa.selenium.support.ui.ExpectedConditions.access$200(ExpectedConditions.java:37)
 org.openqa.selenium.support.ui.ExpectedConditions$48.apply(ExpectedConditions.java:1362)
 org.openqa.selenium.support.ui.ExpectedConditions$48.apply(ExpectedConditions.java:1358)
 org.openqa.selenium.support.ui.FluentWait.until(FluentWait.java:205)
 utils.Wait.waitInVisibilityOfProgressBar(Wait.java:65)
 pages.EnhancedDashboardPage.clickOnCompareToggle(EnhancedDashboardPage.java:90)
 steps.TC65_DashboardDateComparison.clickCompareToggle(TC65_DashboardDateComparison.java:80)
 java.base/jdk.internal.reflect.DirectMethodHandleAccessor.invoke(DirectMethodHandleAccessor.java:104)
 java.base/java.lang.reflect.Method.invoke(Method.java:578)
 io.cucumber.java.Invoker.doInvoke(Invoker.java:66)
 io.cucumber.java.Invoker.invoke(Invoker.java:24)
 io.cucumber.java.AbstractGlueDefinition.invokeMethod(AbstractGlueDefinition.java:47)
 io.cucumber.java.JavaStepDefinition.execute(JavaStepDefinition.java:29)
 io.cucumber.core.runner.CoreStepDefinition.execute(CoreStepDefinition.java:66)
 io.cucumber.core.runner.PickleStepDefinitionMatch.runStep(PickleStepDefinitionMatch.java:63)
 io.cucumber.core.runner.ExecutionMode$1.execute(ExecutionMode.java:10)
 io.cucumber.core.runner.TestStep.executeStep(TestStep.java:84)
 io.cucumber.core.runner.TestStep.run(TestStep.java:56)
 io.cucumber.core.runner.PickleStepTestStep.run(PickleStepTestStep.java:51)
 io.cucumber.core.runner.TestCase.run(TestCase.java:84)
 io.cucumber.core.runner.Runner.runPickle(Runner.java:75)
 io.cucumber.testng.TestNGCucumberRunner.lambda$runScenario$1(TestNGCucumberRunner.java:132)
 io.cucumber.core.runtime.CucumberExecutionContext.lambda$runTestCase$5(CucumberExecutionContext.java:137)
 io.cucumber.core.runtime.RethrowingThrowableCollector.executeAndThrow(RethrowingThrowableCollector.java:23)
 io.cucumber.core.runtime.CucumberExecutionContext.runTestCase(CucumberExecutionContext.java:137)
 io.cucumber.testng.TestNGCucumberRunner.runScenario(TestNGCucumberRunner.java:129)
 io.cucumber.testng.AbstractTestNGCucumberTests.runScenario(AbstractTestNGCucumberTests.java:35)
 java.base/jdk.internal.reflect.DirectMethodHandleAccessor.invoke(DirectMethodHandleAccessor.java:104)
 java.base/java.lang.reflect.Method.invoke(Method.java:578)
 org.testng.internal.invokers.MethodInvocationHelper.invokeMethod(MethodInvocationHelper.java:139)
 org.testng.internal.invokers.TestInvoker.invokeMethod(TestInvoker.java:664)
 org.testng.internal.invokers.TestInvoker.invokeTestMethod(TestInvoker.java:227)
 org.testng.internal.invokers.MethodRunner.runInSequence(MethodRunner.java:50)
 org.testng.internal.invokers.TestInvoker$MethodInvocationAgent.invoke(TestInvoker.java:957)
 org.testng.internal.invokers.TestInvoker.invokeTestMethods(TestInvoker.java:200)
 org.testng.internal.invokers.TestMethodWorker.invokeTestMethods(TestMethodWorker.java:148)
 org.testng.internal.invokers.TestMethodWorker.run(TestMethodWorker.java:128)
 java.base/java.util.concurrent.ThreadPoolExecutor.runWorker(ThreadPoolExecutor.java:1144)
 java.base/java.util.concurrent.ThreadPoolExecutor$Worker.run(ThreadPoolExecutor.java:642)
 java.base/java.lang.Thread.run(Thread.java:1623) @22-10-2023 21:38:54.0298 PM
[ReportManager] Get text "2023-10-16 - 2023-10-22" from "By.xpath: (//button[contains(@class,'btn btn-white')]//span)[1]". @22-10-2023 21:38:54.0782 PM
[ReportManager] Successfully created attachment 'Screenshot - 1697999934677_runScenario_Get text_passed' @22-10-2023 21:38:54.0784 PM
[ReportManager] Scenario Step: Then Compare Toggle is switched on and Comparison Date is displayed @22-10-2023 21:38:54.0790 PM
[ReportManager] Attempting to getAttribute "class" from elementLocator "By.tagName: label". @22-10-2023 21:38:54.0816 PM
[ReportManager] Get attribute "toggle isChecked" from "By.tagName: label". @22-10-2023 21:38:55.0224 PM
[ReportManager] Successfully created attachment 'Screenshot - 1697999935143_runScenario_Get attribute_passed' @22-10-2023 21:38:55.0225 PM
[ReportManager] Expected "toggle isChecked", and actual "toggle isChecked" @22-10-2023 21:38:55.0225 PM
[ReportManager] Assertion "ValidateElementAttribute" PASSED. Expected "Value Should be 'toggle isChecked' for the 'class' attribute, element locator 'By.tagName: label'" and Actual "toggle isChecked". Comparison Type "EQUALS". Validation Type "POSITIVE". @22-10-2023 21:38:55.0625 PM
[ReportManager] Assertion Passed: The Element located by "By.tagName: label" attribute "class" is equal to "toggle isChecked". @22-10-2023 21:38:55.0626 PM
[ReportManager] Successfully created attachment 'Screenshot - 1697999935544_runScenario_ValidateElementAttribute_passed' @22-10-2023 21:38:55.0627 PM
[ReportManager] Attempting to getAttribute "hidden" from elementLocator "By.xpath: (//div[contains(@class,'datetime-picker inline')]//button)[2]". @22-10-2023 21:38:55.0652 PM
[ReportManager] Get attribute from "2023-10-09 - 2023-10-15 calendar_today". @22-10-2023 21:38:56.0086 PM
[ReportManager] Successfully created attachment 'Screenshot - 1697999936001_runScenario_Get attribute_passed' @22-10-2023 21:38:56.0087 PM
[ReportManager] Expected "null", and actual "null" @22-10-2023 21:38:56.0088 PM
[ReportManager] Assertion "ValidateElementAttribute" PASSED. Expected "Value Should be 'null' for the 'hidden' attribute, element locator 'By.xpath: (//div[contains(@class,'datetime-picker inline')]//button)[2]'" and Actual "null". Comparison Type "EQUALS". Validation Type "POSITIVE". @22-10-2023 21:38:56.0476 PM
[ReportManager] Assertion Passed: The Element located by "By.xpath: (//div[contains(@class,'datetime-picker inline')]//button)[2]" is visible, hidden attribute is equal to "null". @22-10-2023 21:38:56.0476 PM
[ReportManager] Successfully created attachment 'Screenshot - 1697999936390_runScenario_ValidateElementAttribute_passed' @22-10-2023 21:38:56.0477 PM
[ReportManager] Scenario Step: And All charts are fully loaded @22-10-2023 21:38:56.0478 PM
[ReportManager] Expected condition failed: waiting for com.shaft.gui.element.internal.ElementActionsHelper$$Lambda$1164/0x0000018b81646680@2a98541f (tried for 30 second(s) with 100 milliseconds interval) || no such element: Unable to locate element: {"method":"xpath","selector":"//div[contains(@class,'inset-0 absolute')]"} @22-10-2023 21:39:26.0549 PM
[ReportManager] Assertion "ValidateElementExists" PASSED. Expected "Element Should not Exist, locator 'By.xpath: //div[contains(@class,'inset-0 absolute')]'" and Actual "Element Doesn't Exists". Comparison Type "EQUALS". Validation Type "NEGATIVE". @22-10-2023 21:39:26.0803 PM
[ReportManager] Assertion Passed: The Element located by "By.xpath: //div[contains(@class,'inset-0 absolute')]" does not exist. @22-10-2023 21:39:26.0804 PM
[ReportManager] Successfully created attachment 'Screenshot - 1697999966704_runScenario_ValidateElementExists_passed' @22-10-2023 21:39:26.0804 PM
[ReportManager] Scenario Hook: AFTER @22-10-2023 21:39:26.0805 PM
[ReportManager] Successfully Closed Driver. @22-10-2023 21:39:27.0128 PM