[ReportManager] File Action "DoesFileExist" successfully performed. With the following test data "File Path: "/D:/test/piplineDemo/src/test/resources/features/TC65_DashboardDateComparison.feature"". @22-10-2023 21:36:43.0175 PM
[ReportManager] File Action "GetAbsolutePath" successfully performed. With the following test data "Relative Folder Path: "/D:/test/piplineDemo/src/test/resources/features/TC65_DashboardDateComparison.feature"". @22-10-2023 21:36:43.0176 PM
[ReportManager] File Action "ReadFile" successfully performed. With the following test data "File Path: "D:\test\piplineDemo\src\test\resources\features\TC65_DashboardDateComparison.feature"". @22-10-2023 21:36:43.0177 PM

[0;7m------------------------------------------------------------------------------------------------------------------------------------------------
                                   Starting Execution: "1 out of 3" scenarios in the "Date Comparison" feature                                   
        Scenario Outline Name: "Verify that compare toggle can be switched on successfully in all views and all charts are fully loaded"        
                                                             Scenario Outline Steps:                                                             
                                Given User is logged in with "mahmoud227572" credentials and in console home page                                
                                                    When Click Try our new enhanced dashboard                                                    
                                                              And Click "Day" view                                                              
                                                            And Click Compare Toggle                                                            
                                       Then Compare Toggle is switched on and Comparison Date is displayed                                       
                                                         And All charts are fully loaded                                                         
------------------------------------------------------------------------------------------------------------------------------------------------
[0m
[ReportManager] Scenario Hook: BEFORE @22-10-2023 21:36:43.0216 PM
[ReportManager] Setting "targetOperatingSystem" property with "windows". @22-10-2023 21:36:43.0236 PM
[ReportManager] Capabilities {acceptInsecureCerts: true, browserName: chrome, goog:chromeOptions: {args: [--start-maximized, --remote-allow-origins=*, --enable-automation, --disable-background-timer-..., --disable-backgrounding-occ..., --disable-features=Calculat..., --disable-hang-monitor, --disable-domain-reliability, --disable-renderer-backgrou..., --disable-features=Autofill..., --metrics-recording-only, --no-first-run, --no-default-browser-check, --silent-debugger-extension..., --disable-extensions, --disable-component-extensi..., --disable-dev-shm-usage, --disable-features=MediaRouter, --disable-features=Translate, --disable-ipc-flooding-prot..., --disable-background-networ..., --mute-audio, --disable-breakpad, --ignore-certificate-errors, --disable-device-discovery-..., --force-color-profile=srgb, --hide-scrollbars, --host-resolver-rules, --no-pings, --disable-features=AvoidUnn..., --disable-features=Certific..., --disable-sync, --disable-features=Optimiza..., --disable-features=DialMedi..., --disable-features=GlobalMe..., --disable-features=Improved..., --disable-features=LazyFram..., --disable-field-trial-config, --enable-features=NetworkSe..., --enable-features=NetworkSe..., --enable-use-zoom-for-dsf, --log-net-log, --net-log-capture-mode, --disable-client-side-phish..., --disable-default-apps, --disable-features=Interest...], extensions: [], prefs: {download.default_directory: D:\test\piplineDemo\target\..., download.prompt_for_download: false, profile.default_content_settings.popups: 0}}, pageLoadStrategy: none, timeouts: {pageLoad: 30000, script: 30000}, unhandledPromptBehavior: ignore, webSocketUrl: true} @22-10-2023 21:36:43.0250 PM
[ReportManager] Attempting to run locally on: "windows | Chrome". @22-10-2023 21:36:43.0251 PM
[ReportManager] Identifying OS/Driver combination. Please note that if a new browser/driver executable will be downloaded it may take some time depending on your connection... @22-10-2023 21:36:43.0252 PM
[ReportManager] Successfully Opened: "windows | Chrome". @22-10-2023 21:36:46.0743 PM
[ReportManager] Target URL: "https://console.foodics.dev/" @22-10-2023 21:36:46.0783 PM
[ReportManager] Initial URL: "about:blank" @22-10-2023 21:36:46.0807 PM
[ReportManager] Navigate to url "https://console.foodics.dev/". @22-10-2023 21:36:50.0292 PM
[ReportManager] Successfully created attachment 'Screenshot - 1697999809508_runScenario_Navigate to url_passed' @22-10-2023 21:36:50.0293 PM
[ReportManager] Scenario Step: Given User is logged in with "mahmoud227572" credentials and in console home page @22-10-2023 21:36:50.0296 PM
[ReportManager] Type "mahmoud.ahmed@foodics.com" into "Enter your email". @22-10-2023 21:36:51.0334 PM
[ReportManager] Successfully created attachment 'Screenshot - 1697999811213_runScenario_Type_passed' @22-10-2023 21:36:51.0334 PM
[ReportManager] Click element. @22-10-2023 21:36:52.0098 PM
[ReportManager] Type "F1z0@mahmoudal12911" into "By.name: Passwd". @22-10-2023 21:36:54.0527 PM
[ReportManager] Successfully created attachment 'Screenshot - 1697999814462_runScenario_Type_passed' @22-10-2023 21:36:54.0528 PM
[ReportManager] Click element. @22-10-2023 21:36:54.0625 PM
[ReportManager] Type "227572" into "123456". @22-10-2023 21:37:01.0833 PM
[ReportManager] Successfully created attachment 'Screenshot - 1697999821767_runScenario_Type_passed' @22-10-2023 21:37:01.0833 PM
[ReportManager] Type "mahmoud.ahmed@foodics.com" into "address@foodics.com". @22-10-2023 21:37:03.0468 PM
[ReportManager] Successfully created attachment 'Screenshot - 1697999823405_runScenario_Type_passed' @22-10-2023 21:37:03.0468 PM
[ReportManager] Type "F1z0@mahmoudal12911" into "By.name: password". @22-10-2023 21:37:03.0996 PM
[ReportManager] Successfully created attachment 'Screenshot - 1697999823934_runScenario_Type_passed' @22-10-2023 21:37:03.0996 PM
[ReportManager] Click "Log In". @22-10-2023 21:37:04.0090 PM
[ReportManager] Expected condition failed: waiting for com.shaft.listeners.internal.WebDriverListener$$Lambda$1181/0x0000018b817093a8@4ebb6ea9 (tried for 0 second(s) with 100 milliseconds interval) || no such element: Unable to locate element: {"method":"xpath","selector":"//*[@id="nprogress"]/div[1]"} @22-10-2023 21:37:06.0669 PM
[ReportManager] Find element action failed. @22-10-2023 21:37:06.0691 PM
[ReportManager] Successfully created attachment 'Screenshot - 1697999827346_runScenario_findElement_failed' @22-10-2023 21:37:07.0448 PM
[ReportManager] java.lang.reflect.InvocationTargetException: null
 java.base/jdk.internal.reflect.DirectMethodHandleAccessor.invoke(DirectMethodHandleAccessor.java:119)
 java.base/java.lang.reflect.Method.invoke(Method.java:578)
 org.openqa.selenium.support.decorators.WebDriverDecorator.call(WebDriverDecorator.java:249)
 org.openqa.selenium.support.decorators.DefaultDecorated.call(DefaultDecorated.java:48)
 org.openqa.selenium.support.decorators.WebDriverDecorator.lambda$createProxy$2(WebDriverDecorator.java:321)
 net.bytebuddy.renamed.java.lang.Object$ByteBuddy$wvmCZTHo.findElement(Unknown Source)
 utils.Wait.waitInVisibilityOfProgressBar(Wait.java:65)
 pages.LoginPage.clickOnLoginButton(LoginPage.java:37)
 pages.LoginPage.loginToConsole(LoginPage.java:50)
 steps.TC65_DashboardDateComparison.userIsLoggedInToConsole(TC65_DashboardDateComparison.java:27)
 java.base/jdk.internal.reflect.DirectMethodHandleAccessor.invoke(DirectMethodHandleAccessor.java:104)
 java.base/java.lang.reflect.Method.invoke(Method.java:578)
 io.cucumber.java.Invoker.doInvoke(Invoker.java:66)
 io.cucumber.java.Invoker.invoke(Invoker.java:24)
 io.cucumber.java.AbstractGlueDefinition.invokeMethod(AbstractGlueDefinition.java:47)
 io.cucumber.java.JavaStepDefinition.execute(JavaStepDefinition.java:29)
 io.cucumber.core.runner.CoreStepDefinition.execute(CoreStepDefinition.java:66)
 io.cucumber.core.runner.PickleStepDefinitionMatch.runStep(PickleStepDefinitionMatch.java:63)
 io.cucumber.core.runner.ExecutionMode$1.execute(ExecutionMode.java:10)
 io.cucumber.core.runner.TestStep.executeStep(TestStep.java:84)
 io.cucumber.core.runner.TestStep.run(TestStep.java:56)
 io.cucumber.core.runner.PickleStepTestStep.run(PickleStepTestStep.java:51)
 io.cucumber.core.runner.TestCase.run(TestCase.java:84)
 io.cucumber.core.runner.Runner.runPickle(Runner.java:75)
 io.cucumber.testng.TestNGCucumberRunner.lambda$runScenario$1(TestNGCucumberRunner.java:132)
 io.cucumber.core.runtime.CucumberExecutionContext.lambda$runTestCase$5(CucumberExecutionContext.java:137)
 io.cucumber.core.runtime.RethrowingThrowableCollector.executeAndThrow(RethrowingThrowableCollector.java:23)
 io.cucumber.core.runtime.CucumberExecutionContext.runTestCase(CucumberExecutionContext.java:137)
 io.cucumber.testng.TestNGCucumberRunner.runScenario(TestNGCucumberRunner.java:129)
 io.cucumber.testng.AbstractTestNGCucumberTests.runScenario(AbstractTestNGCucumberTests.java:35)
 java.base/jdk.internal.reflect.DirectMethodHandleAccessor.invoke(DirectMethodHandleAccessor.java:104)
 java.base/java.lang.reflect.Method.invoke(Method.java:578)
 org.testng.internal.invokers.MethodInvocationHelper.invokeMethod(MethodInvocationHelper.java:139)
 org.testng.internal.invokers.TestInvoker.invokeMethod(TestInvoker.java:664)
 org.testng.internal.invokers.TestInvoker.invokeTestMethod(TestInvoker.java:227)
 org.testng.internal.invokers.MethodRunner.runInSequence(MethodRunner.java:50)
 org.testng.internal.invokers.TestInvoker$MethodInvocationAgent.invoke(TestInvoker.java:957)
 org.testng.internal.invokers.TestInvoker.invokeTestMethods(TestInvoker.java:200)
 org.testng.internal.invokers.TestMethodWorker.invokeTestMethods(TestMethodWorker.java:148)
 org.testng.internal.invokers.TestMethodWorker.run(TestMethodWorker.java:128)
 java.base/java.util.concurrent.ThreadPoolExecutor.runWorker(ThreadPoolExecutor.java:1144)
 java.base/java.util.concurrent.ThreadPoolExecutor$Worker.run(ThreadPoolExecutor.java:642)
 java.base/java.lang.Thread.run(Thread.java:1623)

Caused by: org.openqa.selenium.NoSuchElementException: no such element: Unable to locate element: {"method":"xpath","selector":"//*[@id="nprogress"]/div[1]"}
  (Session info: chrome=118.0.5993.89)
For documentation on this error, please visit: https://www.selenium.dev/documentation/webdriver/troubleshooting/errors#no-such-element-exception
Build info: version: '4.13.0', revision: 'ba948ece5b*'
System info: os.name: 'Windows 11', os.arch: 'amd64', os.version: '10.0', java.version: '20.0.2'
Driver info: org.openqa.selenium.chrome.ChromeDriver
Command: [475fb4526025a48afe75af34e8d3f655, findElement {using=xpath, value=//*[@id="nprogress"]/div[1]}]
Capabilities {acceptInsecureCerts: true, browserName: chrome, browserVersion: 118.0.5993.89, chrome: {chromedriverVersion: 118.0.5993.70 (e52f33f30b91..., userDataDir: C:\Users\Foodics\AppData\Lo...}, fedcm:accounts: true, goog:chromeOptions: {debuggerAddress: localhost:51194}, networkConnectionEnabled: false, pageLoadStrategy: none, platformName: windows, proxy: Proxy(), se:cdp: ws://localhost:51194/devtoo..., se:cdpVersion: 118.0.5993.89, setWindowRect: true, strictFileInteractability: false, timeouts: {implicit: 0, pageLoad: 30000, script: 30000}, unhandledPromptBehavior: ignore, webSocketUrl: ws://localhost:10802/sessio..., webauthn:extension:credBlob: true, webauthn:extension:largeBlob: true, webauthn:extension:minPinLength: true, webauthn:extension:prf: true, webauthn:virtualAuthenticators: true}
Session ID: 475fb4526025a48afe75af34e8d3f655
 java.base/jdk.internal.reflect.DirectConstructorHandleAccessor.newInstance(DirectConstructorHandleAccessor.java:67)
 java.base/java.lang.reflect.Constructor.newInstanceWithCaller(Constructor.java:500)
 java.base/java.lang.reflect.Constructor.newInstance(Constructor.java:484)
 org.openqa.selenium.remote.codec.w3c.W3CHttpResponseCodec.createException(W3CHttpResponseCodec.java:200)
 org.openqa.selenium.remote.codec.w3c.W3CHttpResponseCodec.decode(W3CHttpResponseCodec.java:133)
 org.openqa.selenium.remote.codec.w3c.W3CHttpResponseCodec.decode(W3CHttpResponseCodec.java:52)
 org.openqa.selenium.remote.HttpCommandExecutor.execute(HttpCommandExecutor.java:191)
 org.openqa.selenium.remote.service.DriverCommandExecutor.invokeExecute(DriverCommandExecutor.java:196)
 org.openqa.selenium.remote.service.DriverCommandExecutor.execute(DriverCommandExecutor.java:171)
 org.openqa.selenium.remote.RemoteWebDriver.execute(RemoteWebDriver.java:602)
 org.openqa.selenium.remote.ElementLocation$ElementFinder$2.findElement(ElementLocation.java:165)
 org.openqa.selenium.remote.ElementLocation.findElement(ElementLocation.java:59)
 org.openqa.selenium.remote.RemoteWebDriver.findElement(RemoteWebDriver.java:359)
 org.openqa.selenium.remote.RemoteWebDriver.findElement(RemoteWebDriver.java:353)
 java.base/jdk.internal.reflect.DirectMethodHandleAccessor.invoke(DirectMethodHandleAccessor.java:104)
 java.base/java.lang.reflect.Method.invoke(Method.java:578)
 org.openqa.selenium.support.decorators.WebDriverDecorator.call(WebDriverDecorator.java:249)
 org.openqa.selenium.support.decorators.DefaultDecorated.call(DefaultDecorated.java:48)
 org.openqa.selenium.support.decorators.WebDriverDecorator.lambda$createProxy$2(WebDriverDecorator.java:321)
 net.bytebuddy.renamed.java.lang.Object$ByteBuddy$wvmCZTHo.findElement(Unknown Source)
 utils.Wait.waitInVisibilityOfProgressBar(Wait.java:65)
 pages.LoginPage.clickOnLoginButton(LoginPage.java:37)
 pages.LoginPage.loginToConsole(LoginPage.java:50)
 steps.TC65_DashboardDateComparison.userIsLoggedInToConsole(TC65_DashboardDateComparison.java:27)
 java.base/jdk.internal.reflect.DirectMethodHandleAccessor.invoke(DirectMethodHandleAccessor.java:104)
 java.base/java.lang.reflect.Method.invoke(Method.java:578)
 io.cucumber.java.Invoker.doInvoke(Invoker.java:66)
 io.cucumber.java.Invoker.invoke(Invoker.java:24)
 io.cucumber.java.AbstractGlueDefinition.invokeMethod(AbstractGlueDefinition.java:47)
 io.cucumber.java.JavaStepDefinition.execute(JavaStepDefinition.java:29)
 io.cucumber.core.runner.CoreStepDefinition.execute(CoreStepDefinition.java:66)
 io.cucumber.core.runner.PickleStepDefinitionMatch.runStep(PickleStepDefinitionMatch.java:63)
 io.cucumber.core.runner.ExecutionMode$1.execute(ExecutionMode.java:10)
 io.cucumber.core.runner.TestStep.executeStep(TestStep.java:84)
 io.cucumber.core.runner.TestStep.run(TestStep.java:56)
 io.cucumber.core.runner.PickleStepTestStep.run(PickleStepTestStep.java:51)
 io.cucumber.core.runner.TestCase.run(TestCase.java:84)
 io.cucumber.core.runner.Runner.runPickle(Runner.java:75)
 io.cucumber.testng.TestNGCucumberRunner.lambda$runScenario$1(TestNGCucumberRunner.java:132)
 io.cucumber.core.runtime.CucumberExecutionContext.lambda$runTestCase$5(CucumberExecutionContext.java:137)
 io.cucumber.core.runtime.RethrowingThrowableCollector.executeAndThrow(RethrowingThrowableCollector.java:23)
 io.cucumber.core.runtime.CucumberExecutionContext.runTestCase(CucumberExecutionContext.java:137)
 io.cucumber.testng.TestNGCucumberRunner.runScenario(TestNGCucumberRunner.java:129)
 io.cucumber.testng.AbstractTestNGCucumberTests.runScenario(AbstractTestNGCucumberTests.java:35)
 java.base/jdk.internal.reflect.DirectMethodHandleAccessor.invoke(DirectMethodHandleAccessor.java:104)
 java.base/java.lang.reflect.Method.invoke(Method.java:578)
 org.testng.internal.invokers.MethodInvocationHelper.invokeMethod(MethodInvocationHelper.java:139)
 org.testng.internal.invokers.TestInvoker.invokeMethod(TestInvoker.java:664)
 org.testng.internal.invokers.TestInvoker.invokeTestMethod(TestInvoker.java:227)
 org.testng.internal.invokers.MethodRunner.runInSequence(MethodRunner.java:50)
 org.testng.internal.invokers.TestInvoker$MethodInvocationAgent.invoke(TestInvoker.java:957)
 org.testng.internal.invokers.TestInvoker.invokeTestMethods(TestInvoker.java:200)
 org.testng.internal.invokers.TestMethodWorker.invokeTestMethods(TestMethodWorker.java:148)
 org.testng.internal.invokers.TestMethodWorker.run(TestMethodWorker.java:128)
 java.base/java.util.concurrent.ThreadPoolExecutor.runWorker(ThreadPoolExecutor.java:1144)
 java.base/java.util.concurrent.ThreadPoolExecutor$Worker.run(ThreadPoolExecutor.java:642)
 java.base/java.lang.Thread.run(Thread.java:1623) @22-10-2023 21:37:07.0448 PM
[ReportManager] Attempting to getAttribute "hidden" from elementLocator "By.id: sidebar_dashboard". @22-10-2023 21:37:17.0481 PM
[ReportManager] Get attribute from "dashboard Dashboard". @22-10-2023 21:37:17.0916 PM
[ReportManager] Successfully created attachment 'Screenshot - 1697999837841_runScenario_Get attribute_passed' @22-10-2023 21:37:17.0916 PM
[ReportManager] Expected "null", and actual "null" @22-10-2023 21:37:17.0916 PM
[ReportManager] Assertion "ValidateElementAttribute" PASSED. Expected "Value Should be 'null' for the 'hidden' attribute, element locator 'By.id: sidebar_dashboard'" and Actual "null". Comparison Type "EQUALS". Validation Type "POSITIVE". @22-10-2023 21:37:18.0321 PM
[ReportManager] Assertion Passed: The Element located by "By.id: sidebar_dashboard" is visible, hidden attribute is equal to "null". @22-10-2023 21:37:18.0326 PM
[ReportManager] Successfully created attachment 'Screenshot - 1697999838239_runScenario_ValidateElementAttribute_passed' @22-10-2023 21:37:18.0326 PM
[ReportManager] Get current url "https://console.foodics.dev/dashboard". @22-10-2023 21:37:18.0621 PM
[ReportManager] Successfully created attachment 'Screenshot - 1697999838516_runScenario_Get current url_passed' @22-10-2023 21:37:18.0621 PM
[ReportManager] Expected "https://console.foodics.dev/dashboard", and actual "https://console.foodics.dev/dashboard" @22-10-2023 21:37:18.0621 PM
[ReportManager] Assertion "ValidateBrowserAttribute" PASSED. Expected "Value Should be 'https://console.foodics.dev/dashboard' for the 'currenturl' attribute" and Actual "https://console.foodics.dev/dashboard". Comparison Type "EQUALS". Validation Type "POSITIVE". @22-10-2023 21:37:18.0882 PM
[ReportManager] Assertion Passed: The Browser URL is equal to "https://console.foodics.dev/dashboard". @22-10-2023 21:37:18.0882 PM
[ReportManager] Successfully created attachment 'Screenshot - 1697999838780_runScenario_ValidateBrowserAttribute_passed' @22-10-2023 21:37:18.0882 PM
[ReportManager] Scenario Step: When Click Try our new enhanced dashboard @22-10-2023 21:37:18.0886 PM
[ReportManager] Expected condition failed: waiting for com.shaft.listeners.internal.WebDriverListener$$Lambda$1181/0x0000018b817093a8@69c932f0 (tried for 0 second(s) with 100 milliseconds interval) || no such element: Unable to locate element: {"method":"xpath","selector":"//*[@id="nprogress"]/div[1]"} @22-10-2023 21:37:19.0066 PM
[ReportManager] Find element action failed. @22-10-2023 21:37:19.0089 PM
[ReportManager] Successfully created attachment 'Screenshot - 1697999839226_runScenario_findElement_failed' @22-10-2023 21:37:19.0336 PM
[ReportManager] java.lang.reflect.InvocationTargetException: null
 java.base/jdk.internal.reflect.DirectMethodHandleAccessor.invoke(DirectMethodHandleAccessor.java:119)
 java.base/java.lang.reflect.Method.invoke(Method.java:578)
 org.openqa.selenium.support.decorators.WebDriverDecorator.call(WebDriverDecorator.java:249)
 org.openqa.selenium.support.decorators.DefaultDecorated.call(DefaultDecorated.java:48)
 org.openqa.selenium.support.decorators.WebDriverDecorator.lambda$createProxy$2(WebDriverDecorator.java:321)
 net.bytebuddy.renamed.java.lang.Object$ByteBuddy$LGkE0NMh.findElement(Unknown Source)
 utils.Wait.waitInVisibilityOfProgressBar(Wait.java:65)
 pages.DashboardPage.clickOnTryEnhancedDashboardLink(DashboardPage.java:36)
 steps.TC65_DashboardDateComparison.tryNewEnhancedDashboard(TC65_DashboardDateComparison.java:42)
 java.base/jdk.internal.reflect.DirectMethodHandleAccessor.invoke(DirectMethodHandleAccessor.java:104)
 java.base/java.lang.reflect.Method.invoke(Method.java:578)
 io.cucumber.java.Invoker.doInvoke(Invoker.java:66)
 io.cucumber.java.Invoker.invoke(Invoker.java:24)
 io.cucumber.java.AbstractGlueDefinition.invokeMethod(AbstractGlueDefinition.java:47)
 io.cucumber.java.JavaStepDefinition.execute(JavaStepDefinition.java:29)
 io.cucumber.core.runner.CoreStepDefinition.execute(CoreStepDefinition.java:66)
 io.cucumber.core.runner.PickleStepDefinitionMatch.runStep(PickleStepDefinitionMatch.java:63)
 io.cucumber.core.runner.ExecutionMode$1.execute(ExecutionMode.java:10)
 io.cucumber.core.runner.TestStep.executeStep(TestStep.java:84)
 io.cucumber.core.runner.TestStep.run(TestStep.java:56)
 io.cucumber.core.runner.PickleStepTestStep.run(PickleStepTestStep.java:51)
 io.cucumber.core.runner.TestCase.run(TestCase.java:84)
 io.cucumber.core.runner.Runner.runPickle(Runner.java:75)
 io.cucumber.testng.TestNGCucumberRunner.lambda$runScenario$1(TestNGCucumberRunner.java:132)
 io.cucumber.core.runtime.CucumberExecutionContext.lambda$runTestCase$5(CucumberExecutionContext.java:137)
 io.cucumber.core.runtime.RethrowingThrowableCollector.executeAndThrow(RethrowingThrowableCollector.java:23)
 io.cucumber.core.runtime.CucumberExecutionContext.runTestCase(CucumberExecutionContext.java:137)
 io.cucumber.testng.TestNGCucumberRunner.runScenario(TestNGCucumberRunner.java:129)
 io.cucumber.testng.AbstractTestNGCucumberTests.runScenario(AbstractTestNGCucumberTests.java:35)
 java.base/jdk.internal.reflect.DirectMethodHandleAccessor.invoke(DirectMethodHandleAccessor.java:104)
 java.base/java.lang.reflect.Method.invoke(Method.java:578)
 org.testng.internal.invokers.MethodInvocationHelper.invokeMethod(MethodInvocationHelper.java:139)
 org.testng.internal.invokers.TestInvoker.invokeMethod(TestInvoker.java:664)
 org.testng.internal.invokers.TestInvoker.invokeTestMethod(TestInvoker.java:227)
 org.testng.internal.invokers.MethodRunner.runInSequence(MethodRunner.java:50)
 org.testng.internal.invokers.TestInvoker$MethodInvocationAgent.invoke(TestInvoker.java:957)
 org.testng.internal.invokers.TestInvoker.invokeTestMethods(TestInvoker.java:200)
 org.testng.internal.invokers.TestMethodWorker.invokeTestMethods(TestMethodWorker.java:148)
 org.testng.internal.invokers.TestMethodWorker.run(TestMethodWorker.java:128)
 java.base/java.util.concurrent.ThreadPoolExecutor.runWorker(ThreadPoolExecutor.java:1144)
 java.base/java.util.concurrent.ThreadPoolExecutor$Worker.run(ThreadPoolExecutor.java:642)
 java.base/java.lang.Thread.run(Thread.java:1623)

Caused by: org.openqa.selenium.NoSuchElementException: no such element: Unable to locate element: {"method":"xpath","selector":"//*[@id="nprogress"]/div[1]"}
  (Session info: chrome=118.0.5993.89)
For documentation on this error, please visit: https://www.selenium.dev/documentation/webdriver/troubleshooting/errors#no-such-element-exception
Build info: version: '4.13.0', revision: 'ba948ece5b*'
System info: os.name: 'Windows 11', os.arch: 'amd64', os.version: '10.0', java.version: '20.0.2'
Driver info: org.openqa.selenium.chrome.ChromeDriver
Command: [475fb4526025a48afe75af34e8d3f655, findElement {using=xpath, value=//*[@id="nprogress"]/div[1]}]
Capabilities {acceptInsecureCerts: true, browserName: chrome, browserVersion: 118.0.5993.89, chrome: {chromedriverVersion: 118.0.5993.70 (e52f33f30b91..., userDataDir: C:\Users\Foodics\AppData\Lo...}, fedcm:accounts: true, goog:chromeOptions: {debuggerAddress: localhost:51194}, networkConnectionEnabled: false, pageLoadStrategy: none, platformName: windows, proxy: Proxy(), se:cdp: ws://localhost:51194/devtoo..., se:cdpVersion: 118.0.5993.89, setWindowRect: true, strictFileInteractability: false, timeouts: {implicit: 0, pageLoad: 30000, script: 30000}, unhandledPromptBehavior: ignore, webSocketUrl: ws://localhost:10802/sessio..., webauthn:extension:credBlob: true, webauthn:extension:largeBlob: true, webauthn:extension:minPinLength: true, webauthn:extension:prf: true, webauthn:virtualAuthenticators: true}
Session ID: 475fb4526025a48afe75af34e8d3f655
 java.base/jdk.internal.reflect.DirectConstructorHandleAccessor.newInstance(DirectConstructorHandleAccessor.java:67)
 java.base/java.lang.reflect.Constructor.newInstanceWithCaller(Constructor.java:500)
 java.base/java.lang.reflect.Constructor.newInstance(Constructor.java:484)
 org.openqa.selenium.remote.codec.w3c.W3CHttpResponseCodec.createException(W3CHttpResponseCodec.java:200)
 org.openqa.selenium.remote.codec.w3c.W3CHttpResponseCodec.decode(W3CHttpResponseCodec.java:133)
 org.openqa.selenium.remote.codec.w3c.W3CHttpResponseCodec.decode(W3CHttpResponseCodec.java:52)
 org.openqa.selenium.remote.HttpCommandExecutor.execute(HttpCommandExecutor.java:191)
 org.openqa.selenium.remote.service.DriverCommandExecutor.invokeExecute(DriverCommandExecutor.java:196)
 org.openqa.selenium.remote.service.DriverCommandExecutor.execute(DriverCommandExecutor.java:171)
 org.openqa.selenium.remote.RemoteWebDriver.execute(RemoteWebDriver.java:602)
 org.openqa.selenium.remote.ElementLocation$ElementFinder$2.findElement(ElementLocation.java:165)
 org.openqa.selenium.remote.ElementLocation.findElement(ElementLocation.java:59)
 org.openqa.selenium.remote.RemoteWebDriver.findElement(RemoteWebDriver.java:359)
 org.openqa.selenium.remote.RemoteWebDriver.findElement(RemoteWebDriver.java:353)
 java.base/jdk.internal.reflect.DirectMethodHandleAccessor.invoke(DirectMethodHandleAccessor.java:104)
 java.base/java.lang.reflect.Method.invoke(Method.java:578)
 org.openqa.selenium.support.decorators.WebDriverDecorator.call(WebDriverDecorator.java:249)
 org.openqa.selenium.support.decorators.DefaultDecorated.call(DefaultDecorated.java:48)
 org.openqa.selenium.support.decorators.WebDriverDecorator.lambda$createProxy$2(WebDriverDecorator.java:321)
 net.bytebuddy.renamed.java.lang.Object$ByteBuddy$LGkE0NMh.findElement(Unknown Source)
 utils.Wait.waitInVisibilityOfProgressBar(Wait.java:65)
 pages.DashboardPage.clickOnTryEnhancedDashboardLink(DashboardPage.java:36)
 steps.TC65_DashboardDateComparison.tryNewEnhancedDashboard(TC65_DashboardDateComparison.java:42)
 java.base/jdk.internal.reflect.DirectMethodHandleAccessor.invoke(DirectMethodHandleAccessor.java:104)
 java.base/java.lang.reflect.Method.invoke(Method.java:578)
 io.cucumber.java.Invoker.doInvoke(Invoker.java:66)
 io.cucumber.java.Invoker.invoke(Invoker.java:24)
 io.cucumber.java.AbstractGlueDefinition.invokeMethod(AbstractGlueDefinition.java:47)
 io.cucumber.java.JavaStepDefinition.execute(JavaStepDefinition.java:29)
 io.cucumber.core.runner.CoreStepDefinition.execute(CoreStepDefinition.java:66)
 io.cucumber.core.runner.PickleStepDefinitionMatch.runStep(PickleStepDefinitionMatch.java:63)
 io.cucumber.core.runner.ExecutionMode$1.execute(ExecutionMode.java:10)
 io.cucumber.core.runner.TestStep.executeStep(TestStep.java:84)
 io.cucumber.core.runner.TestStep.run(TestStep.java:56)
 io.cucumber.core.runner.PickleStepTestStep.run(PickleStepTestStep.java:51)
 io.cucumber.core.runner.TestCase.run(TestCase.java:84)
 io.cucumber.core.runner.Runner.runPickle(Runner.java:75)
 io.cucumber.testng.TestNGCucumberRunner.lambda$runScenario$1(TestNGCucumberRunner.java:132)
 io.cucumber.core.runtime.CucumberExecutionContext.lambda$runTestCase$5(CucumberExecutionContext.java:137)
 io.cucumber.core.runtime.RethrowingThrowableCollector.executeAndThrow(RethrowingThrowableCollector.java:23)
 io.cucumber.core.runtime.CucumberExecutionContext.runTestCase(CucumberExecutionContext.java:137)
 io.cucumber.testng.TestNGCucumberRunner.runScenario(TestNGCucumberRunner.java:129)
 io.cucumber.testng.AbstractTestNGCucumberTests.runScenario(AbstractTestNGCucumberTests.java:35)
 java.base/jdk.internal.reflect.DirectMethodHandleAccessor.invoke(DirectMethodHandleAccessor.java:104)
 java.base/java.lang.reflect.Method.invoke(Method.java:578)
 org.testng.internal.invokers.MethodInvocationHelper.invokeMethod(MethodInvocationHelper.java:139)
 org.testng.internal.invokers.TestInvoker.invokeMethod(TestInvoker.java:664)
 org.testng.internal.invokers.TestInvoker.invokeTestMethod(TestInvoker.java:227)
 org.testng.internal.invokers.MethodRunner.runInSequence(MethodRunner.java:50)
 org.testng.internal.invokers.TestInvoker$MethodInvocationAgent.invoke(TestInvoker.java:957)
 org.testng.internal.invokers.TestInvoker.invokeTestMethods(TestInvoker.java:200)
 org.testng.internal.invokers.TestMethodWorker.invokeTestMethods(TestMethodWorker.java:148)
 org.testng.internal.invokers.TestMethodWorker.run(TestMethodWorker.java:128)
 java.base/java.util.concurrent.ThreadPoolExecutor.runWorker(ThreadPoolExecutor.java:1144)
 java.base/java.util.concurrent.ThreadPoolExecutor$Worker.run(ThreadPoolExecutor.java:642)
 java.base/java.lang.Thread.run(Thread.java:1623) @22-10-2023 21:37:19.0336 PM
[ReportManager] Click element. @22-10-2023 21:37:19.0409 PM
[ReportManager] Is displayed action failed. @22-10-2023 21:37:23.0906 PM
[ReportManager] Successfully created attachment 'Screenshot - 1697999844036_runScenario_isDisplayed_failed' @22-10-2023 21:37:24.0136 PM
[ReportManager] java.lang.reflect.InvocationTargetException: null
 java.base/jdk.internal.reflect.DirectMethodHandleAccessor.invoke(DirectMethodHandleAccessor.java:119)
 java.base/java.lang.reflect.Method.invoke(Method.java:578)
 org.openqa.selenium.support.decorators.WebDriverDecorator.call(WebDriverDecorator.java:249)
 org.openqa.selenium.support.decorators.DefaultDecorated.call(DefaultDecorated.java:48)
 org.openqa.selenium.support.decorators.WebDriverDecorator.lambda$createProxy$2(WebDriverDecorator.java:321)
 net.bytebuddy.renamed.java.lang.Object$ByteBuddy$MakwTy8P.isDisplayed(Unknown Source)
 org.openqa.selenium.support.ui.ExpectedConditions.isInvisible(ExpectedConditions.java:1374)
 org.openqa.selenium.support.ui.ExpectedConditions.access$200(ExpectedConditions.java:37)
 org.openqa.selenium.support.ui.ExpectedConditions$48.apply(ExpectedConditions.java:1362)
 org.openqa.selenium.support.ui.ExpectedConditions$48.apply(ExpectedConditions.java:1358)
 org.openqa.selenium.support.ui.FluentWait.until(FluentWait.java:205)
 utils.Wait.waitInVisibilityOfProgressBar(Wait.java:65)
 pages.DashboardPage.clickOnTryEnhancedDashboardLink(DashboardPage.java:38)
 steps.TC65_DashboardDateComparison.tryNewEnhancedDashboard(TC65_DashboardDateComparison.java:42)
 java.base/jdk.internal.reflect.DirectMethodHandleAccessor.invoke(DirectMethodHandleAccessor.java:104)
 java.base/java.lang.reflect.Method.invoke(Method.java:578)
 io.cucumber.java.Invoker.doInvoke(Invoker.java:66)
 io.cucumber.java.Invoker.invoke(Invoker.java:24)
 io.cucumber.java.AbstractGlueDefinition.invokeMethod(AbstractGlueDefinition.java:47)
 io.cucumber.java.JavaStepDefinition.execute(JavaStepDefinition.java:29)
 io.cucumber.core.runner.CoreStepDefinition.execute(CoreStepDefinition.java:66)
 io.cucumber.core.runner.PickleStepDefinitionMatch.runStep(PickleStepDefinitionMatch.java:63)
 io.cucumber.core.runner.ExecutionMode$1.execute(ExecutionMode.java:10)
 io.cucumber.core.runner.TestStep.executeStep(TestStep.java:84)
 io.cucumber.core.runner.TestStep.run(TestStep.java:56)
 io.cucumber.core.runner.PickleStepTestStep.run(PickleStepTestStep.java:51)
 io.cucumber.core.runner.TestCase.run(TestCase.java:84)
 io.cucumber.core.runner.Runner.runPickle(Runner.java:75)
 io.cucumber.testng.TestNGCucumberRunner.lambda$runScenario$1(TestNGCucumberRunner.java:132)
 io.cucumber.core.runtime.CucumberExecutionContext.lambda$runTestCase$5(CucumberExecutionContext.java:137)
 io.cucumber.core.runtime.RethrowingThrowableCollector.executeAndThrow(RethrowingThrowableCollector.java:23)
 io.cucumber.core.runtime.CucumberExecutionContext.runTestCase(CucumberExecutionContext.java:137)
 io.cucumber.testng.TestNGCucumberRunner.runScenario(TestNGCucumberRunner.java:129)
 io.cucumber.testng.AbstractTestNGCucumberTests.runScenario(AbstractTestNGCucumberTests.java:35)
 java.base/jdk.internal.reflect.DirectMethodHandleAccessor.invoke(DirectMethodHandleAccessor.java:104)
 java.base/java.lang.reflect.Method.invoke(Method.java:578)
 org.testng.internal.invokers.MethodInvocationHelper.invokeMethod(MethodInvocationHelper.java:139)
 org.testng.internal.invokers.TestInvoker.invokeMethod(TestInvoker.java:664)
 org.testng.internal.invokers.TestInvoker.invokeTestMethod(TestInvoker.java:227)
 org.testng.internal.invokers.MethodRunner.runInSequence(MethodRunner.java:50)
 org.testng.internal.invokers.TestInvoker$MethodInvocationAgent.invoke(TestInvoker.java:957)
 org.testng.internal.invokers.TestInvoker.invokeTestMethods(TestInvoker.java:200)
 org.testng.internal.invokers.TestMethodWorker.invokeTestMethods(TestMethodWorker.java:148)
 org.testng.internal.invokers.TestMethodWorker.run(TestMethodWorker.java:128)
 java.base/java.util.concurrent.ThreadPoolExecutor.runWorker(ThreadPoolExecutor.java:1144)
 java.base/java.util.concurrent.ThreadPoolExecutor$Worker.run(ThreadPoolExecutor.java:642)
 java.base/java.lang.Thread.run(Thread.java:1623)

Caused by: org.openqa.selenium.StaleElementReferenceException: stale element reference: stale element not found
  (Session info: chrome=118.0.5993.89)
For documentation on this error, please visit: https://www.selenium.dev/documentation/webdriver/troubleshooting/errors#stale-element-reference-exception
Build info: version: '4.13.0', revision: 'ba948ece5b*'
System info: os.name: 'Windows 11', os.arch: 'amd64', os.version: '10.0', java.version: '20.0.2'
Driver info: org.openqa.selenium.chrome.ChromeDriver
Command: [475fb4526025a48afe75af34e8d3f655, isElementDisplayed {id=34EEE1386B1A8DEC9ADE76753B11DCCE_element_43}]
Capabilities {acceptInsecureCerts: true, browserName: chrome, browserVersion: 118.0.5993.89, chrome: {chromedriverVersion: 118.0.5993.70 (e52f33f30b91..., userDataDir: C:\Users\Foodics\AppData\Lo...}, fedcm:accounts: true, goog:chromeOptions: {debuggerAddress: localhost:51194}, networkConnectionEnabled: false, pageLoadStrategy: none, platformName: windows, proxy: Proxy(), se:cdp: ws://localhost:51194/devtoo..., se:cdpVersion: 118.0.5993.89, setWindowRect: true, strictFileInteractability: false, timeouts: {implicit: 0, pageLoad: 30000, script: 30000}, unhandledPromptBehavior: ignore, webSocketUrl: ws://localhost:10802/sessio..., webauthn:extension:credBlob: true, webauthn:extension:largeBlob: true, webauthn:extension:minPinLength: true, webauthn:extension:prf: true, webauthn:virtualAuthenticators: true}
Element: [[ChromeDriver: chrome on windows (475fb4526025a48afe75af34e8d3f655)] -> xpath: //*[@id="nprogress"]/div[1]]
Session ID: 475fb4526025a48afe75af34e8d3f655
 java.base/jdk.internal.reflect.DirectConstructorHandleAccessor.newInstance(DirectConstructorHandleAccessor.java:67)
 java.base/java.lang.reflect.Constructor.newInstanceWithCaller(Constructor.java:500)
 java.base/java.lang.reflect.Constructor.newInstance(Constructor.java:484)
 org.openqa.selenium.remote.codec.w3c.W3CHttpResponseCodec.createException(W3CHttpResponseCodec.java:200)
 org.openqa.selenium.remote.codec.w3c.W3CHttpResponseCodec.decode(W3CHttpResponseCodec.java:133)
 org.openqa.selenium.remote.codec.w3c.W3CHttpResponseCodec.decode(W3CHttpResponseCodec.java:52)
 org.openqa.selenium.remote.HttpCommandExecutor.execute(HttpCommandExecutor.java:191)
 org.openqa.selenium.remote.service.DriverCommandExecutor.invokeExecute(DriverCommandExecutor.java:196)
 org.openqa.selenium.remote.service.DriverCommandExecutor.execute(DriverCommandExecutor.java:171)
 org.openqa.selenium.remote.RemoteWebDriver.execute(RemoteWebDriver.java:602)
 org.openqa.selenium.remote.RemoteWebElement.execute(RemoteWebElement.java:224)
 org.openqa.selenium.remote.RemoteWebElement.isDisplayed(RemoteWebElement.java:283)
 java.base/jdk.internal.reflect.DirectMethodHandleAccessor.invoke(DirectMethodHandleAccessor.java:104)
 java.base/java.lang.reflect.Method.invoke(Method.java:578)
 org.openqa.selenium.support.decorators.WebDriverDecorator.call(WebDriverDecorator.java:249)
 org.openqa.selenium.support.decorators.DefaultDecorated.call(DefaultDecorated.java:48)
 org.openqa.selenium.support.decorators.WebDriverDecorator.lambda$createProxy$2(WebDriverDecorator.java:321)
 net.bytebuddy.renamed.java.lang.Object$ByteBuddy$MakwTy8P.isDisplayed(Unknown Source)
 org.openqa.selenium.support.ui.ExpectedConditions.isInvisible(ExpectedConditions.java:1374)
 org.openqa.selenium.support.ui.ExpectedConditions.access$200(ExpectedConditions.java:37)
 org.openqa.selenium.support.ui.ExpectedConditions$48.apply(ExpectedConditions.java:1362)
 org.openqa.selenium.support.ui.ExpectedConditions$48.apply(ExpectedConditions.java:1358)
 org.openqa.selenium.support.ui.FluentWait.until(FluentWait.java:205)
 utils.Wait.waitInVisibilityOfProgressBar(Wait.java:65)
 pages.DashboardPage.clickOnTryEnhancedDashboardLink(DashboardPage.java:38)
 steps.TC65_DashboardDateComparison.tryNewEnhancedDashboard(TC65_DashboardDateComparison.java:42)
 java.base/jdk.internal.reflect.DirectMethodHandleAccessor.invoke(DirectMethodHandleAccessor.java:104)
 java.base/java.lang.reflect.Method.invoke(Method.java:578)
 io.cucumber.java.Invoker.doInvoke(Invoker.java:66)
 io.cucumber.java.Invoker.invoke(Invoker.java:24)
 io.cucumber.java.AbstractGlueDefinition.invokeMethod(AbstractGlueDefinition.java:47)
 io.cucumber.java.JavaStepDefinition.execute(JavaStepDefinition.java:29)
 io.cucumber.core.runner.CoreStepDefinition.execute(CoreStepDefinition.java:66)
 io.cucumber.core.runner.PickleStepDefinitionMatch.runStep(PickleStepDefinitionMatch.java:63)
 io.cucumber.core.runner.ExecutionMode$1.execute(ExecutionMode.java:10)
 io.cucumber.core.runner.TestStep.executeStep(TestStep.java:84)
 io.cucumber.core.runner.TestStep.run(TestStep.java:56)
 io.cucumber.core.runner.PickleStepTestStep.run(PickleStepTestStep.java:51)
 io.cucumber.core.runner.TestCase.run(TestCase.java:84)
 io.cucumber.core.runner.Runner.runPickle(Runner.java:75)
 io.cucumber.testng.TestNGCucumberRunner.lambda$runScenario$1(TestNGCucumberRunner.java:132)
 io.cucumber.core.runtime.CucumberExecutionContext.lambda$runTestCase$5(CucumberExecutionContext.java:137)
 io.cucumber.core.runtime.RethrowingThrowableCollector.executeAndThrow(RethrowingThrowableCollector.java:23)
 io.cucumber.core.runtime.CucumberExecutionContext.runTestCase(CucumberExecutionContext.java:137)
 io.cucumber.testng.TestNGCucumberRunner.runScenario(TestNGCucumberRunner.java:129)
 io.cucumber.testng.AbstractTestNGCucumberTests.runScenario(AbstractTestNGCucumberTests.java:35)
 java.base/jdk.internal.reflect.DirectMethodHandleAccessor.invoke(DirectMethodHandleAccessor.java:104)
 java.base/java.lang.reflect.Method.invoke(Method.java:578)
 org.testng.internal.invokers.MethodInvocationHelper.invokeMethod(MethodInvocationHelper.java:139)
 org.testng.internal.invokers.TestInvoker.invokeMethod(TestInvoker.java:664)
 org.testng.internal.invokers.TestInvoker.invokeTestMethod(TestInvoker.java:227)
 org.testng.internal.invokers.MethodRunner.runInSequence(MethodRunner.java:50)
 org.testng.internal.invokers.TestInvoker$MethodInvocationAgent.invoke(TestInvoker.java:957)
 org.testng.internal.invokers.TestInvoker.invokeTestMethods(TestInvoker.java:200)
 org.testng.internal.invokers.TestMethodWorker.invokeTestMethods(TestMethodWorker.java:148)
 org.testng.internal.invokers.TestMethodWorker.run(TestMethodWorker.java:128)
 java.base/java.util.concurrent.ThreadPoolExecutor.runWorker(ThreadPoolExecutor.java:1144)
 java.base/java.util.concurrent.ThreadPoolExecutor$Worker.run(ThreadPoolExecutor.java:642)
 java.base/java.lang.Thread.run(Thread.java:1623) @22-10-2023 21:37:24.0136 PM
[ReportManager] Get current url "https://console.foodics.dev/dashboard-beta". @22-10-2023 21:37:24.0426 PM
[ReportManager] Successfully created attachment 'Screenshot - 1697999844336_runScenario_Get current url_passed' @22-10-2023 21:37:24.0435 PM
[ReportManager] Expected "https://console.foodics.dev/dashboard-beta", and actual "https://console.foodics.dev/dashboard-beta" @22-10-2023 21:37:24.0436 PM
[ReportManager] Assertion "ValidateBrowserAttribute" PASSED. Expected "Value Should be 'https://console.foodics.dev/dashboard-beta' for the 'currenturl' attribute" and Actual "https://console.foodics.dev/dashboard-beta". Comparison Type "EQUALS". Validation Type "POSITIVE". @22-10-2023 21:37:24.0666 PM
[ReportManager] Assertion Passed: The Browser URL is equal to "https://console.foodics.dev/dashboard-beta". @22-10-2023 21:37:24.0666 PM
[ReportManager] Successfully created attachment 'Screenshot - 1697999844569_runScenario_ValidateBrowserAttribute_passed' @22-10-2023 21:37:24.0666 PM
[ReportManager] Get current window title "Dashboard - Foodics". @22-10-2023 21:37:24.0921 PM
[ReportManager] Successfully created attachment 'Screenshot - 1697999844826_runScenario_Get current window title_passed' @22-10-2023 21:37:24.0926 PM
[ReportManager] Expected "Dashboard - Foodics", and actual "Dashboard - Foodics" @22-10-2023 21:37:24.0926 PM
[ReportManager] Assertion "ValidateBrowserAttribute" PASSED. Expected "Value Should be 'Dashboard - Foodics' for the 'title' attribute" and Actual "Dashboard - Foodics". Comparison Type "EQUALS". Validation Type "POSITIVE". @22-10-2023 21:37:25.0166 PM
[ReportManager] Assertion Passed: The Browser title is equal to "Dashboard - Foodics". @22-10-2023 21:37:25.0166 PM
[ReportManager] Successfully created attachment 'Screenshot - 1697999845069_runScenario_ValidateBrowserAttribute_passed' @22-10-2023 21:37:25.0166 PM
[ReportManager] Scenario Step: And Click "Day" view @22-10-2023 21:37:25.0166 PM
[ReportManager] Attempting to getAttribute "class" from elementLocator "By.xpath: (//div[contains(@class,'py-1 px-2')])[1]". @22-10-2023 21:37:25.0221 PM
[ReportManager] Get attribute "py-1 px-2 md:py-2 md:px-4 text-callout border-e rounded-s w-1/3 sm:w-auto text-center bg-gray-100 bg-primary-300 text-white md:font-bold cursor-pointer" from "By.xpath: (//div[contains(@class,'py-1 px-2')])[1]". @22-10-2023 21:37:25.0701 PM
[ReportManager] Successfully created attachment 'Screenshot - 1697999845626_runScenario_Get attribute_passed' @22-10-2023 21:37:25.0701 PM
[ReportManager] Expected "bg-primary-300 text-white md:font-bold", and actual "py-1 px-2 md:py-2 md:px-4 text-callout border-e rounded-s w-1/3 sm:w-auto text-center bg-gray-100 bg-primary-300 text-white md:font-bold cursor-pointer" @22-10-2023 21:37:25.0701 PM
[ReportManager] Assertion "ValidateElementAttribute" PASSED. Expected "Value Should be 'bg-primary-300 text-white md:font-bold' for the 'class' attribute, element locator 'By.xpath: (//div[contains(@class,'py-1 px-2')])[1]'" and Actual "py-1 px-2 md:py-2 md:px-4 text-callout border-e rounded-s w-1/3 sm:w-auto text-center bg-gray-100 bg-primary-300 text-white md:font-bold cursor-pointer". Comparison Type "CONTAINS". Validation Type "POSITIVE". @22-10-2023 21:37:26.0081 PM
[ReportManager] Assertion Passed: The Element located by "By.xpath: (//div[contains(@class,'py-1 px-2')])[1]" attribute "class" contains "bg-primary-300 text-white md:font-bold". @22-10-2023 21:37:26.0081 PM
[ReportManager] Successfully created attachment 'Screenshot - 1697999846009_runScenario_ValidateElementAttribute_passed' @22-10-2023 21:37:26.0081 PM
[ReportManager] Get text "2023-10-22" from "By.xpath: (//button[contains(@class,'btn btn-white')]//span)[1]". @22-10-2023 21:37:26.0550 PM
[ReportManager] Successfully created attachment 'Screenshot - 1697999846471_runScenario_Get text_passed' @22-10-2023 21:37:26.0550 PM
[ReportManager] Scenario Step: And Click Compare Toggle @22-10-2023 21:37:26.0550 PM
[ReportManager] Attempting to getAttribute "hidden" from elementLocator "By.xpath: (//div[contains(@class,'datetime-picker inline')]//button)[1]". @22-10-2023 21:37:26.0581 PM
[ReportManager] Get attribute from "2023-10-22 calendar_today". @22-10-2023 21:37:27.0018 PM
[ReportManager] Successfully created attachment 'Screenshot - 1697999846939_runScenario_Get attribute_passed' @22-10-2023 21:37:27.0018 PM
[ReportManager] Expected "null", and actual "null" @22-10-2023 21:37:27.0018 PM
[ReportManager] Assertion "ValidateElementAttribute" PASSED. Expected "Value Should be 'null' for the 'hidden' attribute, element locator 'By.xpath: (//div[contains(@class,'datetime-picker inline')]//button)[1]'" and Actual "null". Comparison Type "EQUALS". Validation Type "POSITIVE". @22-10-2023 21:37:27.0398 PM
[ReportManager] Assertion Passed: The Element located by "By.xpath: (//div[contains(@class,'datetime-picker inline')]//button)[1]" is visible, hidden attribute is equal to "null". @22-10-2023 21:37:27.0398 PM
[ReportManager] Successfully created attachment 'Screenshot - 1697999847320_runScenario_ValidateElementAttribute_passed' @22-10-2023 21:37:27.0398 PM
[ReportManager] Attempting to getAttribute "hidden" from elementLocator "By.className: toggle__handler". @22-10-2023 21:37:27.0414 PM
[ReportManager] Get attribute from "By.className: toggle__handler". @22-10-2023 21:37:27.0832 PM
[ReportManager] Successfully created attachment 'Screenshot - 1697999847769_runScenario_Get attribute_passed' @22-10-2023 21:37:27.0832 PM
[ReportManager] Expected "null", and actual "null" @22-10-2023 21:37:27.0832 PM
[ReportManager] Assertion "ValidateElementAttribute" PASSED. Expected "Value Should be 'null' for the 'hidden' attribute, element locator 'By.className: toggle__handler'" and Actual "null". Comparison Type "EQUALS". Validation Type "POSITIVE". @22-10-2023 21:37:28.0245 PM
[ReportManager] Assertion Passed: The Element located by "By.className: toggle__handler" is visible, hidden attribute is equal to "null". @22-10-2023 21:37:28.0245 PM
[ReportManager] Successfully created attachment 'Screenshot - 1697999848151_runScenario_ValidateElementAttribute_passed' @22-10-2023 21:37:28.0245 PM
[ReportManager] Click element. @22-10-2023 21:37:28.0323 PM
[ReportManager] Is displayed action failed. @22-10-2023 21:37:33.0194 PM
[ReportManager] Successfully created attachment 'Screenshot - 1697999853356_runScenario_isDisplayed_failed' @22-10-2023 21:37:33.0449 PM
[ReportManager] java.lang.reflect.InvocationTargetException: null
 java.base/jdk.internal.reflect.DirectMethodHandleAccessor.invoke(DirectMethodHandleAccessor.java:119)
 java.base/java.lang.reflect.Method.invoke(Method.java:578)
 org.openqa.selenium.support.decorators.WebDriverDecorator.call(WebDriverDecorator.java:249)
 org.openqa.selenium.support.decorators.DefaultDecorated.call(DefaultDecorated.java:48)
 org.openqa.selenium.support.decorators.WebDriverDecorator.lambda$createProxy$2(WebDriverDecorator.java:321)
 net.bytebuddy.renamed.java.lang.Object$ByteBuddy$UTIY3hRo.isDisplayed(Unknown Source)
 org.openqa.selenium.support.ui.ExpectedConditions.isInvisible(ExpectedConditions.java:1374)
 org.openqa.selenium.support.ui.ExpectedConditions.access$200(ExpectedConditions.java:37)
 org.openqa.selenium.support.ui.ExpectedConditions$48.apply(ExpectedConditions.java:1362)
 org.openqa.selenium.support.ui.ExpectedConditions$48.apply(ExpectedConditions.java:1358)
 org.openqa.selenium.support.ui.FluentWait.until(FluentWait.java:205)
 utils.Wait.waitInVisibilityOfProgressBar(Wait.java:65)
 pages.EnhancedDashboardPage.clickOnCompareToggle(EnhancedDashboardPage.java:90)
 steps.TC65_DashboardDateComparison.clickCompareToggle(TC65_DashboardDateComparison.java:80)
 java.base/jdk.internal.reflect.DirectMethodHandleAccessor.invoke(DirectMethodHandleAccessor.java:104)
 java.base/java.lang.reflect.Method.invoke(Method.java:578)
 io.cucumber.java.Invoker.doInvoke(Invoker.java:66)
 io.cucumber.java.Invoker.invoke(Invoker.java:24)
 io.cucumber.java.AbstractGlueDefinition.invokeMethod(AbstractGlueDefinition.java:47)
 io.cucumber.java.JavaStepDefinition.execute(JavaStepDefinition.java:29)
 io.cucumber.core.runner.CoreStepDefinition.execute(CoreStepDefinition.java:66)
 io.cucumber.core.runner.PickleStepDefinitionMatch.runStep(PickleStepDefinitionMatch.java:63)
 io.cucumber.core.runner.ExecutionMode$1.execute(ExecutionMode.java:10)
 io.cucumber.core.runner.TestStep.executeStep(TestStep.java:84)
 io.cucumber.core.runner.TestStep.run(TestStep.java:56)
 io.cucumber.core.runner.PickleStepTestStep.run(PickleStepTestStep.java:51)
 io.cucumber.core.runner.TestCase.run(TestCase.java:84)
 io.cucumber.core.runner.Runner.runPickle(Runner.java:75)
 io.cucumber.testng.TestNGCucumberRunner.lambda$runScenario$1(TestNGCucumberRunner.java:132)
 io.cucumber.core.runtime.CucumberExecutionContext.lambda$runTestCase$5(CucumberExecutionContext.java:137)
 io.cucumber.core.runtime.RethrowingThrowableCollector.executeAndThrow(RethrowingThrowableCollector.java:23)
 io.cucumber.core.runtime.CucumberExecutionContext.runTestCase(CucumberExecutionContext.java:137)
 io.cucumber.testng.TestNGCucumberRunner.runScenario(TestNGCucumberRunner.java:129)
 io.cucumber.testng.AbstractTestNGCucumberTests.runScenario(AbstractTestNGCucumberTests.java:35)
 java.base/jdk.internal.reflect.DirectMethodHandleAccessor.invoke(DirectMethodHandleAccessor.java:104)
 java.base/java.lang.reflect.Method.invoke(Method.java:578)
 org.testng.internal.invokers.MethodInvocationHelper.invokeMethod(MethodInvocationHelper.java:139)
 org.testng.internal.invokers.TestInvoker.invokeMethod(TestInvoker.java:664)
 org.testng.internal.invokers.TestInvoker.invokeTestMethod(TestInvoker.java:227)
 org.testng.internal.invokers.MethodRunner.runInSequence(MethodRunner.java:50)
 org.testng.internal.invokers.TestInvoker$MethodInvocationAgent.invoke(TestInvoker.java:957)
 org.testng.internal.invokers.TestInvoker.invokeTestMethods(TestInvoker.java:200)
 org.testng.internal.invokers.TestMethodWorker.invokeTestMethods(TestMethodWorker.java:148)
 org.testng.internal.invokers.TestMethodWorker.run(TestMethodWorker.java:128)
 java.base/java.util.concurrent.ThreadPoolExecutor.runWorker(ThreadPoolExecutor.java:1144)
 java.base/java.util.concurrent.ThreadPoolExecutor$Worker.run(ThreadPoolExecutor.java:642)
 java.base/java.lang.Thread.run(Thread.java:1623)

Caused by: org.openqa.selenium.StaleElementReferenceException: stale element reference: stale element not found
  (Session info: chrome=118.0.5993.89)
For documentation on this error, please visit: https://www.selenium.dev/documentation/webdriver/troubleshooting/errors#stale-element-reference-exception
Build info: version: '4.13.0', revision: 'ba948ece5b*'
System info: os.name: 'Windows 11', os.arch: 'amd64', os.version: '10.0', java.version: '20.0.2'
Driver info: org.openqa.selenium.chrome.ChromeDriver
Command: [475fb4526025a48afe75af34e8d3f655, isElementDisplayed {id=34EEE1386B1A8DEC9ADE76753B11DCCE_element_60}]
Capabilities {acceptInsecureCerts: true, browserName: chrome, browserVersion: 118.0.5993.89, chrome: {chromedriverVersion: 118.0.5993.70 (e52f33f30b91..., userDataDir: C:\Users\Foodics\AppData\Lo...}, fedcm:accounts: true, goog:chromeOptions: {debuggerAddress: localhost:51194}, networkConnectionEnabled: false, pageLoadStrategy: none, platformName: windows, proxy: Proxy(), se:cdp: ws://localhost:51194/devtoo..., se:cdpVersion: 118.0.5993.89, setWindowRect: true, strictFileInteractability: false, timeouts: {implicit: 0, pageLoad: 30000, script: 30000}, unhandledPromptBehavior: ignore, webSocketUrl: ws://localhost:10802/sessio..., webauthn:extension:credBlob: true, webauthn:extension:largeBlob: true, webauthn:extension:minPinLength: true, webauthn:extension:prf: true, webauthn:virtualAuthenticators: true}
Element: [[ChromeDriver: chrome on windows (475fb4526025a48afe75af34e8d3f655)] -> xpath: //*[@id="nprogress"]/div[1]]
Session ID: 475fb4526025a48afe75af34e8d3f655
 java.base/jdk.internal.reflect.DirectConstructorHandleAccessor.newInstance(DirectConstructorHandleAccessor.java:67)
 java.base/java.lang.reflect.Constructor.newInstanceWithCaller(Constructor.java:500)
 java.base/java.lang.reflect.Constructor.newInstance(Constructor.java:484)
 org.openqa.selenium.remote.codec.w3c.W3CHttpResponseCodec.createException(W3CHttpResponseCodec.java:200)
 org.openqa.selenium.remote.codec.w3c.W3CHttpResponseCodec.decode(W3CHttpResponseCodec.java:133)
 org.openqa.selenium.remote.codec.w3c.W3CHttpResponseCodec.decode(W3CHttpResponseCodec.java:52)
 org.openqa.selenium.remote.HttpCommandExecutor.execute(HttpCommandExecutor.java:191)
 org.openqa.selenium.remote.service.DriverCommandExecutor.invokeExecute(DriverCommandExecutor.java:196)
 org.openqa.selenium.remote.service.DriverCommandExecutor.execute(DriverCommandExecutor.java:171)
 org.openqa.selenium.remote.RemoteWebDriver.execute(RemoteWebDriver.java:602)
 org.openqa.selenium.remote.RemoteWebElement.execute(RemoteWebElement.java:224)
 org.openqa.selenium.remote.RemoteWebElement.isDisplayed(RemoteWebElement.java:283)
 java.base/jdk.internal.reflect.DirectMethodHandleAccessor.invoke(DirectMethodHandleAccessor.java:104)
 java.base/java.lang.reflect.Method.invoke(Method.java:578)
 org.openqa.selenium.support.decorators.WebDriverDecorator.call(WebDriverDecorator.java:249)
 org.openqa.selenium.support.decorators.DefaultDecorated.call(DefaultDecorated.java:48)
 org.openqa.selenium.support.decorators.WebDriverDecorator.lambda$createProxy$2(WebDriverDecorator.java:321)
 net.bytebuddy.renamed.java.lang.Object$ByteBuddy$UTIY3hRo.isDisplayed(Unknown Source)
 org.openqa.selenium.support.ui.ExpectedConditions.isInvisible(ExpectedConditions.java:1374)
 org.openqa.selenium.support.ui.ExpectedConditions.access$200(ExpectedConditions.java:37)
 org.openqa.selenium.support.ui.ExpectedConditions$48.apply(ExpectedConditions.java:1362)
 org.openqa.selenium.support.ui.ExpectedConditions$48.apply(ExpectedConditions.java:1358)
 org.openqa.selenium.support.ui.FluentWait.until(FluentWait.java:205)
 utils.Wait.waitInVisibilityOfProgressBar(Wait.java:65)
 pages.EnhancedDashboardPage.clickOnCompareToggle(EnhancedDashboardPage.java:90)
 steps.TC65_DashboardDateComparison.clickCompareToggle(TC65_DashboardDateComparison.java:80)
 java.base/jdk.internal.reflect.DirectMethodHandleAccessor.invoke(DirectMethodHandleAccessor.java:104)
 java.base/java.lang.reflect.Method.invoke(Method.java:578)
 io.cucumber.java.Invoker.doInvoke(Invoker.java:66)
 io.cucumber.java.Invoker.invoke(Invoker.java:24)
 io.cucumber.java.AbstractGlueDefinition.invokeMethod(AbstractGlueDefinition.java:47)
 io.cucumber.java.JavaStepDefinition.execute(JavaStepDefinition.java:29)
 io.cucumber.core.runner.CoreStepDefinition.execute(CoreStepDefinition.java:66)
 io.cucumber.core.runner.PickleStepDefinitionMatch.runStep(PickleStepDefinitionMatch.java:63)
 io.cucumber.core.runner.ExecutionMode$1.execute(ExecutionMode.java:10)
 io.cucumber.core.runner.TestStep.executeStep(TestStep.java:84)
 io.cucumber.core.runner.TestStep.run(TestStep.java:56)
 io.cucumber.core.runner.PickleStepTestStep.run(PickleStepTestStep.java:51)
 io.cucumber.core.runner.TestCase.run(TestCase.java:84)
 io.cucumber.core.runner.Runner.runPickle(Runner.java:75)
 io.cucumber.testng.TestNGCucumberRunner.lambda$runScenario$1(TestNGCucumberRunner.java:132)
 io.cucumber.core.runtime.CucumberExecutionContext.lambda$runTestCase$5(CucumberExecutionContext.java:137)
 io.cucumber.core.runtime.RethrowingThrowableCollector.executeAndThrow(RethrowingThrowableCollector.java:23)
 io.cucumber.core.runtime.CucumberExecutionContext.runTestCase(CucumberExecutionContext.java:137)
 io.cucumber.testng.TestNGCucumberRunner.runScenario(TestNGCucumberRunner.java:129)
 io.cucumber.testng.AbstractTestNGCucumberTests.runScenario(AbstractTestNGCucumberTests.java:35)
 java.base/jdk.internal.reflect.DirectMethodHandleAccessor.invoke(DirectMethodHandleAccessor.java:104)
 java.base/java.lang.reflect.Method.invoke(Method.java:578)
 org.testng.internal.invokers.MethodInvocationHelper.invokeMethod(MethodInvocationHelper.java:139)
 org.testng.internal.invokers.TestInvoker.invokeMethod(TestInvoker.java:664)
 org.testng.internal.invokers.TestInvoker.invokeTestMethod(TestInvoker.java:227)
 org.testng.internal.invokers.MethodRunner.runInSequence(MethodRunner.java:50)
 org.testng.internal.invokers.TestInvoker$MethodInvocationAgent.invoke(TestInvoker.java:957)
 org.testng.internal.invokers.TestInvoker.invokeTestMethods(TestInvoker.java:200)
 org.testng.internal.invokers.TestMethodWorker.invokeTestMethods(TestMethodWorker.java:148)
 org.testng.internal.invokers.TestMethodWorker.run(TestMethodWorker.java:128)
 java.base/java.util.concurrent.ThreadPoolExecutor.runWorker(ThreadPoolExecutor.java:1144)
 java.base/java.util.concurrent.ThreadPoolExecutor$Worker.run(ThreadPoolExecutor.java:642)
 java.base/java.lang.Thread.run(Thread.java:1623) @22-10-2023 21:37:33.0449 PM
[ReportManager] Get text "2023-10-22" from "By.xpath: (//button[contains(@class,'btn btn-white')]//span)[1]". @22-10-2023 21:37:33.0876 PM
[ReportManager] Successfully created attachment 'Screenshot - 1697999853814_runScenario_Get text_passed' @22-10-2023 21:37:33.0876 PM
[ReportManager] Scenario Step: Then Compare Toggle is switched on and Comparison Date is displayed @22-10-2023 21:37:33.0892 PM
[ReportManager] Attempting to getAttribute "class" from elementLocator "By.tagName: label". @22-10-2023 21:37:33.0908 PM
[ReportManager] Get attribute "toggle isChecked" from "By.tagName: label". @22-10-2023 21:37:34.0326 PM
[ReportManager] Successfully created attachment 'Screenshot - 1697999854248_runScenario_Get attribute_passed' @22-10-2023 21:37:34.0326 PM
[ReportManager] Expected "toggle isChecked", and actual "toggle isChecked" @22-10-2023 21:37:34.0326 PM
[ReportManager] Assertion "ValidateElementAttribute" PASSED. Expected "Value Should be 'toggle isChecked' for the 'class' attribute, element locator 'By.tagName: label'" and Actual "toggle isChecked". Comparison Type "EQUALS". Validation Type "POSITIVE". @22-10-2023 21:37:34.0706 PM
[ReportManager] Assertion Passed: The Element located by "By.tagName: label" attribute "class" is equal to "toggle isChecked". @22-10-2023 21:37:34.0706 PM
[ReportManager] Successfully created attachment 'Screenshot - 1697999854628_runScenario_ValidateElementAttribute_passed' @22-10-2023 21:37:34.0706 PM
[ReportManager] Attempting to getAttribute "hidden" from elementLocator "By.xpath: (//div[contains(@class,'datetime-picker inline')]//button)[2]". @22-10-2023 21:37:34.0722 PM
[ReportManager] Get attribute from "2023-10-21 calendar_today". @22-10-2023 21:37:35.0171 PM
[ReportManager] Successfully created attachment 'Screenshot - 1697999855108_runScenario_Get attribute_passed' @22-10-2023 21:37:35.0171 PM
[ReportManager] Expected "null", and actual "null" @22-10-2023 21:37:35.0171 PM
[ReportManager] Assertion "ValidateElementAttribute" PASSED. Expected "Value Should be 'null' for the 'hidden' attribute, element locator 'By.xpath: (//div[contains(@class,'datetime-picker inline')]//button)[2]'" and Actual "null". Comparison Type "EQUALS". Validation Type "POSITIVE". @22-10-2023 21:37:35.0548 PM
[ReportManager] Assertion Passed: The Element located by "By.xpath: (//div[contains(@class,'datetime-picker inline')]//button)[2]" is visible, hidden attribute is equal to "null". @22-10-2023 21:37:35.0548 PM
[ReportManager] Successfully created attachment 'Screenshot - 1697999855475_runScenario_ValidateElementAttribute_passed' @22-10-2023 21:37:35.0548 PM
[ReportManager] Scenario Step: And All charts are fully loaded @22-10-2023 21:37:35.0548 PM
[ReportManager] Expected condition failed: waiting for com.shaft.gui.element.internal.ElementActionsHelper$$Lambda$1164/0x0000018b81646680@349e8401 (tried for 30 second(s) with 100 milliseconds interval) || no such element: Unable to locate element: {"method":"xpath","selector":"//div[contains(@class,'inset-0 absolute')]"} @22-10-2023 21:38:05.0698 PM
[ReportManager] Assertion "ValidateElementExists" PASSED. Expected "Element Should not Exist, locator 'By.xpath: //div[contains(@class,'inset-0 absolute')]'" and Actual "Element Doesn't Exists". Comparison Type "EQUALS". Validation Type "NEGATIVE". @22-10-2023 21:38:05.0954 PM
[ReportManager] Assertion Passed: The Element located by "By.xpath: //div[contains(@class,'inset-0 absolute')]" does not exist. @22-10-2023 21:38:05.0954 PM
[ReportManager] Successfully created attachment 'Screenshot - 1697999885844_runScenario_ValidateElementExists_passed' @22-10-2023 21:38:05.0954 PM
[ReportManager] Scenario Hook: AFTER @22-10-2023 21:38:05.0954 PM
[ReportManager] Successfully Closed Driver. @22-10-2023 21:38:06.0346 PM