<?xml version="1.0" encoding="UTF-8"?>
<testsuite xmlns:xsi="http://www.w3.org/2001/XMLSchema-instance" xsi:noNamespaceSchemaLocation="https://maven.apache.org/surefire/maven-surefire-plugin/xsd/surefire-test-report-3.0.xsd" version="3.0" name="TestSuite" time="95.493" tests="1" errors="0" skipped="0" failures="0">
  <properties>
    <property name="appender.console.type" value="Console"/>
    <property name="appender.console.layout.pattern" value="%highlight{[%p]}{FATAL=red blink, ERROR=red bold, WARN=yellow bold, INFO=fg_#0060a8 bold, DEBUG=fg_#43b02a bold, TRACE=black} %style{%m }%style{| %-logger}{bright_black} %style{- %-thread}{bright_black} %style{- %d{hh:mm:ss a}}{bright_black} %n"/>
    <property name="cucumber.publish.quiet" value="true"/>
    <property name="java.specification.version" value="17"/>
    <property name="sun.cpu.isalist" value="amd64"/>
    <property name="capabilities.appiumVersion" value=""/>
    <property name="sun.arch.data.model" value="64"/>
    <property name="projectKey" value=""/>
    <property name="testDataFolderPath" value="src/test/resources/testDataFiles/"/>
    <property name="imitatePort" value="8000"/>
    <property name="java.vendor.url" value="https://java.oracle.com/"/>
    <property name="jiraUrl" value="https://"/>
    <property name="logger.app.level" value="WARN"/>
    <property name="cucumber.filter.name" value=""/>
    <property name="propertiesFolderPath_CI" value=""/>
    <property name="ReportBugs" value="false"/>
    <property name="allureResultsFolderPath" value="allure-results/"/>
    <property name="sun.boot.library.path" value="C:\Program Files\Java\jdk-17\bin"/>
    <property name="sun.java.command" value="C:\Windows\Temp\surefire16208438471737257252\surefirebooter-20231207152546160_3.jar C:\Windows\Temp\surefire16208438471737257252 2023-12-07T15-25-45_811-jvmRun1 surefire-20231207152546160_1tmp surefire_0-20231207152546160_2tmp"/>
    <property name="jdk.debug" value="release"/>
    <property name="appender.console.filter.threshold.type" value="ThresholdFilter"/>
    <property name="maximumPerformanceMode" value="0"/>
    <property name="autoMaximizeBrowserWindow" value="true"/>
    <property name="extentReportsFolderPath" value="extent-reports/"/>
    <property name="java.specification.vendor" value="Oracle Corporation"/>
    <property name="java.version.date" value="2023-04-18"/>
    <property name="java.home" value="C:\Program Files\Java\jdk-17"/>
    <property name="attemptClearBeforeTypingUsingBackspace" value="false"/>
    <property name="testng.dtd.http" value="true"/>
    <property name="isMobileEmulation" value="false"/>
    <property name="basedir" value="C:\ProgramData\Jenkins\.jenkins\workspace\pipline_job"/>
    <property name="alwaysLogDiscreetly" value="false"/>
    <property name="java.specification.name" value="Java Platform API Specification"/>
    <property name="java.vm.specification.vendor" value="Oracle Corporation"/>
    <property name="browserStack.appName" value=""/>
    <property name="mobileEmulation.userAgent" value=""/>
    <property name="videoParams_recordVideo" value="false"/>
    <property name="assignee" value=""/>
    <property name="video.save.mode" value="ALL"/>
    <property name="rootLogger" value="debug, STDOUT, LOGFILE"/>
    <property name="waitImplicitly" value="true"/>
    <property name="user.script" value=""/>
    <property name="appender.file.layout.type" value="PatternLayout"/>
    <property name="sun.management.compiler" value="HotSpot 64-Bit Tiered Compilers"/>
    <property name="generateAllureReportArchive" value="false"/>
    <property name="java.runtime.version" value="17.0.7+8-LTS-224"/>
    <property name="appender.file.fileName" value="target/logs/log4j.log"/>
    <property name="browserStack.deviceName" value=""/>
    <property name="file.encoding" value="Cp1252"/>
    <property name="forceCheckForElementVisibility" value="true"/>
    <property name="capabilities.deviceQuery" value=""/>
    <property name="cleanAllureResultsDirectoryBeforeExecution" value="true"/>
    <property name="appender.file.filter.threshold.type" value="ThresholdFilter"/>
    <property name="java.io.tmpdir" value="C:\WINDOWS\TEMP\"/>
    <property name="databaseNetworkTimeout" value="30"/>
    <property name="reportPath" value="target/surefire-reports/testng-results.xml"/>
    <property name="java.version" value="17.0.7"/>
    <property name="java.vm.specification.name" value="Java Virtual Machine Specification"/>
    <property name="databaseLoginTimeout" value="30"/>
    <property name="dockerCommandTimeout" value="30"/>
    <property name="attemptsBeforeThrowingElementNotFoundException" value="30"/>
    <property name="implicitWaitTimeout" value="60"/>
    <property name="org.slf4j.simpleLogger.defaultLogLevel" value="info"/>
    <property name="native.encoding" value="Cp1252"/>
    <property name="java.library.path" value="C:\Program Files\Java\jdk-17\bin;C:\WINDOWS\Sun\Java\bin;C:\WINDOWS\system32;C:\WINDOWS;C:\ProgramData\Jenkins\.jenkins\tools\hudson.tasks.Maven_MavenInstallation\Maven_3.9.5/bin;C:\ProgramData\Jenkins\.jenkins\tools\hudson.tasks.Maven_MavenInstallation\Maven_3.9.5/bin;C:\Program Files\Common Files\Oracle\Java\javapath;C:\Windows\system32;C:\Windows;C:\Windows\System32\Wbem;C:\Windows\System32\WindowsPowerShell\v1.0\;C:\Windows\System32\OpenSSH\;C:\Program Files (x86)\NVIDIA Corporation\PhysX\Common;C:\Program Files\nodejs\;C:\WINDOWS\system32;C:\WINDOWS;C:\WINDOWS\System32\Wbem;C:\WINDOWS\System32\WindowsPowerShell\v1.0\;C:\WINDOWS\System32\OpenSSH\;C:\Program Files\Git\cmd;C:\Users\Foodics\AppData\Local\Android\Sdk\platform-tools;C:\Users\Foodics\AppData\Local\Android\Sdk\cmdline-tools\latest\bin;C:\Users\Foodics\AppData\Local\Android\Sdk\emulator\emulator;C:\Program Files\JetBrains\IntelliJ IDEA Community Edition 2023.1.2\plugins\maven\lib\maven3\bin;C:\Program Files\Java\jdk-17;;C:\Program Files\Docker\Docker\resources\bin;C:\Program Files\PowerShell\7\;C:\WINDOWS\system32\config\systemprofile\AppData\Local\Microsoft\WindowsApps;."/>
    <property name="java.vendor" value="Oracle Corporation"/>
    <property name="cucumber.execution.strict" value="true"/>
    <property name="screenshotParams_scalingFactor" value="1"/>
    <property name="sun.io.unicode.encoding" value="UnicodeLittle"/>
    <property name="maven.test.failure.ignore" value="true"/>
    <property name="executionAddress" value="local"/>
    <property name="apiConnectionManagerTimeout" value="30"/>
    <property name="browserObjectSingleton" value="false"/>
    <property name="screenshotParams_whenToTakeAScreenshot" value="Always"/>
    <property name="cucumber.features" value="src/test/resources/features"/>
    <property name="scriptExecutionTimeout" value="30"/>
    <property name="appender.console.filter.threshold.level" value="info"/>
    <property name="screenshotParams_highlightElements" value="true"/>
    <property name="MobileBrowserVersion" value=""/>
    <property name="sun.awt.enableExtraMouseButtons" value="true"/>
    <property name="user.timezone" value="Africa/Cairo"/>
    <property name="downloadsFolderPath" value="target/downloadedFiles/"/>
    <property name="java.vm.specification.version" value="17"/>
    <property name="mobileEmulation.pixelRatio" value=""/>
    <property name="os.name" value="Windows 11"/>
    <property name="mobile_appActivity" value=""/>
    <property name="mobile_app" value=""/>
    <property name="automaticallyAssertResponseStatusCode" value="true"/>
    <property name="surefire.test.class.path" value="C:\ProgramData\Jenkins\.jenkins\workspace\pipline_job\target\test-classes;C:\ProgramData\Jenkins\.jenkins\workspace\pipline_job\target\classes;C:\WINDOWS\system32\config\systemprofile\.m2\repository\org\json\json\20230618\json-20230618.jar;C:\WINDOWS\system32\config\systemprofile\.m2\repository\io\github\shafthq\SHAFT_ENGINE\7.4.20231015\SHAFT_ENGINE-7.4.20231015.jar;C:\WINDOWS\system32\config\systemprofile\.m2\repository\org\testng\testng\7.8.0\testng-7.8.0.jar;C:\WINDOWS\system32\config\systemprofile\.m2\repository\com\beust\jcommander\1.82\jcommander-1.82.jar;C:\WINDOWS\system32\config\systemprofile\.m2\repository\org\webjars\jquery\3.6.1\jquery-3.6.1.jar;C:\WINDOWS\system32\config\systemprofile\.m2\repository\org\junit\jupiter\junit-jupiter\5.10.0\junit-jupiter-5.10.0.jar;C:\WINDOWS\system32\config\systemprofile\.m2\repository\org\junit\jupiter\junit-jupiter-api\5.10.0\junit-jupiter-api-5.10.0.jar;C:\WINDOWS\system32\config\systemprofile\.m2\repository\org\opentest4j\opentest4j\1.3.0\opentest4j-1.3.0.jar;C:\WINDOWS\system32\config\systemprofile\.m2\repository\org\junit\platform\junit-platform-commons\1.10.0\junit-platform-commons-1.10.0.jar;C:\WINDOWS\system32\config\systemprofile\.m2\repository\org\junit\jupiter\junit-jupiter-params\5.10.0\junit-jupiter-params-5.10.0.jar;C:\WINDOWS\system32\config\systemprofile\.m2\repository\org\junit\jupiter\junit-jupiter-engine\5.10.0\junit-jupiter-engine-5.10.0.jar;C:\WINDOWS\system32\config\systemprofile\.m2\repository\org\junit\platform\junit-platform-launcher\1.10.0\junit-platform-launcher-1.10.0.jar;C:\WINDOWS\system32\config\systemprofile\.m2\repository\org\junit\platform\junit-platform-engine\1.10.0\junit-platform-engine-1.10.0.jar;C:\WINDOWS\system32\config\systemprofile\.m2\repository\org\apiguardian\apiguardian-api\1.1.2\apiguardian-api-1.1.2.jar;C:\WINDOWS\system32\config\systemprofile\.m2\repository\io\qameta\allure\allure-junit5\2.24.0\allure-junit5-2.24.0.jar;C:\WINDOWS\system32\config\systemprofile\.m2\repository\io\qameta\allure\allure-junit-platform\2.24.0\allure-junit-platform-2.24.0.jar;C:\WINDOWS\system32\config\systemprofile\.m2\repository\org\seleniumhq\selenium\selenium-java\4.13.0\selenium-java-4.13.0.jar;C:\WINDOWS\system32\config\systemprofile\.m2\repository\org\seleniumhq\selenium\selenium-api\4.13.0\selenium-api-4.13.0.jar;C:\WINDOWS\system32\config\systemprofile\.m2\repository\org\seleniumhq\selenium\selenium-chrome-driver\4.13.0\selenium-chrome-driver-4.13.0.jar;C:\WINDOWS\system32\config\systemprofile\.m2\repository\org\seleniumhq\selenium\selenium-chromium-driver\4.13.0\selenium-chromium-driver-4.13.0.jar;C:\WINDOWS\system32\config\systemprofile\.m2\repository\org\seleniumhq\selenium\selenium-json\4.13.0\selenium-json-4.13.0.jar;C:\WINDOWS\system32\config\systemprofile\.m2\repository\org\seleniumhq\selenium\selenium-manager\4.13.0\selenium-manager-4.13.0.jar;C:\WINDOWS\system32\config\systemprofile\.m2\repository\org\seleniumhq\selenium\selenium-devtools-v115\4.13.0\selenium-devtools-v115-4.13.0.jar;C:\WINDOWS\system32\config\systemprofile\.m2\repository\org\seleniumhq\selenium\selenium-devtools-v116\4.13.0\selenium-devtools-v116-4.13.0.jar;C:\WINDOWS\system32\config\systemprofile\.m2\repository\org\seleniumhq\selenium\selenium-devtools-v117\4.13.0\selenium-devtools-v117-4.13.0.jar;C:\WINDOWS\system32\config\systemprofile\.m2\repository\org\seleniumhq\selenium\selenium-devtools-v85\4.13.0\selenium-devtools-v85-4.13.0.jar;C:\WINDOWS\system32\config\systemprofile\.m2\repository\org\seleniumhq\selenium\selenium-edge-driver\4.13.0\selenium-edge-driver-4.13.0.jar;C:\WINDOWS\system32\config\systemprofile\.m2\repository\org\seleniumhq\selenium\selenium-firefox-driver\4.13.0\selenium-firefox-driver-4.13.0.jar;C:\WINDOWS\system32\config\systemprofile\.m2\repository\org\seleniumhq\selenium\selenium-ie-driver\4.13.0\selenium-ie-driver-4.13.0.jar;C:\WINDOWS\system32\config\systemprofile\.m2\repository\org\seleniumhq\selenium\selenium-remote-driver\4.13.0\selenium-remote-driver-4.13.0.jar;C:\WINDOWS\system32\config\systemprofile\.m2\repository\io\netty\netty-codec-http\4.1.96.Final\netty-codec-http-4.1.96.Final.jar;C:\WINDOWS\system32\config\systemprofile\.m2\repository\io\netty\netty-transport-classes-epoll\4.1.96.Final\netty-transport-classes-epoll-4.1.96.Final.jar;C:\WINDOWS\system32\config\systemprofile\.m2\repository\io\netty\netty-transport-classes-kqueue\4.1.96.Final\netty-transport-classes-kqueue-4.1.96.Final.jar;C:\WINDOWS\system32\config\systemprofile\.m2\repository\io\netty\netty-transport-native-epoll\4.1.96.Final\netty-transport-native-epoll-4.1.96.Final.jar;C:\WINDOWS\system32\config\systemprofile\.m2\repository\io\netty\netty-transport-native-kqueue\4.1.96.Final\netty-transport-native-kqueue-4.1.96.Final.jar;C:\WINDOWS\system32\config\systemprofile\.m2\repository\io\opentelemetry\opentelemetry-api\1.28.0\opentelemetry-api-1.28.0.jar;C:\WINDOWS\system32\config\systemprofile\.m2\repository\io\opentelemetry\opentelemetry-context\1.28.0\opentelemetry-context-1.28.0.jar;C:\WINDOWS\system32\config\systemprofile\.m2\repository\io\opentelemetry\opentelemetry-exporter-logging\1.28.0\opentelemetry-exporter-logging-1.28.0.jar;C:\WINDOWS\system32\config\systemprofile\.m2\repository\io\opentelemetry\opentelemetry-sdk-metrics\1.28.0\opentelemetry-sdk-metrics-1.28.0.jar;C:\WINDOWS\system32\config\systemprofile\.m2\repository\io\opentelemetry\opentelemetry-extension-incubator\1.28.0-alpha\opentelemetry-extension-incubator-1.28.0-alpha.jar;C:\WINDOWS\system32\config\systemprofile\.m2\repository\io\opentelemetry\opentelemetry-sdk-logs\1.28.0\opentelemetry-sdk-logs-1.28.0.jar;C:\WINDOWS\system32\config\systemprofile\.m2\repository\io\opentelemetry\opentelemetry-sdk-common\1.28.0\opentelemetry-sdk-common-1.28.0.jar;C:\WINDOWS\system32\config\systemprofile\.m2\repository\io\opentelemetry\opentelemetry-sdk-extension-autoconfigure-spi\1.28.0\opentelemetry-sdk-extension-autoconfigure-spi-1.28.0.jar;C:\WINDOWS\system32\config\systemprofile\.m2\repository\io\opentelemetry\opentelemetry-sdk-extension-autoconfigure\1.28.0\opentelemetry-sdk-extension-autoconfigure-1.28.0.jar;C:\WINDOWS\system32\config\systemprofile\.m2\repository\io\opentelemetry\opentelemetry-api-events\1.28.0-alpha\opentelemetry-api-events-1.28.0-alpha.jar;C:\WINDOWS\system32\config\systemprofile\.m2\repository\io\opentelemetry\opentelemetry-sdk-trace\1.28.0\opentelemetry-sdk-trace-1.28.0.jar;C:\WINDOWS\system32\config\systemprofile\.m2\repository\io\opentelemetry\opentelemetry-sdk\1.28.0\opentelemetry-sdk-1.28.0.jar;C:\WINDOWS\system32\config\systemprofile\.m2\repository\io\opentelemetry\opentelemetry-semconv\1.28.0-alpha\opentelemetry-semconv-1.28.0-alpha.jar;C:\WINDOWS\system32\config\systemprofile\.m2\repository\net\bytebuddy\byte-buddy\1.14.5\byte-buddy-1.14.5.jar;C:\WINDOWS\system32\config\systemprofile\.m2\repository\org\asynchttpclient\async-http-client\2.12.3\async-http-client-2.12.3.jar;C:\WINDOWS\system32\config\systemprofile\.m2\repository\org\asynchttpclient\async-http-client-netty-utils\2.12.3\async-http-client-netty-utils-2.12.3.jar;C:\WINDOWS\system32\config\systemprofile\.m2\repository\io\netty\netty-codec-socks\4.1.60.Final\netty-codec-socks-4.1.60.Final.jar;C:\WINDOWS\system32\config\systemprofile\.m2\repository\io\netty\netty-handler-proxy\4.1.60.Final\netty-handler-proxy-4.1.60.Final.jar;C:\WINDOWS\system32\config\systemprofile\.m2\repository\io\netty\netty-transport-native-epoll\4.1.60.Final\netty-transport-native-epoll-4.1.60.Final-linux-x86_64.jar;C:\WINDOWS\system32\config\systemprofile\.m2\repository\io\netty\netty-transport-native-kqueue\4.1.60.Final\netty-transport-native-kqueue-4.1.60.Final-osx-x86_64.jar;C:\WINDOWS\system32\config\systemprofile\.m2\repository\com\typesafe\netty\netty-reactive-streams\2.0.4\netty-reactive-streams-2.0.4.jar;C:\WINDOWS\system32\config\systemprofile\.m2\repository\com\sun\activation\jakarta.activation\1.2.2\jakarta.activation-1.2.2.jar;C:\WINDOWS\system32\config\systemprofile\.m2\repository\org\seleniumhq\selenium\selenium-os\4.13.0\selenium-os-4.13.0.jar;C:\WINDOWS\system32\config\systemprofile\.m2\repository\org\seleniumhq\selenium\selenium-safari-driver\4.13.0\selenium-safari-driver-4.13.0.jar;C:\WINDOWS\system32\config\systemprofile\.m2\repository\org\seleniumhq\selenium\selenium-support\4.13.0\selenium-support-4.13.0.jar;C:\WINDOWS\system32\config\systemprofile\.m2\repository\org\seleniumhq\selenium\selenium-http-jdk-client\4.13.0\selenium-http-jdk-client-4.13.0.jar;C:\WINDOWS\system32\config\systemprofile\.m2\repository\com\google\auto\service\auto-service-annotations\1.1.1\auto-service-annotations-1.1.1.jar;C:\WINDOWS\system32\config\systemprofile\.m2\repository\org\seleniumhq\selenium\selenium-http\4.13.0\selenium-http-4.13.0.jar;C:\WINDOWS\system32\config\systemprofile\.m2\repository\dev\failsafe\failsafe\3.3.2\failsafe-3.3.2.jar;C:\WINDOWS\system32\config\systemprofile\.m2\repository\io\netty\netty-handler\4.1.100.Final\netty-handler-4.1.100.Final.jar;C:\WINDOWS\system32\config\systemprofile\.m2\repository\io\netty\netty-common\4.1.100.Final\netty-common-4.1.100.Final.jar;C:\WINDOWS\system32\config\systemprofile\.m2\repository\io\netty\netty-resolver\4.1.100.Final\netty-resolver-4.1.100.Final.jar;C:\WINDOWS\system32\config\systemprofile\.m2\repository\io\netty\netty-buffer\4.1.100.Final\netty-buffer-4.1.100.Final.jar;C:\WINDOWS\system32\config\systemprofile\.m2\repository\io\netty\netty-transport\4.1.100.Final\netty-transport-4.1.100.Final.jar;C:\WINDOWS\system32\config\systemprofile\.m2\repository\io\netty\netty-transport-native-unix-common\4.1.100.Final\netty-transport-native-unix-common-4.1.100.Final.jar;C:\WINDOWS\system32\config\systemprofile\.m2\repository\io\netty\netty-codec\4.1.100.Final\netty-codec-4.1.100.Final.jar;C:\WINDOWS\system32\config\systemprofile\.m2\repository\io\appium\java-client\8.6.0\java-client-8.6.0.jar;C:\WINDOWS\system32\config\systemprofile\.m2\repository\com\google\code\gson\gson\2.10.1\gson-2.10.1.jar;C:\WINDOWS\system32\config\systemprofile\.m2\repository\commons-io\commons-io\2.14.0\commons-io-2.14.0.jar;C:\WINDOWS\system32\config\systemprofile\.m2\repository\io\github\bonigarcia\webdrivermanager\5.5.3\webdrivermanager-5.5.3.jar;C:\WINDOWS\system32\config\systemprofile\.m2\repository\com\github\docker-java\docker-java\3.3.3\docker-java-3.3.3.jar;C:\WINDOWS\system32\config\systemprofile\.m2\repository\com\github\docker-java\docker-java-core\3.3.3\docker-java-core-3.3.3.jar;C:\WINDOWS\system32\config\systemprofile\.m2\repository\com\github\docker-java\docker-java-api\3.3.3\docker-java-api-3.3.3.jar;C:\WINDOWS\system32\config\systemprofile\.m2\repository\org\bouncycastle\bcpkix-jdk18on\1.75\bcpkix-jdk18on-1.75.jar;C:\WINDOWS\system32\config\systemprofile\.m2\repository\org\bouncycastle\bcprov-jdk18on\1.75\bcprov-jdk18on-1.75.jar;C:\WINDOWS\system32\config\systemprofile\.m2\repository\org\bouncycastle\bcutil-jdk18on\1.75\bcutil-jdk18on-1.75.jar;C:\WINDOWS\system32\config\systemprofile\.m2\repository\org\slf4j\jcl-over-slf4j\1.7.30\jcl-over-slf4j-1.7.30.jar;C:\WINDOWS\system32\config\systemprofile\.m2\repository\com\github\docker-java\docker-java-transport-httpclient5\3.3.3\docker-java-transport-httpclient5-3.3.3.jar;C:\WINDOWS\system32\config\systemprofile\.m2\repository\com\github\docker-java\docker-java-transport\3.3.3\docker-java-transport-3.3.3.jar;C:\WINDOWS\system32\config\systemprofile\.m2\repository\net\java\dev\jna\jna\5.12.1\jna-5.12.1.jar;C:\WINDOWS\system32\config\systemprofile\.m2\repository\org\brotli\dec\0.1.2\dec-0.1.2.jar;C:\WINDOWS\system32\config\systemprofile\.m2\repository\org\apache\httpcomponents\client5\httpclient5\5.2.1\httpclient5-5.2.1.jar;C:\WINDOWS\system32\config\systemprofile\.m2\repository\org\apache\httpcomponents\core5\httpcore5\5.2\httpcore5-5.2.jar;C:\WINDOWS\system32\config\systemprofile\.m2\repository\org\apache\httpcomponents\core5\httpcore5-h2\5.2\httpcore5-h2-5.2.jar;C:\WINDOWS\system32\config\systemprofile\.m2\repository\io\cucumber\cucumber-java\7.14.0\cucumber-java-7.14.0.jar;C:\WINDOWS\system32\config\systemprofile\.m2\repository\io\cucumber\cucumber-core\7.14.0\cucumber-core-7.14.0.jar;C:\WINDOWS\system32\config\systemprofile\.m2\repository\io\cucumber\cucumber-gherkin\7.14.0\cucumber-gherkin-7.14.0.jar;C:\WINDOWS\system32\config\systemprofile\.m2\repository\io\cucumber\cucumber-gherkin-messages\7.14.0\cucumber-gherkin-messages-7.14.0.jar;C:\WINDOWS\system32\config\systemprofile\.m2\repository\io\cucumber\gherkin\26.2.0\gherkin-26.2.0.jar;C:\WINDOWS\system32\config\systemprofile\.m2\repository\io\cucumber\messages\22.0.0\messages-22.0.0.jar;C:\WINDOWS\system32\config\systemprofile\.m2\repository\io\cucumber\tag-expressions\5.0.6\tag-expressions-5.0.6.jar;C:\WINDOWS\system32\config\systemprofile\.m2\repository\io\cucumber\cucumber-expressions\16.1.2\cucumber-expressions-16.1.2.jar;C:\WINDOWS\system32\config\systemprofile\.m2\repository\io\cucumber\datatable\7.14.0\datatable-7.14.0.jar;C:\WINDOWS\system32\config\systemprofile\.m2\repository\io\cucumber\cucumber-plugin\7.14.0\cucumber-plugin-7.14.0.jar;C:\WINDOWS\system32\config\systemprofile\.m2\repository\io\cucumber\docstring\7.14.0\docstring-7.14.0.jar;C:\WINDOWS\system32\config\systemprofile\.m2\repository\io\cucumber\html-formatter\20.4.0\html-formatter-20.4.0.jar;C:\WINDOWS\system32\config\systemprofile\.m2\repository\io\cucumber\junit-xml-formatter\0.2.0\junit-xml-formatter-0.2.0.jar;C:\WINDOWS\system32\config\systemprofile\.m2\repository\io\cucumber\ci-environment\9.2.0\ci-environment-9.2.0.jar;C:\WINDOWS\system32\config\systemprofile\.m2\repository\io\cucumber\cucumber-testng\7.14.0\cucumber-testng-7.14.0.jar;C:\WINDOWS\system32\config\systemprofile\.m2\repository\io\cucumber\cucumber-picocontainer\7.14.0\cucumber-picocontainer-7.14.0.jar;C:\WINDOWS\system32\config\systemprofile\.m2\repository\org\picocontainer\picocontainer\2.15\picocontainer-2.15.jar;C:\WINDOWS\system32\config\systemprofile\.m2\repository\org\apache\poi\poi\5.2.4\poi-5.2.4.jar;C:\WINDOWS\system32\config\systemprofile\.m2\repository\commons-codec\commons-codec\1.16.0\commons-codec-1.16.0.jar;C:\WINDOWS\system32\config\systemprofile\.m2\repository\org\apache\commons\commons-collections4\4.4\commons-collections4-4.4.jar;C:\WINDOWS\system32\config\systemprofile\.m2\repository\org\apache\commons\commons-math3\3.6.1\commons-math3-3.6.1.jar;C:\WINDOWS\system32\config\systemprofile\.m2\repository\com\zaxxer\SparseBitSet\1.3\SparseBitSet-1.3.jar;C:\WINDOWS\system32\config\systemprofile\.m2\repository\org\apache\logging\log4j\log4j-api\2.20.0\log4j-api-2.20.0.jar;C:\WINDOWS\system32\config\systemprofile\.m2\repository\org\apache\poi\poi-ooxml\5.2.4\poi-ooxml-5.2.4.jar;C:\WINDOWS\system32\config\systemprofile\.m2\repository\org\apache\poi\poi-ooxml-lite\5.2.4\poi-ooxml-lite-5.2.4.jar;C:\WINDOWS\system32\config\systemprofile\.m2\repository\org\apache\xmlbeans\xmlbeans\5.1.1\xmlbeans-5.1.1.jar;C:\WINDOWS\system32\config\systemprofile\.m2\repository\org\apache\commons\commons-compress\1.24.0\commons-compress-1.24.0.jar;C:\WINDOWS\system32\config\systemprofile\.m2\repository\com\github\virtuald\curvesapi\1.08\curvesapi-1.08.jar;C:\WINDOWS\system32\config\systemprofile\.m2\repository\io\qameta\allure\allure-testng\2.24.0\allure-testng-2.24.0.jar;C:\WINDOWS\system32\config\systemprofile\.m2\repository\io\qameta\allure\allure-test-filter\2.24.0\allure-test-filter-2.24.0.jar;C:\WINDOWS\system32\config\systemprofile\.m2\repository\io\qameta\allure\allure-java-commons\2.24.0\allure-java-commons-2.24.0.jar;C:\WINDOWS\system32\config\systemprofile\.m2\repository\io\qameta\allure\allure-model\2.24.0\allure-model-2.24.0.jar;C:\WINDOWS\system32\config\systemprofile\.m2\repository\io\qameta\allure\allure-cucumber7-jvm\2.24.0\allure-cucumber7-jvm-2.24.0.jar;C:\WINDOWS\system32\config\systemprofile\.m2\repository\org\aspectj\aspectjweaver\1.9.20.1\aspectjweaver-1.9.20.1.jar;C:\WINDOWS\system32\config\systemprofile\.m2\repository\com\aventstack\extentreports\5.1.0\extentreports-5.1.0.jar;C:\WINDOWS\system32\config\systemprofile\.m2\repository\io\reactivex\rxjava3\rxjava\3.1.6\rxjava-3.1.6.jar;C:\WINDOWS\system32\config\systemprofile\.m2\repository\org\reactivestreams\reactive-streams\1.0.4\reactive-streams-1.0.4.jar;C:\WINDOWS\system32\config\systemprofile\.m2\repository\org\freemarker\freemarker\2.3.32\freemarker-2.3.32.jar;C:\WINDOWS\system32\config\systemprofile\.m2\repository\org\apache\pdfbox\pdfbox\2.0.29\pdfbox-2.0.29.jar;C:\WINDOWS\system32\config\systemprofile\.m2\repository\org\apache\pdfbox\fontbox\2.0.29\fontbox-2.0.29.jar;C:\WINDOWS\system32\config\systemprofile\.m2\repository\commons-logging\commons-logging\1.2\commons-logging-1.2.jar;C:\WINDOWS\system32\config\systemprofile\.m2\repository\io\rest-assured\rest-assured\5.3.2\rest-assured-5.3.2.jar;C:\WINDOWS\system32\config\systemprofile\.m2\repository\org\apache\groovy\groovy\4.0.11\groovy-4.0.11.jar;C:\WINDOWS\system32\config\systemprofile\.m2\repository\org\apache\groovy\groovy-xml\4.0.11\groovy-xml-4.0.11.jar;C:\WINDOWS\system32\config\systemprofile\.m2\repository\org\apache\httpcomponents\httpclient\4.5.13\httpclient-4.5.13.jar;C:\WINDOWS\system32\config\systemprofile\.m2\repository\org\apache\httpcomponents\httpcore\4.4.13\httpcore-4.4.13.jar;C:\WINDOWS\system32\config\systemprofile\.m2\repository\org\apache\httpcomponents\httpmime\4.5.13\httpmime-4.5.13.jar;C:\WINDOWS\system32\config\systemprofile\.m2\repository\org\hamcrest\hamcrest\2.2\hamcrest-2.2.jar;C:\WINDOWS\system32\config\systemprofile\.m2\repository\org\ccil\cowan\tagsoup\tagsoup\1.2.1\tagsoup-1.2.1.jar;C:\WINDOWS\system32\config\systemprofile\.m2\repository\io\rest-assured\json-path\5.3.2\json-path-5.3.2.jar;C:\WINDOWS\system32\config\systemprofile\.m2\repository\org\apache\groovy\groovy-json\4.0.11\groovy-json-4.0.11.jar;C:\WINDOWS\system32\config\systemprofile\.m2\repository\io\rest-assured\rest-assured-common\5.3.2\rest-assured-common-5.3.2.jar;C:\WINDOWS\system32\config\systemprofile\.m2\repository\io\rest-assured\xml-path\5.3.2\xml-path-5.3.2.jar;C:\WINDOWS\system32\config\systemprofile\.m2\repository\com\googlecode\json-simple\json-simple\1.1.1\json-simple-1.1.1.jar;C:\WINDOWS\system32\config\systemprofile\.m2\repository\com\jayway\jsonpath\json-path\2.8.0\json-path-2.8.0.jar;C:\WINDOWS\system32\config\systemprofile\.m2\repository\net\minidev\json-smart\2.4.10\json-smart-2.4.10.jar;C:\WINDOWS\system32\config\systemprofile\.m2\repository\net\minidev\accessors-smart\2.4.9\accessors-smart-2.4.9.jar;C:\WINDOWS\system32\config\systemprofile\.m2\repository\org\skyscreamer\jsonassert\1.5.1\jsonassert-1.5.1.jar;C:\WINDOWS\system32\config\systemprofile\.m2\repository\com\vaadin\external\google\android-json\0.0.20131108.vaadin1\android-json-0.0.20131108.vaadin1.jar;C:\WINDOWS\system32\config\systemprofile\.m2\repository\eu\medsea\mimeutil\mime-util\2.1.3\mime-util-2.1.3.jar;C:\WINDOWS\system32\config\systemprofile\.m2\repository\io\rest-assured\json-schema-validator\5.3.2\json-schema-validator-5.3.2.jar;C:\WINDOWS\system32\config\systemprofile\.m2\repository\com\github\java-json-tools\json-schema-validator\2.2.14\json-schema-validator-2.2.14.jar;C:\WINDOWS\system32\config\systemprofile\.m2\repository\com\github\java-json-tools\jackson-coreutils-equivalence\1.0\jackson-coreutils-equivalence-1.0.jar;C:\WINDOWS\system32\config\systemprofile\.m2\repository\com\github\java-json-tools\jackson-coreutils\2.0\jackson-coreutils-2.0.jar;C:\WINDOWS\system32\config\systemprofile\.m2\repository\com\github\java-json-tools\msg-simple\1.2\msg-simple-1.2.jar;C:\WINDOWS\system32\config\systemprofile\.m2\repository\com\github\java-json-tools\btf\1.3\btf-1.3.jar;C:\WINDOWS\system32\config\systemprofile\.m2\repository\com\github\java-json-tools\json-schema-core\1.2.14\json-schema-core-1.2.14.jar;C:\WINDOWS\system32\config\systemprofile\.m2\repository\com\github\java-json-tools\uri-template\0.10\uri-template-0.10.jar;C:\WINDOWS\system32\config\systemprofile\.m2\repository\org\mozilla\rhino\1.7.7.2\rhino-1.7.7.2.jar;C:\WINDOWS\system32\config\systemprofile\.m2\repository\com\sun\mail\mailapi\1.6.2\mailapi-1.6.2.jar;C:\WINDOWS\system32\config\systemprofile\.m2\repository\joda-time\joda-time\2.10.5\joda-time-2.10.5.jar;C:\WINDOWS\system32\config\systemprofile\.m2\repository\com\googlecode\libphonenumber\libphonenumber\8.11.1\libphonenumber-8.11.1.jar;C:\WINDOWS\system32\config\systemprofile\.m2\repository\net\sf\jopt-simple\jopt-simple\5.0.4\jopt-simple-5.0.4.jar;C:\WINDOWS\system32\config\systemprofile\.m2\repository\com\fasterxml\jackson\datatype\jackson-datatype-jdk8\2.15.2\jackson-datatype-jdk8-2.15.2.jar;C:\WINDOWS\system32\config\systemprofile\.m2\repository\com\fasterxml\jackson\core\jackson-core\2.15.2\jackson-core-2.15.2.jar;C:\WINDOWS\system32\config\systemprofile\.m2\repository\com\fasterxml\jackson\core\jackson-databind\2.15.2\jackson-databind-2.15.2.jar;C:\WINDOWS\system32\config\systemprofile\.m2\repository\com\fasterxml\jackson\core\jackson-annotations\2.15.2\jackson-annotations-2.15.2.jar;C:\WINDOWS\system32\config\systemprofile\.m2\repository\com\applitools\eyes-images-java4\4.14.0\eyes-images-java4-4.14.0.jar;C:\WINDOWS\system32\config\systemprofile\.m2\repository\com\applitools\eyes-common-java4\4.14.0\eyes-common-java4-4.14.0.jar;C:\WINDOWS\system32\config\systemprofile\.m2\repository\org\imgscalr\imgscalr-lib\4.2\imgscalr-lib-4.2.jar;C:\WINDOWS\system32\config\systemprofile\.m2\repository\com\helger\ph-css\6.1.1\ph-css-6.1.1.jar;C:\WINDOWS\system32\config\systemprofile\.m2\repository\com\helger\ph-commons\9.0.2\ph-commons-9.0.2.jar;C:\WINDOWS\system32\config\systemprofile\.m2\repository\com\applitools\eyes-sdk-core-java4\4.14.0\eyes-sdk-core-java4-4.14.0.jar;C:\WINDOWS\system32\config\systemprofile\.m2\repository\com\applitools\eyes-connectivity-java4-jersey2x\4.14.0\eyes-connectivity-java4-jersey2x-4.14.0.jar;C:\WINDOWS\system32\config\systemprofile\.m2\repository\org\glassfish\jersey\connectors\jersey-apache-connector\2.16\jersey-apache-connector-2.16.jar;C:\WINDOWS\system32\config\systemprofile\.m2\repository\org\glassfish\jersey\core\jersey-common\2.16\jersey-common-2.16.jar;C:\WINDOWS\system32\config\systemprofile\.m2\repository\javax\annotation\javax.annotation-api\1.2\javax.annotation-api-1.2.jar;C:\WINDOWS\system32\config\systemprofile\.m2\repository\org\glassfish\jersey\bundles\repackaged\jersey-guava\2.16\jersey-guava-2.16.jar;C:\WINDOWS\system32\config\systemprofile\.m2\repository\org\glassfish\hk2\osgi-resource-locator\1.0.1\osgi-resource-locator-1.0.1.jar;C:\WINDOWS\system32\config\systemprofile\.m2\repository\javax\ws\rs\javax.ws.rs-api\2.0.1\javax.ws.rs-api-2.0.1.jar;C:\WINDOWS\system32\config\systemprofile\.m2\repository\org\glassfish\jersey\core\jersey-client\2.16\jersey-client-2.16.jar;C:\WINDOWS\system32\config\systemprofile\.m2\repository\org\glassfish\hk2\hk2-api\2.4.0-b09\hk2-api-2.4.0-b09.jar;C:\WINDOWS\system32\config\systemprofile\.m2\repository\org\glassfish\hk2\hk2-utils\2.4.0-b09\hk2-utils-2.4.0-b09.jar;C:\WINDOWS\system32\config\systemprofile\.m2\repository\org\glassfish\hk2\external\aopalliance-repackaged\2.4.0-b09\aopalliance-repackaged-2.4.0-b09.jar;C:\WINDOWS\system32\config\systemprofile\.m2\repository\org\glassfish\hk2\external\javax.inject\2.4.0-b09\javax.inject-2.4.0-b09.jar;C:\WINDOWS\system32\config\systemprofile\.m2\repository\org\glassfish\hk2\hk2-locator\2.4.0-b09\hk2-locator-2.4.0-b09.jar;C:\WINDOWS\system32\config\systemprofile\.m2\repository\org\openpnp\opencv\4.7.0-0\opencv-4.7.0-0.jar;C:\WINDOWS\system32\config\systemprofile\.m2\repository\com\sikulix\sikulixapi\2.0.5\sikulixapi-2.0.5.jar;C:\WINDOWS\system32\config\systemprofile\.m2\repository\org\python\jython-slim\2.7.2\jython-slim-2.7.2.jar;C:\WINDOWS\system32\config\systemprofile\.m2\repository\org\antlr\antlr\3.5.2\antlr-3.5.2.jar;C:\WINDOWS\system32\config\systemprofile\.m2\repository\org\antlr\ST4\4.0.8\ST4-4.0.8.jar;C:\WINDOWS\system32\config\systemprofile\.m2\repository\javax\servlet\javax.servlet-api\3.1.0\javax.servlet-api-3.1.0.jar;C:\WINDOWS\system32\config\systemprofile\.m2\repository\org\antlr\antlr-runtime\3.5.2\antlr-runtime-3.5.2.jar;C:\WINDOWS\system32\config\systemprofile\.m2\repository\org\bouncycastle\bcpkix-jdk15on\1.62\bcpkix-jdk15on-1.62.jar;C:\WINDOWS\system32\config\systemprofile\.m2\repository\org\bouncycastle\bcprov-jdk15on\1.62\bcprov-jdk15on-1.62.jar;C:\WINDOWS\system32\config\systemprofile\.m2\repository\org\ow2\asm\asm\7.1\asm-7.1.jar;C:\WINDOWS\system32\config\systemprofile\.m2\repository\org\ow2\asm\asm-commons\7.1\asm-commons-7.1.jar;C:\WINDOWS\system32\config\systemprofile\.m2\repository\org\ow2\asm\asm-analysis\7.1\asm-analysis-7.1.jar;C:\WINDOWS\system32\config\systemprofile\.m2\repository\org\ow2\asm\asm-util\7.1\asm-util-7.1.jar;C:\WINDOWS\system32\config\systemprofile\.m2\repository\com\ibm\icu\icu4j\59.1\icu4j-59.1.jar;C:\WINDOWS\system32\config\systemprofile\.m2\repository\com\carrotsearch\java-sizeof\0.0.5\java-sizeof-0.0.5.jar;C:\WINDOWS\system32\config\systemprofile\.m2\repository\com\github\jnr\jffi\1.2.20\jffi-1.2.20.jar;C:\WINDOWS\system32\config\systemprofile\.m2\repository\com\github\jnr\jnr-netdb\1.1.6\jnr-netdb-1.1.6.jar;C:\WINDOWS\system32\config\systemprofile\.m2\repository\com\github\jnr\jnr-ffi\2.1.10\jnr-ffi-2.1.10.jar;C:\WINDOWS\system32\config\systemprofile\.m2\repository\com\github\jnr\jffi\1.2.19\jffi-1.2.19-native.jar;C:\WINDOWS\system32\config\systemprofile\.m2\repository\com\github\jnr\jnr-a64asm\1.0.0\jnr-a64asm-1.0.0.jar;C:\WINDOWS\system32\config\systemprofile\.m2\repository\com\github\jnr\jnr-x86asm\1.0.2\jnr-x86asm-1.0.2.jar;C:\WINDOWS\system32\config\systemprofile\.m2\repository\com\github\jnr\jnr-posix\3.0.50\jnr-posix-3.0.50.jar;C:\WINDOWS\system32\config\systemprofile\.m2\repository\com\github\jnr\jnr-constants\0.9.12\jnr-constants-0.9.12.jar;C:\WINDOWS\system32\config\systemprofile\.m2\repository\jline\jline\2.14.5\jline-2.14.5.jar;C:\WINDOWS\system32\config\systemprofile\.m2\repository\org\apache\ant\ant\1.9.7\ant-1.9.7.jar;C:\WINDOWS\system32\config\systemprofile\.m2\repository\org\apache\ant\ant-launcher\1.9.7\ant-launcher-1.9.7.jar;C:\WINDOWS\system32\config\systemprofile\.m2\repository\com\sikulix\sikulix2tigervnc\1.1.4\sikulix2tigervnc-1.1.4.jar;C:\WINDOWS\system32\config\systemprofile\.m2\repository\commons-cli\commons-cli\1.4\commons-cli-1.4.jar;C:\WINDOWS\system32\config\systemprofile\.m2\repository\org\apache\commons\commons-exec\1.3\commons-exec-1.3.jar;C:\WINDOWS\system32\config\systemprofile\.m2\repository\net\java\dev\jna\jna-platform\5.6.0\jna-platform-5.6.0.jar;C:\WINDOWS\system32\config\systemprofile\.m2\repository\net\oneandone\reflections8\reflections8\0.11.6\reflections8-0.11.6.jar;C:\WINDOWS\system32\config\systemprofile\.m2\repository\org\javassist\javassist\3.22.0-GA\javassist-3.22.0-GA.jar;C:\WINDOWS\system32\config\systemprofile\.m2\repository\net\sourceforge\tess4j\tess4j\4.5.4\tess4j-4.5.4.jar;C:\WINDOWS\system32\config\systemprofile\.m2\repository\com\github\jai-imageio\jai-imageio-core\1.4.0\jai-imageio-core-1.4.0.jar;C:\WINDOWS\system32\config\systemprofile\.m2\repository\org\ghost4j\ghost4j\1.0.1\ghost4j-1.0.1.jar;C:\WINDOWS\system32\config\systemprofile\.m2\repository\commons-beanutils\commons-beanutils\1.9.2\commons-beanutils-1.9.2.jar;C:\WINDOWS\system32\config\systemprofile\.m2\repository\commons-collections\commons-collections\3.2.1\commons-collections-3.2.1.jar;C:\WINDOWS\system32\config\systemprofile\.m2\repository\org\apache\xmlgraphics\xmlgraphics-commons\1.4\xmlgraphics-commons-1.4.jar;C:\WINDOWS\system32\config\systemprofile\.m2\repository\com\lowagie\itext\2.1.7\itext-2.1.7.jar;C:\WINDOWS\system32\config\systemprofile\.m2\repository\org\apache\pdfbox\pdfbox-tools\2.0.21\pdfbox-tools-2.0.21.jar;C:\WINDOWS\system32\config\systemprofile\.m2\repository\org\apache\pdfbox\pdfbox-debugger\2.0.21\pdfbox-debugger-2.0.21.jar;C:\WINDOWS\system32\config\systemprofile\.m2\repository\org\apache\pdfbox\jbig2-imageio\3.0.3\jbig2-imageio-3.0.3.jar;C:\WINDOWS\system32\config\systemprofile\.m2\repository\net\sourceforge\lept4j\lept4j\1.13.2\lept4j-1.13.2.jar;C:\WINDOWS\system32\config\systemprofile\.m2\repository\org\jboss\jboss-vfs\3.2.15.Final\jboss-vfs-3.2.15.Final.jar;C:\WINDOWS\system32\config\systemprofile\.m2\repository\org\jboss\logging\jboss-logging\3.1.4.GA\jboss-logging-3.1.4.GA.jar;C:\WINDOWS\system32\config\systemprofile\.m2\repository\net\sf\py4j\py4j\0.10.9.1\py4j-0.10.9.1.jar;C:\WINDOWS\system32\config\systemprofile\.m2\repository\com\epam\healenium\healenium-web\3.4.6\healenium-web-3.4.6.jar;C:\WINDOWS\system32\config\systemprofile\.m2\repository\com\typesafe\config\1.4.2\config-1.4.2.jar;C:\WINDOWS\system32\config\systemprofile\.m2\repository\com\epam\healenium\tree-comparing\0.4.12\tree-comparing-0.4.12.jar;C:\WINDOWS\system32\config\systemprofile\.m2\repository\org\apache\commons\commons-text\1.10.0\commons-text-1.10.0.jar;C:\WINDOWS\system32\config\systemprofile\.m2\repository\com\squareup\okhttp3\okhttp\4.9.3\okhttp-4.9.3.jar;C:\WINDOWS\system32\config\systemprofile\.m2\repository\com\squareup\okio\okio\2.8.0\okio-2.8.0.jar;C:\WINDOWS\system32\config\systemprofile\.m2\repository\org\jetbrains\kotlin\kotlin-stdlib-common\1.4.0\kotlin-stdlib-common-1.4.0.jar;C:\WINDOWS\system32\config\systemprofile\.m2\repository\org\jetbrains\kotlin\kotlin-stdlib\1.4.10\kotlin-stdlib-1.4.10.jar;C:\WINDOWS\system32\config\systemprofile\.m2\repository\com\squareup\okhttp3\logging-interceptor\4.10.0\logging-interceptor-4.10.0.jar;C:\WINDOWS\system32\config\systemprofile\.m2\repository\org\jetbrains\kotlin\kotlin-stdlib-jdk8\1.6.10\kotlin-stdlib-jdk8-1.6.10.jar;C:\WINDOWS\system32\config\systemprofile\.m2\repository\org\jetbrains\kotlin\kotlin-stdlib-jdk7\1.6.10\kotlin-stdlib-jdk7-1.6.10.jar;C:\WINDOWS\system32\config\systemprofile\.m2\repository\org\mapstruct\mapstruct\1.4.2.Final\mapstruct-1.4.2.Final.jar;C:\WINDOWS\system32\config\systemprofile\.m2\repository\one\util\streamex\0.8.1\streamex-0.8.1.jar;C:\WINDOWS\system32\config\systemprofile\.m2\repository\org\mapstruct\mapstruct-processor\1.4.2.Final\mapstruct-processor-1.4.2.Final.jar;C:\WINDOWS\system32\config\systemprofile\.m2\repository\com\assertthat\selenium-shutterbug\1.6\selenium-shutterbug-1.6.jar;C:\WINDOWS\system32\config\systemprofile\.m2\repository\com\github\zafarkhaja\java-semver\0.9.0\java-semver-0.9.0.jar;C:\WINDOWS\system32\config\systemprofile\.m2\repository\com\jcraft\jsch\0.1.55\jsch-0.1.55.jar;C:\WINDOWS\system32\config\systemprofile\.m2\repository\com\mysql\mysql-connector-j\8.1.0\mysql-connector-j-8.1.0.jar;C:\WINDOWS\system32\config\systemprofile\.m2\repository\com\google\protobuf\protobuf-java\3.21.9\protobuf-java-3.21.9.jar;C:\WINDOWS\system32\config\systemprofile\.m2\repository\com\microsoft\sqlserver\mssql-jdbc\9.4.1.jre16-preview\mssql-jdbc-9.4.1.jre16-preview.jar;C:\WINDOWS\system32\config\systemprofile\.m2\repository\postgresql\postgresql\9.1-901-1.jdbc4\postgresql-9.1-901-1.jdbc4.jar;C:\WINDOWS\system32\config\systemprofile\.m2\repository\com\ibm\db2\jcc\db2jcc\db2jcc4\db2jcc-db2jcc4.jar;C:\WINDOWS\system32\config\systemprofile\.m2\repository\ws\schild\jave-all-deps\3.3.1\jave-all-deps-3.3.1.jar;C:\WINDOWS\system32\config\systemprofile\.m2\repository\ws\schild\jave-core\3.3.1\jave-core-3.3.1.jar;C:\WINDOWS\system32\config\systemprofile\.m2\repository\ws\schild\jave-nativebin-win32\3.3.1\jave-nativebin-win32-3.3.1.jar;C:\WINDOWS\system32\config\systemprofile\.m2\repository\ws\schild\jave-nativebin-win64\3.3.1\jave-nativebin-win64-3.3.1.jar;C:\WINDOWS\system32\config\systemprofile\.m2\repository\ws\schild\jave-nativebin-linux32\3.3.1\jave-nativebin-linux32-3.3.1.jar;C:\WINDOWS\system32\config\systemprofile\.m2\repository\ws\schild\jave-nativebin-linux64\3.3.1\jave-nativebin-linux64-3.3.1.jar;C:\WINDOWS\system32\config\systemprofile\.m2\repository\ws\schild\jave-nativebin-osx64\3.3.1\jave-nativebin-osx64-3.3.1.jar;C:\WINDOWS\system32\config\systemprofile\.m2\repository\ws\schild\jave-nativebin-osxm1\3.3.1\jave-nativebin-osxm1-3.3.1.jar;C:\WINDOWS\system32\config\systemprofile\.m2\repository\ws\schild\jave-nativebin-linux-arm32\3.3.1\jave-nativebin-linux-arm32-3.3.1.jar;C:\WINDOWS\system32\config\systemprofile\.m2\repository\ws\schild\jave-nativebin-linux-arm64\3.3.1\jave-nativebin-linux-arm64-3.3.1.jar;C:\WINDOWS\system32\config\systemprofile\.m2\repository\com\automation-remarks\video-recorder-testng\2.0\video-recorder-testng-2.0.jar;C:\WINDOWS\system32\config\systemprofile\.m2\repository\com\automation-remarks\video-recorder-core\2.0\video-recorder-core-2.0.jar;C:\WINDOWS\system32\config\systemprofile\.m2\repository\org\zeroturnaround\zt-exec\1.10\zt-exec-1.10.jar;C:\WINDOWS\system32\config\systemprofile\.m2\repository\org\awaitility\awaitility\3.1.6\awaitility-3.1.6.jar;C:\WINDOWS\system32\config\systemprofile\.m2\repository\org\hamcrest\hamcrest-library\1.3\hamcrest-library-1.3.jar;C:\WINDOWS\system32\config\systemprofile\.m2\repository\org\hamcrest\hamcrest-core\1.3\hamcrest-core-1.3.jar;C:\WINDOWS\system32\config\systemprofile\.m2\repository\org\objenesis\objenesis\2.6\objenesis-2.6.jar;C:\WINDOWS\system32\config\systemprofile\.m2\repository\org\apache\logging\log4j\log4j-slf4j2-impl\2.20.0\log4j-slf4j2-impl-2.20.0.jar;C:\WINDOWS\system32\config\systemprofile\.m2\repository\org\slf4j\slf4j-api\2.0.6\slf4j-api-2.0.6.jar;C:\WINDOWS\system32\config\systemprofile\.m2\repository\org\apache\logging\log4j\log4j-core\2.20.0\log4j-core-2.20.0.jar;C:\WINDOWS\system32\config\systemprofile\.m2\repository\org\apache\logging\log4j\log4j-1.2-api\2.20.0\log4j-1.2-api-2.20.0.jar;C:\WINDOWS\system32\config\systemprofile\.m2\repository\com\google\guava\guava\32.1.3-jre\guava-32.1.3-jre.jar;C:\WINDOWS\system32\config\systemprofile\.m2\repository\com\google\guava\failureaccess\1.0.1\failureaccess-1.0.1.jar;C:\WINDOWS\system32\config\systemprofile\.m2\repository\com\google\guava\listenablefuture\9999.0-empty-to-avoid-conflict-with-guava\listenablefuture-9999.0-empty-to-avoid-conflict-with-guava.jar;C:\WINDOWS\system32\config\systemprofile\.m2\repository\com\google\code\findbugs\jsr305\3.0.2\jsr305-3.0.2.jar;C:\WINDOWS\system32\config\systemprofile\.m2\repository\org\checkerframework\checker-qual\3.37.0\checker-qual-3.37.0.jar;C:\WINDOWS\system32\config\systemprofile\.m2\repository\com\google\errorprone\error_prone_annotations\2.21.1\error_prone_annotations-2.21.1.jar;C:\WINDOWS\system32\config\systemprofile\.m2\repository\com\google\j2objc\j2objc-annotations\2.8\j2objc-annotations-2.8.jar;C:\WINDOWS\system32\config\systemprofile\.m2\repository\org\projectlombok\lombok\1.18.30\lombok-1.18.30.jar;C:\WINDOWS\system32\config\systemprofile\.m2\repository\com\google\crypto\tink\tink\1.11.0\tink-1.11.0.jar;C:\WINDOWS\system32\config\systemprofile\.m2\repository\com\google\crypto\tink\tink-awskms\1.9.1\tink-awskms-1.9.1.jar;C:\WINDOWS\system32\config\systemprofile\.m2\repository\com\amazonaws\aws-java-sdk-core\1.12.182\aws-java-sdk-core-1.12.182.jar;C:\WINDOWS\system32\config\systemprofile\.m2\repository\software\amazon\ion\ion-java\1.0.2\ion-java-1.0.2.jar;C:\WINDOWS\system32\config\systemprofile\.m2\repository\com\fasterxml\jackson\dataformat\jackson-dataformat-cbor\2.12.6\jackson-dataformat-cbor-2.12.6.jar;C:\WINDOWS\system32\config\systemprofile\.m2\repository\com\amazonaws\aws-java-sdk-kms\1.12.182\aws-java-sdk-kms-1.12.182.jar;C:\WINDOWS\system32\config\systemprofile\.m2\repository\com\amazonaws\jmespath-java\1.12.182\jmespath-java-1.12.182.jar;C:\WINDOWS\system32\config\systemprofile\.m2\repository\com\google\crypto\tink\tink-gcpkms\1.9.0\tink-gcpkms-1.9.0.jar;C:\WINDOWS\system32\config\systemprofile\.m2\repository\com\google\api-client\google-api-client\2.2.0\google-api-client-2.2.0.jar;C:\WINDOWS\system32\config\systemprofile\.m2\repository\com\google\http-client\google-http-client-apache-v2\1.42.3\google-http-client-apache-v2-1.42.3.jar;C:\WINDOWS\system32\config\systemprofile\.m2\repository\com\google\apis\google-api-services-cloudkms\v1-rev20221107-2.0.0\google-api-services-cloudkms-v1-rev20221107-2.0.0.jar;C:\WINDOWS\system32\config\systemprofile\.m2\repository\com\google\auth\google-auth-library-oauth2-http\1.5.3\google-auth-library-oauth2-http-1.5.3.jar;C:\WINDOWS\system32\config\systemprofile\.m2\repository\com\google\auto\value\auto-value-annotations\1.9\auto-value-annotations-1.9.jar;C:\WINDOWS\system32\config\systemprofile\.m2\repository\com\google\auth\google-auth-library-credentials\1.5.3\google-auth-library-credentials-1.5.3.jar;C:\WINDOWS\system32\config\systemprofile\.m2\repository\com\google\http-client\google-http-client\1.43.1\google-http-client-1.43.1.jar;C:\WINDOWS\system32\config\systemprofile\.m2\repository\io\opencensus\opencensus-api\0.31.1\opencensus-api-0.31.1.jar;C:\WINDOWS\system32\config\systemprofile\.m2\repository\io\grpc\grpc-context\1.27.2\grpc-context-1.27.2.jar;C:\WINDOWS\system32\config\systemprofile\.m2\repository\io\opencensus\opencensus-contrib-http-util\0.31.1\opencensus-contrib-http-util-0.31.1.jar;C:\WINDOWS\system32\config\systemprofile\.m2\repository\com\google\http-client\google-http-client-gson\1.43.1\google-http-client-gson-1.43.1.jar;C:\WINDOWS\system32\config\systemprofile\.m2\repository\com\google\oauth-client\google-oauth-client\1.34.1\google-oauth-client-1.34.1.jar;C:\WINDOWS\system32\config\systemprofile\.m2\repository\org\yaml\snakeyaml\2.2\snakeyaml-2.2.jar;C:\WINDOWS\system32\config\systemprofile\.m2\repository\org\aeonbits\owner\owner-java8\1.0.12\owner-java8-1.0.12.jar;C:\WINDOWS\system32\config\systemprofile\.m2\repository\org\aeonbits\owner\owner\1.0.12\owner-1.0.12.jar;C:\WINDOWS\system32\config\systemprofile\.m2\repository\org\jacoco\jacoco-maven-plugin\0.8.10\jacoco-maven-plugin-0.8.10.jar;C:\WINDOWS\system32\config\systemprofile\.m2\repository\org\codehaus\plexus\plexus-utils\3.0.24\plexus-utils-3.0.24.jar;C:\WINDOWS\system32\config\systemprofile\.m2\repository\org\apache\maven\shared\file-management\1.2.1\file-management-1.2.1.jar;C:\WINDOWS\system32\config\systemprofile\.m2\repository\org\apache\maven\maven-plugin-api\2.0.6\maven-plugin-api-2.0.6.jar;C:\WINDOWS\system32\config\systemprofile\.m2\repository\org\apache\maven\shared\maven-shared-io\1.1\maven-shared-io-1.1.jar;C:\WINDOWS\system32\config\systemprofile\.m2\repository\org\apache\maven\maven-artifact\2.0.2\maven-artifact-2.0.2.jar;C:\WINDOWS\system32\config\systemprofile\.m2\repository\org\apache\maven\maven-artifact-manager\2.0.2\maven-artifact-manager-2.0.2.jar;C:\WINDOWS\system32\config\systemprofile\.m2\repository\org\apache\maven\maven-repository-metadata\2.0.2\maven-repository-metadata-2.0.2.jar;C:\WINDOWS\system32\config\systemprofile\.m2\repository\org\apache\maven\wagon\wagon-provider-api\1.0-alpha-6\wagon-provider-api-1.0-alpha-6.jar;C:\WINDOWS\system32\config\systemprofile\.m2\repository\org\codehaus\plexus\plexus-container-default\1.0-alpha-9\plexus-container-default-1.0-alpha-9.jar;C:\WINDOWS\system32\config\systemprofile\.m2\repository\junit\junit\3.8.1\junit-3.8.1.jar;C:\WINDOWS\system32\config\systemprofile\.m2\repository\classworlds\classworlds\1.1-alpha-2\classworlds-1.1-alpha-2.jar;C:\WINDOWS\system32\config\systemprofile\.m2\repository\org\apache\maven\reporting\maven-reporting-api\3.0\maven-reporting-api-3.0.jar;C:\WINDOWS\system32\config\systemprofile\.m2\repository\org\apache\maven\doxia\doxia-sink-api\1.0\doxia-sink-api-1.0.jar;C:\WINDOWS\system32\config\systemprofile\.m2\repository\org\jacoco\org.jacoco.agent\0.8.10\org.jacoco.agent-0.8.10-runtime.jar;C:\WINDOWS\system32\config\systemprofile\.m2\repository\org\jacoco\org.jacoco.core\0.8.10\org.jacoco.core-0.8.10.jar;C:\WINDOWS\system32\config\systemprofile\.m2\repository\org\ow2\asm\asm-tree\9.5\asm-tree-9.5.jar;C:\WINDOWS\system32\config\systemprofile\.m2\repository\org\jacoco\org.jacoco.report\0.8.10\org.jacoco.report-0.8.10.jar;C:\WINDOWS\system32\config\systemprofile\.m2\repository\org\jsoup\jsoup\1.16.1\jsoup-1.16.1.jar;C:\WINDOWS\system32\config\systemprofile\.m2\repository\com\github\javafaker\javafaker\1.0.2\javafaker-1.0.2.jar;C:\WINDOWS\system32\config\systemprofile\.m2\repository\org\apache\commons\commons-lang3\3.5\commons-lang3-3.5.jar;C:\WINDOWS\system32\config\systemprofile\.m2\repository\org\yaml\snakeyaml\1.23\snakeyaml-1.23-android.jar;C:\WINDOWS\system32\config\systemprofile\.m2\repository\com\github\mifmif\generex\1.0.2\generex-1.0.2.jar;C:\WINDOWS\system32\config\systemprofile\.m2\repository\dk\brics\automaton\automaton\1.11-8\automaton-1.11-8.jar;"/>
    <property name="user.home" value="C:\WINDOWS\system32\config\systemprofile"/>
    <property name="mobile_automationName" value="UiAutomator2"/>
    <property name="dynamicObjectRepositoryPath" value="src/main/resources/dynamicObjectRepository/"/>
    <property name="setThreadCount" value="4"/>
    <property name="serverHost" value="localhost"/>
    <property name="setGroupByInstances" value="true"/>
    <property name="mobile_platformVersion" value=""/>
    <property name="cucumber.execution.limit" value=""/>
    <property name="screenshotParams_screenshotType" value="FullPage"/>
    <property name="name" value="PropertiesConfig"/>
    <property name="mobileEmulation.deviceName" value=""/>
    <property name="appender.console.name" value="STDOUT"/>
    <property name="appender.console.layout.type" value="PatternLayout"/>
    <property name="debugMode" value="false"/>
    <property name="retryMaximumNumberOfAttempts" value="0"/>
    <property name="appender.console.layout.disableAnsi" value="false"/>
    <property name="score-cap" value="0.5"/>
    <property name="applitoolsApiKey" value=""/>
    <property name="cucumber.plugin" value="pretty, json:allure-results/cucumber.json, html:allure-results/cucumberReport.html, com.shaft.listeners.CucumberTestRunnerListener"/>
    <property name="path.separator" value=";"/>
    <property name="browserStack.accessKey" value="7E7PgzBtwk4sWLUcF8Y5"/>
    <property name="screenshotParams_skippedElementsFromScreenshot" value=""/>
    <property name="os.version" value="10.0"/>
    <property name="reportTestCasesExecution" value="false"/>
    <property name="pageLoadTimeout" value="30"/>
    <property name="browserStack.username" value="mohabmohie1"/>
    <property name="mobile_udid" value=""/>
    <property name="screenshotParams_highlightMethod" value="AI"/>
    <property name="aiPoweredSelfHealingElementIdentification" value="false"/>
    <property name="java.vm.name" value="Java HotSpot(TM) 64-Bit Server VM"/>
    <property name="browserStack.platformVersion" value=""/>
    <property name="apiConnectionTimeout" value="30"/>
    <property name="cucumber.ansi-colors.disabled" value="false"/>
    <property name="forceCheckNavigationWasSuccessful" value="false"/>
    <property name="cucumber.filter.tags" value="@regression"/>
    <property name="os.arch" value="amd64"/>
    <property name="cucumber.execution.order" value="lexical"/>
    <property name="appender.file.type" value="File"/>
    <property name="setVerbose" value="1"/>
    <property name="setParallel" value="CLASSES"/>
    <property name="customDriverPath" value=""/>
    <property name="baseURL" value="https://console.foodics.dev/"/>
    <property name="java.vm.info" value="mixed mode, sharing"/>
    <property name="video.folder" value="allure-results/videos"/>
    <property name="java.class.version" value="61.0"/>
    <property name="webdriver.http.factory" value="jdk-http-client"/>
    <property name="sun.jnu.encoding" value="Cp1252"/>
    <property name="browserStack.appUrl" value=""/>
    <property name="setPreserveOrder" value="true"/>
    <property name="skipTestsWithLinkedIssues" value="false"/>
    <property name="com.SHAFT.proxySettings" value=""/>
    <property name="clickUsingJavascriptWhenWebDriverClickFails" value="false"/>
    <property name="authorization" value=":"/>
    <property name="disableLogging" value="false"/>
    <property name="targetBrowserName" value="chrome"/>
    <property name="screenshotParams_watermarkOpacity" value="0.2"/>
    <property name="mobile_browserName" value=""/>
    <property name="browserStack.debug" value="true"/>
    <property name="mobileEmulation.width" value=""/>
    <property name="captureClickedElementText" value="false"/>
    <property name="file.separator" value="\"/>
    <property name="java.vm.compressedOopsMode" value="32-bit"/>
    <property name="line.separator" value="&#10;"/>
    <property name="ExecutionName" value=""/>
    <property name="appender.file.layout.pattern" value="[%-5level] %d{yyyy-MM-dd HH:mm:ss.SSS} [%t] %c{1} - %msg%n"/>
    <property name="testDataColumnNamePrefix" value="Data"/>
    <property name="cucumber.object-factory" value=""/>
    <property name="targetOperatingSystem" value="windows"/>
    <property name="allure.link.custom.pattern" value="{}"/>
    <property name="propertiesFolderPath" value="src/main/resources/properties/"/>
    <property name="headlessExecution" value="false"/>
    <property name="user.name" value="DESKTOP-BCAVP69$"/>
    <property name="browserStack.appRelativeFilePath" value=""/>
    <property name="screenshotParams_watermark" value="true"/>
    <property name="jiraInteraction" value="false"/>
    <property name="serverPort" value="7878"/>
    <property name="cleanExtentReportsDirectoryBeforeExecution" value="false"/>
    <property name="localRepository" value="C:\WINDOWS\system32\config\systemprofile\.m2\repository"/>
    <property name="capabilities.accessKey" value=""/>
    <property name="defaultElementIdentificationTimeout" value="30"/>
    <property name="ExecutionDescription" value=""/>
    <property name="sun.os.patch.level" value=""/>
    <property name="lazyLoadingTimeout" value="30"/>
    <property name="customDriverName" value=""/>
    <property name="waitForLazyLoading" value="true"/>
    <property name="browserNavigationTimeout" value="30"/>
    <property name="mobile_appPackage" value=""/>
    <property name="java.class.path" value="C:\ProgramData\Jenkins\.jenkins\workspace\pipline_job\target\test-classes;C:\ProgramData\Jenkins\.jenkins\workspace\pipline_job\target\classes;C:\WINDOWS\system32\config\systemprofile\.m2\repository\org\json\json\20230618\json-20230618.jar;C:\WINDOWS\system32\config\systemprofile\.m2\repository\io\github\shafthq\SHAFT_ENGINE\7.4.20231015\SHAFT_ENGINE-7.4.20231015.jar;C:\WINDOWS\system32\config\systemprofile\.m2\repository\org\testng\testng\7.8.0\testng-7.8.0.jar;C:\WINDOWS\system32\config\systemprofile\.m2\repository\com\beust\jcommander\1.82\jcommander-1.82.jar;C:\WINDOWS\system32\config\systemprofile\.m2\repository\org\webjars\jquery\3.6.1\jquery-3.6.1.jar;C:\WINDOWS\system32\config\systemprofile\.m2\repository\org\junit\jupiter\junit-jupiter\5.10.0\junit-jupiter-5.10.0.jar;C:\WINDOWS\system32\config\systemprofile\.m2\repository\org\junit\jupiter\junit-jupiter-api\5.10.0\junit-jupiter-api-5.10.0.jar;C:\WINDOWS\system32\config\systemprofile\.m2\repository\org\opentest4j\opentest4j\1.3.0\opentest4j-1.3.0.jar;C:\WINDOWS\system32\config\systemprofile\.m2\repository\org\junit\platform\junit-platform-commons\1.10.0\junit-platform-commons-1.10.0.jar;C:\WINDOWS\system32\config\systemprofile\.m2\repository\org\junit\jupiter\junit-jupiter-params\5.10.0\junit-jupiter-params-5.10.0.jar;C:\WINDOWS\system32\config\systemprofile\.m2\repository\org\junit\jupiter\junit-jupiter-engine\5.10.0\junit-jupiter-engine-5.10.0.jar;C:\WINDOWS\system32\config\systemprofile\.m2\repository\org\junit\platform\junit-platform-launcher\1.10.0\junit-platform-launcher-1.10.0.jar;C:\WINDOWS\system32\config\systemprofile\.m2\repository\org\junit\platform\junit-platform-engine\1.10.0\junit-platform-engine-1.10.0.jar;C:\WINDOWS\system32\config\systemprofile\.m2\repository\org\apiguardian\apiguardian-api\1.1.2\apiguardian-api-1.1.2.jar;C:\WINDOWS\system32\config\systemprofile\.m2\repository\io\qameta\allure\allure-junit5\2.24.0\allure-junit5-2.24.0.jar;C:\WINDOWS\system32\config\systemprofile\.m2\repository\io\qameta\allure\allure-junit-platform\2.24.0\allure-junit-platform-2.24.0.jar;C:\WINDOWS\system32\config\systemprofile\.m2\repository\org\seleniumhq\selenium\selenium-java\4.13.0\selenium-java-4.13.0.jar;C:\WINDOWS\system32\config\systemprofile\.m2\repository\org\seleniumhq\selenium\selenium-api\4.13.0\selenium-api-4.13.0.jar;C:\WINDOWS\system32\config\systemprofile\.m2\repository\org\seleniumhq\selenium\selenium-chrome-driver\4.13.0\selenium-chrome-driver-4.13.0.jar;C:\WINDOWS\system32\config\systemprofile\.m2\repository\org\seleniumhq\selenium\selenium-chromium-driver\4.13.0\selenium-chromium-driver-4.13.0.jar;C:\WINDOWS\system32\config\systemprofile\.m2\repository\org\seleniumhq\selenium\selenium-json\4.13.0\selenium-json-4.13.0.jar;C:\WINDOWS\system32\config\systemprofile\.m2\repository\org\seleniumhq\selenium\selenium-manager\4.13.0\selenium-manager-4.13.0.jar;C:\WINDOWS\system32\config\systemprofile\.m2\repository\org\seleniumhq\selenium\selenium-devtools-v115\4.13.0\selenium-devtools-v115-4.13.0.jar;C:\WINDOWS\system32\config\systemprofile\.m2\repository\org\seleniumhq\selenium\selenium-devtools-v116\4.13.0\selenium-devtools-v116-4.13.0.jar;C:\WINDOWS\system32\config\systemprofile\.m2\repository\org\seleniumhq\selenium\selenium-devtools-v117\4.13.0\selenium-devtools-v117-4.13.0.jar;C:\WINDOWS\system32\config\systemprofile\.m2\repository\org\seleniumhq\selenium\selenium-devtools-v85\4.13.0\selenium-devtools-v85-4.13.0.jar;C:\WINDOWS\system32\config\systemprofile\.m2\repository\org\seleniumhq\selenium\selenium-edge-driver\4.13.0\selenium-edge-driver-4.13.0.jar;C:\WINDOWS\system32\config\systemprofile\.m2\repository\org\seleniumhq\selenium\selenium-firefox-driver\4.13.0\selenium-firefox-driver-4.13.0.jar;C:\WINDOWS\system32\config\systemprofile\.m2\repository\org\seleniumhq\selenium\selenium-ie-driver\4.13.0\selenium-ie-driver-4.13.0.jar;C:\WINDOWS\system32\config\systemprofile\.m2\repository\org\seleniumhq\selenium\selenium-remote-driver\4.13.0\selenium-remote-driver-4.13.0.jar;C:\WINDOWS\system32\config\systemprofile\.m2\repository\io\netty\netty-codec-http\4.1.96.Final\netty-codec-http-4.1.96.Final.jar;C:\WINDOWS\system32\config\systemprofile\.m2\repository\io\netty\netty-transport-classes-epoll\4.1.96.Final\netty-transport-classes-epoll-4.1.96.Final.jar;C:\WINDOWS\system32\config\systemprofile\.m2\repository\io\netty\netty-transport-classes-kqueue\4.1.96.Final\netty-transport-classes-kqueue-4.1.96.Final.jar;C:\WINDOWS\system32\config\systemprofile\.m2\repository\io\netty\netty-transport-native-epoll\4.1.96.Final\netty-transport-native-epoll-4.1.96.Final.jar;C:\WINDOWS\system32\config\systemprofile\.m2\repository\io\netty\netty-transport-native-kqueue\4.1.96.Final\netty-transport-native-kqueue-4.1.96.Final.jar;C:\WINDOWS\system32\config\systemprofile\.m2\repository\io\opentelemetry\opentelemetry-api\1.28.0\opentelemetry-api-1.28.0.jar;C:\WINDOWS\system32\config\systemprofile\.m2\repository\io\opentelemetry\opentelemetry-context\1.28.0\opentelemetry-context-1.28.0.jar;C:\WINDOWS\system32\config\systemprofile\.m2\repository\io\opentelemetry\opentelemetry-exporter-logging\1.28.0\opentelemetry-exporter-logging-1.28.0.jar;C:\WINDOWS\system32\config\systemprofile\.m2\repository\io\opentelemetry\opentelemetry-sdk-metrics\1.28.0\opentelemetry-sdk-metrics-1.28.0.jar;C:\WINDOWS\system32\config\systemprofile\.m2\repository\io\opentelemetry\opentelemetry-extension-incubator\1.28.0-alpha\opentelemetry-extension-incubator-1.28.0-alpha.jar;C:\WINDOWS\system32\config\systemprofile\.m2\repository\io\opentelemetry\opentelemetry-sdk-logs\1.28.0\opentelemetry-sdk-logs-1.28.0.jar;C:\WINDOWS\system32\config\systemprofile\.m2\repository\io\opentelemetry\opentelemetry-sdk-common\1.28.0\opentelemetry-sdk-common-1.28.0.jar;C:\WINDOWS\system32\config\systemprofile\.m2\repository\io\opentelemetry\opentelemetry-sdk-extension-autoconfigure-spi\1.28.0\opentelemetry-sdk-extension-autoconfigure-spi-1.28.0.jar;C:\WINDOWS\system32\config\systemprofile\.m2\repository\io\opentelemetry\opentelemetry-sdk-extension-autoconfigure\1.28.0\opentelemetry-sdk-extension-autoconfigure-1.28.0.jar;C:\WINDOWS\system32\config\systemprofile\.m2\repository\io\opentelemetry\opentelemetry-api-events\1.28.0-alpha\opentelemetry-api-events-1.28.0-alpha.jar;C:\WINDOWS\system32\config\systemprofile\.m2\repository\io\opentelemetry\opentelemetry-sdk-trace\1.28.0\opentelemetry-sdk-trace-1.28.0.jar;C:\WINDOWS\system32\config\systemprofile\.m2\repository\io\opentelemetry\opentelemetry-sdk\1.28.0\opentelemetry-sdk-1.28.0.jar;C:\WINDOWS\system32\config\systemprofile\.m2\repository\io\opentelemetry\opentelemetry-semconv\1.28.0-alpha\opentelemetry-semconv-1.28.0-alpha.jar;C:\WINDOWS\system32\config\systemprofile\.m2\repository\net\bytebuddy\byte-buddy\1.14.5\byte-buddy-1.14.5.jar;C:\WINDOWS\system32\config\systemprofile\.m2\repository\org\asynchttpclient\async-http-client\2.12.3\async-http-client-2.12.3.jar;C:\WINDOWS\system32\config\systemprofile\.m2\repository\org\asynchttpclient\async-http-client-netty-utils\2.12.3\async-http-client-netty-utils-2.12.3.jar;C:\WINDOWS\system32\config\systemprofile\.m2\repository\io\netty\netty-codec-socks\4.1.60.Final\netty-codec-socks-4.1.60.Final.jar;C:\WINDOWS\system32\config\systemprofile\.m2\repository\io\netty\netty-handler-proxy\4.1.60.Final\netty-handler-proxy-4.1.60.Final.jar;C:\WINDOWS\system32\config\systemprofile\.m2\repository\io\netty\netty-transport-native-epoll\4.1.60.Final\netty-transport-native-epoll-4.1.60.Final-linux-x86_64.jar;C:\WINDOWS\system32\config\systemprofile\.m2\repository\io\netty\netty-transport-native-kqueue\4.1.60.Final\netty-transport-native-kqueue-4.1.60.Final-osx-x86_64.jar;C:\WINDOWS\system32\config\systemprofile\.m2\repository\com\typesafe\netty\netty-reactive-streams\2.0.4\netty-reactive-streams-2.0.4.jar;C:\WINDOWS\system32\config\systemprofile\.m2\repository\com\sun\activation\jakarta.activation\1.2.2\jakarta.activation-1.2.2.jar;C:\WINDOWS\system32\config\systemprofile\.m2\repository\org\seleniumhq\selenium\selenium-os\4.13.0\selenium-os-4.13.0.jar;C:\WINDOWS\system32\config\systemprofile\.m2\repository\org\seleniumhq\selenium\selenium-safari-driver\4.13.0\selenium-safari-driver-4.13.0.jar;C:\WINDOWS\system32\config\systemprofile\.m2\repository\org\seleniumhq\selenium\selenium-support\4.13.0\selenium-support-4.13.0.jar;C:\WINDOWS\system32\config\systemprofile\.m2\repository\org\seleniumhq\selenium\selenium-http-jdk-client\4.13.0\selenium-http-jdk-client-4.13.0.jar;C:\WINDOWS\system32\config\systemprofile\.m2\repository\com\google\auto\service\auto-service-annotations\1.1.1\auto-service-annotations-1.1.1.jar;C:\WINDOWS\system32\config\systemprofile\.m2\repository\org\seleniumhq\selenium\selenium-http\4.13.0\selenium-http-4.13.0.jar;C:\WINDOWS\system32\config\systemprofile\.m2\repository\dev\failsafe\failsafe\3.3.2\failsafe-3.3.2.jar;C:\WINDOWS\system32\config\systemprofile\.m2\repository\io\netty\netty-handler\4.1.100.Final\netty-handler-4.1.100.Final.jar;C:\WINDOWS\system32\config\systemprofile\.m2\repository\io\netty\netty-common\4.1.100.Final\netty-common-4.1.100.Final.jar;C:\WINDOWS\system32\config\systemprofile\.m2\repository\io\netty\netty-resolver\4.1.100.Final\netty-resolver-4.1.100.Final.jar;C:\WINDOWS\system32\config\systemprofile\.m2\repository\io\netty\netty-buffer\4.1.100.Final\netty-buffer-4.1.100.Final.jar;C:\WINDOWS\system32\config\systemprofile\.m2\repository\io\netty\netty-transport\4.1.100.Final\netty-transport-4.1.100.Final.jar;C:\WINDOWS\system32\config\systemprofile\.m2\repository\io\netty\netty-transport-native-unix-common\4.1.100.Final\netty-transport-native-unix-common-4.1.100.Final.jar;C:\WINDOWS\system32\config\systemprofile\.m2\repository\io\netty\netty-codec\4.1.100.Final\netty-codec-4.1.100.Final.jar;C:\WINDOWS\system32\config\systemprofile\.m2\repository\io\appium\java-client\8.6.0\java-client-8.6.0.jar;C:\WINDOWS\system32\config\systemprofile\.m2\repository\com\google\code\gson\gson\2.10.1\gson-2.10.1.jar;C:\WINDOWS\system32\config\systemprofile\.m2\repository\commons-io\commons-io\2.14.0\commons-io-2.14.0.jar;C:\WINDOWS\system32\config\systemprofile\.m2\repository\io\github\bonigarcia\webdrivermanager\5.5.3\webdrivermanager-5.5.3.jar;C:\WINDOWS\system32\config\systemprofile\.m2\repository\com\github\docker-java\docker-java\3.3.3\docker-java-3.3.3.jar;C:\WINDOWS\system32\config\systemprofile\.m2\repository\com\github\docker-java\docker-java-core\3.3.3\docker-java-core-3.3.3.jar;C:\WINDOWS\system32\config\systemprofile\.m2\repository\com\github\docker-java\docker-java-api\3.3.3\docker-java-api-3.3.3.jar;C:\WINDOWS\system32\config\systemprofile\.m2\repository\org\bouncycastle\bcpkix-jdk18on\1.75\bcpkix-jdk18on-1.75.jar;C:\WINDOWS\system32\config\systemprofile\.m2\repository\org\bouncycastle\bcprov-jdk18on\1.75\bcprov-jdk18on-1.75.jar;C:\WINDOWS\system32\config\systemprofile\.m2\repository\org\bouncycastle\bcutil-jdk18on\1.75\bcutil-jdk18on-1.75.jar;C:\WINDOWS\system32\config\systemprofile\.m2\repository\org\slf4j\jcl-over-slf4j\1.7.30\jcl-over-slf4j-1.7.30.jar;C:\WINDOWS\system32\config\systemprofile\.m2\repository\com\github\docker-java\docker-java-transport-httpclient5\3.3.3\docker-java-transport-httpclient5-3.3.3.jar;C:\WINDOWS\system32\config\systemprofile\.m2\repository\com\github\docker-java\docker-java-transport\3.3.3\docker-java-transport-3.3.3.jar;C:\WINDOWS\system32\config\systemprofile\.m2\repository\net\java\dev\jna\jna\5.12.1\jna-5.12.1.jar;C:\WINDOWS\system32\config\systemprofile\.m2\repository\org\brotli\dec\0.1.2\dec-0.1.2.jar;C:\WINDOWS\system32\config\systemprofile\.m2\repository\org\apache\httpcomponents\client5\httpclient5\5.2.1\httpclient5-5.2.1.jar;C:\WINDOWS\system32\config\systemprofile\.m2\repository\org\apache\httpcomponents\core5\httpcore5\5.2\httpcore5-5.2.jar;C:\WINDOWS\system32\config\systemprofile\.m2\repository\org\apache\httpcomponents\core5\httpcore5-h2\5.2\httpcore5-h2-5.2.jar;C:\WINDOWS\system32\config\systemprofile\.m2\repository\io\cucumber\cucumber-java\7.14.0\cucumber-java-7.14.0.jar;C:\WINDOWS\system32\config\systemprofile\.m2\repository\io\cucumber\cucumber-core\7.14.0\cucumber-core-7.14.0.jar;C:\WINDOWS\system32\config\systemprofile\.m2\repository\io\cucumber\cucumber-gherkin\7.14.0\cucumber-gherkin-7.14.0.jar;C:\WINDOWS\system32\config\systemprofile\.m2\repository\io\cucumber\cucumber-gherkin-messages\7.14.0\cucumber-gherkin-messages-7.14.0.jar;C:\WINDOWS\system32\config\systemprofile\.m2\repository\io\cucumber\gherkin\26.2.0\gherkin-26.2.0.jar;C:\WINDOWS\system32\config\systemprofile\.m2\repository\io\cucumber\messages\22.0.0\messages-22.0.0.jar;C:\WINDOWS\system32\config\systemprofile\.m2\repository\io\cucumber\tag-expressions\5.0.6\tag-expressions-5.0.6.jar;C:\WINDOWS\system32\config\systemprofile\.m2\repository\io\cucumber\cucumber-expressions\16.1.2\cucumber-expressions-16.1.2.jar;C:\WINDOWS\system32\config\systemprofile\.m2\repository\io\cucumber\datatable\7.14.0\datatable-7.14.0.jar;C:\WINDOWS\system32\config\systemprofile\.m2\repository\io\cucumber\cucumber-plugin\7.14.0\cucumber-plugin-7.14.0.jar;C:\WINDOWS\system32\config\systemprofile\.m2\repository\io\cucumber\docstring\7.14.0\docstring-7.14.0.jar;C:\WINDOWS\system32\config\systemprofile\.m2\repository\io\cucumber\html-formatter\20.4.0\html-formatter-20.4.0.jar;C:\WINDOWS\system32\config\systemprofile\.m2\repository\io\cucumber\junit-xml-formatter\0.2.0\junit-xml-formatter-0.2.0.jar;C:\WINDOWS\system32\config\systemprofile\.m2\repository\io\cucumber\ci-environment\9.2.0\ci-environment-9.2.0.jar;C:\WINDOWS\system32\config\systemprofile\.m2\repository\io\cucumber\cucumber-testng\7.14.0\cucumber-testng-7.14.0.jar;C:\WINDOWS\system32\config\systemprofile\.m2\repository\io\cucumber\cucumber-picocontainer\7.14.0\cucumber-picocontainer-7.14.0.jar;C:\WINDOWS\system32\config\systemprofile\.m2\repository\org\picocontainer\picocontainer\2.15\picocontainer-2.15.jar;C:\WINDOWS\system32\config\systemprofile\.m2\repository\org\apache\poi\poi\5.2.4\poi-5.2.4.jar;C:\WINDOWS\system32\config\systemprofile\.m2\repository\commons-codec\commons-codec\1.16.0\commons-codec-1.16.0.jar;C:\WINDOWS\system32\config\systemprofile\.m2\repository\org\apache\commons\commons-collections4\4.4\commons-collections4-4.4.jar;C:\WINDOWS\system32\config\systemprofile\.m2\repository\org\apache\commons\commons-math3\3.6.1\commons-math3-3.6.1.jar;C:\WINDOWS\system32\config\systemprofile\.m2\repository\com\zaxxer\SparseBitSet\1.3\SparseBitSet-1.3.jar;C:\WINDOWS\system32\config\systemprofile\.m2\repository\org\apache\logging\log4j\log4j-api\2.20.0\log4j-api-2.20.0.jar;C:\WINDOWS\system32\config\systemprofile\.m2\repository\org\apache\poi\poi-ooxml\5.2.4\poi-ooxml-5.2.4.jar;C:\WINDOWS\system32\config\systemprofile\.m2\repository\org\apache\poi\poi-ooxml-lite\5.2.4\poi-ooxml-lite-5.2.4.jar;C:\WINDOWS\system32\config\systemprofile\.m2\repository\org\apache\xmlbeans\xmlbeans\5.1.1\xmlbeans-5.1.1.jar;C:\WINDOWS\system32\config\systemprofile\.m2\repository\org\apache\commons\commons-compress\1.24.0\commons-compress-1.24.0.jar;C:\WINDOWS\system32\config\systemprofile\.m2\repository\com\github\virtuald\curvesapi\1.08\curvesapi-1.08.jar;C:\WINDOWS\system32\config\systemprofile\.m2\repository\io\qameta\allure\allure-testng\2.24.0\allure-testng-2.24.0.jar;C:\WINDOWS\system32\config\systemprofile\.m2\repository\io\qameta\allure\allure-test-filter\2.24.0\allure-test-filter-2.24.0.jar;C:\WINDOWS\system32\config\systemprofile\.m2\repository\io\qameta\allure\allure-java-commons\2.24.0\allure-java-commons-2.24.0.jar;C:\WINDOWS\system32\config\systemprofile\.m2\repository\io\qameta\allure\allure-model\2.24.0\allure-model-2.24.0.jar;C:\WINDOWS\system32\config\systemprofile\.m2\repository\io\qameta\allure\allure-cucumber7-jvm\2.24.0\allure-cucumber7-jvm-2.24.0.jar;C:\WINDOWS\system32\config\systemprofile\.m2\repository\org\aspectj\aspectjweaver\1.9.20.1\aspectjweaver-1.9.20.1.jar;C:\WINDOWS\system32\config\systemprofile\.m2\repository\com\aventstack\extentreports\5.1.0\extentreports-5.1.0.jar;C:\WINDOWS\system32\config\systemprofile\.m2\repository\io\reactivex\rxjava3\rxjava\3.1.6\rxjava-3.1.6.jar;C:\WINDOWS\system32\config\systemprofile\.m2\repository\org\reactivestreams\reactive-streams\1.0.4\reactive-streams-1.0.4.jar;C:\WINDOWS\system32\config\systemprofile\.m2\repository\org\freemarker\freemarker\2.3.32\freemarker-2.3.32.jar;C:\WINDOWS\system32\config\systemprofile\.m2\repository\org\apache\pdfbox\pdfbox\2.0.29\pdfbox-2.0.29.jar;C:\WINDOWS\system32\config\systemprofile\.m2\repository\org\apache\pdfbox\fontbox\2.0.29\fontbox-2.0.29.jar;C:\WINDOWS\system32\config\systemprofile\.m2\repository\commons-logging\commons-logging\1.2\commons-logging-1.2.jar;C:\WINDOWS\system32\config\systemprofile\.m2\repository\io\rest-assured\rest-assured\5.3.2\rest-assured-5.3.2.jar;C:\WINDOWS\system32\config\systemprofile\.m2\repository\org\apache\groovy\groovy\4.0.11\groovy-4.0.11.jar;C:\WINDOWS\system32\config\systemprofile\.m2\repository\org\apache\groovy\groovy-xml\4.0.11\groovy-xml-4.0.11.jar;C:\WINDOWS\system32\config\systemprofile\.m2\repository\org\apache\httpcomponents\httpclient\4.5.13\httpclient-4.5.13.jar;C:\WINDOWS\system32\config\systemprofile\.m2\repository\org\apache\httpcomponents\httpcore\4.4.13\httpcore-4.4.13.jar;C:\WINDOWS\system32\config\systemprofile\.m2\repository\org\apache\httpcomponents\httpmime\4.5.13\httpmime-4.5.13.jar;C:\WINDOWS\system32\config\systemprofile\.m2\repository\org\hamcrest\hamcrest\2.2\hamcrest-2.2.jar;C:\WINDOWS\system32\config\systemprofile\.m2\repository\org\ccil\cowan\tagsoup\tagsoup\1.2.1\tagsoup-1.2.1.jar;C:\WINDOWS\system32\config\systemprofile\.m2\repository\io\rest-assured\json-path\5.3.2\json-path-5.3.2.jar;C:\WINDOWS\system32\config\systemprofile\.m2\repository\org\apache\groovy\groovy-json\4.0.11\groovy-json-4.0.11.jar;C:\WINDOWS\system32\config\systemprofile\.m2\repository\io\rest-assured\rest-assured-common\5.3.2\rest-assured-common-5.3.2.jar;C:\WINDOWS\system32\config\systemprofile\.m2\repository\io\rest-assured\xml-path\5.3.2\xml-path-5.3.2.jar;C:\WINDOWS\system32\config\systemprofile\.m2\repository\com\googlecode\json-simple\json-simple\1.1.1\json-simple-1.1.1.jar;C:\WINDOWS\system32\config\systemprofile\.m2\repository\com\jayway\jsonpath\json-path\2.8.0\json-path-2.8.0.jar;C:\WINDOWS\system32\config\systemprofile\.m2\repository\net\minidev\json-smart\2.4.10\json-smart-2.4.10.jar;C:\WINDOWS\system32\config\systemprofile\.m2\repository\net\minidev\accessors-smart\2.4.9\accessors-smart-2.4.9.jar;C:\WINDOWS\system32\config\systemprofile\.m2\repository\org\skyscreamer\jsonassert\1.5.1\jsonassert-1.5.1.jar;C:\WINDOWS\system32\config\systemprofile\.m2\repository\com\vaadin\external\google\android-json\0.0.20131108.vaadin1\android-json-0.0.20131108.vaadin1.jar;C:\WINDOWS\system32\config\systemprofile\.m2\repository\eu\medsea\mimeutil\mime-util\2.1.3\mime-util-2.1.3.jar;C:\WINDOWS\system32\config\systemprofile\.m2\repository\io\rest-assured\json-schema-validator\5.3.2\json-schema-validator-5.3.2.jar;C:\WINDOWS\system32\config\systemprofile\.m2\repository\com\github\java-json-tools\json-schema-validator\2.2.14\json-schema-validator-2.2.14.jar;C:\WINDOWS\system32\config\systemprofile\.m2\repository\com\github\java-json-tools\jackson-coreutils-equivalence\1.0\jackson-coreutils-equivalence-1.0.jar;C:\WINDOWS\system32\config\systemprofile\.m2\repository\com\github\java-json-tools\jackson-coreutils\2.0\jackson-coreutils-2.0.jar;C:\WINDOWS\system32\config\systemprofile\.m2\repository\com\github\java-json-tools\msg-simple\1.2\msg-simple-1.2.jar;C:\WINDOWS\system32\config\systemprofile\.m2\repository\com\github\java-json-tools\btf\1.3\btf-1.3.jar;C:\WINDOWS\system32\config\systemprofile\.m2\repository\com\github\java-json-tools\json-schema-core\1.2.14\json-schema-core-1.2.14.jar;C:\WINDOWS\system32\config\systemprofile\.m2\repository\com\github\java-json-tools\uri-template\0.10\uri-template-0.10.jar;C:\WINDOWS\system32\config\systemprofile\.m2\repository\org\mozilla\rhino\1.7.7.2\rhino-1.7.7.2.jar;C:\WINDOWS\system32\config\systemprofile\.m2\repository\com\sun\mail\mailapi\1.6.2\mailapi-1.6.2.jar;C:\WINDOWS\system32\config\systemprofile\.m2\repository\joda-time\joda-time\2.10.5\joda-time-2.10.5.jar;C:\WINDOWS\system32\config\systemprofile\.m2\repository\com\googlecode\libphonenumber\libphonenumber\8.11.1\libphonenumber-8.11.1.jar;C:\WINDOWS\system32\config\systemprofile\.m2\repository\net\sf\jopt-simple\jopt-simple\5.0.4\jopt-simple-5.0.4.jar;C:\WINDOWS\system32\config\systemprofile\.m2\repository\com\fasterxml\jackson\datatype\jackson-datatype-jdk8\2.15.2\jackson-datatype-jdk8-2.15.2.jar;C:\WINDOWS\system32\config\systemprofile\.m2\repository\com\fasterxml\jackson\core\jackson-core\2.15.2\jackson-core-2.15.2.jar;C:\WINDOWS\system32\config\systemprofile\.m2\repository\com\fasterxml\jackson\core\jackson-databind\2.15.2\jackson-databind-2.15.2.jar;C:\WINDOWS\system32\config\systemprofile\.m2\repository\com\fasterxml\jackson\core\jackson-annotations\2.15.2\jackson-annotations-2.15.2.jar;C:\WINDOWS\system32\config\systemprofile\.m2\repository\com\applitools\eyes-images-java4\4.14.0\eyes-images-java4-4.14.0.jar;C:\WINDOWS\system32\config\systemprofile\.m2\repository\com\applitools\eyes-common-java4\4.14.0\eyes-common-java4-4.14.0.jar;C:\WINDOWS\system32\config\systemprofile\.m2\repository\org\imgscalr\imgscalr-lib\4.2\imgscalr-lib-4.2.jar;C:\WINDOWS\system32\config\systemprofile\.m2\repository\com\helger\ph-css\6.1.1\ph-css-6.1.1.jar;C:\WINDOWS\system32\config\systemprofile\.m2\repository\com\helger\ph-commons\9.0.2\ph-commons-9.0.2.jar;C:\WINDOWS\system32\config\systemprofile\.m2\repository\com\applitools\eyes-sdk-core-java4\4.14.0\eyes-sdk-core-java4-4.14.0.jar;C:\WINDOWS\system32\config\systemprofile\.m2\repository\com\applitools\eyes-connectivity-java4-jersey2x\4.14.0\eyes-connectivity-java4-jersey2x-4.14.0.jar;C:\WINDOWS\system32\config\systemprofile\.m2\repository\org\glassfish\jersey\connectors\jersey-apache-connector\2.16\jersey-apache-connector-2.16.jar;C:\WINDOWS\system32\config\systemprofile\.m2\repository\org\glassfish\jersey\core\jersey-common\2.16\jersey-common-2.16.jar;C:\WINDOWS\system32\config\systemprofile\.m2\repository\javax\annotation\javax.annotation-api\1.2\javax.annotation-api-1.2.jar;C:\WINDOWS\system32\config\systemprofile\.m2\repository\org\glassfish\jersey\bundles\repackaged\jersey-guava\2.16\jersey-guava-2.16.jar;C:\WINDOWS\system32\config\systemprofile\.m2\repository\org\glassfish\hk2\osgi-resource-locator\1.0.1\osgi-resource-locator-1.0.1.jar;C:\WINDOWS\system32\config\systemprofile\.m2\repository\javax\ws\rs\javax.ws.rs-api\2.0.1\javax.ws.rs-api-2.0.1.jar;C:\WINDOWS\system32\config\systemprofile\.m2\repository\org\glassfish\jersey\core\jersey-client\2.16\jersey-client-2.16.jar;C:\WINDOWS\system32\config\systemprofile\.m2\repository\org\glassfish\hk2\hk2-api\2.4.0-b09\hk2-api-2.4.0-b09.jar;C:\WINDOWS\system32\config\systemprofile\.m2\repository\org\glassfish\hk2\hk2-utils\2.4.0-b09\hk2-utils-2.4.0-b09.jar;C:\WINDOWS\system32\config\systemprofile\.m2\repository\org\glassfish\hk2\external\aopalliance-repackaged\2.4.0-b09\aopalliance-repackaged-2.4.0-b09.jar;C:\WINDOWS\system32\config\systemprofile\.m2\repository\org\glassfish\hk2\external\javax.inject\2.4.0-b09\javax.inject-2.4.0-b09.jar;C:\WINDOWS\system32\config\systemprofile\.m2\repository\org\glassfish\hk2\hk2-locator\2.4.0-b09\hk2-locator-2.4.0-b09.jar;C:\WINDOWS\system32\config\systemprofile\.m2\repository\org\openpnp\opencv\4.7.0-0\opencv-4.7.0-0.jar;C:\WINDOWS\system32\config\systemprofile\.m2\repository\com\sikulix\sikulixapi\2.0.5\sikulixapi-2.0.5.jar;C:\WINDOWS\system32\config\systemprofile\.m2\repository\org\python\jython-slim\2.7.2\jython-slim-2.7.2.jar;C:\WINDOWS\system32\config\systemprofile\.m2\repository\org\antlr\antlr\3.5.2\antlr-3.5.2.jar;C:\WINDOWS\system32\config\systemprofile\.m2\repository\org\antlr\ST4\4.0.8\ST4-4.0.8.jar;C:\WINDOWS\system32\config\systemprofile\.m2\repository\javax\servlet\javax.servlet-api\3.1.0\javax.servlet-api-3.1.0.jar;C:\WINDOWS\system32\config\systemprofile\.m2\repository\org\antlr\antlr-runtime\3.5.2\antlr-runtime-3.5.2.jar;C:\WINDOWS\system32\config\systemprofile\.m2\repository\org\bouncycastle\bcpkix-jdk15on\1.62\bcpkix-jdk15on-1.62.jar;C:\WINDOWS\system32\config\systemprofile\.m2\repository\org\bouncycastle\bcprov-jdk15on\1.62\bcprov-jdk15on-1.62.jar;C:\WINDOWS\system32\config\systemprofile\.m2\repository\org\ow2\asm\asm\7.1\asm-7.1.jar;C:\WINDOWS\system32\config\systemprofile\.m2\repository\org\ow2\asm\asm-commons\7.1\asm-commons-7.1.jar;C:\WINDOWS\system32\config\systemprofile\.m2\repository\org\ow2\asm\asm-analysis\7.1\asm-analysis-7.1.jar;C:\WINDOWS\system32\config\systemprofile\.m2\repository\org\ow2\asm\asm-util\7.1\asm-util-7.1.jar;C:\WINDOWS\system32\config\systemprofile\.m2\repository\com\ibm\icu\icu4j\59.1\icu4j-59.1.jar;C:\WINDOWS\system32\config\systemprofile\.m2\repository\com\carrotsearch\java-sizeof\0.0.5\java-sizeof-0.0.5.jar;C:\WINDOWS\system32\config\systemprofile\.m2\repository\com\github\jnr\jffi\1.2.20\jffi-1.2.20.jar;C:\WINDOWS\system32\config\systemprofile\.m2\repository\com\github\jnr\jnr-netdb\1.1.6\jnr-netdb-1.1.6.jar;C:\WINDOWS\system32\config\systemprofile\.m2\repository\com\github\jnr\jnr-ffi\2.1.10\jnr-ffi-2.1.10.jar;C:\WINDOWS\system32\config\systemprofile\.m2\repository\com\github\jnr\jffi\1.2.19\jffi-1.2.19-native.jar;C:\WINDOWS\system32\config\systemprofile\.m2\repository\com\github\jnr\jnr-a64asm\1.0.0\jnr-a64asm-1.0.0.jar;C:\WINDOWS\system32\config\systemprofile\.m2\repository\com\github\jnr\jnr-x86asm\1.0.2\jnr-x86asm-1.0.2.jar;C:\WINDOWS\system32\config\systemprofile\.m2\repository\com\github\jnr\jnr-posix\3.0.50\jnr-posix-3.0.50.jar;C:\WINDOWS\system32\config\systemprofile\.m2\repository\com\github\jnr\jnr-constants\0.9.12\jnr-constants-0.9.12.jar;C:\WINDOWS\system32\config\systemprofile\.m2\repository\jline\jline\2.14.5\jline-2.14.5.jar;C:\WINDOWS\system32\config\systemprofile\.m2\repository\org\apache\ant\ant\1.9.7\ant-1.9.7.jar;C:\WINDOWS\system32\config\systemprofile\.m2\repository\org\apache\ant\ant-launcher\1.9.7\ant-launcher-1.9.7.jar;C:\WINDOWS\system32\config\systemprofile\.m2\repository\com\sikulix\sikulix2tigervnc\1.1.4\sikulix2tigervnc-1.1.4.jar;C:\WINDOWS\system32\config\systemprofile\.m2\repository\commons-cli\commons-cli\1.4\commons-cli-1.4.jar;C:\WINDOWS\system32\config\systemprofile\.m2\repository\org\apache\commons\commons-exec\1.3\commons-exec-1.3.jar;C:\WINDOWS\system32\config\systemprofile\.m2\repository\net\java\dev\jna\jna-platform\5.6.0\jna-platform-5.6.0.jar;C:\WINDOWS\system32\config\systemprofile\.m2\repository\net\oneandone\reflections8\reflections8\0.11.6\reflections8-0.11.6.jar;C:\WINDOWS\system32\config\systemprofile\.m2\repository\org\javassist\javassist\3.22.0-GA\javassist-3.22.0-GA.jar;C:\WINDOWS\system32\config\systemprofile\.m2\repository\net\sourceforge\tess4j\tess4j\4.5.4\tess4j-4.5.4.jar;C:\WINDOWS\system32\config\systemprofile\.m2\repository\com\github\jai-imageio\jai-imageio-core\1.4.0\jai-imageio-core-1.4.0.jar;C:\WINDOWS\system32\config\systemprofile\.m2\repository\org\ghost4j\ghost4j\1.0.1\ghost4j-1.0.1.jar;C:\WINDOWS\system32\config\systemprofile\.m2\repository\commons-beanutils\commons-beanutils\1.9.2\commons-beanutils-1.9.2.jar;C:\WINDOWS\system32\config\systemprofile\.m2\repository\commons-collections\commons-collections\3.2.1\commons-collections-3.2.1.jar;C:\WINDOWS\system32\config\systemprofile\.m2\repository\org\apache\xmlgraphics\xmlgraphics-commons\1.4\xmlgraphics-commons-1.4.jar;C:\WINDOWS\system32\config\systemprofile\.m2\repository\com\lowagie\itext\2.1.7\itext-2.1.7.jar;C:\WINDOWS\system32\config\systemprofile\.m2\repository\org\apache\pdfbox\pdfbox-tools\2.0.21\pdfbox-tools-2.0.21.jar;C:\WINDOWS\system32\config\systemprofile\.m2\repository\org\apache\pdfbox\pdfbox-debugger\2.0.21\pdfbox-debugger-2.0.21.jar;C:\WINDOWS\system32\config\systemprofile\.m2\repository\org\apache\pdfbox\jbig2-imageio\3.0.3\jbig2-imageio-3.0.3.jar;C:\WINDOWS\system32\config\systemprofile\.m2\repository\net\sourceforge\lept4j\lept4j\1.13.2\lept4j-1.13.2.jar;C:\WINDOWS\system32\config\systemprofile\.m2\repository\org\jboss\jboss-vfs\3.2.15.Final\jboss-vfs-3.2.15.Final.jar;C:\WINDOWS\system32\config\systemprofile\.m2\repository\org\jboss\logging\jboss-logging\3.1.4.GA\jboss-logging-3.1.4.GA.jar;C:\WINDOWS\system32\config\systemprofile\.m2\repository\net\sf\py4j\py4j\0.10.9.1\py4j-0.10.9.1.jar;C:\WINDOWS\system32\config\systemprofile\.m2\repository\com\epam\healenium\healenium-web\3.4.6\healenium-web-3.4.6.jar;C:\WINDOWS\system32\config\systemprofile\.m2\repository\com\typesafe\config\1.4.2\config-1.4.2.jar;C:\WINDOWS\system32\config\systemprofile\.m2\repository\com\epam\healenium\tree-comparing\0.4.12\tree-comparing-0.4.12.jar;C:\WINDOWS\system32\config\systemprofile\.m2\repository\org\apache\commons\commons-text\1.10.0\commons-text-1.10.0.jar;C:\WINDOWS\system32\config\systemprofile\.m2\repository\com\squareup\okhttp3\okhttp\4.9.3\okhttp-4.9.3.jar;C:\WINDOWS\system32\config\systemprofile\.m2\repository\com\squareup\okio\okio\2.8.0\okio-2.8.0.jar;C:\WINDOWS\system32\config\systemprofile\.m2\repository\org\jetbrains\kotlin\kotlin-stdlib-common\1.4.0\kotlin-stdlib-common-1.4.0.jar;C:\WINDOWS\system32\config\systemprofile\.m2\repository\org\jetbrains\kotlin\kotlin-stdlib\1.4.10\kotlin-stdlib-1.4.10.jar;C:\WINDOWS\system32\config\systemprofile\.m2\repository\com\squareup\okhttp3\logging-interceptor\4.10.0\logging-interceptor-4.10.0.jar;C:\WINDOWS\system32\config\systemprofile\.m2\repository\org\jetbrains\kotlin\kotlin-stdlib-jdk8\1.6.10\kotlin-stdlib-jdk8-1.6.10.jar;C:\WINDOWS\system32\config\systemprofile\.m2\repository\org\jetbrains\kotlin\kotlin-stdlib-jdk7\1.6.10\kotlin-stdlib-jdk7-1.6.10.jar;C:\WINDOWS\system32\config\systemprofile\.m2\repository\org\mapstruct\mapstruct\1.4.2.Final\mapstruct-1.4.2.Final.jar;C:\WINDOWS\system32\config\systemprofile\.m2\repository\one\util\streamex\0.8.1\streamex-0.8.1.jar;C:\WINDOWS\system32\config\systemprofile\.m2\repository\org\mapstruct\mapstruct-processor\1.4.2.Final\mapstruct-processor-1.4.2.Final.jar;C:\WINDOWS\system32\config\systemprofile\.m2\repository\com\assertthat\selenium-shutterbug\1.6\selenium-shutterbug-1.6.jar;C:\WINDOWS\system32\config\systemprofile\.m2\repository\com\github\zafarkhaja\java-semver\0.9.0\java-semver-0.9.0.jar;C:\WINDOWS\system32\config\systemprofile\.m2\repository\com\jcraft\jsch\0.1.55\jsch-0.1.55.jar;C:\WINDOWS\system32\config\systemprofile\.m2\repository\com\mysql\mysql-connector-j\8.1.0\mysql-connector-j-8.1.0.jar;C:\WINDOWS\system32\config\systemprofile\.m2\repository\com\google\protobuf\protobuf-java\3.21.9\protobuf-java-3.21.9.jar;C:\WINDOWS\system32\config\systemprofile\.m2\repository\com\microsoft\sqlserver\mssql-jdbc\9.4.1.jre16-preview\mssql-jdbc-9.4.1.jre16-preview.jar;C:\WINDOWS\system32\config\systemprofile\.m2\repository\postgresql\postgresql\9.1-901-1.jdbc4\postgresql-9.1-901-1.jdbc4.jar;C:\WINDOWS\system32\config\systemprofile\.m2\repository\com\ibm\db2\jcc\db2jcc\db2jcc4\db2jcc-db2jcc4.jar;C:\WINDOWS\system32\config\systemprofile\.m2\repository\ws\schild\jave-all-deps\3.3.1\jave-all-deps-3.3.1.jar;C:\WINDOWS\system32\config\systemprofile\.m2\repository\ws\schild\jave-core\3.3.1\jave-core-3.3.1.jar;C:\WINDOWS\system32\config\systemprofile\.m2\repository\ws\schild\jave-nativebin-win32\3.3.1\jave-nativebin-win32-3.3.1.jar;C:\WINDOWS\system32\config\systemprofile\.m2\repository\ws\schild\jave-nativebin-win64\3.3.1\jave-nativebin-win64-3.3.1.jar;C:\WINDOWS\system32\config\systemprofile\.m2\repository\ws\schild\jave-nativebin-linux32\3.3.1\jave-nativebin-linux32-3.3.1.jar;C:\WINDOWS\system32\config\systemprofile\.m2\repository\ws\schild\jave-nativebin-linux64\3.3.1\jave-nativebin-linux64-3.3.1.jar;C:\WINDOWS\system32\config\systemprofile\.m2\repository\ws\schild\jave-nativebin-osx64\3.3.1\jave-nativebin-osx64-3.3.1.jar;C:\WINDOWS\system32\config\systemprofile\.m2\repository\ws\schild\jave-nativebin-osxm1\3.3.1\jave-nativebin-osxm1-3.3.1.jar;C:\WINDOWS\system32\config\systemprofile\.m2\repository\ws\schild\jave-nativebin-linux-arm32\3.3.1\jave-nativebin-linux-arm32-3.3.1.jar;C:\WINDOWS\system32\config\systemprofile\.m2\repository\ws\schild\jave-nativebin-linux-arm64\3.3.1\jave-nativebin-linux-arm64-3.3.1.jar;C:\WINDOWS\system32\config\systemprofile\.m2\repository\com\automation-remarks\video-recorder-testng\2.0\video-recorder-testng-2.0.jar;C:\WINDOWS\system32\config\systemprofile\.m2\repository\com\automation-remarks\video-recorder-core\2.0\video-recorder-core-2.0.jar;C:\WINDOWS\system32\config\systemprofile\.m2\repository\org\zeroturnaround\zt-exec\1.10\zt-exec-1.10.jar;C:\WINDOWS\system32\config\systemprofile\.m2\repository\org\awaitility\awaitility\3.1.6\awaitility-3.1.6.jar;C:\WINDOWS\system32\config\systemprofile\.m2\repository\org\hamcrest\hamcrest-library\1.3\hamcrest-library-1.3.jar;C:\WINDOWS\system32\config\systemprofile\.m2\repository\org\hamcrest\hamcrest-core\1.3\hamcrest-core-1.3.jar;C:\WINDOWS\system32\config\systemprofile\.m2\repository\org\objenesis\objenesis\2.6\objenesis-2.6.jar;C:\WINDOWS\system32\config\systemprofile\.m2\repository\org\apache\logging\log4j\log4j-slf4j2-impl\2.20.0\log4j-slf4j2-impl-2.20.0.jar;C:\WINDOWS\system32\config\systemprofile\.m2\repository\org\slf4j\slf4j-api\2.0.6\slf4j-api-2.0.6.jar;C:\WINDOWS\system32\config\systemprofile\.m2\repository\org\apache\logging\log4j\log4j-core\2.20.0\log4j-core-2.20.0.jar;C:\WINDOWS\system32\config\systemprofile\.m2\repository\org\apache\logging\log4j\log4j-1.2-api\2.20.0\log4j-1.2-api-2.20.0.jar;C:\WINDOWS\system32\config\systemprofile\.m2\repository\com\google\guava\guava\32.1.3-jre\guava-32.1.3-jre.jar;C:\WINDOWS\system32\config\systemprofile\.m2\repository\com\google\guava\failureaccess\1.0.1\failureaccess-1.0.1.jar;C:\WINDOWS\system32\config\systemprofile\.m2\repository\com\google\guava\listenablefuture\9999.0-empty-to-avoid-conflict-with-guava\listenablefuture-9999.0-empty-to-avoid-conflict-with-guava.jar;C:\WINDOWS\system32\config\systemprofile\.m2\repository\com\google\code\findbugs\jsr305\3.0.2\jsr305-3.0.2.jar;C:\WINDOWS\system32\config\systemprofile\.m2\repository\org\checkerframework\checker-qual\3.37.0\checker-qual-3.37.0.jar;C:\WINDOWS\system32\config\systemprofile\.m2\repository\com\google\errorprone\error_prone_annotations\2.21.1\error_prone_annotations-2.21.1.jar;C:\WINDOWS\system32\config\systemprofile\.m2\repository\com\google\j2objc\j2objc-annotations\2.8\j2objc-annotations-2.8.jar;C:\WINDOWS\system32\config\systemprofile\.m2\repository\org\projectlombok\lombok\1.18.30\lombok-1.18.30.jar;C:\WINDOWS\system32\config\systemprofile\.m2\repository\com\google\crypto\tink\tink\1.11.0\tink-1.11.0.jar;C:\WINDOWS\system32\config\systemprofile\.m2\repository\com\google\crypto\tink\tink-awskms\1.9.1\tink-awskms-1.9.1.jar;C:\WINDOWS\system32\config\systemprofile\.m2\repository\com\amazonaws\aws-java-sdk-core\1.12.182\aws-java-sdk-core-1.12.182.jar;C:\WINDOWS\system32\config\systemprofile\.m2\repository\software\amazon\ion\ion-java\1.0.2\ion-java-1.0.2.jar;C:\WINDOWS\system32\config\systemprofile\.m2\repository\com\fasterxml\jackson\dataformat\jackson-dataformat-cbor\2.12.6\jackson-dataformat-cbor-2.12.6.jar;C:\WINDOWS\system32\config\systemprofile\.m2\repository\com\amazonaws\aws-java-sdk-kms\1.12.182\aws-java-sdk-kms-1.12.182.jar;C:\WINDOWS\system32\config\systemprofile\.m2\repository\com\amazonaws\jmespath-java\1.12.182\jmespath-java-1.12.182.jar;C:\WINDOWS\system32\config\systemprofile\.m2\repository\com\google\crypto\tink\tink-gcpkms\1.9.0\tink-gcpkms-1.9.0.jar;C:\WINDOWS\system32\config\systemprofile\.m2\repository\com\google\api-client\google-api-client\2.2.0\google-api-client-2.2.0.jar;C:\WINDOWS\system32\config\systemprofile\.m2\repository\com\google\http-client\google-http-client-apache-v2\1.42.3\google-http-client-apache-v2-1.42.3.jar;C:\WINDOWS\system32\config\systemprofile\.m2\repository\com\google\apis\google-api-services-cloudkms\v1-rev20221107-2.0.0\google-api-services-cloudkms-v1-rev20221107-2.0.0.jar;C:\WINDOWS\system32\config\systemprofile\.m2\repository\com\google\auth\google-auth-library-oauth2-http\1.5.3\google-auth-library-oauth2-http-1.5.3.jar;C:\WINDOWS\system32\config\systemprofile\.m2\repository\com\google\auto\value\auto-value-annotations\1.9\auto-value-annotations-1.9.jar;C:\WINDOWS\system32\config\systemprofile\.m2\repository\com\google\auth\google-auth-library-credentials\1.5.3\google-auth-library-credentials-1.5.3.jar;C:\WINDOWS\system32\config\systemprofile\.m2\repository\com\google\http-client\google-http-client\1.43.1\google-http-client-1.43.1.jar;C:\WINDOWS\system32\config\systemprofile\.m2\repository\io\opencensus\opencensus-api\0.31.1\opencensus-api-0.31.1.jar;C:\WINDOWS\system32\config\systemprofile\.m2\repository\io\grpc\grpc-context\1.27.2\grpc-context-1.27.2.jar;C:\WINDOWS\system32\config\systemprofile\.m2\repository\io\opencensus\opencensus-contrib-http-util\0.31.1\opencensus-contrib-http-util-0.31.1.jar;C:\WINDOWS\system32\config\systemprofile\.m2\repository\com\google\http-client\google-http-client-gson\1.43.1\google-http-client-gson-1.43.1.jar;C:\WINDOWS\system32\config\systemprofile\.m2\repository\com\google\oauth-client\google-oauth-client\1.34.1\google-oauth-client-1.34.1.jar;C:\WINDOWS\system32\config\systemprofile\.m2\repository\org\yaml\snakeyaml\2.2\snakeyaml-2.2.jar;C:\WINDOWS\system32\config\systemprofile\.m2\repository\org\aeonbits\owner\owner-java8\1.0.12\owner-java8-1.0.12.jar;C:\WINDOWS\system32\config\systemprofile\.m2\repository\org\aeonbits\owner\owner\1.0.12\owner-1.0.12.jar;C:\WINDOWS\system32\config\systemprofile\.m2\repository\org\jacoco\jacoco-maven-plugin\0.8.10\jacoco-maven-plugin-0.8.10.jar;C:\WINDOWS\system32\config\systemprofile\.m2\repository\org\codehaus\plexus\plexus-utils\3.0.24\plexus-utils-3.0.24.jar;C:\WINDOWS\system32\config\systemprofile\.m2\repository\org\apache\maven\shared\file-management\1.2.1\file-management-1.2.1.jar;C:\WINDOWS\system32\config\systemprofile\.m2\repository\org\apache\maven\maven-plugin-api\2.0.6\maven-plugin-api-2.0.6.jar;C:\WINDOWS\system32\config\systemprofile\.m2\repository\org\apache\maven\shared\maven-shared-io\1.1\maven-shared-io-1.1.jar;C:\WINDOWS\system32\config\systemprofile\.m2\repository\org\apache\maven\maven-artifact\2.0.2\maven-artifact-2.0.2.jar;C:\WINDOWS\system32\config\systemprofile\.m2\repository\org\apache\maven\maven-artifact-manager\2.0.2\maven-artifact-manager-2.0.2.jar;C:\WINDOWS\system32\config\systemprofile\.m2\repository\org\apache\maven\maven-repository-metadata\2.0.2\maven-repository-metadata-2.0.2.jar;C:\WINDOWS\system32\config\systemprofile\.m2\repository\org\apache\maven\wagon\wagon-provider-api\1.0-alpha-6\wagon-provider-api-1.0-alpha-6.jar;C:\WINDOWS\system32\config\systemprofile\.m2\repository\org\codehaus\plexus\plexus-container-default\1.0-alpha-9\plexus-container-default-1.0-alpha-9.jar;C:\WINDOWS\system32\config\systemprofile\.m2\repository\junit\junit\3.8.1\junit-3.8.1.jar;C:\WINDOWS\system32\config\systemprofile\.m2\repository\classworlds\classworlds\1.1-alpha-2\classworlds-1.1-alpha-2.jar;C:\WINDOWS\system32\config\systemprofile\.m2\repository\org\apache\maven\reporting\maven-reporting-api\3.0\maven-reporting-api-3.0.jar;C:\WINDOWS\system32\config\systemprofile\.m2\repository\org\apache\maven\doxia\doxia-sink-api\1.0\doxia-sink-api-1.0.jar;C:\WINDOWS\system32\config\systemprofile\.m2\repository\org\jacoco\org.jacoco.agent\0.8.10\org.jacoco.agent-0.8.10-runtime.jar;C:\WINDOWS\system32\config\systemprofile\.m2\repository\org\jacoco\org.jacoco.core\0.8.10\org.jacoco.core-0.8.10.jar;C:\WINDOWS\system32\config\systemprofile\.m2\repository\org\ow2\asm\asm-tree\9.5\asm-tree-9.5.jar;C:\WINDOWS\system32\config\systemprofile\.m2\repository\org\jacoco\org.jacoco.report\0.8.10\org.jacoco.report-0.8.10.jar;C:\WINDOWS\system32\config\systemprofile\.m2\repository\org\jsoup\jsoup\1.16.1\jsoup-1.16.1.jar;C:\WINDOWS\system32\config\systemprofile\.m2\repository\com\github\javafaker\javafaker\1.0.2\javafaker-1.0.2.jar;C:\WINDOWS\system32\config\systemprofile\.m2\repository\org\apache\commons\commons-lang3\3.5\commons-lang3-3.5.jar;C:\WINDOWS\system32\config\systemprofile\.m2\repository\org\yaml\snakeyaml\1.23\snakeyaml-1.23-android.jar;C:\WINDOWS\system32\config\systemprofile\.m2\repository\com\github\mifmif\generex\1.0.2\generex-1.0.2.jar;C:\WINDOWS\system32\config\systemprofile\.m2\repository\dk\brics\automaton\automaton\1.11-8\automaton-1.11-8.jar;"/>
    <property name="org.uncommons.reportng.escape-output" value="false"/>
    <property name="java.vm.vendor" value="Oracle Corporation"/>
    <property name="openAllureReportAfterExecution" value="true"/>
    <property name="user.variant" value=""/>
    <property name="videoParams_scope" value="DriverSession"/>
    <property name="browserStack.acceptInsecureCerts" value="true"/>
    <property name="forceCheckTextWasTypedCorrectly" value="true"/>
    <property name="databaseQueryTimeout" value="30"/>
    <property name="user.country" value="US"/>
    <property name="sun.java.launcher" value="SUN_STANDARD"/>
    <property name="allure.link.issue.pattern" value=""/>
    <property name="cucumber.snippet-type" value="underscore"/>
    <property name="apiSocketTimeout" value="30"/>
    <property name="sun.cpu.endian" value="little"/>
    <property name="user.language" value="en"/>
    <property name="cucumber.execution.dry-run" value="false"/>
    <property name="allure.link.tms.pattern" value="https:///{} "/>
    <property name="createAnimatedGif" value="false"/>
    <property name="cucumber.execution.wip" value="false"/>
    <property name="appender.file.name" value="LOGFILE"/>
    <property name="surefire.real.class.path" value="C:\Windows\Temp\surefire16208438471737257252\surefirebooter-20231207152546160_3.jar"/>
    <property name="shellSessionTimeout" value="30"/>
    <property name="mobileEmulation.isCustomDevice" value="false"/>
    <property name="recovery-tries" value="1"/>
    <property name="java.runtime.name" value="Java(TM) SE Runtime Environment"/>
    <property name="generateExtentReports" value="false"/>
    <property name="logger.app.name" value="org.apache.http.impl.client"/>
    <property name="mobileEmulation.height" value=""/>
    <property name="heal-enabled" value="false"/>
    <property name="java.vendor.url.bug" value="https://bugreport.java.com/bugreport/"/>
    <property name="animatedGif_frameDelay" value="500"/>
    <property name="SHAFT.CrossBrowserMode" value="off"/>
    <property name="forceCheckElementLocatorIsUnique" value="true"/>
    <property name="user.dir" value="C:\ProgramData\Jenkins\.jenkins\workspace\pipline_job"/>
    <property name="video.mode" value="ALL"/>
    <property name="appender.file.filter.threshold.level" value="debug"/>
    <property name="mobile_deviceName" value=""/>
    <property name="browserStack.appiumVersion" value="1.22.0"/>
    <property name="captureWebDriverLogs" value="false"/>
    <property name="setDataProviderThreadCount" value="1"/>
    <property name="browserStack.networkLogs" value="true"/>
    <property name="java.vm.version" value="17.0.7+8-LTS-224"/>
    <property name="cucumber.glue" value="steps, connector"/>
  </properties>
  <testcase name="runScenario[&quot;Verify that compare toggle can be switched on successfully in all views and all charts are fully loaded&quot;, &quot;Date Comparison&quot;](1)" classname="runner.CucumberTestRunner" time="82.357">
    <system-out><![CDATA[&amp#27;[38;2;0;96;168;1m[INFO]&amp#27;[m &amp#27;[m
&amp#27;[0;7m------------------------------------------------------------------------------------------------------------------------------------------------
                                                    Powered by &amp#27;[1mSHAFT v.7.4.20231015&amp#27;[22m                                                    
------------------------------------------------------------------------------------------------------------------------------------------------
&amp#27;[0m &amp#27;[m&amp#27;[90m| com.shaft.tools.io.ReportManager&amp#27;[m &amp#27;[90m- main&amp#27;[m &amp#27;[90m- 03:25:53 PM&amp#27;[m 
&amp#27;[38;2;0;96;168;1m[INFO]&amp#27;[m &amp#27;[mLoaded OpenCV "opencv_java470". &amp#27;[m&amp#27;[90m| com.shaft.tools.io.ReportManager&amp#27;[m &amp#27;[90m- main&amp#27;[m &amp#27;[90m- 03:25:55 PM&amp#27;[m 
&amp#27;[38;2;0;96;168;1m[INFO]&amp#27;[m &amp#27;[mInitializing Allure Reporting Environment... &amp#27;[m&amp#27;[90m| com.shaft.tools.io.ReportManager&amp#27;[m &amp#27;[90m- main&amp#27;[m &amp#27;[90m- 03:25:55 PM&amp#27;[m 
&amp#27;[38;2;0;96;168;1m[INFO]&amp#27;[m &amp#27;[mInitializing Summary Reporting Environment... &amp#27;[m&amp#27;[90m| com.shaft.tools.io.ReportManager&amp#27;[m &amp#27;[90m- main&amp#27;[m &amp#27;[90m- 03:25:56 PM&amp#27;[m 
&amp#27;[38;2;0;96;168;1m[INFO]&amp#27;[m &amp#27;[mTestNG run detected... &amp#27;[m&amp#27;[90m| com.shaft.tools.io.ReportManager&amp#27;[m &amp#27;[90m- main&amp#27;[m &amp#27;[90m- 03:25:56 PM&amp#27;[m 
&amp#27;[38;2;0;96;168;1m[INFO]&amp#27;[m &amp#27;[m
&amp#27;[0;7m------------------------------------------------------------------------------------------------------------------------------------------------
                                             Starting execution of suite setup configuration method                                             
                                          'com.shaft.listeners.internal.ConfigurationHelper.suiteSetup'                                          
------------------------------------------------------------------------------------------------------------------------------------------------
&amp#27;[0m &amp#27;[m&amp#27;[90m| com.shaft.tools.io.ReportManager&amp#27;[m &amp#27;[90m- main&amp#27;[m &amp#27;[90m- 03:25:57 PM&amp#27;[m 
&amp#27;[38;2;0;96;168;1m[INFO]&amp#27;[m &amp#27;[mInitializing Important Links... &amp#27;[m&amp#27;[90m| com.shaft.tools.io.ReportManager&amp#27;[m &amp#27;[90m- main&amp#27;[m &amp#27;[90m- 03:25:57 PM&amp#27;[m 
&amp#27;[38;2;0;96;168;1m[INFO]&amp#27;[m &amp#27;[mInitializing Properties... &amp#27;[m&amp#27;[90m| com.shaft.tools.io.ReportManager&amp#27;[m &amp#27;[90m- main&amp#27;[m &amp#27;[90m- 03:25:57 PM&amp#27;[m 
&amp#27;[38;2;0;96;168;1m[INFO]&amp#27;[m &amp#27;[mFile Action "DoesFileExist" successfully performed. With the following test data "File Path: "/C:/ProgramData/Jenkins/.jenkins/workspace/pipline_job/src/test/resources/features/TC65_DashboardDateComparison.feature"". &amp#27;[m&amp#27;[90m| com.shaft.tools.io.ReportManager&amp#27;[m &amp#27;[90m- TestNG-test=cucumber test runner-1&amp#27;[m &amp#27;[90m- 03:26:01 PM&amp#27;[m 
&amp#27;[38;2;0;96;168;1m[INFO]&amp#27;[m &amp#27;[mFile Action "GetAbsolutePath" successfully performed. With the following test data "Relative Folder Path: "/C:/ProgramData/Jenkins/.jenkins/workspace/pipline_job/src/test/resources/features/TC65_DashboardDateComparison.feature"". &amp#27;[m&amp#27;[90m| com.shaft.tools.io.ReportManager&amp#27;[m &amp#27;[90m- TestNG-test=cucumber test runner-1&amp#27;[m &amp#27;[90m- 03:26:01 PM&amp#27;[m 
&amp#27;[38;2;0;96;168;1m[INFO]&amp#27;[m &amp#27;[mFile Action "ReadFile" successfully performed. With the following test data "File Path: "C:\ProgramData\Jenkins\.jenkins\workspace\pipline_job\src\test\resources\features\TC65_DashboardDateComparison.feature"". &amp#27;[m&amp#27;[90m| com.shaft.tools.io.ReportManager&amp#27;[m &amp#27;[90m- TestNG-test=cucumber test runner-1&amp#27;[m &amp#27;[90m- 03:26:01 PM&amp#27;[m 
&amp#27;[38;2;0;96;168;1m[INFO]&amp#27;[m &amp#27;[m@regression &amp#27;[m&amp#27;[90m| com.shaft.tools.io.ReportManager&amp#27;[m &amp#27;[90m- TestNG-test=cucumber test runner-1&amp#27;[m &amp#27;[90m- 03:26:01 PM&amp#27;[m 
&amp#27;[38;2;0;96;168;1m[INFO]&amp#27;[m &amp#27;[mScenario Outline: Verify that compare toggle can be switched on successfully in all views and all charts are fully loaded &amp#27;[90m# src/test/resources/features/TC65_DashboardDateComparison.feature:15&amp#27;[0m &amp#27;[m&amp#27;[90m| com.shaft.tools.io.ReportManager&amp#27;[m &amp#27;[90m- TestNG-test=cucumber test runner-1&amp#27;[m &amp#27;[90m- 03:26:01 PM&amp#27;[m 
&amp#27;[38;2;0;96;168;1m[INFO]&amp#27;[m &amp#27;[mFile Action "DoesFileExist" successfully performed. With the following test data "File Path: "/C:/ProgramData/Jenkins/.jenkins/workspace/pipline_job/src/test/resources/features/TC65_DashboardDateComparison.feature"". &amp#27;[m&amp#27;[90m| com.shaft.tools.io.ReportManager&amp#27;[m &amp#27;[90m- TestNG-test=cucumber test runner-1&amp#27;[m &amp#27;[90m- 03:26:01 PM&amp#27;[m 
&amp#27;[38;2;0;96;168;1m[INFO]&amp#27;[m &amp#27;[mFile Action "GetAbsolutePath" successfully performed. With the following test data "Relative Folder Path: "/C:/ProgramData/Jenkins/.jenkins/workspace/pipline_job/src/test/resources/features/TC65_DashboardDateComparison.feature"". &amp#27;[m&amp#27;[90m| com.shaft.tools.io.ReportManager&amp#27;[m &amp#27;[90m- TestNG-test=cucumber test runner-1&amp#27;[m &amp#27;[90m- 03:26:01 PM&amp#27;[m 
&amp#27;[38;2;0;96;168;1m[INFO]&amp#27;[m &amp#27;[mFile Action "ReadFile" successfully performed. With the following test data "File Path: "C:\ProgramData\Jenkins\.jenkins\workspace\pipline_job\src\test\resources\features\TC65_DashboardDateComparison.feature"". &amp#27;[m&amp#27;[90m| com.shaft.tools.io.ReportManager&amp#27;[m &amp#27;[90m- TestNG-test=cucumber test runner-1&amp#27;[m &amp#27;[90m- 03:26:01 PM&amp#27;[m 
&amp#27;[31;1m[ERROR]&amp#27;[m &amp#27;[mCould not update test case: no test case running &amp#27;[m&amp#27;[90m| io.qameta.allure.AllureLifecycle&amp#27;[m &amp#27;[90m- TestNG-test=cucumber test runner-1&amp#27;[m &amp#27;[90m- 03:26:01 PM&amp#27;[m 
&amp#27;[31;1m[ERROR]&amp#27;[m &amp#27;[mCould not update test case: no test case running &amp#27;[m&amp#27;[90m| io.qameta.allure.AllureLifecycle&amp#27;[m &amp#27;[90m- TestNG-test=cucumber test runner-1&amp#27;[m &amp#27;[90m- 03:26:01 PM&amp#27;[m 
&amp#27;[31;1m[ERROR]&amp#27;[m &amp#27;[mCould not update test case: no test case running &amp#27;[m&amp#27;[90m| io.qameta.allure.AllureLifecycle&amp#27;[m &amp#27;[90m- TestNG-test=cucumber test runner-1&amp#27;[m &amp#27;[90m- 03:26:01 PM&amp#27;[m 
&amp#27;[38;2;0;96;168;1m[INFO]&amp#27;[m &amp#27;[m
&amp#27;[0;7m------------------------------------------------------------------------------------------------------------------------------------------------
                                   Starting Execution: "1 out of 1" scenarios in the "Date Comparison" feature                                   
        Scenario Outline Name: "Verify that compare toggle can be switched on successfully in all views and all charts are fully loaded"        
                                                             Scenario Outline Steps:                                                             
                                Given User is logged in with "mahmoud227572" credentials and in console home page                                
                                                    When Click Try our new enhanced dashboard                                                    
                                                              And Click "Day" view                                                              
                                                            And Click Compare Toggle                                                            
                                       Then Compare Toggle is switched on and Comparison Date is displayed                                       
                                                         And All charts are fully loaded                                                         
------------------------------------------------------------------------------------------------------------------------------------------------
&amp#27;[0m &amp#27;[m&amp#27;[90m| com.shaft.tools.io.ReportManager&amp#27;[m &amp#27;[90m- TestNG-test=cucumber test runner-1&amp#27;[m &amp#27;[90m- 03:26:01 PM&amp#27;[m 
&amp#27;[38;2;0;96;168;1m[INFO]&amp#27;[m &amp#27;[mScenario Hook: BEFORE &amp#27;[m&amp#27;[90m| com.shaft.tools.io.ReportManager&amp#27;[m &amp#27;[90m- TestNG-test=cucumber test runner-1&amp#27;[m &amp#27;[90m- 03:26:01 PM&amp#27;[m 
&amp#27;[38;2;0;96;168;1m[INFO]&amp#27;[m &amp#27;[mSetting "targetOperatingSystem" property with "windows". &amp#27;[m&amp#27;[90m| com.shaft.tools.io.ReportManager&amp#27;[m &amp#27;[90m- TestNG-test=cucumber test runner-1&amp#27;[m &amp#27;[90m- 03:26:01 PM&amp#27;[m 
&amp#27;[38;2;0;96;168;1m[INFO]&amp#27;[m &amp#27;[mCapabilities {acceptInsecureCerts: true, browserName: chrome, goog:chromeOptions: {args: [--start-maximized, --remote-allow-origins=*, --enable-automation, --disable-background-timer-..., --disable-backgrounding-occ..., --disable-features=Calculat..., --disable-hang-monitor, --disable-domain-reliability, --disable-renderer-backgrou..., --disable-features=Autofill..., --metrics-recording-only, --no-first-run, --no-default-browser-check, --silent-debugger-extension..., --disable-extensions, --disable-component-extensi..., --disable-dev-shm-usage, --disable-features=MediaRouter, --disable-features=Translate, --disable-ipc-flooding-prot..., --disable-background-networ..., --mute-audio, --disable-breakpad, --ignore-certificate-errors, --disable-device-discovery-..., --force-color-profile=srgb, --hide-scrollbars, --host-resolver-rules, --no-pings, --disable-features=AvoidUnn..., --disable-features=Certific..., --disable-sync, --disable-features=Optimiza..., --disable-features=DialMedi..., --disable-features=GlobalMe..., --disable-features=Improved..., --disable-features=LazyFram..., --disable-field-trial-config, --enable-features=NetworkSe..., --enable-features=NetworkSe..., --enable-use-zoom-for-dsf, --log-net-log, --net-log-capture-mode, --disable-client-side-phish..., --disable-default-apps, --disable-features=Interest...], extensions: [], prefs: {download.default_directory: C:\ProgramData\Jenkins\.jen..., download.prompt_for_download: false, profile.default_content_settings.popups: 0}}, pageLoadStrategy: none, timeouts: {pageLoad: 30000, script: 30000}, unhandledPromptBehavior: ignore, webSocketUrl: true} &amp#27;[m&amp#27;[90m| com.shaft.tools.io.ReportManager&amp#27;[m &amp#27;[90m- TestNG-test=cucumber test runner-1&amp#27;[m &amp#27;[90m- 03:26:01 PM&amp#27;[m 
&amp#27;[38;2;0;96;168;1m[INFO]&amp#27;[m &amp#27;[mAttempting to run locally on: "windows | Chrome". &amp#27;[m&amp#27;[90m| com.shaft.tools.io.ReportManager&amp#27;[m &amp#27;[90m- TestNG-test=cucumber test runner-1&amp#27;[m &amp#27;[90m- 03:26:01 PM&amp#27;[m 
&amp#27;[38;2;0;96;168;1m[INFO]&amp#27;[m &amp#27;[mIdentifying OS/Driver combination. Please note that if a new browser/driver executable will be downloaded it may take some time depending on your connection... &amp#27;[m&amp#27;[90m| com.shaft.tools.io.ReportManager&amp#27;[m &amp#27;[90m- TestNG-test=cucumber test runner-1&amp#27;[m &amp#27;[90m- 03:26:01 PM&amp#27;[m 
&amp#27;[33;1m[WARN]&amp#27;[m &amp#27;[mDec 07, 2023 3:26:07 PM org.openqa.selenium.devtools.CdpVersionFinder findNearestMatch &amp#27;[m&amp#27;[90m| com.shaft.tools.io.ReportManager&amp#27;[m &amp#27;[90m- TestNG-test=cucumber test runner-1&amp#27;[m &amp#27;[90m- 03:26:08 PM&amp#27;[m 
&amp#27;[33;1m[WARN]&amp#27;[m &amp#27;[mWARNING: Unable to find an exact match for CDP version 119, so returning the closest version found: 117 &amp#27;[m&amp#27;[90m| com.shaft.tools.io.ReportManager&amp#27;[m &amp#27;[90m- TestNG-test=cucumber test runner-1&amp#27;[m &amp#27;[90m- 03:26:08 PM&amp#27;[m 
&amp#27;[38;2;0;96;168;1m[INFO]&amp#27;[m &amp#27;[mSuccessfully Opened: "windows | Chrome". &amp#27;[m&amp#27;[90m| com.shaft.tools.io.ReportManager&amp#27;[m &amp#27;[90m- TestNG-test=cucumber test runner-1&amp#27;[m &amp#27;[90m- 03:26:08 PM&amp#27;[m 
&amp#27;[38;2;0;96;168;1m[INFO]&amp#27;[m &amp#27;[mTarget URL: "https://console.foodics.dev/" &amp#27;[m&amp#27;[90m| com.shaft.tools.io.ReportManager&amp#27;[m &amp#27;[90m- TestNG-test=cucumber test runner-1&amp#27;[m &amp#27;[90m- 03:26:08 PM&amp#27;[m 
&amp#27;[38;2;0;96;168;1m[INFO]&amp#27;[m &amp#27;[mInitial URL: "about:blank" &amp#27;[m&amp#27;[90m| com.shaft.tools.io.ReportManager&amp#27;[m &amp#27;[90m- TestNG-test=cucumber test runner-1&amp#27;[m &amp#27;[90m- 03:26:08 PM&amp#27;[m 
&amp#27;[38;2;0;96;168;1m[INFO]&amp#27;[m &amp#27;[mSuccessfully created attachment 'Screenshot - 1701955570607_runScenario_Navigate to url_passed' &amp#27;[m&amp#27;[90m| com.shaft.tools.io.ReportManager&amp#27;[m &amp#27;[90m- TestNG-test=cucumber test runner-1&amp#27;[m &amp#27;[90m- 03:26:11 PM&amp#27;[m 
&amp#27;[38;2;0;96;168;1m[INFO]&amp#27;[m &amp#27;[mScenario Step: Given User is logged in with "mahmoud227572" credentials and in console home page &amp#27;[m&amp#27;[90m| com.shaft.tools.io.ReportManager&amp#27;[m &amp#27;[90m- TestNG-test=cucumber test runner-1&amp#27;[m &amp#27;[90m- 03:26:11 PM&amp#27;[m 
&amp#27;[38;2;0;96;168;1m[INFO]&amp#27;[m &amp#27;[mSuccessfully created attachment 'Screenshot - 1701955572853_runScenario_Type_passed' &amp#27;[m&amp#27;[90m| com.shaft.tools.io.ReportManager&amp#27;[m &amp#27;[90m- TestNG-test=cucumber test runner-1&amp#27;[m &amp#27;[90m- 03:26:12 PM&amp#27;[m 
&amp#27;[38;2;0;96;168;1m[INFO]&amp#27;[m &amp#27;[mClick element. &amp#27;[m&amp#27;[90m| com.shaft.tools.io.ReportManager&amp#27;[m &amp#27;[90m- TestNG-test=cucumber test runner-1&amp#27;[m &amp#27;[90m- 03:26:13 PM&amp#27;[m 
&amp#27;[38;2;0;96;168;1m[INFO]&amp#27;[m &amp#27;[mSuccessfully created attachment 'Screenshot - 1701955577081_runScenario_Type_passed' &amp#27;[m&amp#27;[90m| com.shaft.tools.io.ReportManager&amp#27;[m &amp#27;[90m- TestNG-test=cucumber test runner-1&amp#27;[m &amp#27;[90m- 03:26:17 PM&amp#27;[m 
&amp#27;[38;2;0;96;168;1m[INFO]&amp#27;[m &amp#27;[mClick element. &amp#27;[m&amp#27;[90m| com.shaft.tools.io.ReportManager&amp#27;[m &amp#27;[90m- TestNG-test=cucumber test runner-1&amp#27;[m &amp#27;[90m- 03:26:17 PM&amp#27;[m 
&amp#27;[38;2;0;96;168;1m[INFO]&amp#27;[m &amp#27;[mSuccessfully created attachment 'Screenshot - 1701955585395_runScenario_Type_passed' &amp#27;[m&amp#27;[90m| com.shaft.tools.io.ReportManager&amp#27;[m &amp#27;[90m- TestNG-test=cucumber test runner-1&amp#27;[m &amp#27;[90m- 03:26:25 PM&amp#27;[m 
&amp#27;[38;2;0;96;168;1m[INFO]&amp#27;[m &amp#27;[mSuccessfully created attachment 'Screenshot - 1701955587382_runScenario_Type_passed' &amp#27;[m&amp#27;[90m| com.shaft.tools.io.ReportManager&amp#27;[m &amp#27;[90m- TestNG-test=cucumber test runner-1&amp#27;[m &amp#27;[90m- 03:26:27 PM&amp#27;[m 
&amp#27;[38;2;0;96;168;1m[INFO]&amp#27;[m &amp#27;[mSuccessfully created attachment 'Screenshot - 1701955588178_runScenario_Type_passed' &amp#27;[m&amp#27;[90m| com.shaft.tools.io.ReportManager&amp#27;[m &amp#27;[90m- TestNG-test=cucumber test runner-1&amp#27;[m &amp#27;[90m- 03:26:28 PM&amp#27;[m 
&amp#27;[38;2;0;96;168;1m[INFO]&amp#27;[m &amp#27;[mClick "Log In". &amp#27;[m&amp#27;[90m| com.shaft.tools.io.ReportManager&amp#27;[m &amp#27;[90m- TestNG-test=cucumber test runner-1&amp#27;[m &amp#27;[90m- 03:26:28 PM&amp#27;[m 
&amp#27;[38;2;0;96;168;1m[INFO]&amp#27;[m &amp#27;[mExpected condition failed: waiting for com.shaft.listeners.internal.WebDriverListener$$Lambda$1158/0x0000000801306a60@542ed404 (tried for 0 second(s) with 100 milliseconds interval) || no such element: Unable to locate element: {"method":"xpath","selector":"//*[@id="nprogress"]/div[1]"} &amp#27;[m&amp#27;[90m| com.shaft.tools.io.ReportManager&amp#27;[m &amp#27;[90m- TestNG-test=cucumber test runner-1&amp#27;[m &amp#27;[90m- 03:26:30 PM&amp#27;[m 
&amp#27;[33;1m[WARN]&amp#27;[m &amp#27;[mDec 07, 2023 3:26:30 PM org.openqa.selenium.support.events.EventFiringDecorator callListenerMethod &amp#27;[m&amp#27;[90m| com.shaft.tools.io.ReportManager&amp#27;[m &amp#27;[90m- TestNG-test=cucumber test runner-1&amp#27;[m &amp#27;[90m- 03:26:30 PM&amp#27;[m 
&amp#27;[33;1m[WARN]&amp#27;[m &amp#27;[mWARNING: null &amp#27;[m&amp#27;[90m| com.shaft.tools.io.ReportManager&amp#27;[m &amp#27;[90m- TestNG-test=cucumber test runner-1&amp#27;[m &amp#27;[90m- 03:26:30 PM&amp#27;[m 
&amp#27;[33;1m[WARN]&amp#27;[m &amp#27;[mjava.lang.reflect.InvocationTargetException &amp#27;[m&amp#27;[90m| com.shaft.tools.io.ReportManager&amp#27;[m &amp#27;[90m- TestNG-test=cucumber test runner-1&amp#27;[m &amp#27;[90m- 03:26:30 PM&amp#27;[m 
&amp#27;[33;1m[WARN]&amp#27;[m &amp#27;[m	at java.base/jdk.internal.reflect.NativeMethodAccessorImpl.invoke0(Native Method) &amp#27;[m&amp#27;[90m| com.shaft.tools.io.ReportManager&amp#27;[m &amp#27;[90m- TestNG-test=cucumber test runner-1&amp#27;[m &amp#27;[90m- 03:26:30 PM&amp#27;[m 
&amp#27;[33;1m[WARN]&amp#27;[m &amp#27;[m	at java.base/jdk.internal.reflect.NativeMethodAccessorImpl.invoke(NativeMethodAccessorImpl.java:77) &amp#27;[m&amp#27;[90m| com.shaft.tools.io.ReportManager&amp#27;[m &amp#27;[90m- TestNG-test=cucumber test runner-1&amp#27;[m &amp#27;[90m- 03:26:30 PM&amp#27;[m 
&amp#27;[33;1m[WARN]&amp#27;[m &amp#27;[m	at java.base/jdk.internal.reflect.DelegatingMethodAccessorImpl.invoke(DelegatingMethodAccessorImpl.java:43) &amp#27;[m&amp#27;[90m| com.shaft.tools.io.ReportManager&amp#27;[m &amp#27;[90m- TestNG-test=cucumber test runner-1&amp#27;[m &amp#27;[90m- 03:26:30 PM&amp#27;[m 
&amp#27;[33;1m[WARN]&amp#27;[m &amp#27;[m	at java.base/java.lang.reflect.Method.invoke(Method.java:568) &amp#27;[m&amp#27;[90m| com.shaft.tools.io.ReportManager&amp#27;[m &amp#27;[90m- TestNG-test=cucumber test runner-1&amp#27;[m &amp#27;[90m- 03:26:30 PM&amp#27;[m 
&amp#27;[33;1m[WARN]&amp#27;[m &amp#27;[m	at org.openqa.selenium.support.events.EventFiringDecorator.callListenerMethod(EventFiringDecorator.java:328) &amp#27;[m&amp#27;[90m| com.shaft.tools.io.ReportManager&amp#27;[m &amp#27;[90m- TestNG-test=cucumber test runner-1&amp#27;[m &amp#27;[90m- 03:26:30 PM&amp#27;[m 
&amp#27;[33;1m[WARN]&amp#27;[m &amp#27;[m	at org.openqa.selenium.support.events.EventFiringDecorator.fireBeforeEvents(EventFiringDecorator.java:245) &amp#27;[m&amp#27;[90m| com.shaft.tools.io.ReportManager&amp#27;[m &amp#27;[90m- TestNG-test=cucumber test runner-1&amp#27;[m &amp#27;[90m- 03:26:30 PM&amp#27;[m 
&amp#27;[33;1m[WARN]&amp#27;[m &amp#27;[m	at org.openqa.selenium.support.events.EventFiringDecorator.lambda$beforeCall$0(EventFiringDecorator.java:181) &amp#27;[m&amp#27;[90m| com.shaft.tools.io.ReportManager&amp#27;[m &amp#27;[90m- TestNG-test=cucumber test runner-1&amp#27;[m &amp#27;[90m- 03:26:30 PM&amp#27;[m 
&amp#27;[33;1m[WARN]&amp#27;[m &amp#27;[m	at java.base/java.util.Arrays$ArrayList.forEach(Arrays.java:4204) &amp#27;[m&amp#27;[90m| com.shaft.tools.io.ReportManager&amp#27;[m &amp#27;[90m- TestNG-test=cucumber test runner-1&amp#27;[m &amp#27;[90m- 03:26:30 PM&amp#27;[m 
&amp#27;[33;1m[WARN]&amp#27;[m &amp#27;[m	at org.openqa.selenium.support.events.EventFiringDecorator.beforeCall(EventFiringDecorator.java:181) &amp#27;[m&amp#27;[90m| com.shaft.tools.io.ReportManager&amp#27;[m &amp#27;[90m- TestNG-test=cucumber test runner-1&amp#27;[m &amp#27;[90m- 03:26:30 PM&amp#27;[m 
&amp#27;[33;1m[WARN]&amp#27;[m &amp#27;[m	at org.openqa.selenium.support.decorators.DefaultDecorated.beforeCall(DefaultDecorated.java:43) &amp#27;[m&amp#27;[90m| com.shaft.tools.io.ReportManager&amp#27;[m &amp#27;[90m- TestNG-test=cucumber test runner-1&amp#27;[m &amp#27;[90m- 03:26:30 PM&amp#27;[m 
&amp#27;[33;1m[WARN]&amp#27;[m &amp#27;[m	at org.openqa.selenium.support.decorators.WebDriverDecorator.lambda$createProxy$2(WebDriverDecorator.java:320) &amp#27;[m&amp#27;[90m| com.shaft.tools.io.ReportManager&amp#27;[m &amp#27;[90m- TestNG-test=cucumber test runner-1&amp#27;[m &amp#27;[90m- 03:26:30 PM&amp#27;[m 
&amp#27;[33;1m[WARN]&amp#27;[m &amp#27;[m	at net.bytebuddy.renamed.java.lang.Object$ByteBuddy$D1KfSLQT.findElement(Unknown Source) &amp#27;[m&amp#27;[90m| com.shaft.tools.io.ReportManager&amp#27;[m &amp#27;[90m- TestNG-test=cucumber test runner-1&amp#27;[m &amp#27;[90m- 03:26:30 PM&amp#27;[m 
&amp#27;[33;1m[WARN]&amp#27;[m &amp#27;[m	at utils.Wait.waitInVisibilityOfProgressBar(Wait.java:65) &amp#27;[m&amp#27;[90m| com.shaft.tools.io.ReportManager&amp#27;[m &amp#27;[90m- TestNG-test=cucumber test runner-1&amp#27;[m &amp#27;[90m- 03:26:30 PM&amp#27;[m 
&amp#27;[33;1m[WARN]&amp#27;[m &amp#27;[m	at pages.LoginPage.clickOnLoginButton(LoginPage.java:38) &amp#27;[m&amp#27;[90m| com.shaft.tools.io.ReportManager&amp#27;[m &amp#27;[90m- TestNG-test=cucumber test runner-1&amp#27;[m &amp#27;[90m- 03:26:30 PM&amp#27;[m 
&amp#27;[33;1m[WARN]&amp#27;[m &amp#27;[m	at pages.LoginPage.loginToConsole(LoginPage.java:52) &amp#27;[m&amp#27;[90m| com.shaft.tools.io.ReportManager&amp#27;[m &amp#27;[90m- TestNG-test=cucumber test runner-1&amp#27;[m &amp#27;[90m- 03:26:30 PM&amp#27;[m 
&amp#27;[33;1m[WARN]&amp#27;[m &amp#27;[m	at steps.TC65_DashboardDateComparison.userIsLoggedInToConsole(TC65_DashboardDateComparison.java:27) &amp#27;[m&amp#27;[90m| com.shaft.tools.io.ReportManager&amp#27;[m &amp#27;[90m- TestNG-test=cucumber test runner-1&amp#27;[m &amp#27;[90m- 03:26:30 PM&amp#27;[m 
&amp#27;[33;1m[WARN]&amp#27;[m &amp#27;[m	at java.base/jdk.internal.reflect.NativeMethodAccessorImpl.invoke0(Native Method) &amp#27;[m&amp#27;[90m| com.shaft.tools.io.ReportManager&amp#27;[m &amp#27;[90m- TestNG-test=cucumber test runner-1&amp#27;[m &amp#27;[90m- 03:26:30 PM&amp#27;[m 
&amp#27;[33;1m[WARN]&amp#27;[m &amp#27;[m	at java.base/jdk.internal.reflect.NativeMethodAccessorImpl.invoke(NativeMethodAccessorImpl.java:77) &amp#27;[m&amp#27;[90m| com.shaft.tools.io.ReportManager&amp#27;[m &amp#27;[90m- TestNG-test=cucumber test runner-1&amp#27;[m &amp#27;[90m- 03:26:30 PM&amp#27;[m 
&amp#27;[33;1m[WARN]&amp#27;[m &amp#27;[m	at java.base/jdk.internal.reflect.DelegatingMethodAccessorImpl.invoke(DelegatingMethodAccessorImpl.java:43) &amp#27;[m&amp#27;[90m| com.shaft.tools.io.ReportManager&amp#27;[m &amp#27;[90m- TestNG-test=cucumber test runner-1&amp#27;[m &amp#27;[90m- 03:26:30 PM&amp#27;[m 
&amp#27;[33;1m[WARN]&amp#27;[m &amp#27;[m	at java.base/java.lang.reflect.Method.invoke(Method.java:568) &amp#27;[m&amp#27;[90m| com.shaft.tools.io.ReportManager&amp#27;[m &amp#27;[90m- TestNG-test=cucumber test runner-1&amp#27;[m &amp#27;[90m- 03:26:30 PM&amp#27;[m 
&amp#27;[33;1m[WARN]&amp#27;[m &amp#27;[m	at io.cucumber.java.Invoker.doInvoke(Invoker.java:66) &amp#27;[m&amp#27;[90m| com.shaft.tools.io.ReportManager&amp#27;[m &amp#27;[90m- TestNG-test=cucumber test runner-1&amp#27;[m &amp#27;[90m- 03:26:30 PM&amp#27;[m 
&amp#27;[33;1m[WARN]&amp#27;[m &amp#27;[m	at io.cucumber.java.Invoker.invoke(Invoker.java:24) &amp#27;[m&amp#27;[90m| com.shaft.tools.io.ReportManager&amp#27;[m &amp#27;[90m- TestNG-test=cucumber test runner-1&amp#27;[m &amp#27;[90m- 03:26:30 PM&amp#27;[m 
&amp#27;[33;1m[WARN]&amp#27;[m &amp#27;[m	at io.cucumber.java.AbstractGlueDefinition.invokeMethod(AbstractGlueDefinition.java:47) &amp#27;[m&amp#27;[90m| com.shaft.tools.io.ReportManager&amp#27;[m &amp#27;[90m- TestNG-test=cucumber test runner-1&amp#27;[m &amp#27;[90m- 03:26:30 PM&amp#27;[m 
&amp#27;[33;1m[WARN]&amp#27;[m &amp#27;[m	at io.cucumber.java.JavaStepDefinition.execute(JavaStepDefinition.java:29) &amp#27;[m&amp#27;[90m| com.shaft.tools.io.ReportManager&amp#27;[m &amp#27;[90m- TestNG-test=cucumber test runner-1&amp#27;[m &amp#27;[90m- 03:26:30 PM&amp#27;[m 
&amp#27;[33;1m[WARN]&amp#27;[m &amp#27;[m	at io.cucumber.core.runner.CoreStepDefinition.execute(CoreStepDefinition.java:66) &amp#27;[m&amp#27;[90m| com.shaft.tools.io.ReportManager&amp#27;[m &amp#27;[90m- TestNG-test=cucumber test runner-1&amp#27;[m &amp#27;[90m- 03:26:30 PM&amp#27;[m 
&amp#27;[33;1m[WARN]&amp#27;[m &amp#27;[m	at io.cucumber.core.runner.PickleStepDefinitionMatch.runStep(PickleStepDefinitionMatch.java:63) &amp#27;[m&amp#27;[90m| com.shaft.tools.io.ReportManager&amp#27;[m &amp#27;[90m- TestNG-test=cucumber test runner-1&amp#27;[m &amp#27;[90m- 03:26:30 PM&amp#27;[m 
&amp#27;[33;1m[WARN]&amp#27;[m &amp#27;[m	at io.cucumber.core.runner.ExecutionMode$1.execute(ExecutionMode.java:10) &amp#27;[m&amp#27;[90m| com.shaft.tools.io.ReportManager&amp#27;[m &amp#27;[90m- TestNG-test=cucumber test runner-1&amp#27;[m &amp#27;[90m- 03:26:30 PM&amp#27;[m 
&amp#27;[33;1m[WARN]&amp#27;[m &amp#27;[m	at io.cucumber.core.runner.TestStep.executeStep(TestStep.java:84) &amp#27;[m&amp#27;[90m| com.shaft.tools.io.ReportManager&amp#27;[m &amp#27;[90m- TestNG-test=cucumber test runner-1&amp#27;[m &amp#27;[90m- 03:26:30 PM&amp#27;[m 
&amp#27;[33;1m[WARN]&amp#27;[m &amp#27;[m	at io.cucumber.core.runner.TestStep.run(TestStep.java:56) &amp#27;[m&amp#27;[90m| com.shaft.tools.io.ReportManager&amp#27;[m &amp#27;[90m- TestNG-test=cucumber test runner-1&amp#27;[m &amp#27;[90m- 03:26:30 PM&amp#27;[m 
&amp#27;[33;1m[WARN]&amp#27;[m &amp#27;[m	at io.cucumber.core.runner.PickleStepTestStep.run(PickleStepTestStep.java:51) &amp#27;[m&amp#27;[90m| com.shaft.tools.io.ReportManager&amp#27;[m &amp#27;[90m- TestNG-test=cucumber test runner-1&amp#27;[m &amp#27;[90m- 03:26:30 PM&amp#27;[m 
&amp#27;[33;1m[WARN]&amp#27;[m &amp#27;[m	at io.cucumber.core.runner.TestCase.run(TestCase.java:84) &amp#27;[m&amp#27;[90m| com.shaft.tools.io.ReportManager&amp#27;[m &amp#27;[90m- TestNG-test=cucumber test runner-1&amp#27;[m &amp#27;[90m- 03:26:30 PM&amp#27;[m 
&amp#27;[33;1m[WARN]&amp#27;[m &amp#27;[m	at io.cucumber.core.runner.Runner.runPickle(Runner.java:75) &amp#27;[m&amp#27;[90m| com.shaft.tools.io.ReportManager&amp#27;[m &amp#27;[90m- TestNG-test=cucumber test runner-1&amp#27;[m &amp#27;[90m- 03:26:30 PM&amp#27;[m 
&amp#27;[33;1m[WARN]&amp#27;[m &amp#27;[m	at io.cucumber.testng.TestNGCucumberRunner.lambda$runScenario$1(TestNGCucumberRunner.java:132) &amp#27;[m&amp#27;[90m| com.shaft.tools.io.ReportManager&amp#27;[m &amp#27;[90m- TestNG-test=cucumber test runner-1&amp#27;[m &amp#27;[90m- 03:26:30 PM&amp#27;[m 
&amp#27;[33;1m[WARN]&amp#27;[m &amp#27;[m	at io.cucumber.core.runtime.CucumberExecutionContext.lambda$runTestCase$5(CucumberExecutionContext.java:137) &amp#27;[m&amp#27;[90m| com.shaft.tools.io.ReportManager&amp#27;[m &amp#27;[90m- TestNG-test=cucumber test runner-1&amp#27;[m &amp#27;[90m- 03:26:30 PM&amp#27;[m 
&amp#27;[33;1m[WARN]&amp#27;[m &amp#27;[m	at io.cucumber.core.runtime.RethrowingThrowableCollector.executeAndThrow(RethrowingThrowableCollector.java:23) &amp#27;[m&amp#27;[90m| com.shaft.tools.io.ReportManager&amp#27;[m &amp#27;[90m- TestNG-test=cucumber test runner-1&amp#27;[m &amp#27;[90m- 03:26:30 PM&amp#27;[m 
&amp#27;[33;1m[WARN]&amp#27;[m &amp#27;[m	at io.cucumber.core.runtime.CucumberExecutionContext.runTestCase(CucumberExecutionContext.java:137) &amp#27;[m&amp#27;[90m| com.shaft.tools.io.ReportManager&amp#27;[m &amp#27;[90m- TestNG-test=cucumber test runner-1&amp#27;[m &amp#27;[90m- 03:26:30 PM&amp#27;[m 
&amp#27;[33;1m[WARN]&amp#27;[m &amp#27;[m	at io.cucumber.testng.TestNGCucumberRunner.runScenario(TestNGCucumberRunner.java:129) &amp#27;[m&amp#27;[90m| com.shaft.tools.io.ReportManager&amp#27;[m &amp#27;[90m- TestNG-test=cucumber test runner-1&amp#27;[m &amp#27;[90m- 03:26:30 PM&amp#27;[m 
&amp#27;[33;1m[WARN]&amp#27;[m &amp#27;[m	at io.cucumber.testng.AbstractTestNGCucumberTests.runScenario(AbstractTestNGCucumberTests.java:35) &amp#27;[m&amp#27;[90m| com.shaft.tools.io.ReportManager&amp#27;[m &amp#27;[90m- TestNG-test=cucumber test runner-1&amp#27;[m &amp#27;[90m- 03:26:30 PM&amp#27;[m 
&amp#27;[33;1m[WARN]&amp#27;[m &amp#27;[m	at java.base/jdk.internal.reflect.NativeMethodAccessorImpl.invoke0(Native Method) &amp#27;[m&amp#27;[90m| com.shaft.tools.io.ReportManager&amp#27;[m &amp#27;[90m- TestNG-test=cucumber test runner-1&amp#27;[m &amp#27;[90m- 03:26:30 PM&amp#27;[m 
&amp#27;[33;1m[WARN]&amp#27;[m &amp#27;[m	at java.base/jdk.internal.reflect.NativeMethodAccessorImpl.invoke(NativeMethodAccessorImpl.java:77) &amp#27;[m&amp#27;[90m| com.shaft.tools.io.ReportManager&amp#27;[m &amp#27;[90m- TestNG-test=cucumber test runner-1&amp#27;[m &amp#27;[90m- 03:26:30 PM&amp#27;[m 
&amp#27;[33;1m[WARN]&amp#27;[m &amp#27;[m	at java.base/jdk.internal.reflect.DelegatingMethodAccessorImpl.invoke(DelegatingMethodAccessorImpl.java:43) &amp#27;[m&amp#27;[90m| com.shaft.tools.io.ReportManager&amp#27;[m &amp#27;[90m- TestNG-test=cucumber test runner-1&amp#27;[m &amp#27;[90m- 03:26:30 PM&amp#27;[m 
&amp#27;[33;1m[WARN]&amp#27;[m &amp#27;[m	at java.base/java.lang.reflect.Method.invoke(Method.java:568) &amp#27;[m&amp#27;[90m| com.shaft.tools.io.ReportManager&amp#27;[m &amp#27;[90m- TestNG-test=cucumber test runner-1&amp#27;[m &amp#27;[90m- 03:26:30 PM&amp#27;[m 
&amp#27;[33;1m[WARN]&amp#27;[m &amp#27;[m	at org.testng.internal.invokers.MethodInvocationHelper.invokeMethod(MethodInvocationHelper.java:139) &amp#27;[m&amp#27;[90m| com.shaft.tools.io.ReportManager&amp#27;[m &amp#27;[90m- TestNG-test=cucumber test runner-1&amp#27;[m &amp#27;[90m- 03:26:30 PM&amp#27;[m 
&amp#27;[33;1m[WARN]&amp#27;[m &amp#27;[m	at org.testng.internal.invokers.TestInvoker.invokeMethod(TestInvoker.java:664) &amp#27;[m&amp#27;[90m| com.shaft.tools.io.ReportManager&amp#27;[m &amp#27;[90m- TestNG-test=cucumber test runner-1&amp#27;[m &amp#27;[90m- 03:26:30 PM&amp#27;[m 
&amp#27;[33;1m[WARN]&amp#27;[m &amp#27;[m	at org.testng.internal.invokers.TestInvoker.invokeTestMethod(TestInvoker.java:227) &amp#27;[m&amp#27;[90m| com.shaft.tools.io.ReportManager&amp#27;[m &amp#27;[90m- TestNG-test=cucumber test runner-1&amp#27;[m &amp#27;[90m- 03:26:30 PM&amp#27;[m 
&amp#27;[33;1m[WARN]&amp#27;[m &amp#27;[m	at org.testng.internal.invokers.MethodRunner.runInSequence(MethodRunner.java:50) &amp#27;[m&amp#27;[90m| com.shaft.tools.io.ReportManager&amp#27;[m &amp#27;[90m- TestNG-test=cucumber test runner-1&amp#27;[m &amp#27;[90m- 03:26:30 PM&amp#27;[m 
&amp#27;[33;1m[WARN]&amp#27;[m &amp#27;[m	at org.testng.internal.invokers.TestInvoker$MethodInvocationAgent.invoke(TestInvoker.java:957) &amp#27;[m&amp#27;[90m| com.shaft.tools.io.ReportManager&amp#27;[m &amp#27;[90m- TestNG-test=cucumber test runner-1&amp#27;[m &amp#27;[90m- 03:26:30 PM&amp#27;[m 
&amp#27;[33;1m[WARN]&amp#27;[m &amp#27;[m	at org.testng.internal.invokers.TestInvoker.invokeTestMethods(TestInvoker.java:200) &amp#27;[m&amp#27;[90m| com.shaft.tools.io.ReportManager&amp#27;[m &amp#27;[90m- TestNG-test=cucumber test runner-1&amp#27;[m &amp#27;[90m- 03:26:30 PM&amp#27;[m 
&amp#27;[33;1m[WARN]&amp#27;[m &amp#27;[m	at org.testng.internal.invokers.TestMethodWorker.invokeTestMethods(TestMethodWorker.java:148) &amp#27;[m&amp#27;[90m| com.shaft.tools.io.ReportManager&amp#27;[m &amp#27;[90m- TestNG-test=cucumber test runner-1&amp#27;[m &amp#27;[90m- 03:26:30 PM&amp#27;[m 
&amp#27;[33;1m[WARN]&amp#27;[m &amp#27;[m	at org.testng.internal.invokers.TestMethodWorker.run(TestMethodWorker.java:128) &amp#27;[m&amp#27;[90m| com.shaft.tools.io.ReportManager&amp#27;[m &amp#27;[90m- TestNG-test=cucumber test runner-1&amp#27;[m &amp#27;[90m- 03:26:30 PM&amp#27;[m 
&amp#27;[33;1m[WARN]&amp#27;[m &amp#27;[m	at java.base/java.util.concurrent.ThreadPoolExecutor.runWorker(ThreadPoolExecutor.java:1136) &amp#27;[m&amp#27;[90m| com.shaft.tools.io.ReportManager&amp#27;[m &amp#27;[90m- TestNG-test=cucumber test runner-1&amp#27;[m &amp#27;[90m- 03:26:30 PM&amp#27;[m 
&amp#27;[33;1m[WARN]&amp#27;[m &amp#27;[m	at java.base/java.util.concurrent.ThreadPoolExecutor$Worker.run(ThreadPoolExecutor.java:635) &amp#27;[m&amp#27;[90m| com.shaft.tools.io.ReportManager&amp#27;[m &amp#27;[90m- TestNG-test=cucumber test runner-1&amp#27;[m &amp#27;[90m- 03:26:30 PM&amp#27;[m 
&amp#27;[33;1m[WARN]&amp#27;[m &amp#27;[m	at java.base/java.lang.Thread.run(Thread.java:833) &amp#27;[m&amp#27;[90m| com.shaft.tools.io.ReportManager&amp#27;[m &amp#27;[90m- TestNG-test=cucumber test runner-1&amp#27;[m &amp#27;[90m- 03:26:30 PM&amp#27;[m 
&amp#27;[33;1m[WARN]&amp#27;[m &amp#27;[mCaused by: org.openqa.selenium.TimeoutException: Expected condition failed: waiting for com.shaft.listeners.internal.WebDriverListener$$Lambda$1158/0x0000000801306a60@542ed404 (tried for 0 second(s) with 100 milliseconds interval) &amp#27;[m&amp#27;[90m| com.shaft.tools.io.ReportManager&amp#27;[m &amp#27;[90m- TestNG-test=cucumber test runner-1&amp#27;[m &amp#27;[90m- 03:26:30 PM&amp#27;[m 
&amp#27;[33;1m[WARN]&amp#27;[m &amp#27;[m	at org.openqa.selenium.support.ui.FluentWait.timeoutException(FluentWait.java:262) &amp#27;[m&amp#27;[90m| com.shaft.tools.io.ReportManager&amp#27;[m &amp#27;[90m- TestNG-test=cucumber test runner-1&amp#27;[m &amp#27;[90m- 03:26:30 PM&amp#27;[m 
&amp#27;[33;1m[WARN]&amp#27;[m &amp#27;[m	at org.openqa.selenium.support.ui.FluentWait.until(FluentWait.java:230) &amp#27;[m&amp#27;[90m| com.shaft.tools.io.ReportManager&amp#27;[m &amp#27;[90m- TestNG-test=cucumber test runner-1&amp#27;[m &amp#27;[90m- 03:26:30 PM&amp#27;[m 
&amp#27;[33;1m[WARN]&amp#27;[m &amp#27;[m	at com.shaft.listeners.internal.WebDriverListener.beforeFindElement(WebDriverListener.java:62) &amp#27;[m&amp#27;[90m| com.shaft.tools.io.ReportManager&amp#27;[m &amp#27;[90m- TestNG-test=cucumber test runner-1&amp#27;[m &amp#27;[90m- 03:26:30 PM&amp#27;[m 
&amp#27;[33;1m[WARN]&amp#27;[m &amp#27;[m	... 53 more &amp#27;[m&amp#27;[90m| com.shaft.tools.io.ReportManager&amp#27;[m &amp#27;[90m- TestNG-test=cucumber test runner-1&amp#27;[m &amp#27;[90m- 03:26:30 PM&amp#27;[m 
&amp#27;[33;1m[WARN]&amp#27;[m &amp#27;[mCaused by: org.openqa.selenium.NoSuchElementException: no such element: Unable to locate element: {"method":"xpath","selector":"//*[@id="nprogress"]/div[1]"} &amp#27;[m&amp#27;[90m| com.shaft.tools.io.ReportManager&amp#27;[m &amp#27;[90m- TestNG-test=cucumber test runner-1&amp#27;[m &amp#27;[90m- 03:26:30 PM&amp#27;[m 
&amp#27;[33;1m[WARN]&amp#27;[m &amp#27;[m  (Session info: chrome=119.0.6045.200) &amp#27;[m&amp#27;[90m| com.shaft.tools.io.ReportManager&amp#27;[m &amp#27;[90m- TestNG-test=cucumber test runner-1&amp#27;[m &amp#27;[90m- 03:26:30 PM&amp#27;[m 
&amp#27;[33;1m[WARN]&amp#27;[m &amp#27;[mFor documentation on this error, please visit: https://www.selenium.dev/documentation/webdriver/troubleshooting/errors#no-such-element-exception &amp#27;[m&amp#27;[90m| com.shaft.tools.io.ReportManager&amp#27;[m &amp#27;[90m- TestNG-test=cucumber test runner-1&amp#27;[m &amp#27;[90m- 03:26:30 PM&amp#27;[m 
&amp#27;[33;1m[WARN]&amp#27;[m &amp#27;[mBuild info: version: '4.13.0', revision: 'ba948ece5b*' &amp#27;[m&amp#27;[90m| com.shaft.tools.io.ReportManager&amp#27;[m &amp#27;[90m- TestNG-test=cucumber test runner-1&amp#27;[m &amp#27;[90m- 03:26:30 PM&amp#27;[m 
&amp#27;[33;1m[WARN]&amp#27;[m &amp#27;[mSystem info: os.name: 'Windows 11', os.arch: 'amd64', os.version: '10.0', java.version: '17.0.7' &amp#27;[m&amp#27;[90m| com.shaft.tools.io.ReportManager&amp#27;[m &amp#27;[90m- TestNG-test=cucumber test runner-1&amp#27;[m &amp#27;[90m- 03:26:30 PM&amp#27;[m 
&amp#27;[33;1m[WARN]&amp#27;[m &amp#27;[mDriver info: org.openqa.selenium.chrome.ChromeDriver &amp#27;[m&amp#27;[90m| com.shaft.tools.io.ReportManager&amp#27;[m &amp#27;[90m- TestNG-test=cucumber test runner-1&amp#27;[m &amp#27;[90m- 03:26:30 PM&amp#27;[m 
&amp#27;[33;1m[WARN]&amp#27;[m &amp#27;[mCommand: [e8cef44679c5800c01135526bf763518, findElement {using=xpath, value=//*[@id="nprogress"]/div[1]}] &amp#27;[m&amp#27;[90m| com.shaft.tools.io.ReportManager&amp#27;[m &amp#27;[90m- TestNG-test=cucumber test runner-1&amp#27;[m &amp#27;[90m- 03:26:30 PM&amp#27;[m 
&amp#27;[33;1m[WARN]&amp#27;[m &amp#27;[mCapabilities {acceptInsecureCerts: true, browserName: chrome, browserVersion: 119.0.6045.200, chrome: {chromedriverVersion: 119.0.6045.105 (38c72552c5e..., userDataDir: C:\WINDOWS\SystemTemp\scope...}, fedcm:accounts: true, goog:chromeOptions: {debuggerAddress: localhost:60555}, networkConnectionEnabled: false, pageLoadStrategy: none, platformName: windows, proxy: Proxy(), se:cdp: ws://localhost:60555/devtoo..., se:cdpVersion: 119.0.6045.200, setWindowRect: true, strictFileInteractability: false, timeouts: {implicit: 0, pageLoad: 30000, script: 30000}, unhandledPromptBehavior: ignore, webSocketUrl: ws://localhost:16965/sessio..., webauthn:extension:credBlob: true, webauthn:extension:largeBlob: true, webauthn:extension:minPinLength: true, webauthn:extension:prf: true, webauthn:virtualAuthenticators: true} &amp#27;[m&amp#27;[90m| com.shaft.tools.io.ReportManager&amp#27;[m &amp#27;[90m- TestNG-test=cucumber test runner-1&amp#27;[m &amp#27;[90m- 03:26:30 PM&amp#27;[m 
&amp#27;[33;1m[WARN]&amp#27;[m &amp#27;[mSession ID: e8cef44679c5800c01135526bf763518 &amp#27;[m&amp#27;[90m| com.shaft.tools.io.ReportManager&amp#27;[m &amp#27;[90m- TestNG-test=cucumber test runner-1&amp#27;[m &amp#27;[90m- 03:26:30 PM&amp#27;[m 
&amp#27;[33;1m[WARN]&amp#27;[m &amp#27;[m	at jdk.internal.reflect.GeneratedConstructorAccessor33.newInstance(Unknown Source) &amp#27;[m&amp#27;[90m| com.shaft.tools.io.ReportManager&amp#27;[m &amp#27;[90m- TestNG-test=cucumber test runner-1&amp#27;[m &amp#27;[90m- 03:26:30 PM&amp#27;[m 
&amp#27;[33;1m[WARN]&amp#27;[m &amp#27;[m	at java.base/jdk.internal.reflect.DelegatingConstructorAccessorImpl.newInstance(DelegatingConstructorAccessorImpl.java:45) &amp#27;[m&amp#27;[90m| com.shaft.tools.io.ReportManager&amp#27;[m &amp#27;[90m- TestNG-test=cucumber test runner-1&amp#27;[m &amp#27;[90m- 03:26:30 PM&amp#27;[m 
&amp#27;[33;1m[WARN]&amp#27;[m &amp#27;[m	at java.base/java.lang.reflect.Constructor.newInstanceWithCaller(Constructor.java:499) &amp#27;[m&amp#27;[90m| com.shaft.tools.io.ReportManager&amp#27;[m &amp#27;[90m- TestNG-test=cucumber test runner-1&amp#27;[m &amp#27;[90m- 03:26:30 PM&amp#27;[m 
&amp#27;[33;1m[WARN]&amp#27;[m &amp#27;[m	at java.base/java.lang.reflect.Constructor.newInstance(Constructor.java:480) &amp#27;[m&amp#27;[90m| com.shaft.tools.io.ReportManager&amp#27;[m &amp#27;[90m- TestNG-test=cucumber test runner-1&amp#27;[m &amp#27;[90m- 03:26:30 PM&amp#27;[m 
&amp#27;[33;1m[WARN]&amp#27;[m &amp#27;[m	at org.openqa.selenium.remote.codec.w3c.W3CHttpResponseCodec.createException(W3CHttpResponseCodec.java:200) &amp#27;[m&amp#27;[90m| com.shaft.tools.io.ReportManager&amp#27;[m &amp#27;[90m- TestNG-test=cucumber test runner-1&amp#27;[m &amp#27;[90m- 03:26:30 PM&amp#27;[m 
&amp#27;[33;1m[WARN]&amp#27;[m &amp#27;[m	at org.openqa.selenium.remote.codec.w3c.W3CHttpResponseCodec.decode(W3CHttpResponseCodec.java:133) &amp#27;[m&amp#27;[90m| com.shaft.tools.io.ReportManager&amp#27;[m &amp#27;[90m- TestNG-test=cucumber test runner-1&amp#27;[m &amp#27;[90m- 03:26:30 PM&amp#27;[m 
&amp#27;[33;1m[WARN]&amp#27;[m &amp#27;[m	at org.openqa.selenium.remote.codec.w3c.W3CHttpResponseCodec.decode(W3CHttpResponseCodec.java:52) &amp#27;[m&amp#27;[90m| com.shaft.tools.io.ReportManager&amp#27;[m &amp#27;[90m- TestNG-test=cucumber test runner-1&amp#27;[m &amp#27;[90m- 03:26:30 PM&amp#27;[m 
&amp#27;[33;1m[WARN]&amp#27;[m &amp#27;[m	at org.openqa.selenium.remote.HttpCommandExecutor.execute(HttpCommandExecutor.java:191) &amp#27;[m&amp#27;[90m| com.shaft.tools.io.ReportManager&amp#27;[m &amp#27;[90m- TestNG-test=cucumber test runner-1&amp#27;[m &amp#27;[90m- 03:26:30 PM&amp#27;[m 
&amp#27;[33;1m[WARN]&amp#27;[m &amp#27;[m	at org.openqa.selenium.remote.service.DriverCommandExecutor.invokeExecute(DriverCommandExecutor.java:196) &amp#27;[m&amp#27;[90m| com.shaft.tools.io.ReportManager&amp#27;[m &amp#27;[90m- TestNG-test=cucumber test runner-1&amp#27;[m &amp#27;[90m- 03:26:30 PM&amp#27;[m 
&amp#27;[33;1m[WARN]&amp#27;[m &amp#27;[m	at org.openqa.selenium.remote.service.DriverCommandExecutor.execute(DriverCommandExecutor.java:171) &amp#27;[m&amp#27;[90m| com.shaft.tools.io.ReportManager&amp#27;[m &amp#27;[90m- TestNG-test=cucumber test runner-1&amp#27;[m &amp#27;[90m- 03:26:30 PM&amp#27;[m 
&amp#27;[33;1m[WARN]&amp#27;[m &amp#27;[m	at org.openqa.selenium.remote.RemoteWebDriver.execute(RemoteWebDriver.java:602) &amp#27;[m&amp#27;[90m| com.shaft.tools.io.ReportManager&amp#27;[m &amp#27;[90m- TestNG-test=cucumber test runner-1&amp#27;[m &amp#27;[90m- 03:26:30 PM&amp#27;[m 
&amp#27;[33;1m[WARN]&amp#27;[m &amp#27;[m	at org.openqa.selenium.remote.ElementLocation$ElementFinder$2.findElement(ElementLocation.java:165) &amp#27;[m&amp#27;[90m| com.shaft.tools.io.ReportManager&amp#27;[m &amp#27;[90m- TestNG-test=cucumber test runner-1&amp#27;[m &amp#27;[90m- 03:26:30 PM&amp#27;[m 
&amp#27;[33;1m[WARN]&amp#27;[m &amp#27;[m	at org.openqa.selenium.remote.ElementLocation.findElement(ElementLocation.java:59) &amp#27;[m&amp#27;[90m| com.shaft.tools.io.ReportManager&amp#27;[m &amp#27;[90m- TestNG-test=cucumber test runner-1&amp#27;[m &amp#27;[90m- 03:26:30 PM&amp#27;[m 
&amp#27;[33;1m[WARN]&amp#27;[m &amp#27;[m	at org.openqa.selenium.remote.RemoteWebDriver.findElement(RemoteWebDriver.java:359) &amp#27;[m&amp#27;[90m| com.shaft.tools.io.ReportManager&amp#27;[m &amp#27;[90m- TestNG-test=cucumber test runner-1&amp#27;[m &amp#27;[90m- 03:26:30 PM&amp#27;[m 
&amp#27;[33;1m[WARN]&amp#27;[m &amp#27;[m	at org.openqa.selenium.remote.RemoteWebDriver.findElement(RemoteWebDriver.java:353) &amp#27;[m&amp#27;[90m| com.shaft.tools.io.ReportManager&amp#27;[m &amp#27;[90m- TestNG-test=cucumber test runner-1&amp#27;[m &amp#27;[90m- 03:26:30 PM&amp#27;[m 
&amp#27;[33;1m[WARN]&amp#27;[m &amp#27;[m	at com.shaft.listeners.internal.WebDriverListener.lambda$beforeFindElement$0(WebDriverListener.java:62) &amp#27;[m&amp#27;[90m| com.shaft.tools.io.ReportManager&amp#27;[m &amp#27;[90m- TestNG-test=cucumber test runner-1&amp#27;[m &amp#27;[90m- 03:26:30 PM&amp#27;[m 
&amp#27;[33;1m[WARN]&amp#27;[m &amp#27;[m	at org.openqa.selenium.support.ui.FluentWait.until(FluentWait.java:205) &amp#27;[m&amp#27;[90m| com.shaft.tools.io.ReportManager&amp#27;[m &amp#27;[90m- TestNG-test=cucumber test runner-1&amp#27;[m &amp#27;[90m- 03:26:30 PM&amp#27;[m 
&amp#27;[33;1m[WARN]&amp#27;[m &amp#27;[m	... 54 more &amp#27;[m&amp#27;[90m| com.shaft.tools.io.ReportManager&amp#27;[m &amp#27;[90m- TestNG-test=cucumber test runner-1&amp#27;[m &amp#27;[90m- 03:26:30 PM&amp#27;[m 
&amp#27;[38;2;0;96;168;1m[INFO]&amp#27;[m &amp#27;[mFind element action failed. &amp#27;[m&amp#27;[90m| com.shaft.tools.io.ReportManager&amp#27;[m &amp#27;[90m- TestNG-test=cucumber test runner-1&amp#27;[m &amp#27;[90m- 03:26:30 PM&amp#27;[m 
&amp#27;[38;2;0;96;168;1m[INFO]&amp#27;[m &amp#27;[mSuccessfully created attachment 'Screenshot - 1701955590468_runScenario_findElement_failed' &amp#27;[m&amp#27;[90m| com.shaft.tools.io.ReportManager&amp#27;[m &amp#27;[90m- TestNG-test=cucumber test runner-1&amp#27;[m &amp#27;[90m- 03:26:30 PM&amp#27;[m 
&amp#27;[31;1m[ERROR]&amp#27;[m &amp#27;[mjava.lang.reflect.InvocationTargetException: null
 java.base/jdk.internal.reflect.NativeMethodAccessorImpl.invoke0(Native Method)
 java.base/jdk.internal.reflect.NativeMethodAccessorImpl.invoke(NativeMethodAccessorImpl.java:77)
 java.base/jdk.internal.reflect.DelegatingMethodAccessorImpl.invoke(DelegatingMethodAccessorImpl.java:43)
 java.base/java.lang.reflect.Method.invoke(Method.java:568)
 org.openqa.selenium.support.decorators.WebDriverDecorator.call(WebDriverDecorator.java:249)
 org.openqa.selenium.support.decorators.DefaultDecorated.call(DefaultDecorated.java:48)
 org.openqa.selenium.support.decorators.WebDriverDecorator.lambda$createProxy$2(WebDriverDecorator.java:321)
 net.bytebuddy.renamed.java.lang.Object$ByteBuddy$D1KfSLQT.findElement(Unknown Source)
 utils.Wait.waitInVisibilityOfProgressBar(Wait.java:65)
 pages.LoginPage.clickOnLoginButton(LoginPage.java:38)
 pages.LoginPage.loginToConsole(LoginPage.java:52)
 steps.TC65_DashboardDateComparison.userIsLoggedInToConsole(TC65_DashboardDateComparison.java:27)
 java.base/jdk.internal.reflect.NativeMethodAccessorImpl.invoke0(Native Method)
 java.base/jdk.internal.reflect.NativeMethodAccessorImpl.invoke(NativeMethodAccessorImpl.java:77)
 java.base/jdk.internal.reflect.DelegatingMethodAccessorImpl.invoke(DelegatingMethodAccessorImpl.java:43)
 java.base/java.lang.reflect.Method.invoke(Method.java:568)
 io.cucumber.java.Invoker.doInvoke(Invoker.java:66)
 io.cucumber.java.Invoker.invoke(Invoker.java:24)
 io.cucumber.java.AbstractGlueDefinition.invokeMethod(AbstractGlueDefinition.java:47)
 io.cucumber.java.JavaStepDefinition.execute(JavaStepDefinition.java:29)
 io.cucumber.core.runner.CoreStepDefinition.execute(CoreStepDefinition.java:66)
 io.cucumber.core.runner.PickleStepDefinitionMatch.runStep(PickleStepDefinitionMatch.java:63)
 io.cucumber.core.runner.ExecutionMode$1.execute(ExecutionMode.java:10)
 io.cucumber.core.runner.TestStep.executeStep(TestStep.java:84)
 io.cucumber.core.runner.TestStep.run(TestStep.java:56)
 io.cucumber.core.runner.PickleStepTestStep.run(PickleStepTestStep.java:51)
 io.cucumber.core.runner.TestCase.run(TestCase.java:84)
 io.cucumber.core.runner.Runner.runPickle(Runner.java:75)
 io.cucumber.testng.TestNGCucumberRunner.lambda$runScenario$1(TestNGCucumberRunner.java:132)
 io.cucumber.core.runtime.CucumberExecutionContext.lambda$runTestCase$5(CucumberExecutionContext.java:137)
 io.cucumber.core.runtime.RethrowingThrowableCollector.executeAndThrow(RethrowingThrowableCollector.java:23)
 io.cucumber.core.runtime.CucumberExecutionContext.runTestCase(CucumberExecutionContext.java:137)
 io.cucumber.testng.TestNGCucumberRunner.runScenario(TestNGCucumberRunner.java:129)
 io.cucumber.testng.AbstractTestNGCucumberTests.runScenario(AbstractTestNGCucumberTests.java:35)
 java.base/jdk.internal.reflect.NativeMethodAccessorImpl.invoke0(Native Method)
 java.base/jdk.internal.reflect.NativeMethodAccessorImpl.invoke(NativeMethodAccessorImpl.java:77)
 java.base/jdk.internal.reflect.DelegatingMethodAccessorImpl.invoke(DelegatingMethodAccessorImpl.java:43)
 java.base/java.lang.reflect.Method.invoke(Method.java:568)
 org.testng.internal.invokers.MethodInvocationHelper.invokeMethod(MethodInvocationHelper.java:139)
 org.testng.internal.invokers.TestInvoker.invokeMethod(TestInvoker.java:664)
 org.testng.internal.invokers.TestInvoker.invokeTestMethod(TestInvoker.java:227)
 org.testng.internal.invokers.MethodRunner.runInSequence(MethodRunner.java:50)
 org.testng.internal.invokers.TestInvoker$MethodInvocationAgent.invoke(TestInvoker.java:957)
 org.testng.internal.invokers.TestInvoker.invokeTestMethods(TestInvoker.java:200)
 org.testng.internal.invokers.TestMethodWorker.invokeTestMethods(TestMethodWorker.java:148)
 org.testng.internal.invokers.TestMethodWorker.run(TestMethodWorker.java:128)
 java.base/java.util.concurrent.ThreadPoolExecutor.runWorker(ThreadPoolExecutor.java:1136)
 java.base/java.util.concurrent.ThreadPoolExecutor$Worker.run(ThreadPoolExecutor.java:635)
 java.base/java.lang.Thread.run(Thread.java:833)

Caused by: org.openqa.selenium.NoSuchElementException: no such element: Unable to locate element: {"method":"xpath","selector":"//*[@id="nprogress"]/div[1]"}
  (Session info: chrome=119.0.6045.200)
For documentation on this error, please visit: https://www.selenium.dev/documentation/webdriver/troubleshooting/errors#no-such-element-exception
Build info: version: '4.13.0', revision: 'ba948ece5b*'
System info: os.name: 'Windows 11', os.arch: 'amd64', os.version: '10.0', java.version: '17.0.7'
Driver info: org.openqa.selenium.chrome.ChromeDriver
Command: [e8cef44679c5800c01135526bf763518, findElement {using=xpath, value=//*[@id="nprogress"]/div[1]}]
Capabilities {acceptInsecureCerts: true, browserName: chrome, browserVersion: 119.0.6045.200, chrome: {chromedriverVersion: 119.0.6045.105 (38c72552c5e..., userDataDir: C:\WINDOWS\SystemTemp\scope...}, fedcm:accounts: true, goog:chromeOptions: {debuggerAddress: localhost:60555}, networkConnectionEnabled: false, pageLoadStrategy: none, platformName: windows, proxy: Proxy(), se:cdp: ws://localhost:60555/devtoo..., se:cdpVersion: 119.0.6045.200, setWindowRect: true, strictFileInteractability: false, timeouts: {implicit: 0, pageLoad: 30000, script: 30000}, unhandledPromptBehavior: ignore, webSocketUrl: ws://localhost:16965/sessio..., webauthn:extension:credBlob: true, webauthn:extension:largeBlob: true, webauthn:extension:minPinLength: true, webauthn:extension:prf: true, webauthn:virtualAuthenticators: true}
Session ID: e8cef44679c5800c01135526bf763518
 jdk.internal.reflect.GeneratedConstructorAccessor33.newInstance(Unknown Source)
 java.base/jdk.internal.reflect.DelegatingConstructorAccessorImpl.newInstance(DelegatingConstructorAccessorImpl.java:45)
 java.base/java.lang.reflect.Constructor.newInstanceWithCaller(Constructor.java:499)
 java.base/java.lang.reflect.Constructor.newInstance(Constructor.java:480)
 org.openqa.selenium.remote.codec.w3c.W3CHttpResponseCodec.createException(W3CHttpResponseCodec.java:200)
 org.openqa.selenium.remote.codec.w3c.W3CHttpResponseCodec.decode(W3CHttpResponseCodec.java:133)
 org.openqa.selenium.remote.codec.w3c.W3CHttpResponseCodec.decode(W3CHttpResponseCodec.java:52)
 org.openqa.selenium.remote.HttpCommandExecutor.execute(HttpCommandExecutor.java:191)
 org.openqa.selenium.remote.service.DriverCommandExecutor.invokeExecute(DriverCommandExecutor.java:196)
 org.openqa.selenium.remote.service.DriverCommandExecutor.execute(DriverCommandExecutor.java:171)
 org.openqa.selenium.remote.RemoteWebDriver.execute(RemoteWebDriver.java:602)
 org.openqa.selenium.remote.ElementLocation$ElementFinder$2.findElement(ElementLocation.java:165)
 org.openqa.selenium.remote.ElementLocation.findElement(ElementLocation.java:59)
 org.openqa.selenium.remote.RemoteWebDriver.findElement(RemoteWebDriver.java:359)
 org.openqa.selenium.remote.RemoteWebDriver.findElement(RemoteWebDriver.java:353)
 java.base/jdk.internal.reflect.NativeMethodAccessorImpl.invoke0(Native Method)
 java.base/jdk.internal.reflect.NativeMethodAccessorImpl.invoke(NativeMethodAccessorImpl.java:77)
 java.base/jdk.internal.reflect.DelegatingMethodAccessorImpl.invoke(DelegatingMethodAccessorImpl.java:43)
 java.base/java.lang.reflect.Method.invoke(Method.java:568)
 org.openqa.selenium.support.decorators.WebDriverDecorator.call(WebDriverDecorator.java:249)
 org.openqa.selenium.support.decorators.DefaultDecorated.call(DefaultDecorated.java:48)
 org.openqa.selenium.support.decorators.WebDriverDecorator.lambda$createProxy$2(WebDriverDecorator.java:321)
 net.bytebuddy.renamed.java.lang.Object$ByteBuddy$D1KfSLQT.findElement(Unknown Source)
 utils.Wait.waitInVisibilityOfProgressBar(Wait.java:65)
 pages.LoginPage.clickOnLoginButton(LoginPage.java:38)
 pages.LoginPage.loginToConsole(LoginPage.java:52)
 steps.TC65_DashboardDateComparison.userIsLoggedInToConsole(TC65_DashboardDateComparison.java:27)
 java.base/jdk.internal.reflect.NativeMethodAccessorImpl.invoke0(Native Method)
 java.base/jdk.internal.reflect.NativeMethodAccessorImpl.invoke(NativeMethodAccessorImpl.java:77)
 java.base/jdk.internal.reflect.DelegatingMethodAccessorImpl.invoke(DelegatingMethodAccessorImpl.java:43)
 java.base/java.lang.reflect.Method.invoke(Method.java:568)
 io.cucumber.java.Invoker.doInvoke(Invoker.java:66)
 io.cucumber.java.Invoker.invoke(Invoker.java:24)
 io.cucumber.java.AbstractGlueDefinition.invokeMethod(AbstractGlueDefinition.java:47)
 io.cucumber.java.JavaStepDefinition.execute(JavaStepDefinition.java:29)
 io.cucumber.core.runner.CoreStepDefinition.execute(CoreStepDefinition.java:66)
 io.cucumber.core.runner.PickleStepDefinitionMatch.runStep(PickleStepDefinitionMatch.java:63)
 io.cucumber.core.runner.ExecutionMode$1.execute(ExecutionMode.java:10)
 io.cucumber.core.runner.TestStep.executeStep(TestStep.java:84)
 io.cucumber.core.runner.TestStep.run(TestStep.java:56)
 io.cucumber.core.runner.PickleStepTestStep.run(PickleStepTestStep.java:51)
 io.cucumber.core.runner.TestCase.run(TestCase.java:84)
 io.cucumber.core.runner.Runner.runPickle(Runner.java:75)
 io.cucumber.testng.TestNGCucumberRunner.lambda$runScenario$1(TestNGCucumberRunner.java:132)
 io.cucumber.core.runtime.CucumberExecutionContext.lambda$runTestCase$5(CucumberExecutionContext.java:137)
 io.cucumber.core.runtime.RethrowingThrowableCollector.executeAndThrow(RethrowingThrowableCollector.java:23)
 io.cucumber.core.runtime.CucumberExecutionContext.runTestCase(CucumberExecutionContext.java:137)
 io.cucumber.testng.TestNGCucumberRunner.runScenario(TestNGCucumberRunner.java:129)
 io.cucumber.testng.AbstractTestNGCucumberTests.runScenario(AbstractTestNGCucumberTests.java:35)
 java.base/jdk.internal.reflect.NativeMethodAccessorImpl.invoke0(Native Method)
 java.base/jdk.internal.reflect.NativeMethodAccessorImpl.invoke(NativeMethodAccessorImpl.java:77)
 java.base/jdk.internal.reflect.DelegatingMethodAccessorImpl.invoke(DelegatingMethodAccessorImpl.java:43)
 java.base/java.lang.reflect.Method.invoke(Method.java:568)
 org.testng.internal.invokers.MethodInvocationHelper.invokeMethod(MethodInvocationHelper.java:139)
 org.testng.internal.invokers.TestInvoker.invokeMethod(TestInvoker.java:664)
 org.testng.internal.invokers.TestInvoker.invokeTestMethod(TestInvoker.java:227)
 org.testng.internal.invokers.MethodRunner.runInSequence(MethodRunner.java:50)
 org.testng.internal.invokers.TestInvoker$MethodInvocationAgent.invoke(TestInvoker.java:957)
 org.testng.internal.invokers.TestInvoker.invokeTestMethods(TestInvoker.java:200)
 org.testng.internal.invokers.TestMethodWorker.invokeTestMethods(TestMethodWorker.java:148)
 org.testng.internal.invokers.TestMethodWorker.run(TestMethodWorker.java:128)
 java.base/java.util.concurrent.ThreadPoolExecutor.runWorker(ThreadPoolExecutor.java:1136)
 java.base/java.util.concurrent.ThreadPoolExecutor$Worker.run(ThreadPoolExecutor.java:635)
 java.base/java.lang.Thread.run(Thread.java:833) &amp#27;[m&amp#27;[90m| com.shaft.tools.io.ReportManager&amp#27;[m &amp#27;[90m- TestNG-test=cucumber test runner-1&amp#27;[m &amp#27;[90m- 03:26:30 PM&amp#27;[m 
&amp#27;[38;2;0;96;168;1m[INFO]&amp#27;[m &amp#27;[mno such element: Unable to locate element: {"method":"xpath","selector":"//*[@id="nprogress"]/div[1]"} &amp#27;[m&amp#27;[90m| com.shaft.tools.io.ReportManager&amp#27;[m &amp#27;[90m- TestNG-test=cucumber test runner-1&amp#27;[m &amp#27;[90m- 03:26:30 PM&amp#27;[m 
&amp#27;[38;2;0;96;168;1m[INFO]&amp#27;[m &amp#27;[m  (Session info: chrome=119.0.6045.200) &amp#27;[m&amp#27;[90m| com.shaft.tools.io.ReportManager&amp#27;[m &amp#27;[90m- TestNG-test=cucumber test runner-1&amp#27;[m &amp#27;[90m- 03:26:30 PM&amp#27;[m 
&amp#27;[38;2;0;96;168;1m[INFO]&amp#27;[m &amp#27;[mFor documentation on this error, please visit: https://www.selenium.dev/documentation/webdriver/troubleshooting/errors#no-such-element-exception &amp#27;[m&amp#27;[90m| com.shaft.tools.io.ReportManager&amp#27;[m &amp#27;[90m- TestNG-test=cucumber test runner-1&amp#27;[m &amp#27;[90m- 03:26:30 PM&amp#27;[m 
&amp#27;[38;2;0;96;168;1m[INFO]&amp#27;[m &amp#27;[mBuild info: version: '4.13.0', revision: 'ba948ece5b*' &amp#27;[m&amp#27;[90m| com.shaft.tools.io.ReportManager&amp#27;[m &amp#27;[90m- TestNG-test=cucumber test runner-1&amp#27;[m &amp#27;[90m- 03:26:30 PM&amp#27;[m 
&amp#27;[38;2;0;96;168;1m[INFO]&amp#27;[m &amp#27;[mSystem info: os.name: 'Windows 11', os.arch: 'amd64', os.version: '10.0', java.version: '17.0.7' &amp#27;[m&amp#27;[90m| com.shaft.tools.io.ReportManager&amp#27;[m &amp#27;[90m- TestNG-test=cucumber test runner-1&amp#27;[m &amp#27;[90m- 03:26:30 PM&amp#27;[m 
&amp#27;[38;2;0;96;168;1m[INFO]&amp#27;[m &amp#27;[mDriver info: org.openqa.selenium.chrome.ChromeDriver &amp#27;[m&amp#27;[90m| com.shaft.tools.io.ReportManager&amp#27;[m &amp#27;[90m- TestNG-test=cucumber test runner-1&amp#27;[m &amp#27;[90m- 03:26:30 PM&amp#27;[m 
&amp#27;[38;2;0;96;168;1m[INFO]&amp#27;[m &amp#27;[mCommand: [e8cef44679c5800c01135526bf763518, findElement {using=xpath, value=//*[@id="nprogress"]/div[1]}] &amp#27;[m&amp#27;[90m| com.shaft.tools.io.ReportManager&amp#27;[m &amp#27;[90m- TestNG-test=cucumber test runner-1&amp#27;[m &amp#27;[90m- 03:26:30 PM&amp#27;[m 
&amp#27;[38;2;0;96;168;1m[INFO]&amp#27;[m &amp#27;[mCapabilities {acceptInsecureCerts: true, browserName: chrome, browserVersion: 119.0.6045.200, chrome: {chromedriverVersion: 119.0.6045.105 (38c72552c5e..., userDataDir: C:\WINDOWS\SystemTemp\scope...}, fedcm:accounts: true, goog:chromeOptions: {debuggerAddress: localhost:60555}, networkConnectionEnabled: false, pageLoadStrategy: none, platformName: windows, proxy: Proxy(), se:cdp: ws://localhost:60555/devtoo..., se:cdpVersion: 119.0.6045.200, setWindowRect: true, strictFileInteractability: false, timeouts: {implicit: 0, pageLoad: 30000, script: 30000}, unhandledPromptBehavior: ignore, webSocketUrl: ws://localhost:16965/sessio..., webauthn:extension:credBlob: true, webauthn:extension:largeBlob: true, webauthn:extension:minPinLength: true, webauthn:extension:prf: true, webauthn:virtualAuthenticators: true} &amp#27;[m&amp#27;[90m| com.shaft.tools.io.ReportManager&amp#27;[m &amp#27;[90m- TestNG-test=cucumber test runner-1&amp#27;[m &amp#27;[90m- 03:26:30 PM&amp#27;[m 
&amp#27;[38;2;0;96;168;1m[INFO]&amp#27;[m &amp#27;[mSession ID: e8cef44679c5800c01135526bf763518 &amp#27;[m&amp#27;[90m| com.shaft.tools.io.ReportManager&amp#27;[m &amp#27;[90m- TestNG-test=cucumber test runner-1&amp#27;[m &amp#27;[90m- 03:26:30 PM&amp#27;[m 
&amp#27;[38;2;0;96;168;1m[INFO]&amp#27;[m &amp#27;[mAttempting to getAttribute "hidden" from elementLocator "By.id: sidebar_dashboard". &amp#27;[m&amp#27;[90m| com.shaft.tools.io.ReportManager&amp#27;[m &amp#27;[90m- TestNG-test=cucumber test runner-1&amp#27;[m &amp#27;[90m- 03:26:33 PM&amp#27;[m 
&amp#27;[38;2;0;96;168;1m[INFO]&amp#27;[m &amp#27;[mGet attribute from "dashboard Dashboard". &amp#27;[m&amp#27;[90m| com.shaft.tools.io.ReportManager&amp#27;[m &amp#27;[90m- TestNG-test=cucumber test runner-1&amp#27;[m &amp#27;[90m- 03:26:34 PM&amp#27;[m 
&amp#27;[38;2;0;96;168;1m[INFO]&amp#27;[m &amp#27;[mSuccessfully created attachment 'Screenshot - 1701955594608_runScenario_Get attribute_passed' &amp#27;[m&amp#27;[90m| com.shaft.tools.io.ReportManager&amp#27;[m &amp#27;[90m- TestNG-test=cucumber test runner-1&amp#27;[m &amp#27;[90m- 03:26:34 PM&amp#27;[m 
&amp#27;[38;2;0;96;168;1m[INFO]&amp#27;[m &amp#27;[mExpected "null", and actual "null" &amp#27;[m&amp#27;[90m| com.shaft.tools.io.ReportManager&amp#27;[m &amp#27;[90m- TestNG-test=cucumber test runner-1&amp#27;[m &amp#27;[90m- 03:26:34 PM&amp#27;[m 
&amp#27;[38;2;0;96;168;1m[INFO]&amp#27;[m &amp#27;[mAssertion "ValidateElementAttribute" PASSED. Expected "Value Should be 'null' for the 'hidden' attribute, element locator 'By.id: sidebar_dashboard'" and Actual "null". Comparison Type "EQUALS". Validation Type "POSITIVE". &amp#27;[m&amp#27;[90m| com.shaft.tools.io.ReportManager&amp#27;[m &amp#27;[90m- TestNG-test=cucumber test runner-1&amp#27;[m &amp#27;[90m- 03:26:35 PM&amp#27;[m 
&amp#27;[38;2;0;96;168;1m[INFO]&amp#27;[m &amp#27;[mSuccessfully created attachment 'Screenshot - 1701955595260_runScenario_ValidateElementAttribute_passed' &amp#27;[m&amp#27;[90m| com.shaft.tools.io.ReportManager&amp#27;[m &amp#27;[90m- TestNG-test=cucumber test runner-1&amp#27;[m &amp#27;[90m- 03:26:35 PM&amp#27;[m 
&amp#27;[38;2;0;96;168;1m[INFO]&amp#27;[m &amp#27;[mSuccessfully created attachment 'Screenshot - 1701955595783_runScenario_Get current url_passed' &amp#27;[m&amp#27;[90m| com.shaft.tools.io.ReportManager&amp#27;[m &amp#27;[90m- TestNG-test=cucumber test runner-1&amp#27;[m &amp#27;[90m- 03:26:35 PM&amp#27;[m 
&amp#27;[38;2;0;96;168;1m[INFO]&amp#27;[m &amp#27;[mExpected "https://console.foodics.dev/dashboard", and actual "https://console.foodics.dev/dashboard" &amp#27;[m&amp#27;[90m| com.shaft.tools.io.ReportManager&amp#27;[m &amp#27;[90m- TestNG-test=cucumber test runner-1&amp#27;[m &amp#27;[90m- 03:26:35 PM&amp#27;[m 
&amp#27;[38;2;0;96;168;1m[INFO]&amp#27;[m &amp#27;[mAssertion "ValidateBrowserAttribute" PASSED. Expected "Value Should be 'https://console.foodics.dev/dashboard' for the 'currenturl' attribute" and Actual "https://console.foodics.dev/dashboard". Comparison Type "EQUALS". Validation Type "POSITIVE". &amp#27;[m&amp#27;[90m| com.shaft.tools.io.ReportManager&amp#27;[m &amp#27;[90m- TestNG-test=cucumber test runner-1&amp#27;[m &amp#27;[90m- 03:26:36 PM&amp#27;[m 
&amp#27;[38;2;0;96;168;1m[INFO]&amp#27;[m &amp#27;[mSuccessfully created attachment 'Screenshot - 1701955596128_runScenario_ValidateBrowserAttribute_passed' &amp#27;[m&amp#27;[90m| com.shaft.tools.io.ReportManager&amp#27;[m &amp#27;[90m- TestNG-test=cucumber test runner-1&amp#27;[m &amp#27;[90m- 03:26:36 PM&amp#27;[m 
&amp#27;[38;2;0;96;168;1m[INFO]&amp#27;[m &amp#27;[m  &amp#27;[32mGiven &amp#27;[0m&amp#27;[32mUser is logged in with &amp#27;[0m&amp#27;[32m&amp#27;[1m"mahmoud227572"&amp#27;[0m&amp#27;[32m credentials and in console home page&amp#27;[0m                                       &amp#27;[90m# steps.TC65_DashboardDateComparison.userIsLoggedInToConsole(java.lang.String)&amp#27;[0m &amp#27;[m&amp#27;[90m| com.shaft.tools.io.ReportManager&amp#27;[m &amp#27;[90m- TestNG-test=cucumber test runner-1&amp#27;[m &amp#27;[90m- 03:26:36 PM&amp#27;[m 
&amp#27;[38;2;0;96;168;1m[INFO]&amp#27;[m &amp#27;[mScenario Step: When Click Try our new enhanced dashboard &amp#27;[m&amp#27;[90m| com.shaft.tools.io.ReportManager&amp#27;[m &amp#27;[90m- TestNG-test=cucumber test runner-1&amp#27;[m &amp#27;[90m- 03:26:36 PM&amp#27;[m 
&amp#27;[38;2;0;96;168;1m[INFO]&amp#27;[m &amp#27;[mIs displayed action failed. &amp#27;[m&amp#27;[90m| com.shaft.tools.io.ReportManager&amp#27;[m &amp#27;[90m- TestNG-test=cucumber test runner-1&amp#27;[m &amp#27;[90m- 03:26:38 PM&amp#27;[m 
&amp#27;[38;2;0;96;168;1m[INFO]&amp#27;[m &amp#27;[mSuccessfully created attachment 'Screenshot - 1701955598176_runScenario_isDisplayed_failed' &amp#27;[m&amp#27;[90m| com.shaft.tools.io.ReportManager&amp#27;[m &amp#27;[90m- TestNG-test=cucumber test runner-1&amp#27;[m &amp#27;[90m- 03:26:38 PM&amp#27;[m 
&amp#27;[31;1m[ERROR]&amp#27;[m &amp#27;[mjava.lang.reflect.InvocationTargetException: null
 java.base/jdk.internal.reflect.NativeMethodAccessorImpl.invoke0(Native Method)
 java.base/jdk.internal.reflect.NativeMethodAccessorImpl.invoke(NativeMethodAccessorImpl.java:77)
 java.base/jdk.internal.reflect.DelegatingMethodAccessorImpl.invoke(DelegatingMethodAccessorImpl.java:43)
 java.base/java.lang.reflect.Method.invoke(Method.java:568)
 org.openqa.selenium.support.decorators.WebDriverDecorator.call(WebDriverDecorator.java:249)
 org.openqa.selenium.support.decorators.DefaultDecorated.call(DefaultDecorated.java:48)
 org.openqa.selenium.support.decorators.WebDriverDecorator.lambda$createProxy$2(WebDriverDecorator.java:321)
 net.bytebuddy.renamed.java.lang.Object$ByteBuddy$0jcpHUDE.isDisplayed(Unknown Source)
 org.openqa.selenium.support.ui.ExpectedConditions.isInvisible(ExpectedConditions.java:1374)
 org.openqa.selenium.support.ui.ExpectedConditions.access$200(ExpectedConditions.java:37)
 org.openqa.selenium.support.ui.ExpectedConditions$48.apply(ExpectedConditions.java:1362)
 org.openqa.selenium.support.ui.ExpectedConditions$48.apply(ExpectedConditions.java:1358)
 org.openqa.selenium.support.ui.FluentWait.until(FluentWait.java:205)
 utils.Wait.waitInVisibilityOfProgressBar(Wait.java:65)
 pages.DashboardPage.clickOnTryEnhancedDashboardLink(DashboardPage.java:36)
 steps.TC65_DashboardDateComparison.tryNewEnhancedDashboard(TC65_DashboardDateComparison.java:42)
 java.base/jdk.internal.reflect.NativeMethodAccessorImpl.invoke0(Native Method)
 java.base/jdk.internal.reflect.NativeMethodAccessorImpl.invoke(NativeMethodAccessorImpl.java:77)
 java.base/jdk.internal.reflect.DelegatingMethodAccessorImpl.invoke(DelegatingMethodAccessorImpl.java:43)
 java.base/java.lang.reflect.Method.invoke(Method.java:568)
 io.cucumber.java.Invoker.doInvoke(Invoker.java:66)
 io.cucumber.java.Invoker.invoke(Invoker.java:24)
 io.cucumber.java.AbstractGlueDefinition.invokeMethod(AbstractGlueDefinition.java:47)
 io.cucumber.java.JavaStepDefinition.execute(JavaStepDefinition.java:29)
 io.cucumber.core.runner.CoreStepDefinition.execute(CoreStepDefinition.java:66)
 io.cucumber.core.runner.PickleStepDefinitionMatch.runStep(PickleStepDefinitionMatch.java:63)
 io.cucumber.core.runner.ExecutionMode$1.execute(ExecutionMode.java:10)
 io.cucumber.core.runner.TestStep.executeStep(TestStep.java:84)
 io.cucumber.core.runner.TestStep.run(TestStep.java:56)
 io.cucumber.core.runner.PickleStepTestStep.run(PickleStepTestStep.java:51)
 io.cucumber.core.runner.TestCase.run(TestCase.java:84)
 io.cucumber.core.runner.Runner.runPickle(Runner.java:75)
 io.cucumber.testng.TestNGCucumberRunner.lambda$runScenario$1(TestNGCucumberRunner.java:132)
 io.cucumber.core.runtime.CucumberExecutionContext.lambda$runTestCase$5(CucumberExecutionContext.java:137)
 io.cucumber.core.runtime.RethrowingThrowableCollector.executeAndThrow(RethrowingThrowableCollector.java:23)
 io.cucumber.core.runtime.CucumberExecutionContext.runTestCase(CucumberExecutionContext.java:137)
 io.cucumber.testng.TestNGCucumberRunner.runScenario(TestNGCucumberRunner.java:129)
 io.cucumber.testng.AbstractTestNGCucumberTests.runScenario(AbstractTestNGCucumberTests.java:35)
 java.base/jdk.internal.reflect.NativeMethodAccessorImpl.invoke0(Native Method)
 java.base/jdk.internal.reflect.NativeMethodAccessorImpl.invoke(NativeMethodAccessorImpl.java:77)
 java.base/jdk.internal.reflect.DelegatingMethodAccessorImpl.invoke(DelegatingMethodAccessorImpl.java:43)
 java.base/java.lang.reflect.Method.invoke(Method.java:568)
 org.testng.internal.invokers.MethodInvocationHelper.invokeMethod(MethodInvocationHelper.java:139)
 org.testng.internal.invokers.TestInvoker.invokeMethod(TestInvoker.java:664)
 org.testng.internal.invokers.TestInvoker.invokeTestMethod(TestInvoker.java:227)
 org.testng.internal.invokers.MethodRunner.runInSequence(MethodRunner.java:50)
 org.testng.internal.invokers.TestInvoker$MethodInvocationAgent.invoke(TestInvoker.java:957)
 org.testng.internal.invokers.TestInvoker.invokeTestMethods(TestInvoker.java:200)
 org.testng.internal.invokers.TestMethodWorker.invokeTestMethods(TestMethodWorker.java:148)
 org.testng.internal.invokers.TestMethodWorker.run(TestMethodWorker.java:128)
 java.base/java.util.concurrent.ThreadPoolExecutor.runWorker(ThreadPoolExecutor.java:1136)
 java.base/java.util.concurrent.ThreadPoolExecutor$Worker.run(ThreadPoolExecutor.java:635)
 java.base/java.lang.Thread.run(Thread.java:833)

Caused by: org.openqa.selenium.NoSuchElementException: no such element: No node with given id found
  (Session info: chrome=119.0.6045.200)
For documentation on this error, please visit: https://www.selenium.dev/documentation/webdriver/troubleshooting/errors#no-such-element-exception
Build info: version: '4.13.0', revision: 'ba948ece5b*'
System info: os.name: 'Windows 11', os.arch: 'amd64', os.version: '10.0', java.version: '17.0.7'
Driver info: org.openqa.selenium.chrome.ChromeDriver
Command: [e8cef44679c5800c01135526bf763518, isElementDisplayed {id=1EF7C5D2E4F829821237386E65202EAB_element_69}]
Capabilities {acceptInsecureCerts: true, browserName: chrome, browserVersion: 119.0.6045.200, chrome: {chromedriverVersion: 119.0.6045.105 (38c72552c5e..., userDataDir: C:\WINDOWS\SystemTemp\scope...}, fedcm:accounts: true, goog:chromeOptions: {debuggerAddress: localhost:60555}, networkConnectionEnabled: false, pageLoadStrategy: none, platformName: windows, proxy: Proxy(), se:cdp: ws://localhost:60555/devtoo..., se:cdpVersion: 119.0.6045.200, setWindowRect: true, strictFileInteractability: false, timeouts: {implicit: 0, pageLoad: 30000, script: 30000}, unhandledPromptBehavior: ignore, webSocketUrl: ws://localhost:16965/sessio..., webauthn:extension:credBlob: true, webauthn:extension:largeBlob: true, webauthn:extension:minPinLength: true, webauthn:extension:prf: true, webauthn:virtualAuthenticators: true}
Element: [[ChromeDriver: chrome on windows (e8cef44679c5800c01135526bf763518)] -> xpath: //*[@id="nprogress"]/div[1]]
Session ID: e8cef44679c5800c01135526bf763518
 jdk.internal.reflect.GeneratedConstructorAccessor33.newInstance(Unknown Source)
 java.base/jdk.internal.reflect.DelegatingConstructorAccessorImpl.newInstance(DelegatingConstructorAccessorImpl.java:45)
 java.base/java.lang.reflect.Constructor.newInstanceWithCaller(Constructor.java:499)
 java.base/java.lang.reflect.Constructor.newInstance(Constructor.java:480)
 org.openqa.selenium.remote.codec.w3c.W3CHttpResponseCodec.createException(W3CHttpResponseCodec.java:200)
 org.openqa.selenium.remote.codec.w3c.W3CHttpResponseCodec.decode(W3CHttpResponseCodec.java:133)
 org.openqa.selenium.remote.codec.w3c.W3CHttpResponseCodec.decode(W3CHttpResponseCodec.java:52)
 org.openqa.selenium.remote.HttpCommandExecutor.execute(HttpCommandExecutor.java:191)
 org.openqa.selenium.remote.service.DriverCommandExecutor.invokeExecute(DriverCommandExecutor.java:196)
 org.openqa.selenium.remote.service.DriverCommandExecutor.execute(DriverCommandExecutor.java:171)
 org.openqa.selenium.remote.RemoteWebDriver.execute(RemoteWebDriver.java:602)
 org.openqa.selenium.remote.RemoteWebElement.execute(RemoteWebElement.java:224)
 org.openqa.selenium.remote.RemoteWebElement.isDisplayed(RemoteWebElement.java:283)
 java.base/jdk.internal.reflect.NativeMethodAccessorImpl.invoke0(Native Method)
 java.base/jdk.internal.reflect.NativeMethodAccessorImpl.invoke(NativeMethodAccessorImpl.java:77)
 java.base/jdk.internal.reflect.DelegatingMethodAccessorImpl.invoke(DelegatingMethodAccessorImpl.java:43)
 java.base/java.lang.reflect.Method.invoke(Method.java:568)
 org.openqa.selenium.support.decorators.WebDriverDecorator.call(WebDriverDecorator.java:249)
 org.openqa.selenium.support.decorators.DefaultDecorated.call(DefaultDecorated.java:48)
 org.openqa.selenium.support.decorators.WebDriverDecorator.lambda$createProxy$2(WebDriverDecorator.java:321)
 net.bytebuddy.renamed.java.lang.Object$ByteBuddy$0jcpHUDE.isDisplayed(Unknown Source)
 org.openqa.selenium.support.ui.ExpectedConditions.isInvisible(ExpectedConditions.java:1374)
 org.openqa.selenium.support.ui.ExpectedConditions.access$200(ExpectedConditions.java:37)
 org.openqa.selenium.support.ui.ExpectedConditions$48.apply(ExpectedConditions.java:1362)
 org.openqa.selenium.support.ui.ExpectedConditions$48.apply(ExpectedConditions.java:1358)
 org.openqa.selenium.support.ui.FluentWait.until(FluentWait.java:205)
 utils.Wait.waitInVisibilityOfProgressBar(Wait.java:65)
 pages.DashboardPage.clickOnTryEnhancedDashboardLink(DashboardPage.java:36)
 steps.TC65_DashboardDateComparison.tryNewEnhancedDashboard(TC65_DashboardDateComparison.java:42)
 java.base/jdk.internal.reflect.NativeMethodAccessorImpl.invoke0(Native Method)
 java.base/jdk.internal.reflect.NativeMethodAccessorImpl.invoke(NativeMethodAccessorImpl.java:77)
 java.base/jdk.internal.reflect.DelegatingMethodAccessorImpl.invoke(DelegatingMethodAccessorImpl.java:43)
 java.base/java.lang.reflect.Method.invoke(Method.java:568)
 io.cucumber.java.Invoker.doInvoke(Invoker.java:66)
 io.cucumber.java.Invoker.invoke(Invoker.java:24)
 io.cucumber.java.AbstractGlueDefinition.invokeMethod(AbstractGlueDefinition.java:47)
 io.cucumber.java.JavaStepDefinition.execute(JavaStepDefinition.java:29)
 io.cucumber.core.runner.CoreStepDefinition.execute(CoreStepDefinition.java:66)
 io.cucumber.core.runner.PickleStepDefinitionMatch.runStep(PickleStepDefinitionMatch.java:63)
 io.cucumber.core.runner.ExecutionMode$1.execute(ExecutionMode.java:10)
 io.cucumber.core.runner.TestStep.executeStep(TestStep.java:84)
 io.cucumber.core.runner.TestStep.run(TestStep.java:56)
 io.cucumber.core.runner.PickleStepTestStep.run(PickleStepTestStep.java:51)
 io.cucumber.core.runner.TestCase.run(TestCase.java:84)
 io.cucumber.core.runner.Runner.runPickle(Runner.java:75)
 io.cucumber.testng.TestNGCucumberRunner.lambda$runScenario$1(TestNGCucumberRunner.java:132)
 io.cucumber.core.runtime.CucumberExecutionContext.lambda$runTestCase$5(CucumberExecutionContext.java:137)
 io.cucumber.core.runtime.RethrowingThrowableCollector.executeAndThrow(RethrowingThrowableCollector.java:23)
 io.cucumber.core.runtime.CucumberExecutionContext.runTestCase(CucumberExecutionContext.java:137)
 io.cucumber.testng.TestNGCucumberRunner.runScenario(TestNGCucumberRunner.java:129)
 io.cucumber.testng.AbstractTestNGCucumberTests.runScenario(AbstractTestNGCucumberTests.java:35)
 java.base/jdk.internal.reflect.NativeMethodAccessorImpl.invoke0(Native Method)
 java.base/jdk.internal.reflect.NativeMethodAccessorImpl.invoke(NativeMethodAccessorImpl.java:77)
 java.base/jdk.internal.reflect.DelegatingMethodAccessorImpl.invoke(DelegatingMethodAccessorImpl.java:43)
 java.base/java.lang.reflect.Method.invoke(Method.java:568)
 org.testng.internal.invokers.MethodInvocationHelper.invokeMethod(MethodInvocationHelper.java:139)
 org.testng.internal.invokers.TestInvoker.invokeMethod(TestInvoker.java:664)
 org.testng.internal.invokers.TestInvoker.invokeTestMethod(TestInvoker.java:227)
 org.testng.internal.invokers.MethodRunner.runInSequence(MethodRunner.java:50)
 org.testng.internal.invokers.TestInvoker$MethodInvocationAgent.invoke(TestInvoker.java:957)
 org.testng.internal.invokers.TestInvoker.invokeTestMethods(TestInvoker.java:200)
 org.testng.internal.invokers.TestMethodWorker.invokeTestMethods(TestMethodWorker.java:148)
 org.testng.internal.invokers.TestMethodWorker.run(TestMethodWorker.java:128)
 java.base/java.util.concurrent.ThreadPoolExecutor.runWorker(ThreadPoolExecutor.java:1136)
 java.base/java.util.concurrent.ThreadPoolExecutor$Worker.run(ThreadPoolExecutor.java:635)
 java.base/java.lang.Thread.run(Thread.java:833) &amp#27;[m&amp#27;[90m| com.shaft.tools.io.ReportManager&amp#27;[m &amp#27;[90m- TestNG-test=cucumber test runner-1&amp#27;[m &amp#27;[90m- 03:26:38 PM&amp#27;[m 
&amp#27;[38;2;0;96;168;1m[INFO]&amp#27;[m &amp#27;[mClick element. &amp#27;[m&amp#27;[90m| com.shaft.tools.io.ReportManager&amp#27;[m &amp#27;[90m- TestNG-test=cucumber test runner-1&amp#27;[m &amp#27;[90m- 03:26:38 PM&amp#27;[m 
&amp#27;[38;2;0;96;168;1m[INFO]&amp#27;[m &amp#27;[mExpected condition failed: waiting for com.shaft.listeners.internal.WebDriverListener$$Lambda$1158/0x0000000801306a60@33438717 (tried for 0 second(s) with 100 milliseconds interval) || no such element: Unable to locate element: {"method":"xpath","selector":"//*[@id="nprogress"]/div[1]"} &amp#27;[m&amp#27;[90m| com.shaft.tools.io.ReportManager&amp#27;[m &amp#27;[90m- TestNG-test=cucumber test runner-1&amp#27;[m &amp#27;[90m- 03:26:38 PM&amp#27;[m 
&amp#27;[33;1m[WARN]&amp#27;[m &amp#27;[mDec 07, 2023 3:26:38 PM org.openqa.selenium.support.events.EventFiringDecorator callListenerMethod &amp#27;[m&amp#27;[90m| com.shaft.tools.io.ReportManager&amp#27;[m &amp#27;[90m- TestNG-test=cucumber test runner-1&amp#27;[m &amp#27;[90m- 03:26:38 PM&amp#27;[m 
&amp#27;[33;1m[WARN]&amp#27;[m &amp#27;[mWARNING: null &amp#27;[m&amp#27;[90m| com.shaft.tools.io.ReportManager&amp#27;[m &amp#27;[90m- TestNG-test=cucumber test runner-1&amp#27;[m &amp#27;[90m- 03:26:38 PM&amp#27;[m 
&amp#27;[33;1m[WARN]&amp#27;[m &amp#27;[mjava.lang.reflect.InvocationTargetException &amp#27;[m&amp#27;[90m| com.shaft.tools.io.ReportManager&amp#27;[m &amp#27;[90m- TestNG-test=cucumber test runner-1&amp#27;[m &amp#27;[90m- 03:26:38 PM&amp#27;[m 
&amp#27;[33;1m[WARN]&amp#27;[m &amp#27;[m	at java.base/jdk.internal.reflect.NativeMethodAccessorImpl.invoke0(Native Method) &amp#27;[m&amp#27;[90m| com.shaft.tools.io.ReportManager&amp#27;[m &amp#27;[90m- TestNG-test=cucumber test runner-1&amp#27;[m &amp#27;[90m- 03:26:38 PM&amp#27;[m 
&amp#27;[33;1m[WARN]&amp#27;[m &amp#27;[m	at java.base/jdk.internal.reflect.NativeMethodAccessorImpl.invoke(NativeMethodAccessorImpl.java:77) &amp#27;[m&amp#27;[90m| com.shaft.tools.io.ReportManager&amp#27;[m &amp#27;[90m- TestNG-test=cucumber test runner-1&amp#27;[m &amp#27;[90m- 03:26:38 PM&amp#27;[m 
&amp#27;[33;1m[WARN]&amp#27;[m &amp#27;[m	at java.base/jdk.internal.reflect.DelegatingMethodAccessorImpl.invoke(DelegatingMethodAccessorImpl.java:43) &amp#27;[m&amp#27;[90m| com.shaft.tools.io.ReportManager&amp#27;[m &amp#27;[90m- TestNG-test=cucumber test runner-1&amp#27;[m &amp#27;[90m- 03:26:38 PM&amp#27;[m 
&amp#27;[33;1m[WARN]&amp#27;[m &amp#27;[m	at java.base/java.lang.reflect.Method.invoke(Method.java:568) &amp#27;[m&amp#27;[90m| com.shaft.tools.io.ReportManager&amp#27;[m &amp#27;[90m- TestNG-test=cucumber test runner-1&amp#27;[m &amp#27;[90m- 03:26:38 PM&amp#27;[m 
&amp#27;[33;1m[WARN]&amp#27;[m &amp#27;[m	at org.openqa.selenium.support.events.EventFiringDecorator.callListenerMethod(EventFiringDecorator.java:328) &amp#27;[m&amp#27;[90m| com.shaft.tools.io.ReportManager&amp#27;[m &amp#27;[90m- TestNG-test=cucumber test runner-1&amp#27;[m &amp#27;[90m- 03:26:38 PM&amp#27;[m 
&amp#27;[33;1m[WARN]&amp#27;[m &amp#27;[m	at org.openqa.selenium.support.events.EventFiringDecorator.fireBeforeEvents(EventFiringDecorator.java:245) &amp#27;[m&amp#27;[90m| com.shaft.tools.io.ReportManager&amp#27;[m &amp#27;[90m- TestNG-test=cucumber test runner-1&amp#27;[m &amp#27;[90m- 03:26:38 PM&amp#27;[m 
&amp#27;[33;1m[WARN]&amp#27;[m &amp#27;[m	at org.openqa.selenium.support.events.EventFiringDecorator.lambda$beforeCall$0(EventFiringDecorator.java:181) &amp#27;[m&amp#27;[90m| com.shaft.tools.io.ReportManager&amp#27;[m &amp#27;[90m- TestNG-test=cucumber test runner-1&amp#27;[m &amp#27;[90m- 03:26:38 PM&amp#27;[m 
&amp#27;[33;1m[WARN]&amp#27;[m &amp#27;[m	at java.base/java.util.Arrays$ArrayList.forEach(Arrays.java:4204) &amp#27;[m&amp#27;[90m| com.shaft.tools.io.ReportManager&amp#27;[m &amp#27;[90m- TestNG-test=cucumber test runner-1&amp#27;[m &amp#27;[90m- 03:26:38 PM&amp#27;[m 
&amp#27;[33;1m[WARN]&amp#27;[m &amp#27;[m	at org.openqa.selenium.support.events.EventFiringDecorator.beforeCall(EventFiringDecorator.java:181) &amp#27;[m&amp#27;[90m| com.shaft.tools.io.ReportManager&amp#27;[m &amp#27;[90m- TestNG-test=cucumber test runner-1&amp#27;[m &amp#27;[90m- 03:26:38 PM&amp#27;[m 
&amp#27;[33;1m[WARN]&amp#27;[m &amp#27;[m	at org.openqa.selenium.support.decorators.DefaultDecorated.beforeCall(DefaultDecorated.java:43) &amp#27;[m&amp#27;[90m| com.shaft.tools.io.ReportManager&amp#27;[m &amp#27;[90m- TestNG-test=cucumber test runner-1&amp#27;[m &amp#27;[90m- 03:26:38 PM&amp#27;[m 
&amp#27;[33;1m[WARN]&amp#27;[m &amp#27;[m	at org.openqa.selenium.support.decorators.WebDriverDecorator.lambda$createProxy$2(WebDriverDecorator.java:320) &amp#27;[m&amp#27;[90m| com.shaft.tools.io.ReportManager&amp#27;[m &amp#27;[90m- TestNG-test=cucumber test runner-1&amp#27;[m &amp#27;[90m- 03:26:38 PM&amp#27;[m 
&amp#27;[33;1m[WARN]&amp#27;[m &amp#27;[m	at net.bytebuddy.renamed.java.lang.Object$ByteBuddy$IPeWUaAS.findElement(Unknown Source) &amp#27;[m&amp#27;[90m| com.shaft.tools.io.ReportManager&amp#27;[m &amp#27;[90m- TestNG-test=cucumber test runner-1&amp#27;[m &amp#27;[90m- 03:26:38 PM&amp#27;[m 
&amp#27;[33;1m[WARN]&amp#27;[m &amp#27;[m	at utils.Wait.waitInVisibilityOfProgressBar(Wait.java:65) &amp#27;[m&amp#27;[90m| com.shaft.tools.io.ReportManager&amp#27;[m &amp#27;[90m- TestNG-test=cucumber test runner-1&amp#27;[m &amp#27;[90m- 03:26:38 PM&amp#27;[m 
&amp#27;[33;1m[WARN]&amp#27;[m &amp#27;[m	at pages.DashboardPage.clickOnTryEnhancedDashboardLink(DashboardPage.java:38) &amp#27;[m&amp#27;[90m| com.shaft.tools.io.ReportManager&amp#27;[m &amp#27;[90m- TestNG-test=cucumber test runner-1&amp#27;[m &amp#27;[90m- 03:26:38 PM&amp#27;[m 
&amp#27;[33;1m[WARN]&amp#27;[m &amp#27;[m	at steps.TC65_DashboardDateComparison.tryNewEnhancedDashboard(TC65_DashboardDateComparison.java:42) &amp#27;[m&amp#27;[90m| com.shaft.tools.io.ReportManager&amp#27;[m &amp#27;[90m- TestNG-test=cucumber test runner-1&amp#27;[m &amp#27;[90m- 03:26:38 PM&amp#27;[m 
&amp#27;[33;1m[WARN]&amp#27;[m &amp#27;[m	at java.base/jdk.internal.reflect.NativeMethodAccessorImpl.invoke0(Native Method) &amp#27;[m&amp#27;[90m| com.shaft.tools.io.ReportManager&amp#27;[m &amp#27;[90m- TestNG-test=cucumber test runner-1&amp#27;[m &amp#27;[90m- 03:26:38 PM&amp#27;[m 
&amp#27;[33;1m[WARN]&amp#27;[m &amp#27;[m	at java.base/jdk.internal.reflect.NativeMethodAccessorImpl.invoke(NativeMethodAccessorImpl.java:77) &amp#27;[m&amp#27;[90m| com.shaft.tools.io.ReportManager&amp#27;[m &amp#27;[90m- TestNG-test=cucumber test runner-1&amp#27;[m &amp#27;[90m- 03:26:38 PM&amp#27;[m 
&amp#27;[33;1m[WARN]&amp#27;[m &amp#27;[m	at java.base/jdk.internal.reflect.DelegatingMethodAccessorImpl.invoke(DelegatingMethodAccessorImpl.java:43) &amp#27;[m&amp#27;[90m| com.shaft.tools.io.ReportManager&amp#27;[m &amp#27;[90m- TestNG-test=cucumber test runner-1&amp#27;[m &amp#27;[90m- 03:26:38 PM&amp#27;[m 
&amp#27;[33;1m[WARN]&amp#27;[m &amp#27;[m	at java.base/java.lang.reflect.Method.invoke(Method.java:568) &amp#27;[m&amp#27;[90m| com.shaft.tools.io.ReportManager&amp#27;[m &amp#27;[90m- TestNG-test=cucumber test runner-1&amp#27;[m &amp#27;[90m- 03:26:38 PM&amp#27;[m 
&amp#27;[33;1m[WARN]&amp#27;[m &amp#27;[m	at io.cucumber.java.Invoker.doInvoke(Invoker.java:66) &amp#27;[m&amp#27;[90m| com.shaft.tools.io.ReportManager&amp#27;[m &amp#27;[90m- TestNG-test=cucumber test runner-1&amp#27;[m &amp#27;[90m- 03:26:38 PM&amp#27;[m 
&amp#27;[33;1m[WARN]&amp#27;[m &amp#27;[m	at io.cucumber.java.Invoker.invoke(Invoker.java:24) &amp#27;[m&amp#27;[90m| com.shaft.tools.io.ReportManager&amp#27;[m &amp#27;[90m- TestNG-test=cucumber test runner-1&amp#27;[m &amp#27;[90m- 03:26:38 PM&amp#27;[m 
&amp#27;[33;1m[WARN]&amp#27;[m &amp#27;[m	at io.cucumber.java.AbstractGlueDefinition.invokeMethod(AbstractGlueDefinition.java:47) &amp#27;[m&amp#27;[90m| com.shaft.tools.io.ReportManager&amp#27;[m &amp#27;[90m- TestNG-test=cucumber test runner-1&amp#27;[m &amp#27;[90m- 03:26:38 PM&amp#27;[m 
&amp#27;[33;1m[WARN]&amp#27;[m &amp#27;[m	at io.cucumber.java.JavaStepDefinition.execute(JavaStepDefinition.java:29) &amp#27;[m&amp#27;[90m| com.shaft.tools.io.ReportManager&amp#27;[m &amp#27;[90m- TestNG-test=cucumber test runner-1&amp#27;[m &amp#27;[90m- 03:26:38 PM&amp#27;[m 
&amp#27;[33;1m[WARN]&amp#27;[m &amp#27;[m	at io.cucumber.core.runner.CoreStepDefinition.execute(CoreStepDefinition.java:66) &amp#27;[m&amp#27;[90m| com.shaft.tools.io.ReportManager&amp#27;[m &amp#27;[90m- TestNG-test=cucumber test runner-1&amp#27;[m &amp#27;[90m- 03:26:38 PM&amp#27;[m 
&amp#27;[33;1m[WARN]&amp#27;[m &amp#27;[m	at io.cucumber.core.runner.PickleStepDefinitionMatch.runStep(PickleStepDefinitionMatch.java:63) &amp#27;[m&amp#27;[90m| com.shaft.tools.io.ReportManager&amp#27;[m &amp#27;[90m- TestNG-test=cucumber test runner-1&amp#27;[m &amp#27;[90m- 03:26:38 PM&amp#27;[m 
&amp#27;[33;1m[WARN]&amp#27;[m &amp#27;[m	at io.cucumber.core.runner.ExecutionMode$1.execute(ExecutionMode.java:10) &amp#27;[m&amp#27;[90m| com.shaft.tools.io.ReportManager&amp#27;[m &amp#27;[90m- TestNG-test=cucumber test runner-1&amp#27;[m &amp#27;[90m- 03:26:38 PM&amp#27;[m 
&amp#27;[33;1m[WARN]&amp#27;[m &amp#27;[m	at io.cucumber.core.runner.TestStep.executeStep(TestStep.java:84) &amp#27;[m&amp#27;[90m| com.shaft.tools.io.ReportManager&amp#27;[m &amp#27;[90m- TestNG-test=cucumber test runner-1&amp#27;[m &amp#27;[90m- 03:26:38 PM&amp#27;[m 
&amp#27;[33;1m[WARN]&amp#27;[m &amp#27;[m	at io.cucumber.core.runner.TestStep.run(TestStep.java:56) &amp#27;[m&amp#27;[90m| com.shaft.tools.io.ReportManager&amp#27;[m &amp#27;[90m- TestNG-test=cucumber test runner-1&amp#27;[m &amp#27;[90m- 03:26:38 PM&amp#27;[m 
&amp#27;[33;1m[WARN]&amp#27;[m &amp#27;[m	at io.cucumber.core.runner.PickleStepTestStep.run(PickleStepTestStep.java:51) &amp#27;[m&amp#27;[90m| com.shaft.tools.io.ReportManager&amp#27;[m &amp#27;[90m- TestNG-test=cucumber test runner-1&amp#27;[m &amp#27;[90m- 03:26:38 PM&amp#27;[m 
&amp#27;[33;1m[WARN]&amp#27;[m &amp#27;[m	at io.cucumber.core.runner.TestCase.run(TestCase.java:84) &amp#27;[m&amp#27;[90m| com.shaft.tools.io.ReportManager&amp#27;[m &amp#27;[90m- TestNG-test=cucumber test runner-1&amp#27;[m &amp#27;[90m- 03:26:38 PM&amp#27;[m 
&amp#27;[33;1m[WARN]&amp#27;[m &amp#27;[m	at io.cucumber.core.runner.Runner.runPickle(Runner.java:75) &amp#27;[m&amp#27;[90m| com.shaft.tools.io.ReportManager&amp#27;[m &amp#27;[90m- TestNG-test=cucumber test runner-1&amp#27;[m &amp#27;[90m- 03:26:38 PM&amp#27;[m 
&amp#27;[33;1m[WARN]&amp#27;[m &amp#27;[m	at io.cucumber.testng.TestNGCucumberRunner.lambda$runScenario$1(TestNGCucumberRunner.java:132) &amp#27;[m&amp#27;[90m| com.shaft.tools.io.ReportManager&amp#27;[m &amp#27;[90m- TestNG-test=cucumber test runner-1&amp#27;[m &amp#27;[90m- 03:26:38 PM&amp#27;[m 
&amp#27;[33;1m[WARN]&amp#27;[m &amp#27;[m	at io.cucumber.core.runtime.CucumberExecutionContext.lambda$runTestCase$5(CucumberExecutionContext.java:137) &amp#27;[m&amp#27;[90m| com.shaft.tools.io.ReportManager&amp#27;[m &amp#27;[90m- TestNG-test=cucumber test runner-1&amp#27;[m &amp#27;[90m- 03:26:38 PM&amp#27;[m 
&amp#27;[33;1m[WARN]&amp#27;[m &amp#27;[m	at io.cucumber.core.runtime.RethrowingThrowableCollector.executeAndThrow(RethrowingThrowableCollector.java:23) &amp#27;[m&amp#27;[90m| com.shaft.tools.io.ReportManager&amp#27;[m &amp#27;[90m- TestNG-test=cucumber test runner-1&amp#27;[m &amp#27;[90m- 03:26:38 PM&amp#27;[m 
&amp#27;[33;1m[WARN]&amp#27;[m &amp#27;[m	at io.cucumber.core.runtime.CucumberExecutionContext.runTestCase(CucumberExecutionContext.java:137) &amp#27;[m&amp#27;[90m| com.shaft.tools.io.ReportManager&amp#27;[m &amp#27;[90m- TestNG-test=cucumber test runner-1&amp#27;[m &amp#27;[90m- 03:26:38 PM&amp#27;[m 
&amp#27;[33;1m[WARN]&amp#27;[m &amp#27;[m	at io.cucumber.testng.TestNGCucumberRunner.runScenario(TestNGCucumberRunner.java:129) &amp#27;[m&amp#27;[90m| com.shaft.tools.io.ReportManager&amp#27;[m &amp#27;[90m- TestNG-test=cucumber test runner-1&amp#27;[m &amp#27;[90m- 03:26:38 PM&amp#27;[m 
&amp#27;[33;1m[WARN]&amp#27;[m &amp#27;[m	at io.cucumber.testng.AbstractTestNGCucumberTests.runScenario(AbstractTestNGCucumberTests.java:35) &amp#27;[m&amp#27;[90m| com.shaft.tools.io.ReportManager&amp#27;[m &amp#27;[90m- TestNG-test=cucumber test runner-1&amp#27;[m &amp#27;[90m- 03:26:38 PM&amp#27;[m 
&amp#27;[33;1m[WARN]&amp#27;[m &amp#27;[m	at java.base/jdk.internal.reflect.NativeMethodAccessorImpl.invoke0(Native Method) &amp#27;[m&amp#27;[90m| com.shaft.tools.io.ReportManager&amp#27;[m &amp#27;[90m- TestNG-test=cucumber test runner-1&amp#27;[m &amp#27;[90m- 03:26:38 PM&amp#27;[m 
&amp#27;[33;1m[WARN]&amp#27;[m &amp#27;[m	at java.base/jdk.internal.reflect.NativeMethodAccessorImpl.invoke(NativeMethodAccessorImpl.java:77) &amp#27;[m&amp#27;[90m| com.shaft.tools.io.ReportManager&amp#27;[m &amp#27;[90m- TestNG-test=cucumber test runner-1&amp#27;[m &amp#27;[90m- 03:26:38 PM&amp#27;[m 
&amp#27;[33;1m[WARN]&amp#27;[m &amp#27;[m	at java.base/jdk.internal.reflect.DelegatingMethodAccessorImpl.invoke(DelegatingMethodAccessorImpl.java:43) &amp#27;[m&amp#27;[90m| com.shaft.tools.io.ReportManager&amp#27;[m &amp#27;[90m- TestNG-test=cucumber test runner-1&amp#27;[m &amp#27;[90m- 03:26:38 PM&amp#27;[m 
&amp#27;[33;1m[WARN]&amp#27;[m &amp#27;[m	at java.base/java.lang.reflect.Method.invoke(Method.java:568) &amp#27;[m&amp#27;[90m| com.shaft.tools.io.ReportManager&amp#27;[m &amp#27;[90m- TestNG-test=cucumber test runner-1&amp#27;[m &amp#27;[90m- 03:26:38 PM&amp#27;[m 
&amp#27;[33;1m[WARN]&amp#27;[m &amp#27;[m	at org.testng.internal.invokers.MethodInvocationHelper.invokeMethod(MethodInvocationHelper.java:139) &amp#27;[m&amp#27;[90m| com.shaft.tools.io.ReportManager&amp#27;[m &amp#27;[90m- TestNG-test=cucumber test runner-1&amp#27;[m &amp#27;[90m- 03:26:38 PM&amp#27;[m 
&amp#27;[33;1m[WARN]&amp#27;[m &amp#27;[m	at org.testng.internal.invokers.TestInvoker.invokeMethod(TestInvoker.java:664) &amp#27;[m&amp#27;[90m| com.shaft.tools.io.ReportManager&amp#27;[m &amp#27;[90m- TestNG-test=cucumber test runner-1&amp#27;[m &amp#27;[90m- 03:26:38 PM&amp#27;[m 
&amp#27;[33;1m[WARN]&amp#27;[m &amp#27;[m	at org.testng.internal.invokers.TestInvoker.invokeTestMethod(TestInvoker.java:227) &amp#27;[m&amp#27;[90m| com.shaft.tools.io.ReportManager&amp#27;[m &amp#27;[90m- TestNG-test=cucumber test runner-1&amp#27;[m &amp#27;[90m- 03:26:38 PM&amp#27;[m 
&amp#27;[33;1m[WARN]&amp#27;[m &amp#27;[m	at org.testng.internal.invokers.MethodRunner.runInSequence(MethodRunner.java:50) &amp#27;[m&amp#27;[90m| com.shaft.tools.io.ReportManager&amp#27;[m &amp#27;[90m- TestNG-test=cucumber test runner-1&amp#27;[m &amp#27;[90m- 03:26:38 PM&amp#27;[m 
&amp#27;[33;1m[WARN]&amp#27;[m &amp#27;[m	at org.testng.internal.invokers.TestInvoker$MethodInvocationAgent.invoke(TestInvoker.java:957) &amp#27;[m&amp#27;[90m| com.shaft.tools.io.ReportManager&amp#27;[m &amp#27;[90m- TestNG-test=cucumber test runner-1&amp#27;[m &amp#27;[90m- 03:26:38 PM&amp#27;[m 
&amp#27;[33;1m[WARN]&amp#27;[m &amp#27;[m	at org.testng.internal.invokers.TestInvoker.invokeTestMethods(TestInvoker.java:200) &amp#27;[m&amp#27;[90m| com.shaft.tools.io.ReportManager&amp#27;[m &amp#27;[90m- TestNG-test=cucumber test runner-1&amp#27;[m &amp#27;[90m- 03:26:38 PM&amp#27;[m 
&amp#27;[33;1m[WARN]&amp#27;[m &amp#27;[m	at org.testng.internal.invokers.TestMethodWorker.invokeTestMethods(TestMethodWorker.java:148) &amp#27;[m&amp#27;[90m| com.shaft.tools.io.ReportManager&amp#27;[m &amp#27;[90m- TestNG-test=cucumber test runner-1&amp#27;[m &amp#27;[90m- 03:26:38 PM&amp#27;[m 
&amp#27;[33;1m[WARN]&amp#27;[m &amp#27;[m	at org.testng.internal.invokers.TestMethodWorker.run(TestMethodWorker.java:128) &amp#27;[m&amp#27;[90m| com.shaft.tools.io.ReportManager&amp#27;[m &amp#27;[90m- TestNG-test=cucumber test runner-1&amp#27;[m &amp#27;[90m- 03:26:38 PM&amp#27;[m 
&amp#27;[33;1m[WARN]&amp#27;[m &amp#27;[m	at java.base/java.util.concurrent.ThreadPoolExecutor.runWorker(ThreadPoolExecutor.java:1136) &amp#27;[m&amp#27;[90m| com.shaft.tools.io.ReportManager&amp#27;[m &amp#27;[90m- TestNG-test=cucumber test runner-1&amp#27;[m &amp#27;[90m- 03:26:38 PM&amp#27;[m 
&amp#27;[33;1m[WARN]&amp#27;[m &amp#27;[m	at java.base/java.util.concurrent.ThreadPoolExecutor$Worker.run(ThreadPoolExecutor.java:635) &amp#27;[m&amp#27;[90m| com.shaft.tools.io.ReportManager&amp#27;[m &amp#27;[90m- TestNG-test=cucumber test runner-1&amp#27;[m &amp#27;[90m- 03:26:38 PM&amp#27;[m 
&amp#27;[33;1m[WARN]&amp#27;[m &amp#27;[m	at java.base/java.lang.Thread.run(Thread.java:833) &amp#27;[m&amp#27;[90m| com.shaft.tools.io.ReportManager&amp#27;[m &amp#27;[90m- TestNG-test=cucumber test runner-1&amp#27;[m &amp#27;[90m- 03:26:38 PM&amp#27;[m 
&amp#27;[33;1m[WARN]&amp#27;[m &amp#27;[mCaused by: org.openqa.selenium.TimeoutException: Expected condition failed: waiting for com.shaft.listeners.internal.WebDriverListener$$Lambda$1158/0x0000000801306a60@33438717 (tried for 0 second(s) with 100 milliseconds interval) &amp#27;[m&amp#27;[90m| com.shaft.tools.io.ReportManager&amp#27;[m &amp#27;[90m- TestNG-test=cucumber test runner-1&amp#27;[m &amp#27;[90m- 03:26:38 PM&amp#27;[m 
&amp#27;[33;1m[WARN]&amp#27;[m &amp#27;[m	at org.openqa.selenium.support.ui.FluentWait.timeoutException(FluentWait.java:262) &amp#27;[m&amp#27;[90m| com.shaft.tools.io.ReportManager&amp#27;[m &amp#27;[90m- TestNG-test=cucumber test runner-1&amp#27;[m &amp#27;[90m- 03:26:38 PM&amp#27;[m 
&amp#27;[33;1m[WARN]&amp#27;[m &amp#27;[m	at org.openqa.selenium.support.ui.FluentWait.until(FluentWait.java:230) &amp#27;[m&amp#27;[90m| com.shaft.tools.io.ReportManager&amp#27;[m &amp#27;[90m- TestNG-test=cucumber test runner-1&amp#27;[m &amp#27;[90m- 03:26:38 PM&amp#27;[m 
&amp#27;[33;1m[WARN]&amp#27;[m &amp#27;[m	at com.shaft.listeners.internal.WebDriverListener.beforeFindElement(WebDriverListener.java:62) &amp#27;[m&amp#27;[90m| com.shaft.tools.io.ReportManager&amp#27;[m &amp#27;[90m- TestNG-test=cucumber test runner-1&amp#27;[m &amp#27;[90m- 03:26:38 PM&amp#27;[m 
&amp#27;[33;1m[WARN]&amp#27;[m &amp#27;[m	... 52 more &amp#27;[m&amp#27;[90m| com.shaft.tools.io.ReportManager&amp#27;[m &amp#27;[90m- TestNG-test=cucumber test runner-1&amp#27;[m &amp#27;[90m- 03:26:38 PM&amp#27;[m 
&amp#27;[33;1m[WARN]&amp#27;[m &amp#27;[mCaused by: org.openqa.selenium.NoSuchElementException: no such element: Unable to locate element: {"method":"xpath","selector":"//*[@id="nprogress"]/div[1]"} &amp#27;[m&amp#27;[90m| com.shaft.tools.io.ReportManager&amp#27;[m &amp#27;[90m- TestNG-test=cucumber test runner-1&amp#27;[m &amp#27;[90m- 03:26:38 PM&amp#27;[m 
&amp#27;[33;1m[WARN]&amp#27;[m &amp#27;[m  (Session info: chrome=119.0.6045.200) &amp#27;[m&amp#27;[90m| com.shaft.tools.io.ReportManager&amp#27;[m &amp#27;[90m- TestNG-test=cucumber test runner-1&amp#27;[m &amp#27;[90m- 03:26:38 PM&amp#27;[m 
&amp#27;[33;1m[WARN]&amp#27;[m &amp#27;[mFor documentation on this error, please visit: https://www.selenium.dev/documentation/webdriver/troubleshooting/errors#no-such-element-exception &amp#27;[m&amp#27;[90m| com.shaft.tools.io.ReportManager&amp#27;[m &amp#27;[90m- TestNG-test=cucumber test runner-1&amp#27;[m &amp#27;[90m- 03:26:38 PM&amp#27;[m 
&amp#27;[33;1m[WARN]&amp#27;[m &amp#27;[mBuild info: version: '4.13.0', revision: 'ba948ece5b*' &amp#27;[m&amp#27;[90m| com.shaft.tools.io.ReportManager&amp#27;[m &amp#27;[90m- TestNG-test=cucumber test runner-1&amp#27;[m &amp#27;[90m- 03:26:38 PM&amp#27;[m 
&amp#27;[33;1m[WARN]&amp#27;[m &amp#27;[mSystem info: os.name: 'Windows 11', os.arch: 'amd64', os.version: '10.0', java.version: '17.0.7' &amp#27;[m&amp#27;[90m| com.shaft.tools.io.ReportManager&amp#27;[m &amp#27;[90m- TestNG-test=cucumber test runner-1&amp#27;[m &amp#27;[90m- 03:26:38 PM&amp#27;[m 
&amp#27;[33;1m[WARN]&amp#27;[m &amp#27;[mDriver info: org.openqa.selenium.chrome.ChromeDriver &amp#27;[m&amp#27;[90m| com.shaft.tools.io.ReportManager&amp#27;[m &amp#27;[90m- TestNG-test=cucumber test runner-1&amp#27;[m &amp#27;[90m- 03:26:38 PM&amp#27;[m 
&amp#27;[33;1m[WARN]&amp#27;[m &amp#27;[mCommand: [e8cef44679c5800c01135526bf763518, findElement {using=xpath, value=//*[@id="nprogress"]/div[1]}] &amp#27;[m&amp#27;[90m| com.shaft.tools.io.ReportManager&amp#27;[m &amp#27;[90m- TestNG-test=cucumber test runner-1&amp#27;[m &amp#27;[90m- 03:26:38 PM&amp#27;[m 
&amp#27;[33;1m[WARN]&amp#27;[m &amp#27;[mCapabilities {acceptInsecureCerts: true, browserName: chrome, browserVersion: 119.0.6045.200, chrome: {chromedriverVersion: 119.0.6045.105 (38c72552c5e..., userDataDir: C:\WINDOWS\SystemTemp\scope...}, fedcm:accounts: true, goog:chromeOptions: {debuggerAddress: localhost:60555}, networkConnectionEnabled: false, pageLoadStrategy: none, platformName: windows, proxy: Proxy(), se:cdp: ws://localhost:60555/devtoo..., se:cdpVersion: 119.0.6045.200, setWindowRect: true, strictFileInteractability: false, timeouts: {implicit: 0, pageLoad: 30000, script: 30000}, unhandledPromptBehavior: ignore, webSocketUrl: ws://localhost:16965/sessio..., webauthn:extension:credBlob: true, webauthn:extension:largeBlob: true, webauthn:extension:minPinLength: true, webauthn:extension:prf: true, webauthn:virtualAuthenticators: true} &amp#27;[m&amp#27;[90m| com.shaft.tools.io.ReportManager&amp#27;[m &amp#27;[90m- TestNG-test=cucumber test runner-1&amp#27;[m &amp#27;[90m- 03:26:38 PM&amp#27;[m 
&amp#27;[33;1m[WARN]&amp#27;[m &amp#27;[mSession ID: e8cef44679c5800c01135526bf763518 &amp#27;[m&amp#27;[90m| com.shaft.tools.io.ReportManager&amp#27;[m &amp#27;[90m- TestNG-test=cucumber test runner-1&amp#27;[m &amp#27;[90m- 03:26:38 PM&amp#27;[m 
&amp#27;[33;1m[WARN]&amp#27;[m &amp#27;[m	at jdk.internal.reflect.GeneratedConstructorAccessor33.newInstance(Unknown Source) &amp#27;[m&amp#27;[90m| com.shaft.tools.io.ReportManager&amp#27;[m &amp#27;[90m- TestNG-test=cucumber test runner-1&amp#27;[m &amp#27;[90m- 03:26:38 PM&amp#27;[m 
&amp#27;[33;1m[WARN]&amp#27;[m &amp#27;[m	at java.base/jdk.internal.reflect.DelegatingConstructorAccessorImpl.newInstance(DelegatingConstructorAccessorImpl.java:45) &amp#27;[m&amp#27;[90m| com.shaft.tools.io.ReportManager&amp#27;[m &amp#27;[90m- TestNG-test=cucumber test runner-1&amp#27;[m &amp#27;[90m- 03:26:38 PM&amp#27;[m 
&amp#27;[33;1m[WARN]&amp#27;[m &amp#27;[m	at java.base/java.lang.reflect.Constructor.newInstanceWithCaller(Constructor.java:499) &amp#27;[m&amp#27;[90m| com.shaft.tools.io.ReportManager&amp#27;[m &amp#27;[90m- TestNG-test=cucumber test runner-1&amp#27;[m &amp#27;[90m- 03:26:38 PM&amp#27;[m 
&amp#27;[33;1m[WARN]&amp#27;[m &amp#27;[m	at java.base/java.lang.reflect.Constructor.newInstance(Constructor.java:480) &amp#27;[m&amp#27;[90m| com.shaft.tools.io.ReportManager&amp#27;[m &amp#27;[90m- TestNG-test=cucumber test runner-1&amp#27;[m &amp#27;[90m- 03:26:38 PM&amp#27;[m 
&amp#27;[33;1m[WARN]&amp#27;[m &amp#27;[m	at org.openqa.selenium.remote.codec.w3c.W3CHttpResponseCodec.createException(W3CHttpResponseCodec.java:200) &amp#27;[m&amp#27;[90m| com.shaft.tools.io.ReportManager&amp#27;[m &amp#27;[90m- TestNG-test=cucumber test runner-1&amp#27;[m &amp#27;[90m- 03:26:38 PM&amp#27;[m 
&amp#27;[33;1m[WARN]&amp#27;[m &amp#27;[m	at org.openqa.selenium.remote.codec.w3c.W3CHttpResponseCodec.decode(W3CHttpResponseCodec.java:133) &amp#27;[m&amp#27;[90m| com.shaft.tools.io.ReportManager&amp#27;[m &amp#27;[90m- TestNG-test=cucumber test runner-1&amp#27;[m &amp#27;[90m- 03:26:38 PM&amp#27;[m 
&amp#27;[33;1m[WARN]&amp#27;[m &amp#27;[m	at org.openqa.selenium.remote.codec.w3c.W3CHttpResponseCodec.decode(W3CHttpResponseCodec.java:52) &amp#27;[m&amp#27;[90m| com.shaft.tools.io.ReportManager&amp#27;[m &amp#27;[90m- TestNG-test=cucumber test runner-1&amp#27;[m &amp#27;[90m- 03:26:38 PM&amp#27;[m 
&amp#27;[33;1m[WARN]&amp#27;[m &amp#27;[m	at org.openqa.selenium.remote.HttpCommandExecutor.execute(HttpCommandExecutor.java:191) &amp#27;[m&amp#27;[90m| com.shaft.tools.io.ReportManager&amp#27;[m &amp#27;[90m- TestNG-test=cucumber test runner-1&amp#27;[m &amp#27;[90m- 03:26:38 PM&amp#27;[m 
&amp#27;[33;1m[WARN]&amp#27;[m &amp#27;[m	at org.openqa.selenium.remote.service.DriverCommandExecutor.invokeExecute(DriverCommandExecutor.java:196) &amp#27;[m&amp#27;[90m| com.shaft.tools.io.ReportManager&amp#27;[m &amp#27;[90m- TestNG-test=cucumber test runner-1&amp#27;[m &amp#27;[90m- 03:26:38 PM&amp#27;[m 
&amp#27;[33;1m[WARN]&amp#27;[m &amp#27;[m	at org.openqa.selenium.remote.service.DriverCommandExecutor.execute(DriverCommandExecutor.java:171) &amp#27;[m&amp#27;[90m| com.shaft.tools.io.ReportManager&amp#27;[m &amp#27;[90m- TestNG-test=cucumber test runner-1&amp#27;[m &amp#27;[90m- 03:26:38 PM&amp#27;[m 
&amp#27;[33;1m[WARN]&amp#27;[m &amp#27;[m	at org.openqa.selenium.remote.RemoteWebDriver.execute(RemoteWebDriver.java:602) &amp#27;[m&amp#27;[90m| com.shaft.tools.io.ReportManager&amp#27;[m &amp#27;[90m- TestNG-test=cucumber test runner-1&amp#27;[m &amp#27;[90m- 03:26:38 PM&amp#27;[m 
&amp#27;[33;1m[WARN]&amp#27;[m &amp#27;[m	at org.openqa.selenium.remote.ElementLocation$ElementFinder$2.findElement(ElementLocation.java:165) &amp#27;[m&amp#27;[90m| com.shaft.tools.io.ReportManager&amp#27;[m &amp#27;[90m- TestNG-test=cucumber test runner-1&amp#27;[m &amp#27;[90m- 03:26:38 PM&amp#27;[m 
&amp#27;[33;1m[WARN]&amp#27;[m &amp#27;[m	at org.openqa.selenium.remote.ElementLocation.findElement(ElementLocation.java:59) &amp#27;[m&amp#27;[90m| com.shaft.tools.io.ReportManager&amp#27;[m &amp#27;[90m- TestNG-test=cucumber test runner-1&amp#27;[m &amp#27;[90m- 03:26:38 PM&amp#27;[m 
&amp#27;[33;1m[WARN]&amp#27;[m &amp#27;[m	at org.openqa.selenium.remote.RemoteWebDriver.findElement(RemoteWebDriver.java:359) &amp#27;[m&amp#27;[90m| com.shaft.tools.io.ReportManager&amp#27;[m &amp#27;[90m- TestNG-test=cucumber test runner-1&amp#27;[m &amp#27;[90m- 03:26:38 PM&amp#27;[m 
&amp#27;[33;1m[WARN]&amp#27;[m &amp#27;[m	at org.openqa.selenium.remote.RemoteWebDriver.findElement(RemoteWebDriver.java:353) &amp#27;[m&amp#27;[90m| com.shaft.tools.io.ReportManager&amp#27;[m &amp#27;[90m- TestNG-test=cucumber test runner-1&amp#27;[m &amp#27;[90m- 03:26:38 PM&amp#27;[m 
&amp#27;[33;1m[WARN]&amp#27;[m &amp#27;[m	at com.shaft.listeners.internal.WebDriverListener.lambda$beforeFindElement$0(WebDriverListener.java:62) &amp#27;[m&amp#27;[90m| com.shaft.tools.io.ReportManager&amp#27;[m &amp#27;[90m- TestNG-test=cucumber test runner-1&amp#27;[m &amp#27;[90m- 03:26:38 PM&amp#27;[m 
&amp#27;[33;1m[WARN]&amp#27;[m &amp#27;[m	at org.openqa.selenium.support.ui.FluentWait.until(FluentWait.java:205) &amp#27;[m&amp#27;[90m| com.shaft.tools.io.ReportManager&amp#27;[m &amp#27;[90m- TestNG-test=cucumber test runner-1&amp#27;[m &amp#27;[90m- 03:26:38 PM&amp#27;[m 
&amp#27;[33;1m[WARN]&amp#27;[m &amp#27;[m	... 53 more &amp#27;[m&amp#27;[90m| com.shaft.tools.io.ReportManager&amp#27;[m &amp#27;[90m- TestNG-test=cucumber test runner-1&amp#27;[m &amp#27;[90m- 03:26:38 PM&amp#27;[m 
&amp#27;[38;2;0;96;168;1m[INFO]&amp#27;[m &amp#27;[mFind element action failed. &amp#27;[m&amp#27;[90m| com.shaft.tools.io.ReportManager&amp#27;[m &amp#27;[90m- TestNG-test=cucumber test runner-1&amp#27;[m &amp#27;[90m- 03:26:38 PM&amp#27;[m 
&amp#27;[38;2;0;96;168;1m[INFO]&amp#27;[m &amp#27;[mSuccessfully created attachment 'Screenshot - 1701955599113_runScenario_findElement_failed' &amp#27;[m&amp#27;[90m| com.shaft.tools.io.ReportManager&amp#27;[m &amp#27;[90m- TestNG-test=cucumber test runner-1&amp#27;[m &amp#27;[90m- 03:26:39 PM&amp#27;[m 
&amp#27;[31;1m[ERROR]&amp#27;[m &amp#27;[mjava.lang.reflect.InvocationTargetException: null
 java.base/jdk.internal.reflect.NativeMethodAccessorImpl.invoke0(Native Method)
 java.base/jdk.internal.reflect.NativeMethodAccessorImpl.invoke(NativeMethodAccessorImpl.java:77)
 java.base/jdk.internal.reflect.DelegatingMethodAccessorImpl.invoke(DelegatingMethodAccessorImpl.java:43)
 java.base/java.lang.reflect.Method.invoke(Method.java:568)
 org.openqa.selenium.support.decorators.WebDriverDecorator.call(WebDriverDecorator.java:249)
 org.openqa.selenium.support.decorators.DefaultDecorated.call(DefaultDecorated.java:48)
 org.openqa.selenium.support.decorators.WebDriverDecorator.lambda$createProxy$2(WebDriverDecorator.java:321)
 net.bytebuddy.renamed.java.lang.Object$ByteBuddy$IPeWUaAS.findElement(Unknown Source)
 utils.Wait.waitInVisibilityOfProgressBar(Wait.java:65)
 pages.DashboardPage.clickOnTryEnhancedDashboardLink(DashboardPage.java:38)
 steps.TC65_DashboardDateComparison.tryNewEnhancedDashboard(TC65_DashboardDateComparison.java:42)
 java.base/jdk.internal.reflect.NativeMethodAccessorImpl.invoke0(Native Method)
 java.base/jdk.internal.reflect.NativeMethodAccessorImpl.invoke(NativeMethodAccessorImpl.java:77)
 java.base/jdk.internal.reflect.DelegatingMethodAccessorImpl.invoke(DelegatingMethodAccessorImpl.java:43)
 java.base/java.lang.reflect.Method.invoke(Method.java:568)
 io.cucumber.java.Invoker.doInvoke(Invoker.java:66)
 io.cucumber.java.Invoker.invoke(Invoker.java:24)
 io.cucumber.java.AbstractGlueDefinition.invokeMethod(AbstractGlueDefinition.java:47)
 io.cucumber.java.JavaStepDefinition.execute(JavaStepDefinition.java:29)
 io.cucumber.core.runner.CoreStepDefinition.execute(CoreStepDefinition.java:66)
 io.cucumber.core.runner.PickleStepDefinitionMatch.runStep(PickleStepDefinitionMatch.java:63)
 io.cucumber.core.runner.ExecutionMode$1.execute(ExecutionMode.java:10)
 io.cucumber.core.runner.TestStep.executeStep(TestStep.java:84)
 io.cucumber.core.runner.TestStep.run(TestStep.java:56)
 io.cucumber.core.runner.PickleStepTestStep.run(PickleStepTestStep.java:51)
 io.cucumber.core.runner.TestCase.run(TestCase.java:84)
 io.cucumber.core.runner.Runner.runPickle(Runner.java:75)
 io.cucumber.testng.TestNGCucumberRunner.lambda$runScenario$1(TestNGCucumberRunner.java:132)
 io.cucumber.core.runtime.CucumberExecutionContext.lambda$runTestCase$5(CucumberExecutionContext.java:137)
 io.cucumber.core.runtime.RethrowingThrowableCollector.executeAndThrow(RethrowingThrowableCollector.java:23)
 io.cucumber.core.runtime.CucumberExecutionContext.runTestCase(CucumberExecutionContext.java:137)
 io.cucumber.testng.TestNGCucumberRunner.runScenario(TestNGCucumberRunner.java:129)
 io.cucumber.testng.AbstractTestNGCucumberTests.runScenario(AbstractTestNGCucumberTests.java:35)
 java.base/jdk.internal.reflect.NativeMethodAccessorImpl.invoke0(Native Method)
 java.base/jdk.internal.reflect.NativeMethodAccessorImpl.invoke(NativeMethodAccessorImpl.java:77)
 java.base/jdk.internal.reflect.DelegatingMethodAccessorImpl.invoke(DelegatingMethodAccessorImpl.java:43)
 java.base/java.lang.reflect.Method.invoke(Method.java:568)
 org.testng.internal.invokers.MethodInvocationHelper.invokeMethod(MethodInvocationHelper.java:139)
 org.testng.internal.invokers.TestInvoker.invokeMethod(TestInvoker.java:664)
 org.testng.internal.invokers.TestInvoker.invokeTestMethod(TestInvoker.java:227)
 org.testng.internal.invokers.MethodRunner.runInSequence(MethodRunner.java:50)
 org.testng.internal.invokers.TestInvoker$MethodInvocationAgent.invoke(TestInvoker.java:957)
 org.testng.internal.invokers.TestInvoker.invokeTestMethods(TestInvoker.java:200)
 org.testng.internal.invokers.TestMethodWorker.invokeTestMethods(TestMethodWorker.java:148)
 org.testng.internal.invokers.TestMethodWorker.run(TestMethodWorker.java:128)
 java.base/java.util.concurrent.ThreadPoolExecutor.runWorker(ThreadPoolExecutor.java:1136)
 java.base/java.util.concurrent.ThreadPoolExecutor$Worker.run(ThreadPoolExecutor.java:635)
 java.base/java.lang.Thread.run(Thread.java:833)

Caused by: org.openqa.selenium.NoSuchElementException: no such element: Unable to locate element: {"method":"xpath","selector":"//*[@id="nprogress"]/div[1]"}
  (Session info: chrome=119.0.6045.200)
For documentation on this error, please visit: https://www.selenium.dev/documentation/webdriver/troubleshooting/errors#no-such-element-exception
Build info: version: '4.13.0', revision: 'ba948ece5b*'
System info: os.name: 'Windows 11', os.arch: 'amd64', os.version: '10.0', java.version: '17.0.7'
Driver info: org.openqa.selenium.chrome.ChromeDriver
Command: [e8cef44679c5800c01135526bf763518, findElement {using=xpath, value=//*[@id="nprogress"]/div[1]}]
Capabilities {acceptInsecureCerts: true, browserName: chrome, browserVersion: 119.0.6045.200, chrome: {chromedriverVersion: 119.0.6045.105 (38c72552c5e..., userDataDir: C:\WINDOWS\SystemTemp\scope...}, fedcm:accounts: true, goog:chromeOptions: {debuggerAddress: localhost:60555}, networkConnectionEnabled: false, pageLoadStrategy: none, platformName: windows, proxy: Proxy(), se:cdp: ws://localhost:60555/devtoo..., se:cdpVersion: 119.0.6045.200, setWindowRect: true, strictFileInteractability: false, timeouts: {implicit: 0, pageLoad: 30000, script: 30000}, unhandledPromptBehavior: ignore, webSocketUrl: ws://localhost:16965/sessio..., webauthn:extension:credBlob: true, webauthn:extension:largeBlob: true, webauthn:extension:minPinLength: true, webauthn:extension:prf: true, webauthn:virtualAuthenticators: true}
Session ID: e8cef44679c5800c01135526bf763518
 jdk.internal.reflect.GeneratedConstructorAccessor33.newInstance(Unknown Source)
 java.base/jdk.internal.reflect.DelegatingConstructorAccessorImpl.newInstance(DelegatingConstructorAccessorImpl.java:45)
 java.base/java.lang.reflect.Constructor.newInstanceWithCaller(Constructor.java:499)
 java.base/java.lang.reflect.Constructor.newInstance(Constructor.java:480)
 org.openqa.selenium.remote.codec.w3c.W3CHttpResponseCodec.createException(W3CHttpResponseCodec.java:200)
 org.openqa.selenium.remote.codec.w3c.W3CHttpResponseCodec.decode(W3CHttpResponseCodec.java:133)
 org.openqa.selenium.remote.codec.w3c.W3CHttpResponseCodec.decode(W3CHttpResponseCodec.java:52)
 org.openqa.selenium.remote.HttpCommandExecutor.execute(HttpCommandExecutor.java:191)
 org.openqa.selenium.remote.service.DriverCommandExecutor.invokeExecute(DriverCommandExecutor.java:196)
 org.openqa.selenium.remote.service.DriverCommandExecutor.execute(DriverCommandExecutor.java:171)
 org.openqa.selenium.remote.RemoteWebDriver.execute(RemoteWebDriver.java:602)
 org.openqa.selenium.remote.ElementLocation$ElementFinder$2.findElement(ElementLocation.java:165)
 org.openqa.selenium.remote.ElementLocation.findElement(ElementLocation.java:59)
 org.openqa.selenium.remote.RemoteWebDriver.findElement(RemoteWebDriver.java:359)
 org.openqa.selenium.remote.RemoteWebDriver.findElement(RemoteWebDriver.java:353)
 java.base/jdk.internal.reflect.NativeMethodAccessorImpl.invoke0(Native Method)
 java.base/jdk.internal.reflect.NativeMethodAccessorImpl.invoke(NativeMethodAccessorImpl.java:77)
 java.base/jdk.internal.reflect.DelegatingMethodAccessorImpl.invoke(DelegatingMethodAccessorImpl.java:43)
 java.base/java.lang.reflect.Method.invoke(Method.java:568)
 org.openqa.selenium.support.decorators.WebDriverDecorator.call(WebDriverDecorator.java:249)
 org.openqa.selenium.support.decorators.DefaultDecorated.call(DefaultDecorated.java:48)
 org.openqa.selenium.support.decorators.WebDriverDecorator.lambda$createProxy$2(WebDriverDecorator.java:321)
 net.bytebuddy.renamed.java.lang.Object$ByteBuddy$IPeWUaAS.findElement(Unknown Source)
 utils.Wait.waitInVisibilityOfProgressBar(Wait.java:65)
 pages.DashboardPage.clickOnTryEnhancedDashboardLink(DashboardPage.java:38)
 steps.TC65_DashboardDateComparison.tryNewEnhancedDashboard(TC65_DashboardDateComparison.java:42)
 java.base/jdk.internal.reflect.NativeMethodAccessorImpl.invoke0(Native Method)
 java.base/jdk.internal.reflect.NativeMethodAccessorImpl.invoke(NativeMethodAccessorImpl.java:77)
 java.base/jdk.internal.reflect.DelegatingMethodAccessorImpl.invoke(DelegatingMethodAccessorImpl.java:43)
 java.base/java.lang.reflect.Method.invoke(Method.java:568)
 io.cucumber.java.Invoker.doInvoke(Invoker.java:66)
 io.cucumber.java.Invoker.invoke(Invoker.java:24)
 io.cucumber.java.AbstractGlueDefinition.invokeMethod(AbstractGlueDefinition.java:47)
 io.cucumber.java.JavaStepDefinition.execute(JavaStepDefinition.java:29)
 io.cucumber.core.runner.CoreStepDefinition.execute(CoreStepDefinition.java:66)
 io.cucumber.core.runner.PickleStepDefinitionMatch.runStep(PickleStepDefinitionMatch.java:63)
 io.cucumber.core.runner.ExecutionMode$1.execute(ExecutionMode.java:10)
 io.cucumber.core.runner.TestStep.executeStep(TestStep.java:84)
 io.cucumber.core.runner.TestStep.run(TestStep.java:56)
 io.cucumber.core.runner.PickleStepTestStep.run(PickleStepTestStep.java:51)
 io.cucumber.core.runner.TestCase.run(TestCase.java:84)
 io.cucumber.core.runner.Runner.runPickle(Runner.java:75)
 io.cucumber.testng.TestNGCucumberRunner.lambda$runScenario$1(TestNGCucumberRunner.java:132)
 io.cucumber.core.runtime.CucumberExecutionContext.lambda$runTestCase$5(CucumberExecutionContext.java:137)
 io.cucumber.core.runtime.RethrowingThrowableCollector.executeAndThrow(RethrowingThrowableCollector.java:23)
 io.cucumber.core.runtime.CucumberExecutionContext.runTestCase(CucumberExecutionContext.java:137)
 io.cucumber.testng.TestNGCucumberRunner.runScenario(TestNGCucumberRunner.java:129)
 io.cucumber.testng.AbstractTestNGCucumberTests.runScenario(AbstractTestNGCucumberTests.java:35)
 java.base/jdk.internal.reflect.NativeMethodAccessorImpl.invoke0(Native Method)
 java.base/jdk.internal.reflect.NativeMethodAccessorImpl.invoke(NativeMethodAccessorImpl.java:77)
 java.base/jdk.internal.reflect.DelegatingMethodAccessorImpl.invoke(DelegatingMethodAccessorImpl.java:43)
 java.base/java.lang.reflect.Method.invoke(Method.java:568)
 org.testng.internal.invokers.MethodInvocationHelper.invokeMethod(MethodInvocationHelper.java:139)
 org.testng.internal.invokers.TestInvoker.invokeMethod(TestInvoker.java:664)
 org.testng.internal.invokers.TestInvoker.invokeTestMethod(TestInvoker.java:227)
 org.testng.internal.invokers.MethodRunner.runInSequence(MethodRunner.java:50)
 org.testng.internal.invokers.TestInvoker$MethodInvocationAgent.invoke(TestInvoker.java:957)
 org.testng.internal.invokers.TestInvoker.invokeTestMethods(TestInvoker.java:200)
 org.testng.internal.invokers.TestMethodWorker.invokeTestMethods(TestMethodWorker.java:148)
 org.testng.internal.invokers.TestMethodWorker.run(TestMethodWorker.java:128)
 java.base/java.util.concurrent.ThreadPoolExecutor.runWorker(ThreadPoolExecutor.java:1136)
 java.base/java.util.concurrent.ThreadPoolExecutor$Worker.run(ThreadPoolExecutor.java:635)
 java.base/java.lang.Thread.run(Thread.java:833) &amp#27;[m&amp#27;[90m| com.shaft.tools.io.ReportManager&amp#27;[m &amp#27;[90m- TestNG-test=cucumber test runner-1&amp#27;[m &amp#27;[90m- 03:26:39 PM&amp#27;[m 
&amp#27;[38;2;0;96;168;1m[INFO]&amp#27;[m &amp#27;[mno such element: Unable to locate element: {"method":"xpath","selector":"//*[@id="nprogress"]/div[1]"} &amp#27;[m&amp#27;[90m| com.shaft.tools.io.ReportManager&amp#27;[m &amp#27;[90m- TestNG-test=cucumber test runner-1&amp#27;[m &amp#27;[90m- 03:26:39 PM&amp#27;[m 
&amp#27;[38;2;0;96;168;1m[INFO]&amp#27;[m &amp#27;[m  (Session info: chrome=119.0.6045.200) &amp#27;[m&amp#27;[90m| com.shaft.tools.io.ReportManager&amp#27;[m &amp#27;[90m- TestNG-test=cucumber test runner-1&amp#27;[m &amp#27;[90m- 03:26:39 PM&amp#27;[m 
&amp#27;[38;2;0;96;168;1m[INFO]&amp#27;[m &amp#27;[mFor documentation on this error, please visit: https://www.selenium.dev/documentation/webdriver/troubleshooting/errors#no-such-element-exception &amp#27;[m&amp#27;[90m| com.shaft.tools.io.ReportManager&amp#27;[m &amp#27;[90m- TestNG-test=cucumber test runner-1&amp#27;[m &amp#27;[90m- 03:26:39 PM&amp#27;[m 
&amp#27;[38;2;0;96;168;1m[INFO]&amp#27;[m &amp#27;[mBuild info: version: '4.13.0', revision: 'ba948ece5b*' &amp#27;[m&amp#27;[90m| com.shaft.tools.io.ReportManager&amp#27;[m &amp#27;[90m- TestNG-test=cucumber test runner-1&amp#27;[m &amp#27;[90m- 03:26:39 PM&amp#27;[m 
&amp#27;[38;2;0;96;168;1m[INFO]&amp#27;[m &amp#27;[mSystem info: os.name: 'Windows 11', os.arch: 'amd64', os.version: '10.0', java.version: '17.0.7' &amp#27;[m&amp#27;[90m| com.shaft.tools.io.ReportManager&amp#27;[m &amp#27;[90m- TestNG-test=cucumber test runner-1&amp#27;[m &amp#27;[90m- 03:26:39 PM&amp#27;[m 
&amp#27;[38;2;0;96;168;1m[INFO]&amp#27;[m &amp#27;[mDriver info: org.openqa.selenium.chrome.ChromeDriver &amp#27;[m&amp#27;[90m| com.shaft.tools.io.ReportManager&amp#27;[m &amp#27;[90m- TestNG-test=cucumber test runner-1&amp#27;[m &amp#27;[90m- 03:26:39 PM&amp#27;[m 
&amp#27;[38;2;0;96;168;1m[INFO]&amp#27;[m &amp#27;[mCommand: [e8cef44679c5800c01135526bf763518, findElement {using=xpath, value=//*[@id="nprogress"]/div[1]}] &amp#27;[m&amp#27;[90m| com.shaft.tools.io.ReportManager&amp#27;[m &amp#27;[90m- TestNG-test=cucumber test runner-1&amp#27;[m &amp#27;[90m- 03:26:39 PM&amp#27;[m 
&amp#27;[38;2;0;96;168;1m[INFO]&amp#27;[m &amp#27;[mCapabilities {acceptInsecureCerts: true, browserName: chrome, browserVersion: 119.0.6045.200, chrome: {chromedriverVersion: 119.0.6045.105 (38c72552c5e..., userDataDir: C:\WINDOWS\SystemTemp\scope...}, fedcm:accounts: true, goog:chromeOptions: {debuggerAddress: localhost:60555}, networkConnectionEnabled: false, pageLoadStrategy: none, platformName: windows, proxy: Proxy(), se:cdp: ws://localhost:60555/devtoo..., se:cdpVersion: 119.0.6045.200, setWindowRect: true, strictFileInteractability: false, timeouts: {implicit: 0, pageLoad: 30000, script: 30000}, unhandledPromptBehavior: ignore, webSocketUrl: ws://localhost:16965/sessio..., webauthn:extension:credBlob: true, webauthn:extension:largeBlob: true, webauthn:extension:minPinLength: true, webauthn:extension:prf: true, webauthn:virtualAuthenticators: true} &amp#27;[m&amp#27;[90m| com.shaft.tools.io.ReportManager&amp#27;[m &amp#27;[90m- TestNG-test=cucumber test runner-1&amp#27;[m &amp#27;[90m- 03:26:39 PM&amp#27;[m 
&amp#27;[38;2;0;96;168;1m[INFO]&amp#27;[m &amp#27;[mSession ID: e8cef44679c5800c01135526bf763518 &amp#27;[m&amp#27;[90m| com.shaft.tools.io.ReportManager&amp#27;[m &amp#27;[90m- TestNG-test=cucumber test runner-1&amp#27;[m &amp#27;[90m- 03:26:39 PM&amp#27;[m 
&amp#27;[38;2;0;96;168;1m[INFO]&amp#27;[m &amp#27;[mSuccessfully created attachment 'Screenshot - 1701955599412_runScenario_Get current url_passed' &amp#27;[m&amp#27;[90m| com.shaft.tools.io.ReportManager&amp#27;[m &amp#27;[90m- TestNG-test=cucumber test runner-1&amp#27;[m &amp#27;[90m- 03:26:39 PM&amp#27;[m 
&amp#27;[38;2;0;96;168;1m[INFO]&amp#27;[m &amp#27;[mExpected "https://console.foodics.dev/dashboard-beta", and actual "https://console.foodics.dev/dashboard-beta" &amp#27;[m&amp#27;[90m| com.shaft.tools.io.ReportManager&amp#27;[m &amp#27;[90m- TestNG-test=cucumber test runner-1&amp#27;[m &amp#27;[90m- 03:26:39 PM&amp#27;[m 
&amp#27;[38;2;0;96;168;1m[INFO]&amp#27;[m &amp#27;[mAssertion "ValidateBrowserAttribute" PASSED. Expected "Value Should be 'https://console.foodics.dev/dashboard-beta' for the 'currenturl' attribute" and Actual "https://console.foodics.dev/dashboard-beta". Comparison Type "EQUALS". Validation Type "POSITIVE". &amp#27;[m&amp#27;[90m| com.shaft.tools.io.ReportManager&amp#27;[m &amp#27;[90m- TestNG-test=cucumber test runner-1&amp#27;[m &amp#27;[90m- 03:26:39 PM&amp#27;[m 
&amp#27;[38;2;0;96;168;1m[INFO]&amp#27;[m &amp#27;[mSuccessfully created attachment 'Screenshot - 1701955599601_runScenario_ValidateBrowserAttribute_passed' &amp#27;[m&amp#27;[90m| com.shaft.tools.io.ReportManager&amp#27;[m &amp#27;[90m- TestNG-test=cucumber test runner-1&amp#27;[m &amp#27;[90m- 03:26:39 PM&amp#27;[m 
&amp#27;[38;2;0;96;168;1m[INFO]&amp#27;[m &amp#27;[mSuccessfully created attachment 'Screenshot - 1701955599980_runScenario_Get current window title_passed' &amp#27;[m&amp#27;[90m| com.shaft.tools.io.ReportManager&amp#27;[m &amp#27;[90m- TestNG-test=cucumber test runner-1&amp#27;[m &amp#27;[90m- 03:26:40 PM&amp#27;[m 
&amp#27;[38;2;0;96;168;1m[INFO]&amp#27;[m &amp#27;[mExpected "Dashboard - Foodics", and actual "Dashboard - Foodics" &amp#27;[m&amp#27;[90m| com.shaft.tools.io.ReportManager&amp#27;[m &amp#27;[90m- TestNG-test=cucumber test runner-1&amp#27;[m &amp#27;[90m- 03:26:40 PM&amp#27;[m 
&amp#27;[38;2;0;96;168;1m[INFO]&amp#27;[m &amp#27;[mAssertion "ValidateBrowserAttribute" PASSED. Expected "Value Should be 'Dashboard - Foodics' for the 'title' attribute" and Actual "Dashboard - Foodics". Comparison Type "EQUALS". Validation Type "POSITIVE". &amp#27;[m&amp#27;[90m| com.shaft.tools.io.ReportManager&amp#27;[m &amp#27;[90m- TestNG-test=cucumber test runner-1&amp#27;[m &amp#27;[90m- 03:26:40 PM&amp#27;[m 
&amp#27;[38;2;0;96;168;1m[INFO]&amp#27;[m &amp#27;[mSuccessfully created attachment 'Screenshot - 1701955600207_runScenario_ValidateBrowserAttribute_passed' &amp#27;[m&amp#27;[90m| com.shaft.tools.io.ReportManager&amp#27;[m &amp#27;[90m- TestNG-test=cucumber test runner-1&amp#27;[m &amp#27;[90m- 03:26:40 PM&amp#27;[m 
&amp#27;[38;2;0;96;168;1m[INFO]&amp#27;[m &amp#27;[m  &amp#27;[32mWhen &amp#27;[0m&amp#27;[32mClick Try our new enhanced dashboard&amp#27;[0m                                                                               &amp#27;[90m# steps.TC65_DashboardDateComparison.tryNewEnhancedDashboard()&amp#27;[0m &amp#27;[m&amp#27;[90m| com.shaft.tools.io.ReportManager&amp#27;[m &amp#27;[90m- TestNG-test=cucumber test runner-1&amp#27;[m &amp#27;[90m- 03:26:40 PM&amp#27;[m 
&amp#27;[38;2;0;96;168;1m[INFO]&amp#27;[m &amp#27;[mScenario Step: And Click "Day" view &amp#27;[m&amp#27;[90m| com.shaft.tools.io.ReportManager&amp#27;[m &amp#27;[90m- TestNG-test=cucumber test runner-1&amp#27;[m &amp#27;[90m- 03:26:40 PM&amp#27;[m 
&amp#27;[38;2;0;96;168;1m[INFO]&amp#27;[m &amp#27;[mAttempting to getAttribute "class" from elementLocator "By.xpath: (//div[contains(@class,'py-1 px-2')])[1]". &amp#27;[m&amp#27;[90m| com.shaft.tools.io.ReportManager&amp#27;[m &amp#27;[90m- TestNG-test=cucumber test runner-1&amp#27;[m &amp#27;[90m- 03:26:40 PM&amp#27;[m 
&amp#27;[38;2;0;96;168;1m[INFO]&amp#27;[m &amp#27;[mGet attribute "py-1 px-2 md:py-2 md:px-4 text-callout border-s border-y h-10 rounded-s w-1/3 sm:w-auto text-center bg-gray-100 bg-primary-300 text-white md:font-bold bg-gray-400 text-gray-600 cursor-not-allowed font-normal" from "By.xpath: (//div[contains(@class,'py-1 px-2')])[1]". &amp#27;[m&amp#27;[90m| com.shaft.tools.io.ReportManager&amp#27;[m &amp#27;[90m- TestNG-test=cucumber test runner-1&amp#27;[m &amp#27;[90m- 03:26:41 PM&amp#27;[m 
&amp#27;[38;2;0;96;168;1m[INFO]&amp#27;[m &amp#27;[mSuccessfully created attachment 'Screenshot - 1701955601037_runScenario_Get attribute_passed' &amp#27;[m&amp#27;[90m| com.shaft.tools.io.ReportManager&amp#27;[m &amp#27;[90m- TestNG-test=cucumber test runner-1&amp#27;[m &amp#27;[90m- 03:26:41 PM&amp#27;[m 
&amp#27;[38;2;0;96;168;1m[INFO]&amp#27;[m &amp#27;[mExpected "bg-primary-300 text-white md:font-bold", and actual "py-1 px-2 md:py-2 md:px-4 text-callout border-s border-y h-10 rounded-s w-1/3 sm:w-auto text-center bg-gray-100 bg-primary-300 text-white md:font-bold bg-gray-400 text-gray-600 cursor-not-allowed font-normal" &amp#27;[m&amp#27;[90m| com.shaft.tools.io.ReportManager&amp#27;[m &amp#27;[90m- TestNG-test=cucumber test runner-1&amp#27;[m &amp#27;[90m- 03:26:41 PM&amp#27;[m 
&amp#27;[38;2;0;96;168;1m[INFO]&amp#27;[m &amp#27;[mAssertion "ValidateElementAttribute" PASSED. Expected "Value Should be 'bg-primary-300 text-white md:font-bold' for the 'class' attribute, element locator 'By.xpath: (//div[contains(@class,'py-1 px-2')])[1]'" and Actual "py-1 px-2 md:py-2 md:px-4 text-callout border-s border-y h-10 rounded-s w-1/3 sm:w-auto text-center bg-gray-100 bg-primary-300 text-white md:font-bold bg-gray-400 text-gray-600 cursor-not-allowed font-normal". Comparison Type "CONTAINS". Validation Type "POSITIVE". &amp#27;[m&amp#27;[90m| com.shaft.tools.io.ReportManager&amp#27;[m &amp#27;[90m- TestNG-test=cucumber test runner-1&amp#27;[m &amp#27;[90m- 03:26:41 PM&amp#27;[m 
&amp#27;[38;2;0;96;168;1m[INFO]&amp#27;[m &amp#27;[mSuccessfully created attachment 'Screenshot - 1701955601627_runScenario_ValidateElementAttribute_passed' &amp#27;[m&amp#27;[90m| com.shaft.tools.io.ReportManager&amp#27;[m &amp#27;[90m- TestNG-test=cucumber test runner-1&amp#27;[m &amp#27;[90m- 03:26:41 PM&amp#27;[m 
&amp#27;[38;2;0;96;168;1m[INFO]&amp#27;[m &amp#27;[mSuccessfully created attachment 'Screenshot - 1701955602485_runScenario_Get text_passed' &amp#27;[m&amp#27;[90m| com.shaft.tools.io.ReportManager&amp#27;[m &amp#27;[90m- TestNG-test=cucumber test runner-1&amp#27;[m &amp#27;[90m- 03:26:42 PM&amp#27;[m 
&amp#27;[38;2;0;96;168;1m[INFO]&amp#27;[m &amp#27;[m  &amp#27;[32mAnd &amp#27;[0m&amp#27;[32mClick &amp#27;[0m&amp#27;[32m&amp#27;[1m"Day"&amp#27;[0m&amp#27;[32m view&amp#27;[0m                                                                                                    &amp#27;[90m# steps.TC65_DashboardDateComparison.clickDayWeekMonth(java.lang.String)&amp#27;[0m &amp#27;[m&amp#27;[90m| com.shaft.tools.io.ReportManager&amp#27;[m &amp#27;[90m- TestNG-test=cucumber test runner-1&amp#27;[m &amp#27;[90m- 03:26:42 PM&amp#27;[m 
&amp#27;[38;2;0;96;168;1m[INFO]&amp#27;[m &amp#27;[mScenario Step: And Click Compare Toggle &amp#27;[m&amp#27;[90m| com.shaft.tools.io.ReportManager&amp#27;[m &amp#27;[90m- TestNG-test=cucumber test runner-1&amp#27;[m &amp#27;[90m- 03:26:42 PM&amp#27;[m 
&amp#27;[38;2;0;96;168;1m[INFO]&amp#27;[m &amp#27;[mAttempting to getAttribute "hidden" from elementLocator "By.id: datepicker.trigger". &amp#27;[m&amp#27;[90m| com.shaft.tools.io.ReportManager&amp#27;[m &amp#27;[90m- TestNG-test=cucumber test runner-1&amp#27;[m &amp#27;[90m- 03:26:42 PM&amp#27;[m 
&amp#27;[38;2;0;96;168;1m[INFO]&amp#27;[m &amp#27;[mGet attribute from "2023-12-07 calendar_today". &amp#27;[m&amp#27;[90m| com.shaft.tools.io.ReportManager&amp#27;[m &amp#27;[90m- TestNG-test=cucumber test runner-1&amp#27;[m &amp#27;[90m- 03:26:43 PM&amp#27;[m 
&amp#27;[38;2;0;96;168;1m[INFO]&amp#27;[m &amp#27;[mSuccessfully created attachment 'Screenshot - 1701955603243_runScenario_Get attribute_passed' &amp#27;[m&amp#27;[90m| com.shaft.tools.io.ReportManager&amp#27;[m &amp#27;[90m- TestNG-test=cucumber test runner-1&amp#27;[m &amp#27;[90m- 03:26:43 PM&amp#27;[m 
&amp#27;[38;2;0;96;168;1m[INFO]&amp#27;[m &amp#27;[mExpected "null", and actual "null" &amp#27;[m&amp#27;[90m| com.shaft.tools.io.ReportManager&amp#27;[m &amp#27;[90m- TestNG-test=cucumber test runner-1&amp#27;[m &amp#27;[90m- 03:26:43 PM&amp#27;[m 
&amp#27;[38;2;0;96;168;1m[INFO]&amp#27;[m &amp#27;[mAssertion "ValidateElementAttribute" PASSED. Expected "Value Should be 'null' for the 'hidden' attribute, element locator 'By.id: datepicker.trigger'" and Actual "null". Comparison Type "EQUALS". Validation Type "POSITIVE". &amp#27;[m&amp#27;[90m| com.shaft.tools.io.ReportManager&amp#27;[m &amp#27;[90m- TestNG-test=cucumber test runner-1&amp#27;[m &amp#27;[90m- 03:26:43 PM&amp#27;[m 
&amp#27;[38;2;0;96;168;1m[INFO]&amp#27;[m &amp#27;[mSuccessfully created attachment 'Screenshot - 1701955603661_runScenario_ValidateElementAttribute_passed' &amp#27;[m&amp#27;[90m| com.shaft.tools.io.ReportManager&amp#27;[m &amp#27;[90m- TestNG-test=cucumber test runner-1&amp#27;[m &amp#27;[90m- 03:26:43 PM&amp#27;[m 
&amp#27;[38;2;0;96;168;1m[INFO]&amp#27;[m &amp#27;[mAttempting to getAttribute "hidden" from elementLocator "By.className: toggle__handler". &amp#27;[m&amp#27;[90m| com.shaft.tools.io.ReportManager&amp#27;[m &amp#27;[90m- TestNG-test=cucumber test runner-1&amp#27;[m &amp#27;[90m- 03:26:43 PM&amp#27;[m 
&amp#27;[38;2;0;96;168;1m[INFO]&amp#27;[m &amp#27;[mGet attribute from "By.className: toggle__handler". &amp#27;[m&amp#27;[90m| com.shaft.tools.io.ReportManager&amp#27;[m &amp#27;[90m- TestNG-test=cucumber test runner-1&amp#27;[m &amp#27;[90m- 03:26:44 PM&amp#27;[m 
&amp#27;[38;2;0;96;168;1m[INFO]&amp#27;[m &amp#27;[mSuccessfully created attachment 'Screenshot - 1701955604235_runScenario_Get attribute_passed' &amp#27;[m&amp#27;[90m| com.shaft.tools.io.ReportManager&amp#27;[m &amp#27;[90m- TestNG-test=cucumber test runner-1&amp#27;[m &amp#27;[90m- 03:26:44 PM&amp#27;[m 
&amp#27;[38;2;0;96;168;1m[INFO]&amp#27;[m &amp#27;[mExpected "null", and actual "null" &amp#27;[m&amp#27;[90m| com.shaft.tools.io.ReportManager&amp#27;[m &amp#27;[90m- TestNG-test=cucumber test runner-1&amp#27;[m &amp#27;[90m- 03:26:44 PM&amp#27;[m 
&amp#27;[38;2;0;96;168;1m[INFO]&amp#27;[m &amp#27;[mAssertion "ValidateElementAttribute" PASSED. Expected "Value Should be 'null' for the 'hidden' attribute, element locator 'By.className: toggle__handler'" and Actual "null". Comparison Type "EQUALS". Validation Type "POSITIVE". &amp#27;[m&amp#27;[90m| com.shaft.tools.io.ReportManager&amp#27;[m &amp#27;[90m- TestNG-test=cucumber test runner-1&amp#27;[m &amp#27;[90m- 03:26:44 PM&amp#27;[m 
&amp#27;[38;2;0;96;168;1m[INFO]&amp#27;[m &amp#27;[mSuccessfully created attachment 'Screenshot - 1701955604648_runScenario_ValidateElementAttribute_passed' &amp#27;[m&amp#27;[90m| com.shaft.tools.io.ReportManager&amp#27;[m &amp#27;[90m- TestNG-test=cucumber test runner-1&amp#27;[m &amp#27;[90m- 03:26:44 PM&amp#27;[m 
&amp#27;[38;2;0;96;168;1m[INFO]&amp#27;[m &amp#27;[mClick element. &amp#27;[m&amp#27;[90m| com.shaft.tools.io.ReportManager&amp#27;[m &amp#27;[90m- TestNG-test=cucumber test runner-1&amp#27;[m &amp#27;[90m- 03:26:44 PM&amp#27;[m 
&amp#27;[38;2;0;96;168;1m[INFO]&amp#27;[m &amp#27;[mIs displayed action failed. &amp#27;[m&amp#27;[90m| com.shaft.tools.io.ReportManager&amp#27;[m &amp#27;[90m- TestNG-test=cucumber test runner-1&amp#27;[m &amp#27;[90m- 03:26:50 PM&amp#27;[m 
&amp#27;[38;2;0;96;168;1m[INFO]&amp#27;[m &amp#27;[mSuccessfully created attachment 'Screenshot - 1701955610296_runScenario_isDisplayed_failed' &amp#27;[m&amp#27;[90m| com.shaft.tools.io.ReportManager&amp#27;[m &amp#27;[90m- TestNG-test=cucumber test runner-1&amp#27;[m &amp#27;[90m- 03:26:50 PM&amp#27;[m 
&amp#27;[31;1m[ERROR]&amp#27;[m &amp#27;[mjava.lang.reflect.InvocationTargetException: null
 jdk.internal.reflect.GeneratedMethodAccessor32.invoke(Unknown Source)
 java.base/jdk.internal.reflect.DelegatingMethodAccessorImpl.invoke(DelegatingMethodAccessorImpl.java:43)
 java.base/java.lang.reflect.Method.invoke(Method.java:568)
 org.openqa.selenium.support.decorators.WebDriverDecorator.call(WebDriverDecorator.java:249)
 org.openqa.selenium.support.decorators.DefaultDecorated.call(DefaultDecorated.java:48)
 org.openqa.selenium.support.decorators.WebDriverDecorator.lambda$createProxy$2(WebDriverDecorator.java:321)
 net.bytebuddy.renamed.java.lang.Object$ByteBuddy$V6Y9M04e.isDisplayed(Unknown Source)
 org.openqa.selenium.support.ui.ExpectedConditions.isInvisible(ExpectedConditions.java:1374)
 org.openqa.selenium.support.ui.ExpectedConditions.access$200(ExpectedConditions.java:37)
 org.openqa.selenium.support.ui.ExpectedConditions$48.apply(ExpectedConditions.java:1362)
 org.openqa.selenium.support.ui.ExpectedConditions$48.apply(ExpectedConditions.java:1358)
 org.openqa.selenium.support.ui.FluentWait.until(FluentWait.java:205)
 utils.Wait.waitInVisibilityOfProgressBar(Wait.java:65)
 pages.EnhancedDashboardPage.clickOnCompareToggle(EnhancedDashboardPage.java:90)
 steps.TC65_DashboardDateComparison.clickCompareToggle(TC65_DashboardDateComparison.java:80)
 java.base/jdk.internal.reflect.NativeMethodAccessorImpl.invoke0(Native Method)
 java.base/jdk.internal.reflect.NativeMethodAccessorImpl.invoke(NativeMethodAccessorImpl.java:77)
 java.base/jdk.internal.reflect.DelegatingMethodAccessorImpl.invoke(DelegatingMethodAccessorImpl.java:43)
 java.base/java.lang.reflect.Method.invoke(Method.java:568)
 io.cucumber.java.Invoker.doInvoke(Invoker.java:66)
 io.cucumber.java.Invoker.invoke(Invoker.java:24)
 io.cucumber.java.AbstractGlueDefinition.invokeMethod(AbstractGlueDefinition.java:47)
 io.cucumber.java.JavaStepDefinition.execute(JavaStepDefinition.java:29)
 io.cucumber.core.runner.CoreStepDefinition.execute(CoreStepDefinition.java:66)
 io.cucumber.core.runner.PickleStepDefinitionMatch.runStep(PickleStepDefinitionMatch.java:63)
 io.cucumber.core.runner.ExecutionMode$1.execute(ExecutionMode.java:10)
 io.cucumber.core.runner.TestStep.executeStep(TestStep.java:84)
 io.cucumber.core.runner.TestStep.run(TestStep.java:56)
 io.cucumber.core.runner.PickleStepTestStep.run(PickleStepTestStep.java:51)
 io.cucumber.core.runner.TestCase.run(TestCase.java:84)
 io.cucumber.core.runner.Runner.runPickle(Runner.java:75)
 io.cucumber.testng.TestNGCucumberRunner.lambda$runScenario$1(TestNGCucumberRunner.java:132)
 io.cucumber.core.runtime.CucumberExecutionContext.lambda$runTestCase$5(CucumberExecutionContext.java:137)
 io.cucumber.core.runtime.RethrowingThrowableCollector.executeAndThrow(RethrowingThrowableCollector.java:23)
 io.cucumber.core.runtime.CucumberExecutionContext.runTestCase(CucumberExecutionContext.java:137)
 io.cucumber.testng.TestNGCucumberRunner.runScenario(TestNGCucumberRunner.java:129)
 io.cucumber.testng.AbstractTestNGCucumberTests.runScenario(AbstractTestNGCucumberTests.java:35)
 java.base/jdk.internal.reflect.NativeMethodAccessorImpl.invoke0(Native Method)
 java.base/jdk.internal.reflect.NativeMethodAccessorImpl.invoke(NativeMethodAccessorImpl.java:77)
 java.base/jdk.internal.reflect.DelegatingMethodAccessorImpl.invoke(DelegatingMethodAccessorImpl.java:43)
 java.base/java.lang.reflect.Method.invoke(Method.java:568)
 org.testng.internal.invokers.MethodInvocationHelper.invokeMethod(MethodInvocationHelper.java:139)
 org.testng.internal.invokers.TestInvoker.invokeMethod(TestInvoker.java:664)
 org.testng.internal.invokers.TestInvoker.invokeTestMethod(TestInvoker.java:227)
 org.testng.internal.invokers.MethodRunner.runInSequence(MethodRunner.java:50)
 org.testng.internal.invokers.TestInvoker$MethodInvocationAgent.invoke(TestInvoker.java:957)
 org.testng.internal.invokers.TestInvoker.invokeTestMethods(TestInvoker.java:200)
 org.testng.internal.invokers.TestMethodWorker.invokeTestMethods(TestMethodWorker.java:148)
 org.testng.internal.invokers.TestMethodWorker.run(TestMethodWorker.java:128)
 java.base/java.util.concurrent.ThreadPoolExecutor.runWorker(ThreadPoolExecutor.java:1136)
 java.base/java.util.concurrent.ThreadPoolExecutor$Worker.run(ThreadPoolExecutor.java:635)
 java.base/java.lang.Thread.run(Thread.java:833)

Caused by: org.openqa.selenium.StaleElementReferenceException: stale element reference: stale element not found
  (Session info: chrome=119.0.6045.200)
For documentation on this error, please visit: https://www.selenium.dev/documentation/webdriver/troubleshooting/errors#stale-element-reference-exception
Build info: version: '4.13.0', revision: 'ba948ece5b*'
System info: os.name: 'Windows 11', os.arch: 'amd64', os.version: '10.0', java.version: '17.0.7'
Driver info: org.openqa.selenium.chrome.ChromeDriver
Command: [e8cef44679c5800c01135526bf763518, isElementDisplayed {id=1EF7C5D2E4F829821237386E65202EAB_element_565}]
Capabilities {acceptInsecureCerts: true, browserName: chrome, browserVersion: 119.0.6045.200, chrome: {chromedriverVersion: 119.0.6045.105 (38c72552c5e..., userDataDir: C:\WINDOWS\SystemTemp\scope...}, fedcm:accounts: true, goog:chromeOptions: {debuggerAddress: localhost:60555}, networkConnectionEnabled: false, pageLoadStrategy: none, platformName: windows, proxy: Proxy(), se:cdp: ws://localhost:60555/devtoo..., se:cdpVersion: 119.0.6045.200, setWindowRect: true, strictFileInteractability: false, timeouts: {implicit: 0, pageLoad: 30000, script: 30000}, unhandledPromptBehavior: ignore, webSocketUrl: ws://localhost:16965/sessio..., webauthn:extension:credBlob: true, webauthn:extension:largeBlob: true, webauthn:extension:minPinLength: true, webauthn:extension:prf: true, webauthn:virtualAuthenticators: true}
Element: [[ChromeDriver: chrome on windows (e8cef44679c5800c01135526bf763518)] -> xpath: //*[@id="nprogress"]/div[1]]
Session ID: e8cef44679c5800c01135526bf763518
 java.base/jdk.internal.reflect.NativeConstructorAccessorImpl.newInstance0(Native Method)
 java.base/jdk.internal.reflect.NativeConstructorAccessorImpl.newInstance(NativeConstructorAccessorImpl.java:77)
 java.base/jdk.internal.reflect.DelegatingConstructorAccessorImpl.newInstance(DelegatingConstructorAccessorImpl.java:45)
 java.base/java.lang.reflect.Constructor.newInstanceWithCaller(Constructor.java:499)
 java.base/java.lang.reflect.Constructor.newInstance(Constructor.java:480)
 org.openqa.selenium.remote.codec.w3c.W3CHttpResponseCodec.createException(W3CHttpResponseCodec.java:200)
 org.openqa.selenium.remote.codec.w3c.W3CHttpResponseCodec.decode(W3CHttpResponseCodec.java:133)
 org.openqa.selenium.remote.codec.w3c.W3CHttpResponseCodec.decode(W3CHttpResponseCodec.java:52)
 org.openqa.selenium.remote.HttpCommandExecutor.execute(HttpCommandExecutor.java:191)
 org.openqa.selenium.remote.service.DriverCommandExecutor.invokeExecute(DriverCommandExecutor.java:196)
 org.openqa.selenium.remote.service.DriverCommandExecutor.execute(DriverCommandExecutor.java:171)
 org.openqa.selenium.remote.RemoteWebDriver.execute(RemoteWebDriver.java:602)
 org.openqa.selenium.remote.RemoteWebElement.execute(RemoteWebElement.java:224)
 org.openqa.selenium.remote.RemoteWebElement.isDisplayed(RemoteWebElement.java:283)
 jdk.internal.reflect.GeneratedMethodAccessor32.invoke(Unknown Source)
 java.base/jdk.internal.reflect.DelegatingMethodAccessorImpl.invoke(DelegatingMethodAccessorImpl.java:43)
 java.base/java.lang.reflect.Method.invoke(Method.java:568)
 org.openqa.selenium.support.decorators.WebDriverDecorator.call(WebDriverDecorator.java:249)
 org.openqa.selenium.support.decorators.DefaultDecorated.call(DefaultDecorated.java:48)
 org.openqa.selenium.support.decorators.WebDriverDecorator.lambda$createProxy$2(WebDriverDecorator.java:321)
 net.bytebuddy.renamed.java.lang.Object$ByteBuddy$V6Y9M04e.isDisplayed(Unknown Source)
 org.openqa.selenium.support.ui.ExpectedConditions.isInvisible(ExpectedConditions.java:1374)
 org.openqa.selenium.support.ui.ExpectedConditions.access$200(ExpectedConditions.java:37)
 org.openqa.selenium.support.ui.ExpectedConditions$48.apply(ExpectedConditions.java:1362)
 org.openqa.selenium.support.ui.ExpectedConditions$48.apply(ExpectedConditions.java:1358)
 org.openqa.selenium.support.ui.FluentWait.until(FluentWait.java:205)
 utils.Wait.waitInVisibilityOfProgressBar(Wait.java:65)
 pages.EnhancedDashboardPage.clickOnCompareToggle(EnhancedDashboardPage.java:90)
 steps.TC65_DashboardDateComparison.clickCompareToggle(TC65_DashboardDateComparison.java:80)
 java.base/jdk.internal.reflect.NativeMethodAccessorImpl.invoke0(Native Method)
 java.base/jdk.internal.reflect.NativeMethodAccessorImpl.invoke(NativeMethodAccessorImpl.java:77)
 java.base/jdk.internal.reflect.DelegatingMethodAccessorImpl.invoke(DelegatingMethodAccessorImpl.java:43)
 java.base/java.lang.reflect.Method.invoke(Method.java:568)
 io.cucumber.java.Invoker.doInvoke(Invoker.java:66)
 io.cucumber.java.Invoker.invoke(Invoker.java:24)
 io.cucumber.java.AbstractGlueDefinition.invokeMethod(AbstractGlueDefinition.java:47)
 io.cucumber.java.JavaStepDefinition.execute(JavaStepDefinition.java:29)
 io.cucumber.core.runner.CoreStepDefinition.execute(CoreStepDefinition.java:66)
 io.cucumber.core.runner.PickleStepDefinitionMatch.runStep(PickleStepDefinitionMatch.java:63)
 io.cucumber.core.runner.ExecutionMode$1.execute(ExecutionMode.java:10)
 io.cucumber.core.runner.TestStep.executeStep(TestStep.java:84)
 io.cucumber.core.runner.TestStep.run(TestStep.java:56)
 io.cucumber.core.runner.PickleStepTestStep.run(PickleStepTestStep.java:51)
 io.cucumber.core.runner.TestCase.run(TestCase.java:84)
 io.cucumber.core.runner.Runner.runPickle(Runner.java:75)
 io.cucumber.testng.TestNGCucumberRunner.lambda$runScenario$1(TestNGCucumberRunner.java:132)
 io.cucumber.core.runtime.CucumberExecutionContext.lambda$runTestCase$5(CucumberExecutionContext.java:137)
 io.cucumber.core.runtime.RethrowingThrowableCollector.executeAndThrow(RethrowingThrowableCollector.java:23)
 io.cucumber.core.runtime.CucumberExecutionContext.runTestCase(CucumberExecutionContext.java:137)
 io.cucumber.testng.TestNGCucumberRunner.runScenario(TestNGCucumberRunner.java:129)
 io.cucumber.testng.AbstractTestNGCucumberTests.runScenario(AbstractTestNGCucumberTests.java:35)
 java.base/jdk.internal.reflect.NativeMethodAccessorImpl.invoke0(Native Method)
 java.base/jdk.internal.reflect.NativeMethodAccessorImpl.invoke(NativeMethodAccessorImpl.java:77)
 java.base/jdk.internal.reflect.DelegatingMethodAccessorImpl.invoke(DelegatingMethodAccessorImpl.java:43)
 java.base/java.lang.reflect.Method.invoke(Method.java:568)
 org.testng.internal.invokers.MethodInvocationHelper.invokeMethod(MethodInvocationHelper.java:139)
 org.testng.internal.invokers.TestInvoker.invokeMethod(TestInvoker.java:664)
 org.testng.internal.invokers.TestInvoker.invokeTestMethod(TestInvoker.java:227)
 org.testng.internal.invokers.MethodRunner.runInSequence(MethodRunner.java:50)
 org.testng.internal.invokers.TestInvoker$MethodInvocationAgent.invoke(TestInvoker.java:957)
 org.testng.internal.invokers.TestInvoker.invokeTestMethods(TestInvoker.java:200)
 org.testng.internal.invokers.TestMethodWorker.invokeTestMethods(TestMethodWorker.java:148)
 org.testng.internal.invokers.TestMethodWorker.run(TestMethodWorker.java:128)
 java.base/java.util.concurrent.ThreadPoolExecutor.runWorker(ThreadPoolExecutor.java:1136)
 java.base/java.util.concurrent.ThreadPoolExecutor$Worker.run(ThreadPoolExecutor.java:635)
 java.base/java.lang.Thread.run(Thread.java:833) &amp#27;[m&amp#27;[90m| com.shaft.tools.io.ReportManager&amp#27;[m &amp#27;[90m- TestNG-test=cucumber test runner-1&amp#27;[m &amp#27;[90m- 03:26:50 PM&amp#27;[m 
&amp#27;[38;2;0;96;168;1m[INFO]&amp#27;[m &amp#27;[mSuccessfully created attachment 'Screenshot - 1701955610765_runScenario_Get text_passed' &amp#27;[m&amp#27;[90m| com.shaft.tools.io.ReportManager&amp#27;[m &amp#27;[90m- TestNG-test=cucumber test runner-1&amp#27;[m &amp#27;[90m- 03:26:50 PM&amp#27;[m 
&amp#27;[38;2;0;96;168;1m[INFO]&amp#27;[m &amp#27;[m  &amp#27;[32mAnd &amp#27;[0m&amp#27;[32mClick Compare Toggle&amp#27;[0m                                                                                                &amp#27;[90m# steps.TC65_DashboardDateComparison.clickCompareToggle()&amp#27;[0m &amp#27;[m&amp#27;[90m| com.shaft.tools.io.ReportManager&amp#27;[m &amp#27;[90m- TestNG-test=cucumber test runner-1&amp#27;[m &amp#27;[90m- 03:26:50 PM&amp#27;[m 
&amp#27;[38;2;0;96;168;1m[INFO]&amp#27;[m &amp#27;[mScenario Step: Then Compare Toggle is switched on and Comparison Date is displayed &amp#27;[m&amp#27;[90m| com.shaft.tools.io.ReportManager&amp#27;[m &amp#27;[90m- TestNG-test=cucumber test runner-1&amp#27;[m &amp#27;[90m- 03:26:50 PM&amp#27;[m 
&amp#27;[38;2;0;96;168;1m[INFO]&amp#27;[m &amp#27;[mAttempting to getAttribute "class" from elementLocator "By.tagName: label". &amp#27;[m&amp#27;[90m| com.shaft.tools.io.ReportManager&amp#27;[m &amp#27;[90m- TestNG-test=cucumber test runner-1&amp#27;[m &amp#27;[90m- 03:26:50 PM&amp#27;[m 
&amp#27;[38;2;0;96;168;1m[INFO]&amp#27;[m &amp#27;[mGet attribute "toggle isChecked" from "By.tagName: label". &amp#27;[m&amp#27;[90m| com.shaft.tools.io.ReportManager&amp#27;[m &amp#27;[90m- TestNG-test=cucumber test runner-1&amp#27;[m &amp#27;[90m- 03:26:51 PM&amp#27;[m 
&amp#27;[38;2;0;96;168;1m[INFO]&amp#27;[m &amp#27;[mSuccessfully created attachment 'Screenshot - 1701955611259_runScenario_Get attribute_passed' &amp#27;[m&amp#27;[90m| com.shaft.tools.io.ReportManager&amp#27;[m &amp#27;[90m- TestNG-test=cucumber test runner-1&amp#27;[m &amp#27;[90m- 03:26:51 PM&amp#27;[m 
&amp#27;[38;2;0;96;168;1m[INFO]&amp#27;[m &amp#27;[mExpected "toggle isChecked", and actual "toggle isChecked" &amp#27;[m&amp#27;[90m| com.shaft.tools.io.ReportManager&amp#27;[m &amp#27;[90m- TestNG-test=cucumber test runner-1&amp#27;[m &amp#27;[90m- 03:26:51 PM&amp#27;[m 
&amp#27;[38;2;0;96;168;1m[INFO]&amp#27;[m &amp#27;[mAssertion "ValidateElementAttribute" PASSED. Expected "Value Should be 'toggle isChecked' for the 'class' attribute, element locator 'By.tagName: label'" and Actual "toggle isChecked". Comparison Type "EQUALS". Validation Type "POSITIVE". &amp#27;[m&amp#27;[90m| com.shaft.tools.io.ReportManager&amp#27;[m &amp#27;[90m- TestNG-test=cucumber test runner-1&amp#27;[m &amp#27;[90m- 03:26:51 PM&amp#27;[m 
&amp#27;[38;2;0;96;168;1m[INFO]&amp#27;[m &amp#27;[mSuccessfully created attachment 'Screenshot - 1701955611624_runScenario_ValidateElementAttribute_passed' &amp#27;[m&amp#27;[90m| com.shaft.tools.io.ReportManager&amp#27;[m &amp#27;[90m- TestNG-test=cucumber test runner-1&amp#27;[m &amp#27;[90m- 03:26:51 PM&amp#27;[m 
&amp#27;[38;2;0;96;168;1m[INFO]&amp#27;[m &amp#27;[mAttempting to getAttribute "hidden" from elementLocator "By.xpath: (//button[@id='datepicker.trigger'])[2]". &amp#27;[m&amp#27;[90m| com.shaft.tools.io.ReportManager&amp#27;[m &amp#27;[90m- TestNG-test=cucumber test runner-1&amp#27;[m &amp#27;[90m- 03:26:51 PM&amp#27;[m 
&amp#27;[38;2;0;96;168;1m[INFO]&amp#27;[m &amp#27;[mGet attribute from "2023-12-06 calendar_today". &amp#27;[m&amp#27;[90m| com.shaft.tools.io.ReportManager&amp#27;[m &amp#27;[90m- TestNG-test=cucumber test runner-1&amp#27;[m &amp#27;[90m- 03:26:52 PM&amp#27;[m 
&amp#27;[38;2;0;96;168;1m[INFO]&amp#27;[m &amp#27;[mSuccessfully created attachment 'Screenshot - 1701955612331_runScenario_Get attribute_passed' &amp#27;[m&amp#27;[90m| com.shaft.tools.io.ReportManager&amp#27;[m &amp#27;[90m- TestNG-test=cucumber test runner-1&amp#27;[m &amp#27;[90m- 03:26:52 PM&amp#27;[m 
&amp#27;[38;2;0;96;168;1m[INFO]&amp#27;[m &amp#27;[mExpected "null", and actual "null" &amp#27;[m&amp#27;[90m| com.shaft.tools.io.ReportManager&amp#27;[m &amp#27;[90m- TestNG-test=cucumber test runner-1&amp#27;[m &amp#27;[90m- 03:26:52 PM&amp#27;[m 
&amp#27;[38;2;0;96;168;1m[INFO]&amp#27;[m &amp#27;[mAssertion "ValidateElementAttribute" PASSED. Expected "Value Should be 'null' for the 'hidden' attribute, element locator 'By.xpath: (//button[@id='datepicker.trigger'])[2]'" and Actual "null". Comparison Type "EQUALS". Validation Type "POSITIVE". &amp#27;[m&amp#27;[90m| com.shaft.tools.io.ReportManager&amp#27;[m &amp#27;[90m- TestNG-test=cucumber test runner-1&amp#27;[m &amp#27;[90m- 03:26:52 PM&amp#27;[m 
&amp#27;[38;2;0;96;168;1m[INFO]&amp#27;[m &amp#27;[mSuccessfully created attachment 'Screenshot - 1701955612817_runScenario_ValidateElementAttribute_passed' &amp#27;[m&amp#27;[90m| com.shaft.tools.io.ReportManager&amp#27;[m &amp#27;[90m- TestNG-test=cucumber test runner-1&amp#27;[m &amp#27;[90m- 03:26:52 PM&amp#27;[m 
&amp#27;[38;2;0;96;168;1m[INFO]&amp#27;[m &amp#27;[m  &amp#27;[32mThen &amp#27;[0m&amp#27;[32mCompare Toggle is switched on and Comparison Date is displayed&amp#27;[0m                                                     &amp#27;[90m# steps.TC65_DashboardDateComparison.compareToggleIsSwitchedOnAndComparisonDateIsDisplayed()&amp#27;[0m &amp#27;[m&amp#27;[90m| com.shaft.tools.io.ReportManager&amp#27;[m &amp#27;[90m- TestNG-test=cucumber test runner-1&amp#27;[m &amp#27;[90m- 03:26:52 PM&amp#27;[m 
&amp#27;[38;2;0;96;168;1m[INFO]&amp#27;[m &amp#27;[mScenario Step: And All charts are fully loaded &amp#27;[m&amp#27;[90m| com.shaft.tools.io.ReportManager&amp#27;[m &amp#27;[90m- TestNG-test=cucumber test runner-1&amp#27;[m &amp#27;[90m- 03:26:52 PM&amp#27;[m 
&amp#27;[38;2;0;96;168;1m[INFO]&amp#27;[m &amp#27;[mExpected condition failed: waiting for com.shaft.gui.element.internal.ElementActionsHelper$$Lambda$1141/0x00000008012458b8@36110321 (tried for 30 second(s) with 100 milliseconds interval) || no such element: Unable to locate element: {"method":"xpath","selector":"//div[contains(@class,'inset-0 absolute')]"} &amp#27;[m&amp#27;[90m| com.shaft.tools.io.ReportManager&amp#27;[m &amp#27;[90m- TestNG-test=cucumber test runner-1&amp#27;[m &amp#27;[90m- 03:27:22 PM&amp#27;[m 
&amp#27;[38;2;0;96;168;1m[INFO]&amp#27;[m &amp#27;[mAssertion "ValidateElementExists" PASSED. Expected "Element Should not Exist, locator 'By.xpath: //div[contains(@class,'inset-0 absolute')]'" and Actual "Element Doesn't Exists". Comparison Type "EQUALS". Validation Type "NEGATIVE". &amp#27;[m&amp#27;[90m| com.shaft.tools.io.ReportManager&amp#27;[m &amp#27;[90m- TestNG-test=cucumber test runner-1&amp#27;[m &amp#27;[90m- 03:27:23 PM&amp#27;[m 
&amp#27;[38;2;0;96;168;1m[INFO]&amp#27;[m &amp#27;[mSuccessfully created attachment 'Screenshot - 1701955643074_runScenario_ValidateElementExists_passed' &amp#27;[m&amp#27;[90m| com.shaft.tools.io.ReportManager&amp#27;[m &amp#27;[90m- TestNG-test=cucumber test runner-1&amp#27;[m &amp#27;[90m- 03:27:23 PM&amp#27;[m 
&amp#27;[38;2;0;96;168;1m[INFO]&amp#27;[m &amp#27;[m  &amp#27;[32mAnd &amp#27;[0m&amp#27;[32mAll charts are fully loaded&amp#27;[0m                                                                                         &amp#27;[90m# steps.TC65_DashboardDateComparison.allChartsAreFullyLoaded()&amp#27;[0m &amp#27;[m&amp#27;[90m| com.shaft.tools.io.ReportManager&amp#27;[m &amp#27;[90m- TestNG-test=cucumber test runner-1&amp#27;[m &amp#27;[90m- 03:27:23 PM&amp#27;[m 
&amp#27;[38;2;0;96;168;1m[INFO]&amp#27;[m &amp#27;[mScenario Hook: AFTER &amp#27;[m&amp#27;[90m| com.shaft.tools.io.ReportManager&amp#27;[m &amp#27;[90m- TestNG-test=cucumber test runner-1&amp#27;[m &amp#27;[90m- 03:27:23 PM&amp#27;[m 
&amp#27;[38;2;0;96;168;1m[INFO]&amp#27;[m &amp#27;[mSuccessfully Closed Driver. &amp#27;[m&amp#27;[90m| com.shaft.tools.io.ReportManager&amp#27;[m &amp#27;[90m- TestNG-test=cucumber test runner-1&amp#27;[m &amp#27;[90m- 03:27:23 PM&amp#27;[m 
&amp#27;[31;1m[ERROR]&amp#27;[m &amp#27;[mCould not add attachment: no test is running &amp#27;[m&amp#27;[90m| io.qameta.allure.AllureLifecycle&amp#27;[m &amp#27;[90m- TestNG-test=cucumber test runner-1&amp#27;[m &amp#27;[90m- 03:27:23 PM&amp#27;[m 
&amp#27;[38;2;0;96;168;1m[INFO]&amp#27;[m &amp#27;[mSuccessfully created attachment 'SHAFT Engine Logs - Current Method log: runScenario' &amp#27;[m&amp#27;[90m| com.shaft.tools.io.ReportManager&amp#27;[m &amp#27;[90m- TestNG-test=cucumber test runner-1&amp#27;[m &amp#27;[90m- 03:27:23 PM&amp#27;[m 
]]></system-out>
  </testcase>
</testsuite>